<?xml version="1.0" encoding="UTF-8"?>
<testsuite xmlns:xsi="http://www.w3.org/2001/XMLSchema-instance" xsi:noNamespaceSchemaLocation="https://maven.apache.org/surefire/maven-surefire-plugin/xsd/surefire-test-report.xsd" name="org.gpt.business.BusinessGptApplicationTest" time="7.104" tests="2" errors="1" skipped="0" failures="0">
  <properties>
    <property name="sun.desktop" value="windows"/>
    <property name="awt.toolkit" value="sun.awt.windows.WToolkit"/>
    <property name="file.encoding.pkg" value="sun.io"/>
    <property name="java.specification.version" value="1.8"/>
    <property name="sun.cpu.isalist" value="amd64"/>
    <property name="sun.jnu.encoding" value="GBK"/>
    <property name="java.class.path" value="D:\code\java\business_gpt\target\test-classes;D:\code\java\business_gpt\target\classes;D:\apache-maven-3.8.8-bin\apache-maven-3.8.8\repo\org\springframework\boot\spring-boot-starter-web\2.4.1\spring-boot-starter-web-2.4.1.jar;D:\apache-maven-3.8.8-bin\apache-maven-3.8.8\repo\org\springframework\boot\spring-boot-starter\2.4.1\spring-boot-starter-2.4.1.jar;D:\apache-maven-3.8.8-bin\apache-maven-3.8.8\repo\org\springframework\boot\spring-boot\2.4.1\spring-boot-2.4.1.jar;D:\apache-maven-3.8.8-bin\apache-maven-3.8.8\repo\org\springframework\boot\spring-boot-starter-logging\2.4.1\spring-boot-starter-logging-2.4.1.jar;D:\apache-maven-3.8.8-bin\apache-maven-3.8.8\repo\ch\qos\logback\logback-classic\1.2.3\logback-classic-1.2.3.jar;D:\apache-maven-3.8.8-bin\apache-maven-3.8.8\repo\ch\qos\logback\logback-core\1.2.3\logback-core-1.2.3.jar;D:\apache-maven-3.8.8-bin\apache-maven-3.8.8\repo\org\apache\logging\log4j\log4j-to-slf4j\2.13.3\log4j-to-slf4j-2.13.3.jar;D:\apache-maven-3.8.8-bin\apache-maven-3.8.8\repo\org\apache\logging\log4j\log4j-api\2.13.3\log4j-api-2.13.3.jar;D:\apache-maven-3.8.8-bin\apache-maven-3.8.8\repo\org\slf4j\jul-to-slf4j\1.7.30\jul-to-slf4j-1.7.30.jar;D:\apache-maven-3.8.8-bin\apache-maven-3.8.8\repo\jakarta\annotation\jakarta.annotation-api\1.3.5\jakarta.annotation-api-1.3.5.jar;D:\apache-maven-3.8.8-bin\apache-maven-3.8.8\repo\org\yaml\snakeyaml\1.27\snakeyaml-1.27.jar;D:\apache-maven-3.8.8-bin\apache-maven-3.8.8\repo\org\springframework\boot\spring-boot-starter-json\2.4.1\spring-boot-starter-json-2.4.1.jar;D:\apache-maven-3.8.8-bin\apache-maven-3.8.8\repo\com\fasterxml\jackson\datatype\jackson-datatype-jdk8\2.11.3\jackson-datatype-jdk8-2.11.3.jar;D:\apache-maven-3.8.8-bin\apache-maven-3.8.8\repo\com\fasterxml\jackson\datatype\jackson-datatype-jsr310\2.11.3\jackson-datatype-jsr310-2.11.3.jar;D:\apache-maven-3.8.8-bin\apache-maven-3.8.8\repo\com\fasterxml\jackson\module\jackson-module-parameter-names\2.11.3\jackson-module-parameter-names-2.11.3.jar;D:\apache-maven-3.8.8-bin\apache-maven-3.8.8\repo\org\springframework\boot\spring-boot-starter-tomcat\2.4.1\spring-boot-starter-tomcat-2.4.1.jar;D:\apache-maven-3.8.8-bin\apache-maven-3.8.8\repo\org\apache\tomcat\embed\tomcat-embed-core\9.0.41\tomcat-embed-core-9.0.41.jar;D:\apache-maven-3.8.8-bin\apache-maven-3.8.8\repo\org\glassfish\jakarta.el\3.0.3\jakarta.el-3.0.3.jar;D:\apache-maven-3.8.8-bin\apache-maven-3.8.8\repo\org\apache\tomcat\embed\tomcat-embed-websocket\9.0.41\tomcat-embed-websocket-9.0.41.jar;D:\apache-maven-3.8.8-bin\apache-maven-3.8.8\repo\org\springframework\spring-web\5.3.2\spring-web-5.3.2.jar;D:\apache-maven-3.8.8-bin\apache-maven-3.8.8\repo\org\springframework\spring-beans\5.3.2\spring-beans-5.3.2.jar;D:\apache-maven-3.8.8-bin\apache-maven-3.8.8\repo\org\springframework\spring-webmvc\5.3.2\spring-webmvc-5.3.2.jar;D:\apache-maven-3.8.8-bin\apache-maven-3.8.8\repo\org\springframework\spring-context\5.3.2\spring-context-5.3.2.jar;D:\apache-maven-3.8.8-bin\apache-maven-3.8.8\repo\org\springframework\spring-expression\5.3.2\spring-expression-5.3.2.jar;D:\apache-maven-3.8.8-bin\apache-maven-3.8.8\repo\org\springframework\boot\spring-boot-starter-aop\2.4.1\spring-boot-starter-aop-2.4.1.jar;D:\apache-maven-3.8.8-bin\apache-maven-3.8.8\repo\org\springframework\spring-aop\5.3.2\spring-aop-5.3.2.jar;D:\apache-maven-3.8.8-bin\apache-maven-3.8.8\repo\org\aspectj\aspectjweaver\1.9.6\aspectjweaver-1.9.6.jar;D:\apache-maven-3.8.8-bin\apache-maven-3.8.8\repo\org\springframework\boot\spring-boot-starter-data-redis\2.4.1\spring-boot-starter-data-redis-2.4.1.jar;D:\apache-maven-3.8.8-bin\apache-maven-3.8.8\repo\org\springframework\data\spring-data-redis\2.4.2\spring-data-redis-2.4.2.jar;D:\apache-maven-3.8.8-bin\apache-maven-3.8.8\repo\org\springframework\data\spring-data-keyvalue\2.4.2\spring-data-keyvalue-2.4.2.jar;D:\apache-maven-3.8.8-bin\apache-maven-3.8.8\repo\org\springframework\data\spring-data-commons\2.4.2\spring-data-commons-2.4.2.jar;D:\apache-maven-3.8.8-bin\apache-maven-3.8.8\repo\org\springframework\spring-tx\5.3.2\spring-tx-5.3.2.jar;D:\apache-maven-3.8.8-bin\apache-maven-3.8.8\repo\org\springframework\spring-oxm\5.3.2\spring-oxm-5.3.2.jar;D:\apache-maven-3.8.8-bin\apache-maven-3.8.8\repo\io\lettuce\lettuce-core\6.0.1.RELEASE\lettuce-core-6.0.1.RELEASE.jar;D:\apache-maven-3.8.8-bin\apache-maven-3.8.8\repo\io\netty\netty-common\4.1.55.Final\netty-common-4.1.55.Final.jar;D:\apache-maven-3.8.8-bin\apache-maven-3.8.8\repo\io\netty\netty-handler\4.1.55.Final\netty-handler-4.1.55.Final.jar;D:\apache-maven-3.8.8-bin\apache-maven-3.8.8\repo\io\netty\netty-resolver\4.1.55.Final\netty-resolver-4.1.55.Final.jar;D:\apache-maven-3.8.8-bin\apache-maven-3.8.8\repo\io\netty\netty-buffer\4.1.55.Final\netty-buffer-4.1.55.Final.jar;D:\apache-maven-3.8.8-bin\apache-maven-3.8.8\repo\io\netty\netty-codec\4.1.55.Final\netty-codec-4.1.55.Final.jar;D:\apache-maven-3.8.8-bin\apache-maven-3.8.8\repo\io\netty\netty-transport\4.1.55.Final\netty-transport-4.1.55.Final.jar;D:\apache-maven-3.8.8-bin\apache-maven-3.8.8\repo\io\projectreactor\reactor-core\3.4.1\reactor-core-3.4.1.jar;D:\apache-maven-3.8.8-bin\apache-maven-3.8.8\repo\org\reactivestreams\reactive-streams\1.0.3\reactive-streams-1.0.3.jar;D:\apache-maven-3.8.8-bin\apache-maven-3.8.8\repo\org\apache\commons\commons-pool2\2.9.0\commons-pool2-2.9.0.jar;D:\apache-maven-3.8.8-bin\apache-maven-3.8.8\repo\org\springframework\boot\spring-boot-starter-cache\2.4.1\spring-boot-starter-cache-2.4.1.jar;D:\apache-maven-3.8.8-bin\apache-maven-3.8.8\repo\org\springframework\spring-context-support\5.3.2\spring-context-support-5.3.2.jar;D:\apache-maven-3.8.8-bin\apache-maven-3.8.8\repo\com\alibaba\fastjson\1.2.68\fastjson-1.2.68.jar;D:\apache-maven-3.8.8-bin\apache-maven-3.8.8\repo\com\ejlchina\okhttps-fastjson\3.5.3\okhttps-fastjson-3.5.3.jar;D:\apache-maven-3.8.8-bin\apache-maven-3.8.8\repo\com\ejlchina\okhttps\3.5.3\okhttps-3.5.3.jar;D:\apache-maven-3.8.8-bin\apache-maven-3.8.8\repo\com\ejlchina\data-core\1.4.1\data-core-1.4.1.jar;D:\apache-maven-3.8.8-bin\apache-maven-3.8.8\repo\com\squareup\okhttp3\okhttp\3.14.9\okhttp-3.14.9.jar;D:\apache-maven-3.8.8-bin\apache-maven-3.8.8\repo\com\squareup\okio\okio\1.17.5\okio-1.17.5.jar;D:\apache-maven-3.8.8-bin\apache-maven-3.8.8\repo\com\ejlchina\data-fastjson\1.4.1\data-fastjson-1.4.1.jar;D:\apache-maven-3.8.8-bin\apache-maven-3.8.8\repo\io\springfox\springfox-swagger2\2.9.2\springfox-swagger2-2.9.2.jar;D:\apache-maven-3.8.8-bin\apache-maven-3.8.8\repo\io\swagger\swagger-annotations\1.5.20\swagger-annotations-1.5.20.jar;D:\apache-maven-3.8.8-bin\apache-maven-3.8.8\repo\io\swagger\swagger-models\1.5.20\swagger-models-1.5.20.jar;D:\apache-maven-3.8.8-bin\apache-maven-3.8.8\repo\com\fasterxml\jackson\core\jackson-annotations\2.11.3\jackson-annotations-2.11.3.jar;D:\apache-maven-3.8.8-bin\apache-maven-3.8.8\repo\io\springfox\springfox-spi\2.9.2\springfox-spi-2.9.2.jar;D:\apache-maven-3.8.8-bin\apache-maven-3.8.8\repo\io\springfox\springfox-core\2.9.2\springfox-core-2.9.2.jar;D:\apache-maven-3.8.8-bin\apache-maven-3.8.8\repo\io\springfox\springfox-schema\2.9.2\springfox-schema-2.9.2.jar;D:\apache-maven-3.8.8-bin\apache-maven-3.8.8\repo\io\springfox\springfox-swagger-common\2.9.2\springfox-swagger-common-2.9.2.jar;D:\apache-maven-3.8.8-bin\apache-maven-3.8.8\repo\io\springfox\springfox-spring-web\2.9.2\springfox-spring-web-2.9.2.jar;D:\apache-maven-3.8.8-bin\apache-maven-3.8.8\repo\com\google\guava\guava\20.0\guava-20.0.jar;D:\apache-maven-3.8.8-bin\apache-maven-3.8.8\repo\com\fasterxml\classmate\1.5.1\classmate-1.5.1.jar;D:\apache-maven-3.8.8-bin\apache-maven-3.8.8\repo\org\slf4j\slf4j-api\1.7.30\slf4j-api-1.7.30.jar;D:\apache-maven-3.8.8-bin\apache-maven-3.8.8\repo\org\springframework\plugin\spring-plugin-core\1.2.0.RELEASE\spring-plugin-core-1.2.0.RELEASE.jar;D:\apache-maven-3.8.8-bin\apache-maven-3.8.8\repo\org\springframework\plugin\spring-plugin-metadata\1.2.0.RELEASE\spring-plugin-metadata-1.2.0.RELEASE.jar;D:\apache-maven-3.8.8-bin\apache-maven-3.8.8\repo\org\mapstruct\mapstruct\1.2.0.Final\mapstruct-1.2.0.Final.jar;D:\apache-maven-3.8.8-bin\apache-maven-3.8.8\repo\io\springfox\springfox-swagger-ui\2.9.2\springfox-swagger-ui-2.9.2.jar;D:\apache-maven-3.8.8-bin\apache-maven-3.8.8\repo\com\github\xiaoymin\swagger-bootstrap-ui\1.9.6\swagger-bootstrap-ui-1.9.6.jar;D:\apache-maven-3.8.8-bin\apache-maven-3.8.8\repo\org\javassist\javassist\3.25.0-GA\javassist-3.25.0-GA.jar;D:\apache-maven-3.8.8-bin\apache-maven-3.8.8\repo\org\mybatis\spring\boot\mybatis-spring-boot-starter\2.1.4\mybatis-spring-boot-starter-2.1.4.jar;D:\apache-maven-3.8.8-bin\apache-maven-3.8.8\repo\org\mybatis\spring\boot\mybatis-spring-boot-autoconfigure\2.1.4\mybatis-spring-boot-autoconfigure-2.1.4.jar;D:\apache-maven-3.8.8-bin\apache-maven-3.8.8\repo\org\mybatis\mybatis\3.5.6\mybatis-3.5.6.jar;D:\apache-maven-3.8.8-bin\apache-maven-3.8.8\repo\org\mybatis\mybatis-spring\2.0.6\mybatis-spring-2.0.6.jar;D:\apache-maven-3.8.8-bin\apache-maven-3.8.8\repo\com\github\pagehelper\pagehelper-spring-boot-starter\1.3.0\pagehelper-spring-boot-starter-1.3.0.jar;D:\apache-maven-3.8.8-bin\apache-maven-3.8.8\repo\com\github\pagehelper\pagehelper-spring-boot-autoconfigure\1.3.0\pagehelper-spring-boot-autoconfigure-1.3.0.jar;D:\apache-maven-3.8.8-bin\apache-maven-3.8.8\repo\com\github\pagehelper\pagehelper\5.2.0\pagehelper-5.2.0.jar;D:\apache-maven-3.8.8-bin\apache-maven-3.8.8\repo\com\github\jsqlparser\jsqlparser\3.2\jsqlparser-3.2.jar;D:\apache-maven-3.8.8-bin\apache-maven-3.8.8\repo\org\springframework\boot\spring-boot-starter-jdbc\2.4.1\spring-boot-starter-jdbc-2.4.1.jar;D:\apache-maven-3.8.8-bin\apache-maven-3.8.8\repo\com\zaxxer\HikariCP\3.4.5\HikariCP-3.4.5.jar;D:\apache-maven-3.8.8-bin\apache-maven-3.8.8\repo\org\springframework\spring-jdbc\5.3.2\spring-jdbc-5.3.2.jar;D:\apache-maven-3.8.8-bin\apache-maven-3.8.8\repo\mysql\mysql-connector-java\8.0.22\mysql-connector-java-8.0.22.jar;D:\apache-maven-3.8.8-bin\apache-maven-3.8.8\repo\com\alibaba\druid-spring-boot-starter\1.1.10\druid-spring-boot-starter-1.1.10.jar;D:\apache-maven-3.8.8-bin\apache-maven-3.8.8\repo\com\alibaba\druid\1.1.10\druid-1.1.10.jar;D:\apache-maven-3.8.8-bin\apache-maven-3.8.8\repo\org\springframework\boot\spring-boot-autoconfigure\2.4.1\spring-boot-autoconfigure-2.4.1.jar;D:\apache-maven-3.8.8-bin\apache-maven-3.8.8\repo\org\jasig\cas\client\cas-client-core\3.5.0\cas-client-core-3.5.0.jar;D:\apache-maven-3.8.8-bin\apache-maven-3.8.8\repo\com\fasterxml\jackson\core\jackson-databind\2.11.3\jackson-databind-2.11.3.jar;D:\apache-maven-3.8.8-bin\apache-maven-3.8.8\repo\com\fasterxml\jackson\core\jackson-core\2.11.3\jackson-core-2.11.3.jar;D:\apache-maven-3.8.8-bin\apache-maven-3.8.8\repo\org\springframework\boot\spring-boot-starter-test\2.4.1\spring-boot-starter-test-2.4.1.jar;D:\apache-maven-3.8.8-bin\apache-maven-3.8.8\repo\org\springframework\boot\spring-boot-test\2.4.1\spring-boot-test-2.4.1.jar;D:\apache-maven-3.8.8-bin\apache-maven-3.8.8\repo\org\springframework\boot\spring-boot-test-autoconfigure\2.4.1\spring-boot-test-autoconfigure-2.4.1.jar;D:\apache-maven-3.8.8-bin\apache-maven-3.8.8\repo\com\jayway\jsonpath\json-path\2.4.0\json-path-2.4.0.jar;D:\apache-maven-3.8.8-bin\apache-maven-3.8.8\repo\net\minidev\json-smart\2.3\json-smart-2.3.jar;D:\apache-maven-3.8.8-bin\apache-maven-3.8.8\repo\net\minidev\accessors-smart\1.2\accessors-smart-1.2.jar;D:\apache-maven-3.8.8-bin\apache-maven-3.8.8\repo\org\ow2\asm\asm\5.0.4\asm-5.0.4.jar;D:\apache-maven-3.8.8-bin\apache-maven-3.8.8\repo\jakarta\xml\bind\jakarta.xml.bind-api\2.3.3\jakarta.xml.bind-api-2.3.3.jar;D:\apache-maven-3.8.8-bin\apache-maven-3.8.8\repo\jakarta\activation\jakarta.activation-api\1.2.2\jakarta.activation-api-1.2.2.jar;D:\apache-maven-3.8.8-bin\apache-maven-3.8.8\repo\org\assertj\assertj-core\3.18.1\assertj-core-3.18.1.jar;D:\apache-maven-3.8.8-bin\apache-maven-3.8.8\repo\org\hamcrest\hamcrest\2.2\hamcrest-2.2.jar;D:\apache-maven-3.8.8-bin\apache-maven-3.8.8\repo\org\junit\jupiter\junit-jupiter\5.7.0\junit-jupiter-5.7.0.jar;D:\apache-maven-3.8.8-bin\apache-maven-3.8.8\repo\org\junit\jupiter\junit-jupiter-api\5.7.0\junit-jupiter-api-5.7.0.jar;D:\apache-maven-3.8.8-bin\apache-maven-3.8.8\repo\org\apiguardian\apiguardian-api\1.1.0\apiguardian-api-1.1.0.jar;D:\apache-maven-3.8.8-bin\apache-maven-3.8.8\repo\org\opentest4j\opentest4j\1.2.0\opentest4j-1.2.0.jar;D:\apache-maven-3.8.8-bin\apache-maven-3.8.8\repo\org\junit\platform\junit-platform-commons\1.7.0\junit-platform-commons-1.7.0.jar;D:\apache-maven-3.8.8-bin\apache-maven-3.8.8\repo\org\junit\jupiter\junit-jupiter-params\5.7.0\junit-jupiter-params-5.7.0.jar;D:\apache-maven-3.8.8-bin\apache-maven-3.8.8\repo\org\junit\jupiter\junit-jupiter-engine\5.7.0\junit-jupiter-engine-5.7.0.jar;D:\apache-maven-3.8.8-bin\apache-maven-3.8.8\repo\org\junit\platform\junit-platform-engine\1.7.0\junit-platform-engine-1.7.0.jar;D:\apache-maven-3.8.8-bin\apache-maven-3.8.8\repo\org\mockito\mockito-core\3.6.28\mockito-core-3.6.28.jar;D:\apache-maven-3.8.8-bin\apache-maven-3.8.8\repo\net\bytebuddy\byte-buddy\1.10.18\byte-buddy-1.10.18.jar;D:\apache-maven-3.8.8-bin\apache-maven-3.8.8\repo\net\bytebuddy\byte-buddy-agent\1.10.18\byte-buddy-agent-1.10.18.jar;D:\apache-maven-3.8.8-bin\apache-maven-3.8.8\repo\org\objenesis\objenesis\3.1\objenesis-3.1.jar;D:\apache-maven-3.8.8-bin\apache-maven-3.8.8\repo\org\mockito\mockito-junit-jupiter\3.6.28\mockito-junit-jupiter-3.6.28.jar;D:\apache-maven-3.8.8-bin\apache-maven-3.8.8\repo\org\skyscreamer\jsonassert\1.5.0\jsonassert-1.5.0.jar;D:\apache-maven-3.8.8-bin\apache-maven-3.8.8\repo\com\vaadin\external\google\android-json\0.0.20131108.vaadin1\android-json-0.0.20131108.vaadin1.jar;D:\apache-maven-3.8.8-bin\apache-maven-3.8.8\repo\org\springframework\spring-core\5.3.2\spring-core-5.3.2.jar;D:\apache-maven-3.8.8-bin\apache-maven-3.8.8\repo\org\springframework\spring-jcl\5.3.2\spring-jcl-5.3.2.jar;D:\apache-maven-3.8.8-bin\apache-maven-3.8.8\repo\org\springframework\spring-test\5.3.2\spring-test-5.3.2.jar;D:\apache-maven-3.8.8-bin\apache-maven-3.8.8\repo\org\xmlunit\xmlunit-core\2.7.0\xmlunit-core-2.7.0.jar;D:\apache-maven-3.8.8-bin\apache-maven-3.8.8\repo\org\codehaus\jackson\jackson-mapper-asl\1.9.13\jackson-mapper-asl-1.9.13.jar;D:\apache-maven-3.8.8-bin\apache-maven-3.8.8\repo\org\codehaus\jackson\jackson-core-asl\1.9.13\jackson-core-asl-1.9.13.jar;D:\apache-maven-3.8.8-bin\apache-maven-3.8.8\repo\org\projectlombok\lombok\1.18.16\lombok-1.18.16.jar;D:\apache-maven-3.8.8-bin\apache-maven-3.8.8\repo\com\aliyun\oss\aliyun-sdk-oss\3.9.1\aliyun-sdk-oss-3.9.1.jar;D:\apache-maven-3.8.8-bin\apache-maven-3.8.8\repo\org\apache\httpcomponents\httpclient\4.5.13\httpclient-4.5.13.jar;D:\apache-maven-3.8.8-bin\apache-maven-3.8.8\repo\org\apache\httpcomponents\httpcore\4.4.14\httpcore-4.4.14.jar;D:\apache-maven-3.8.8-bin\apache-maven-3.8.8\repo\org\jdom\jdom\1.1\jdom-1.1.jar;D:\apache-maven-3.8.8-bin\apache-maven-3.8.8\repo\org\codehaus\jettison\jettison\1.1\jettison-1.1.jar;D:\apache-maven-3.8.8-bin\apache-maven-3.8.8\repo\stax\stax-api\1.0.1\stax-api-1.0.1.jar;D:\apache-maven-3.8.8-bin\apache-maven-3.8.8\repo\com\aliyun\aliyun-java-sdk-core\3.4.0\aliyun-java-sdk-core-3.4.0.jar;D:\apache-maven-3.8.8-bin\apache-maven-3.8.8\repo\com\aliyun\aliyun-java-sdk-ram\3.0.0\aliyun-java-sdk-ram-3.0.0.jar;D:\apache-maven-3.8.8-bin\apache-maven-3.8.8\repo\com\aliyun\aliyun-java-sdk-sts\3.0.0\aliyun-java-sdk-sts-3.0.0.jar;D:\apache-maven-3.8.8-bin\apache-maven-3.8.8\repo\com\aliyun\aliyun-java-sdk-ecs\4.2.0\aliyun-java-sdk-ecs-4.2.0.jar;D:\apache-maven-3.8.8-bin\apache-maven-3.8.8\repo\com\aliyun\aliyun-java-sdk-kms\2.7.0\aliyun-java-sdk-kms-2.7.0.jar;D:\apache-maven-3.8.8-bin\apache-maven-3.8.8\repo\com\google\code\gson\gson\2.8.6\gson-2.8.6.jar;D:\apache-maven-3.8.8-bin\apache-maven-3.8.8\repo\com\qcloud\cos_api\5.6.75\cos_api-5.6.75.jar;D:\apache-maven-3.8.8-bin\apache-maven-3.8.8\repo\commons-codec\commons-codec\1.15\commons-codec-1.15.jar;D:\apache-maven-3.8.8-bin\apache-maven-3.8.8\repo\joda-time\joda-time\2.9.9\joda-time-2.9.9.jar;D:\apache-maven-3.8.8-bin\apache-maven-3.8.8\repo\com\tencentcloudapi\tencentcloud-sdk-java-kms\3.1.213\tencentcloud-sdk-java-kms-3.1.213.jar;D:\apache-maven-3.8.8-bin\apache-maven-3.8.8\repo\com\tencentcloudapi\tencentcloud-sdk-java-common\3.1.213\tencentcloud-sdk-java-common-3.1.213.jar;D:\apache-maven-3.8.8-bin\apache-maven-3.8.8\repo\commons-logging\commons-logging\1.2\commons-logging-1.2.jar;D:\apache-maven-3.8.8-bin\apache-maven-3.8.8\repo\com\squareup\okhttp\logging-interceptor\2.7.5\logging-interceptor-2.7.5.jar;D:\apache-maven-3.8.8-bin\apache-maven-3.8.8\repo\com\squareup\okhttp\okhttp\2.7.5\okhttp-2.7.5.jar;D:\apache-maven-3.8.8-bin\apache-maven-3.8.8\repo\javax\xml\bind\jaxb-api\2.3.1\jaxb-api-2.3.1.jar;D:\apache-maven-3.8.8-bin\apache-maven-3.8.8\repo\javax\activation\javax.activation-api\1.2.0\javax.activation-api-1.2.0.jar;D:\apache-maven-3.8.8-bin\apache-maven-3.8.8\repo\org\bouncycastle\bcprov-jdk15on\1.67\bcprov-jdk15on-1.67.jar;D:\apache-maven-3.8.8-bin\apache-maven-3.8.8\repo\commons-fileupload\commons-fileupload\1.3.1\commons-fileupload-1.3.1.jar;D:\apache-maven-3.8.8-bin\apache-maven-3.8.8\repo\commons-io\commons-io\2.2\commons-io-2.2.jar;D:\apache-maven-3.8.8-bin\apache-maven-3.8.8\repo\io\jsonwebtoken\jjwt\0.9.1\jjwt-0.9.1.jar;D:\apache-maven-3.8.8-bin\apache-maven-3.8.8\repo\com\auth0\java-jwt\3.10.2\java-jwt-3.10.2.jar;"/>
    <property name="java.vm.vendor" value="Oracle Corporation"/>
    <property name="sun.arch.data.model" value="64"/>
    <property name="user.variant" value=""/>
    <property name="java.vendor.url" value="http://java.oracle.com/"/>
    <property name="user.timezone" value="Asia/Shanghai"/>
    <property name="java.vm.specification.version" value="1.8"/>
    <property name="os.name" value="Windows 10"/>
    <property name="user.country" value="CN"/>
    <property name="sun.java.launcher" value="SUN_STANDARD"/>
    <property name="sun.boot.library.path" value="C:\Program Files\Java\jdk1.8.0_271\jre\bin"/>
    <property name="sun.java.command" value="C:\Users\61723\AppData\Local\Temp\surefire2943499685727564225\surefirebooter3642908027071521321.jar C:\Users\61723\AppData\Local\Temp\surefire2943499685727564225 2023-08-25T00-37-25_064-jvmRun1 surefire8760386317338210173tmp surefire_08489211468561658063tmp"/>
    <property name="surefire.test.class.path" value="D:\code\java\business_gpt\target\test-classes;D:\code\java\business_gpt\target\classes;D:\apache-maven-3.8.8-bin\apache-maven-3.8.8\repo\org\springframework\boot\spring-boot-starter-web\2.4.1\spring-boot-starter-web-2.4.1.jar;D:\apache-maven-3.8.8-bin\apache-maven-3.8.8\repo\org\springframework\boot\spring-boot-starter\2.4.1\spring-boot-starter-2.4.1.jar;D:\apache-maven-3.8.8-bin\apache-maven-3.8.8\repo\org\springframework\boot\spring-boot\2.4.1\spring-boot-2.4.1.jar;D:\apache-maven-3.8.8-bin\apache-maven-3.8.8\repo\org\springframework\boot\spring-boot-starter-logging\2.4.1\spring-boot-starter-logging-2.4.1.jar;D:\apache-maven-3.8.8-bin\apache-maven-3.8.8\repo\ch\qos\logback\logback-classic\1.2.3\logback-classic-1.2.3.jar;D:\apache-maven-3.8.8-bin\apache-maven-3.8.8\repo\ch\qos\logback\logback-core\1.2.3\logback-core-1.2.3.jar;D:\apache-maven-3.8.8-bin\apache-maven-3.8.8\repo\org\apache\logging\log4j\log4j-to-slf4j\2.13.3\log4j-to-slf4j-2.13.3.jar;D:\apache-maven-3.8.8-bin\apache-maven-3.8.8\repo\org\apache\logging\log4j\log4j-api\2.13.3\log4j-api-2.13.3.jar;D:\apache-maven-3.8.8-bin\apache-maven-3.8.8\repo\org\slf4j\jul-to-slf4j\1.7.30\jul-to-slf4j-1.7.30.jar;D:\apache-maven-3.8.8-bin\apache-maven-3.8.8\repo\jakarta\annotation\jakarta.annotation-api\1.3.5\jakarta.annotation-api-1.3.5.jar;D:\apache-maven-3.8.8-bin\apache-maven-3.8.8\repo\org\yaml\snakeyaml\1.27\snakeyaml-1.27.jar;D:\apache-maven-3.8.8-bin\apache-maven-3.8.8\repo\org\springframework\boot\spring-boot-starter-json\2.4.1\spring-boot-starter-json-2.4.1.jar;D:\apache-maven-3.8.8-bin\apache-maven-3.8.8\repo\com\fasterxml\jackson\datatype\jackson-datatype-jdk8\2.11.3\jackson-datatype-jdk8-2.11.3.jar;D:\apache-maven-3.8.8-bin\apache-maven-3.8.8\repo\com\fasterxml\jackson\datatype\jackson-datatype-jsr310\2.11.3\jackson-datatype-jsr310-2.11.3.jar;D:\apache-maven-3.8.8-bin\apache-maven-3.8.8\repo\com\fasterxml\jackson\module\jackson-module-parameter-names\2.11.3\jackson-module-parameter-names-2.11.3.jar;D:\apache-maven-3.8.8-bin\apache-maven-3.8.8\repo\org\springframework\boot\spring-boot-starter-tomcat\2.4.1\spring-boot-starter-tomcat-2.4.1.jar;D:\apache-maven-3.8.8-bin\apache-maven-3.8.8\repo\org\apache\tomcat\embed\tomcat-embed-core\9.0.41\tomcat-embed-core-9.0.41.jar;D:\apache-maven-3.8.8-bin\apache-maven-3.8.8\repo\org\glassfish\jakarta.el\3.0.3\jakarta.el-3.0.3.jar;D:\apache-maven-3.8.8-bin\apache-maven-3.8.8\repo\org\apache\tomcat\embed\tomcat-embed-websocket\9.0.41\tomcat-embed-websocket-9.0.41.jar;D:\apache-maven-3.8.8-bin\apache-maven-3.8.8\repo\org\springframework\spring-web\5.3.2\spring-web-5.3.2.jar;D:\apache-maven-3.8.8-bin\apache-maven-3.8.8\repo\org\springframework\spring-beans\5.3.2\spring-beans-5.3.2.jar;D:\apache-maven-3.8.8-bin\apache-maven-3.8.8\repo\org\springframework\spring-webmvc\5.3.2\spring-webmvc-5.3.2.jar;D:\apache-maven-3.8.8-bin\apache-maven-3.8.8\repo\org\springframework\spring-context\5.3.2\spring-context-5.3.2.jar;D:\apache-maven-3.8.8-bin\apache-maven-3.8.8\repo\org\springframework\spring-expression\5.3.2\spring-expression-5.3.2.jar;D:\apache-maven-3.8.8-bin\apache-maven-3.8.8\repo\org\springframework\boot\spring-boot-starter-aop\2.4.1\spring-boot-starter-aop-2.4.1.jar;D:\apache-maven-3.8.8-bin\apache-maven-3.8.8\repo\org\springframework\spring-aop\5.3.2\spring-aop-5.3.2.jar;D:\apache-maven-3.8.8-bin\apache-maven-3.8.8\repo\org\aspectj\aspectjweaver\1.9.6\aspectjweaver-1.9.6.jar;D:\apache-maven-3.8.8-bin\apache-maven-3.8.8\repo\org\springframework\boot\spring-boot-starter-data-redis\2.4.1\spring-boot-starter-data-redis-2.4.1.jar;D:\apache-maven-3.8.8-bin\apache-maven-3.8.8\repo\org\springframework\data\spring-data-redis\2.4.2\spring-data-redis-2.4.2.jar;D:\apache-maven-3.8.8-bin\apache-maven-3.8.8\repo\org\springframework\data\spring-data-keyvalue\2.4.2\spring-data-keyvalue-2.4.2.jar;D:\apache-maven-3.8.8-bin\apache-maven-3.8.8\repo\org\springframework\data\spring-data-commons\2.4.2\spring-data-commons-2.4.2.jar;D:\apache-maven-3.8.8-bin\apache-maven-3.8.8\repo\org\springframework\spring-tx\5.3.2\spring-tx-5.3.2.jar;D:\apache-maven-3.8.8-bin\apache-maven-3.8.8\repo\org\springframework\spring-oxm\5.3.2\spring-oxm-5.3.2.jar;D:\apache-maven-3.8.8-bin\apache-maven-3.8.8\repo\io\lettuce\lettuce-core\6.0.1.RELEASE\lettuce-core-6.0.1.RELEASE.jar;D:\apache-maven-3.8.8-bin\apache-maven-3.8.8\repo\io\netty\netty-common\4.1.55.Final\netty-common-4.1.55.Final.jar;D:\apache-maven-3.8.8-bin\apache-maven-3.8.8\repo\io\netty\netty-handler\4.1.55.Final\netty-handler-4.1.55.Final.jar;D:\apache-maven-3.8.8-bin\apache-maven-3.8.8\repo\io\netty\netty-resolver\4.1.55.Final\netty-resolver-4.1.55.Final.jar;D:\apache-maven-3.8.8-bin\apache-maven-3.8.8\repo\io\netty\netty-buffer\4.1.55.Final\netty-buffer-4.1.55.Final.jar;D:\apache-maven-3.8.8-bin\apache-maven-3.8.8\repo\io\netty\netty-codec\4.1.55.Final\netty-codec-4.1.55.Final.jar;D:\apache-maven-3.8.8-bin\apache-maven-3.8.8\repo\io\netty\netty-transport\4.1.55.Final\netty-transport-4.1.55.Final.jar;D:\apache-maven-3.8.8-bin\apache-maven-3.8.8\repo\io\projectreactor\reactor-core\3.4.1\reactor-core-3.4.1.jar;D:\apache-maven-3.8.8-bin\apache-maven-3.8.8\repo\org\reactivestreams\reactive-streams\1.0.3\reactive-streams-1.0.3.jar;D:\apache-maven-3.8.8-bin\apache-maven-3.8.8\repo\org\apache\commons\commons-pool2\2.9.0\commons-pool2-2.9.0.jar;D:\apache-maven-3.8.8-bin\apache-maven-3.8.8\repo\org\springframework\boot\spring-boot-starter-cache\2.4.1\spring-boot-starter-cache-2.4.1.jar;D:\apache-maven-3.8.8-bin\apache-maven-3.8.8\repo\org\springframework\spring-context-support\5.3.2\spring-context-support-5.3.2.jar;D:\apache-maven-3.8.8-bin\apache-maven-3.8.8\repo\com\alibaba\fastjson\1.2.68\fastjson-1.2.68.jar;D:\apache-maven-3.8.8-bin\apache-maven-3.8.8\repo\com\ejlchina\okhttps-fastjson\3.5.3\okhttps-fastjson-3.5.3.jar;D:\apache-maven-3.8.8-bin\apache-maven-3.8.8\repo\com\ejlchina\okhttps\3.5.3\okhttps-3.5.3.jar;D:\apache-maven-3.8.8-bin\apache-maven-3.8.8\repo\com\ejlchina\data-core\1.4.1\data-core-1.4.1.jar;D:\apache-maven-3.8.8-bin\apache-maven-3.8.8\repo\com\squareup\okhttp3\okhttp\3.14.9\okhttp-3.14.9.jar;D:\apache-maven-3.8.8-bin\apache-maven-3.8.8\repo\com\squareup\okio\okio\1.17.5\okio-1.17.5.jar;D:\apache-maven-3.8.8-bin\apache-maven-3.8.8\repo\com\ejlchina\data-fastjson\1.4.1\data-fastjson-1.4.1.jar;D:\apache-maven-3.8.8-bin\apache-maven-3.8.8\repo\io\springfox\springfox-swagger2\2.9.2\springfox-swagger2-2.9.2.jar;D:\apache-maven-3.8.8-bin\apache-maven-3.8.8\repo\io\swagger\swagger-annotations\1.5.20\swagger-annotations-1.5.20.jar;D:\apache-maven-3.8.8-bin\apache-maven-3.8.8\repo\io\swagger\swagger-models\1.5.20\swagger-models-1.5.20.jar;D:\apache-maven-3.8.8-bin\apache-maven-3.8.8\repo\com\fasterxml\jackson\core\jackson-annotations\2.11.3\jackson-annotations-2.11.3.jar;D:\apache-maven-3.8.8-bin\apache-maven-3.8.8\repo\io\springfox\springfox-spi\2.9.2\springfox-spi-2.9.2.jar;D:\apache-maven-3.8.8-bin\apache-maven-3.8.8\repo\io\springfox\springfox-core\2.9.2\springfox-core-2.9.2.jar;D:\apache-maven-3.8.8-bin\apache-maven-3.8.8\repo\io\springfox\springfox-schema\2.9.2\springfox-schema-2.9.2.jar;D:\apache-maven-3.8.8-bin\apache-maven-3.8.8\repo\io\springfox\springfox-swagger-common\2.9.2\springfox-swagger-common-2.9.2.jar;D:\apache-maven-3.8.8-bin\apache-maven-3.8.8\repo\io\springfox\springfox-spring-web\2.9.2\springfox-spring-web-2.9.2.jar;D:\apache-maven-3.8.8-bin\apache-maven-3.8.8\repo\com\google\guava\guava\20.0\guava-20.0.jar;D:\apache-maven-3.8.8-bin\apache-maven-3.8.8\repo\com\fasterxml\classmate\1.5.1\classmate-1.5.1.jar;D:\apache-maven-3.8.8-bin\apache-maven-3.8.8\repo\org\slf4j\slf4j-api\1.7.30\slf4j-api-1.7.30.jar;D:\apache-maven-3.8.8-bin\apache-maven-3.8.8\repo\org\springframework\plugin\spring-plugin-core\1.2.0.RELEASE\spring-plugin-core-1.2.0.RELEASE.jar;D:\apache-maven-3.8.8-bin\apache-maven-3.8.8\repo\org\springframework\plugin\spring-plugin-metadata\1.2.0.RELEASE\spring-plugin-metadata-1.2.0.RELEASE.jar;D:\apache-maven-3.8.8-bin\apache-maven-3.8.8\repo\org\mapstruct\mapstruct\1.2.0.Final\mapstruct-1.2.0.Final.jar;D:\apache-maven-3.8.8-bin\apache-maven-3.8.8\repo\io\springfox\springfox-swagger-ui\2.9.2\springfox-swagger-ui-2.9.2.jar;D:\apache-maven-3.8.8-bin\apache-maven-3.8.8\repo\com\github\xiaoymin\swagger-bootstrap-ui\1.9.6\swagger-bootstrap-ui-1.9.6.jar;D:\apache-maven-3.8.8-bin\apache-maven-3.8.8\repo\org\javassist\javassist\3.25.0-GA\javassist-3.25.0-GA.jar;D:\apache-maven-3.8.8-bin\apache-maven-3.8.8\repo\org\mybatis\spring\boot\mybatis-spring-boot-starter\2.1.4\mybatis-spring-boot-starter-2.1.4.jar;D:\apache-maven-3.8.8-bin\apache-maven-3.8.8\repo\org\mybatis\spring\boot\mybatis-spring-boot-autoconfigure\2.1.4\mybatis-spring-boot-autoconfigure-2.1.4.jar;D:\apache-maven-3.8.8-bin\apache-maven-3.8.8\repo\org\mybatis\mybatis\3.5.6\mybatis-3.5.6.jar;D:\apache-maven-3.8.8-bin\apache-maven-3.8.8\repo\org\mybatis\mybatis-spring\2.0.6\mybatis-spring-2.0.6.jar;D:\apache-maven-3.8.8-bin\apache-maven-3.8.8\repo\com\github\pagehelper\pagehelper-spring-boot-starter\1.3.0\pagehelper-spring-boot-starter-1.3.0.jar;D:\apache-maven-3.8.8-bin\apache-maven-3.8.8\repo\com\github\pagehelper\pagehelper-spring-boot-autoconfigure\1.3.0\pagehelper-spring-boot-autoconfigure-1.3.0.jar;D:\apache-maven-3.8.8-bin\apache-maven-3.8.8\repo\com\github\pagehelper\pagehelper\5.2.0\pagehelper-5.2.0.jar;D:\apache-maven-3.8.8-bin\apache-maven-3.8.8\repo\com\github\jsqlparser\jsqlparser\3.2\jsqlparser-3.2.jar;D:\apache-maven-3.8.8-bin\apache-maven-3.8.8\repo\org\springframework\boot\spring-boot-starter-jdbc\2.4.1\spring-boot-starter-jdbc-2.4.1.jar;D:\apache-maven-3.8.8-bin\apache-maven-3.8.8\repo\com\zaxxer\HikariCP\3.4.5\HikariCP-3.4.5.jar;D:\apache-maven-3.8.8-bin\apache-maven-3.8.8\repo\org\springframework\spring-jdbc\5.3.2\spring-jdbc-5.3.2.jar;D:\apache-maven-3.8.8-bin\apache-maven-3.8.8\repo\mysql\mysql-connector-java\8.0.22\mysql-connector-java-8.0.22.jar;D:\apache-maven-3.8.8-bin\apache-maven-3.8.8\repo\com\alibaba\druid-spring-boot-starter\1.1.10\druid-spring-boot-starter-1.1.10.jar;D:\apache-maven-3.8.8-bin\apache-maven-3.8.8\repo\com\alibaba\druid\1.1.10\druid-1.1.10.jar;D:\apache-maven-3.8.8-bin\apache-maven-3.8.8\repo\org\springframework\boot\spring-boot-autoconfigure\2.4.1\spring-boot-autoconfigure-2.4.1.jar;D:\apache-maven-3.8.8-bin\apache-maven-3.8.8\repo\org\jasig\cas\client\cas-client-core\3.5.0\cas-client-core-3.5.0.jar;D:\apache-maven-3.8.8-bin\apache-maven-3.8.8\repo\com\fasterxml\jackson\core\jackson-databind\2.11.3\jackson-databind-2.11.3.jar;D:\apache-maven-3.8.8-bin\apache-maven-3.8.8\repo\com\fasterxml\jackson\core\jackson-core\2.11.3\jackson-core-2.11.3.jar;D:\apache-maven-3.8.8-bin\apache-maven-3.8.8\repo\org\springframework\boot\spring-boot-starter-test\2.4.1\spring-boot-starter-test-2.4.1.jar;D:\apache-maven-3.8.8-bin\apache-maven-3.8.8\repo\org\springframework\boot\spring-boot-test\2.4.1\spring-boot-test-2.4.1.jar;D:\apache-maven-3.8.8-bin\apache-maven-3.8.8\repo\org\springframework\boot\spring-boot-test-autoconfigure\2.4.1\spring-boot-test-autoconfigure-2.4.1.jar;D:\apache-maven-3.8.8-bin\apache-maven-3.8.8\repo\com\jayway\jsonpath\json-path\2.4.0\json-path-2.4.0.jar;D:\apache-maven-3.8.8-bin\apache-maven-3.8.8\repo\net\minidev\json-smart\2.3\json-smart-2.3.jar;D:\apache-maven-3.8.8-bin\apache-maven-3.8.8\repo\net\minidev\accessors-smart\1.2\accessors-smart-1.2.jar;D:\apache-maven-3.8.8-bin\apache-maven-3.8.8\repo\org\ow2\asm\asm\5.0.4\asm-5.0.4.jar;D:\apache-maven-3.8.8-bin\apache-maven-3.8.8\repo\jakarta\xml\bind\jakarta.xml.bind-api\2.3.3\jakarta.xml.bind-api-2.3.3.jar;D:\apache-maven-3.8.8-bin\apache-maven-3.8.8\repo\jakarta\activation\jakarta.activation-api\1.2.2\jakarta.activation-api-1.2.2.jar;D:\apache-maven-3.8.8-bin\apache-maven-3.8.8\repo\org\assertj\assertj-core\3.18.1\assertj-core-3.18.1.jar;D:\apache-maven-3.8.8-bin\apache-maven-3.8.8\repo\org\hamcrest\hamcrest\2.2\hamcrest-2.2.jar;D:\apache-maven-3.8.8-bin\apache-maven-3.8.8\repo\org\junit\jupiter\junit-jupiter\5.7.0\junit-jupiter-5.7.0.jar;D:\apache-maven-3.8.8-bin\apache-maven-3.8.8\repo\org\junit\jupiter\junit-jupiter-api\5.7.0\junit-jupiter-api-5.7.0.jar;D:\apache-maven-3.8.8-bin\apache-maven-3.8.8\repo\org\apiguardian\apiguardian-api\1.1.0\apiguardian-api-1.1.0.jar;D:\apache-maven-3.8.8-bin\apache-maven-3.8.8\repo\org\opentest4j\opentest4j\1.2.0\opentest4j-1.2.0.jar;D:\apache-maven-3.8.8-bin\apache-maven-3.8.8\repo\org\junit\platform\junit-platform-commons\1.7.0\junit-platform-commons-1.7.0.jar;D:\apache-maven-3.8.8-bin\apache-maven-3.8.8\repo\org\junit\jupiter\junit-jupiter-params\5.7.0\junit-jupiter-params-5.7.0.jar;D:\apache-maven-3.8.8-bin\apache-maven-3.8.8\repo\org\junit\jupiter\junit-jupiter-engine\5.7.0\junit-jupiter-engine-5.7.0.jar;D:\apache-maven-3.8.8-bin\apache-maven-3.8.8\repo\org\junit\platform\junit-platform-engine\1.7.0\junit-platform-engine-1.7.0.jar;D:\apache-maven-3.8.8-bin\apache-maven-3.8.8\repo\org\mockito\mockito-core\3.6.28\mockito-core-3.6.28.jar;D:\apache-maven-3.8.8-bin\apache-maven-3.8.8\repo\net\bytebuddy\byte-buddy\1.10.18\byte-buddy-1.10.18.jar;D:\apache-maven-3.8.8-bin\apache-maven-3.8.8\repo\net\bytebuddy\byte-buddy-agent\1.10.18\byte-buddy-agent-1.10.18.jar;D:\apache-maven-3.8.8-bin\apache-maven-3.8.8\repo\org\objenesis\objenesis\3.1\objenesis-3.1.jar;D:\apache-maven-3.8.8-bin\apache-maven-3.8.8\repo\org\mockito\mockito-junit-jupiter\3.6.28\mockito-junit-jupiter-3.6.28.jar;D:\apache-maven-3.8.8-bin\apache-maven-3.8.8\repo\org\skyscreamer\jsonassert\1.5.0\jsonassert-1.5.0.jar;D:\apache-maven-3.8.8-bin\apache-maven-3.8.8\repo\com\vaadin\external\google\android-json\0.0.20131108.vaadin1\android-json-0.0.20131108.vaadin1.jar;D:\apache-maven-3.8.8-bin\apache-maven-3.8.8\repo\org\springframework\spring-core\5.3.2\spring-core-5.3.2.jar;D:\apache-maven-3.8.8-bin\apache-maven-3.8.8\repo\org\springframework\spring-jcl\5.3.2\spring-jcl-5.3.2.jar;D:\apache-maven-3.8.8-bin\apache-maven-3.8.8\repo\org\springframework\spring-test\5.3.2\spring-test-5.3.2.jar;D:\apache-maven-3.8.8-bin\apache-maven-3.8.8\repo\org\xmlunit\xmlunit-core\2.7.0\xmlunit-core-2.7.0.jar;D:\apache-maven-3.8.8-bin\apache-maven-3.8.8\repo\org\codehaus\jackson\jackson-mapper-asl\1.9.13\jackson-mapper-asl-1.9.13.jar;D:\apache-maven-3.8.8-bin\apache-maven-3.8.8\repo\org\codehaus\jackson\jackson-core-asl\1.9.13\jackson-core-asl-1.9.13.jar;D:\apache-maven-3.8.8-bin\apache-maven-3.8.8\repo\org\projectlombok\lombok\1.18.16\lombok-1.18.16.jar;D:\apache-maven-3.8.8-bin\apache-maven-3.8.8\repo\com\aliyun\oss\aliyun-sdk-oss\3.9.1\aliyun-sdk-oss-3.9.1.jar;D:\apache-maven-3.8.8-bin\apache-maven-3.8.8\repo\org\apache\httpcomponents\httpclient\4.5.13\httpclient-4.5.13.jar;D:\apache-maven-3.8.8-bin\apache-maven-3.8.8\repo\org\apache\httpcomponents\httpcore\4.4.14\httpcore-4.4.14.jar;D:\apache-maven-3.8.8-bin\apache-maven-3.8.8\repo\org\jdom\jdom\1.1\jdom-1.1.jar;D:\apache-maven-3.8.8-bin\apache-maven-3.8.8\repo\org\codehaus\jettison\jettison\1.1\jettison-1.1.jar;D:\apache-maven-3.8.8-bin\apache-maven-3.8.8\repo\stax\stax-api\1.0.1\stax-api-1.0.1.jar;D:\apache-maven-3.8.8-bin\apache-maven-3.8.8\repo\com\aliyun\aliyun-java-sdk-core\3.4.0\aliyun-java-sdk-core-3.4.0.jar;D:\apache-maven-3.8.8-bin\apache-maven-3.8.8\repo\com\aliyun\aliyun-java-sdk-ram\3.0.0\aliyun-java-sdk-ram-3.0.0.jar;D:\apache-maven-3.8.8-bin\apache-maven-3.8.8\repo\com\aliyun\aliyun-java-sdk-sts\3.0.0\aliyun-java-sdk-sts-3.0.0.jar;D:\apache-maven-3.8.8-bin\apache-maven-3.8.8\repo\com\aliyun\aliyun-java-sdk-ecs\4.2.0\aliyun-java-sdk-ecs-4.2.0.jar;D:\apache-maven-3.8.8-bin\apache-maven-3.8.8\repo\com\aliyun\aliyun-java-sdk-kms\2.7.0\aliyun-java-sdk-kms-2.7.0.jar;D:\apache-maven-3.8.8-bin\apache-maven-3.8.8\repo\com\google\code\gson\gson\2.8.6\gson-2.8.6.jar;D:\apache-maven-3.8.8-bin\apache-maven-3.8.8\repo\com\qcloud\cos_api\5.6.75\cos_api-5.6.75.jar;D:\apache-maven-3.8.8-bin\apache-maven-3.8.8\repo\commons-codec\commons-codec\1.15\commons-codec-1.15.jar;D:\apache-maven-3.8.8-bin\apache-maven-3.8.8\repo\joda-time\joda-time\2.9.9\joda-time-2.9.9.jar;D:\apache-maven-3.8.8-bin\apache-maven-3.8.8\repo\com\tencentcloudapi\tencentcloud-sdk-java-kms\3.1.213\tencentcloud-sdk-java-kms-3.1.213.jar;D:\apache-maven-3.8.8-bin\apache-maven-3.8.8\repo\com\tencentcloudapi\tencentcloud-sdk-java-common\3.1.213\tencentcloud-sdk-java-common-3.1.213.jar;D:\apache-maven-3.8.8-bin\apache-maven-3.8.8\repo\commons-logging\commons-logging\1.2\commons-logging-1.2.jar;D:\apache-maven-3.8.8-bin\apache-maven-3.8.8\repo\com\squareup\okhttp\logging-interceptor\2.7.5\logging-interceptor-2.7.5.jar;D:\apache-maven-3.8.8-bin\apache-maven-3.8.8\repo\com\squareup\okhttp\okhttp\2.7.5\okhttp-2.7.5.jar;D:\apache-maven-3.8.8-bin\apache-maven-3.8.8\repo\javax\xml\bind\jaxb-api\2.3.1\jaxb-api-2.3.1.jar;D:\apache-maven-3.8.8-bin\apache-maven-3.8.8\repo\javax\activation\javax.activation-api\1.2.0\javax.activation-api-1.2.0.jar;D:\apache-maven-3.8.8-bin\apache-maven-3.8.8\repo\org\bouncycastle\bcprov-jdk15on\1.67\bcprov-jdk15on-1.67.jar;D:\apache-maven-3.8.8-bin\apache-maven-3.8.8\repo\commons-fileupload\commons-fileupload\1.3.1\commons-fileupload-1.3.1.jar;D:\apache-maven-3.8.8-bin\apache-maven-3.8.8\repo\commons-io\commons-io\2.2\commons-io-2.2.jar;D:\apache-maven-3.8.8-bin\apache-maven-3.8.8\repo\io\jsonwebtoken\jjwt\0.9.1\jjwt-0.9.1.jar;D:\apache-maven-3.8.8-bin\apache-maven-3.8.8\repo\com\auth0\java-jwt\3.10.2\java-jwt-3.10.2.jar;"/>
    <property name="sun.cpu.endian" value="little"/>
    <property name="user.home" value="C:\Users\61723"/>
    <property name="user.language" value="zh"/>
    <property name="java.specification.vendor" value="Oracle Corporation"/>
    <property name="java.home" value="C:\Program Files\Java\jdk1.8.0_271\jre"/>
    <property name="basedir" value="D:\code\java\business_gpt"/>
    <property name="file.separator" value="\"/>
    <property name="line.separator" value="&#10;"/>
    <property name="java.vm.specification.vendor" value="Oracle Corporation"/>
    <property name="java.specification.name" value="Java Platform API Specification"/>
    <property name="java.awt.graphicsenv" value="sun.awt.Win32GraphicsEnvironment"/>
    <property name="surefire.real.class.path" value="C:\Users\61723\AppData\Local\Temp\surefire2943499685727564225\surefirebooter3642908027071521321.jar"/>
    <property name="sun.boot.class.path" value="C:\Program Files\Java\jdk1.8.0_271\jre\lib\resources.jar;C:\Program Files\Java\jdk1.8.0_271\jre\lib\rt.jar;C:\Program Files\Java\jdk1.8.0_271\jre\lib\sunrsasign.jar;C:\Program Files\Java\jdk1.8.0_271\jre\lib\jsse.jar;C:\Program Files\Java\jdk1.8.0_271\jre\lib\jce.jar;C:\Program Files\Java\jdk1.8.0_271\jre\lib\charsets.jar;C:\Program Files\Java\jdk1.8.0_271\jre\lib\jfr.jar;C:\Program Files\Java\jdk1.8.0_271\jre\classes"/>
    <property name="user.script" value=""/>
    <property name="sun.management.compiler" value="HotSpot 64-Bit Tiered Compilers"/>
    <property name="java.runtime.version" value="1.8.0_271-b09"/>
    <property name="user.name" value="61723"/>
    <property name="path.separator" value=";"/>
    <property name="os.version" value="10.0"/>
    <property name="java.endorsed.dirs" value="C:\Program Files\Java\jdk1.8.0_271\jre\lib\endorsed"/>
    <property name="java.runtime.name" value="Java(TM) SE Runtime Environment"/>
    <property name="file.encoding" value="GBK"/>
    <property name="java.vm.name" value="Java HotSpot(TM) 64-Bit Server VM"/>
    <property name="localRepository" value="D:\apache-maven-3.8.8-bin\apache-maven-3.8.8\repo"/>
    <property name="java.vendor.url.bug" value="http://bugreport.sun.com/bugreport/"/>
    <property name="java.io.tmpdir" value="C:\Users\61723\AppData\Local\Temp\"/>
    <property name="idea.version" value="2023.1.4"/>
    <property name="java.version" value="1.8.0_271"/>
    <property name="user.dir" value="D:\code\java\business_gpt"/>
    <property name="os.arch" value="amd64"/>
    <property name="java.vm.specification.name" value="Java Virtual Machine Specification"/>
    <property name="java.awt.printerjob" value="sun.awt.windows.WPrinterJob"/>
    <property name="sun.os.patch.level" value=""/>
    <property name="java.library.path" value="C:\Program Files\Java\jdk1.8.0_271\jre\bin;C:\Windows\Sun\Java\bin;C:\Windows\system32;C:\Windows;D:\python11\Scripts\;D:\python11\;C:\Program Files (x86)\Common Files\Oracle\Java\javapath;C:\Program Files\NVIDIA GPU Computing Toolkit\CUDA\v12.1\bin;C:\Program Files\NVIDIA GPU Computing Toolkit\CUDA\v12.1\libnvvp;C:\Windows\system32;C:\Windows;C:\Windows\System32\Wbem;C:\Windows\System32\WindowsPowerShell\v1.0\;C:\Windows\System32\OpenSSH\;C:\Program Files (x86)\NVIDIA Corporation\PhysX\Common;C:\Program Files\NVIDIA Corporation\NVIDIA NvDLISR;C:\Program Files\Git\cmd;C:\Program Files (x86)\pcsuite\;C:\Program Files\NVIDIA Corporation\Nsight Compute 2023.1.1\;C:\Program Files\NVIDIA GPU Computing Toolkit\CUDA\v12.1;C:\Program Files\NVIDIA GPU Computing Toolkit\CUDA\v12.1\lib\x64;C:\Program Files\Bandizip\;C:\Program Files\Docker\Docker\resources\bin;D:\apache-maven-3.8.8-bin\apache-maven-3.8.8\bin;C:\Program Files\Java\jdk1.8.0_271\bin;C:\Program Files\Java\jdk1.8.0_271\jre\bin;C:\Program Files\MySQL\MySQL Shell 8.0\bin\;C:\Users\61723\AppData\Local\Microsoft\WindowsApps;;C:\Program Files\JetBrains\PyCharm Community Edition 2022.3.3\bin;;C:\Users\61723\AppData\Local\Programs\Microsoft VS Code\bin;D:\Program Files\JetBrains\IntelliJ IDEA 2023.1.3\bin;;D:\Program Files\JetBrains\PyCharm 2023.1.3\bin;;."/>
    <property name="java.vm.info" value="mixed mode"/>
    <property name="java.vendor" value="Oracle Corporation"/>
    <property name="java.vm.version" value="25.271-b09"/>
    <property name="java.ext.dirs" value="C:\Program Files\Java\jdk1.8.0_271\jre\lib\ext;C:\Windows\Sun\Java\lib\ext"/>
    <property name="sun.io.unicode.encoding" value="UnicodeLittle"/>
    <property name="java.class.version" value="52.0"/>
  </properties>
  <testcase name="translatePormpts" classname="org.gpt.business.BusinessGptApplicationTest" time="1.533">
    <error type="java.lang.NullPointerException">java.lang.NullPointerException
	at org.gpt.business.BusinessGptApplicationTest.translatePormpts(BusinessGptApplicationTest.java:24)
</error>
    <system-out><![CDATA[00:37:25.963 [main] DEBUG org.springframework.test.context.BootstrapUtils - Instantiating CacheAwareContextLoaderDelegate from class [org.springframework.test.context.cache.DefaultCacheAwareContextLoaderDelegate]
00:37:25.978 [main] DEBUG org.springframework.test.context.BootstrapUtils - Instantiating BootstrapContext using constructor [public org.springframework.test.context.support.DefaultBootstrapContext(java.lang.Class,org.springframework.test.context.CacheAwareContextLoaderDelegate)]
00:37:26.015 [main] DEBUG org.springframework.test.context.BootstrapUtils - Instantiating TestContextBootstrapper for test class [org.gpt.business.BusinessGptApplicationTest] from class [org.springframework.boot.test.context.SpringBootTestContextBootstrapper]
00:37:26.028 [main] INFO org.springframework.boot.test.context.SpringBootTestContextBootstrapper - Neither @ContextConfiguration nor @ContextHierarchy found for test class [org.gpt.business.BusinessGptApplicationTest], using SpringBootContextLoader
00:37:26.032 [main] DEBUG org.springframework.test.context.support.AbstractContextLoader - Did not detect default resource location for test class [org.gpt.business.BusinessGptApplicationTest]: class path resource [org/gpt/business/BusinessGptApplicationTest-context.xml] does not exist
00:37:26.033 [main] DEBUG org.springframework.test.context.support.AbstractContextLoader - Did not detect default resource location for test class [org.gpt.business.BusinessGptApplicationTest]: class path resource [org/gpt/business/BusinessGptApplicationTestContext.groovy] does not exist
00:37:26.033 [main] INFO org.springframework.test.context.support.AbstractContextLoader - Could not detect default resource locations for test class [org.gpt.business.BusinessGptApplicationTest]: no resource found for suffixes {-context.xml, Context.groovy}.
00:37:26.034 [main] INFO org.springframework.test.context.support.AnnotationConfigContextLoaderUtils - Could not detect default configuration classes for test class [org.gpt.business.BusinessGptApplicationTest]: BusinessGptApplicationTest does not declare any static, non-private, non-final, nested classes annotated with @Configuration.
00:37:26.091 [main] DEBUG org.springframework.test.context.support.ActiveProfilesUtils - Could not find an 'annotation declaring class' for annotation type [org.springframework.test.context.ActiveProfiles] and class [org.gpt.business.BusinessGptApplicationTest]
00:37:26.151 [main] DEBUG org.springframework.context.annotation.ClassPathScanningCandidateComponentProvider - Identified candidate component class: file [D:\code\java\business_gpt\target\classes\org\gpt\business\BusinessGptApplication.class]
00:37:26.153 [main] INFO org.springframework.boot.test.context.SpringBootTestContextBootstrapper - Found @SpringBootConfiguration org.gpt.business.BusinessGptApplication for test class org.gpt.business.BusinessGptApplicationTest
00:37:26.236 [main] DEBUG org.springframework.boot.test.context.SpringBootTestContextBootstrapper - @TestExecutionListeners is not present for class [org.gpt.business.BusinessGptApplicationTest]: using defaults.
00:37:26.236 [main] INFO org.springframework.boot.test.context.SpringBootTestContextBootstrapper - Loaded default TestExecutionListener class names from location [META-INF/spring.factories]: [org.springframework.boot.test.mock.mockito.MockitoTestExecutionListener, org.springframework.boot.test.mock.mockito.ResetMocksTestExecutionListener, org.springframework.boot.test.autoconfigure.restdocs.RestDocsTestExecutionListener, org.springframework.boot.test.autoconfigure.web.client.MockRestServiceServerResetTestExecutionListener, org.springframework.boot.test.autoconfigure.web.servlet.MockMvcPrintOnlyOnFailureTestExecutionListener, org.springframework.boot.test.autoconfigure.web.servlet.WebDriverTestExecutionListener, org.springframework.boot.test.autoconfigure.webservices.client.MockWebServiceServerTestExecutionListener, org.springframework.test.context.web.ServletTestExecutionListener, org.springframework.test.context.support.DirtiesContextBeforeModesTestExecutionListener, org.springframework.test.context.support.DependencyInjectionTestExecutionListener, org.springframework.test.context.support.DirtiesContextTestExecutionListener, org.springframework.test.context.transaction.TransactionalTestExecutionListener, org.springframework.test.context.jdbc.SqlScriptsTestExecutionListener, org.springframework.test.context.event.EventPublishingTestExecutionListener]
00:37:26.250 [main] INFO org.springframework.boot.test.context.SpringBootTestContextBootstrapper - Using TestExecutionListeners: [org.springframework.test.context.web.ServletTestExecutionListener@45385f75, org.springframework.test.context.support.DirtiesContextBeforeModesTestExecutionListener@49c90a9c, org.springframework.boot.test.mock.mockito.MockitoTestExecutionListener@2d29b4ee, org.springframework.boot.test.autoconfigure.SpringBootDependencyInjectionTestExecutionListener@69ee81fc, org.springframework.test.context.support.DirtiesContextTestExecutionListener@6e2aa843, org.springframework.test.context.transaction.TransactionalTestExecutionListener@6f36c2f0, org.springframework.test.context.jdbc.SqlScriptsTestExecutionListener@f58853c, org.springframework.test.context.event.EventPublishingTestExecutionListener@1224144a, org.springframework.boot.test.mock.mockito.ResetMocksTestExecutionListener@29f7cefd, org.springframework.boot.test.autoconfigure.restdocs.RestDocsTestExecutionListener@700fb871, org.springframework.boot.test.autoconfigure.web.client.MockRestServiceServerResetTestExecutionListener@3b35a229, org.springframework.boot.test.autoconfigure.web.servlet.MockMvcPrintOnlyOnFailureTestExecutionListener@9816741, org.springframework.boot.test.autoconfigure.web.servlet.WebDriverTestExecutionListener@1e16c0aa, org.springframework.boot.test.autoconfigure.webservices.client.MockWebServiceServerTestExecutionListener@13d73f29]
00:37:26.252 [main] DEBUG org.springframework.test.context.support.AbstractDirtiesContextTestExecutionListener - Before test class: context [DefaultTestContext@448c8166 testClass = BusinessGptApplicationTest, testInstance = [null], testMethod = [null], testException = [null], mergedContextConfiguration = [WebMergedContextConfiguration@4470fbd6 testClass = BusinessGptApplicationTest, locations = '{}', classes = '{class org.gpt.business.BusinessGptApplication}', contextInitializerClasses = '[]', activeProfiles = '{}', propertySourceLocations = '{}', propertySourceProperties = '{org.springframework.boot.test.context.SpringBootTestContextBootstrapper=true}', contextCustomizers = set[org.springframework.boot.test.context.filter.ExcludeFilterContextCustomizer@158d2680, org.springframework.boot.test.json.DuplicateJsonObjectContextCustomizerFactory$DuplicateJsonObjectContextCustomizer@57a3af25, org.springframework.boot.test.mock.mockito.MockitoContextCustomizer@0, org.springframework.boot.test.web.client.TestRestTemplateContextCustomizer@6aeb35e6, org.springframework.boot.test.autoconfigure.actuate.metrics.MetricsExportContextCustomizerFactory$DisableMetricExportContextCustomizer@38d8f54a, org.springframework.boot.test.autoconfigure.properties.PropertyMappingContextCustomizer@0, org.springframework.boot.test.autoconfigure.web.servlet.WebDriverContextCustomizerFactory$Customizer@7b2bbc3, org.springframework.boot.test.context.SpringBootTestArgs@1, org.springframework.boot.test.context.SpringBootTestWebEnvironment@56ef9176], resourceBasePath = 'src/main/webapp', contextLoader = 'org.springframework.boot.test.context.SpringBootContextLoader', parent = [null]], attributes = map['org.springframework.test.context.web.ServletTestExecutionListener.activateListener' -> true]], class annotated with @DirtiesContext [false] with mode [null].
00:37:26.272 [main] DEBUG org.springframework.test.context.support.TestPropertySourceUtils - Adding inlined properties to environment: {spring.jmx.enabled=false, org.springframework.boot.test.context.SpringBootTestContextBootstrapper=true}

  .   ____          _            __ _ _
 /\\ / ___'_ __ _ _(_)_ __  __ _ \ \ \ \
( ( )\___ | '_ | '_| | '_ \/ _` | \ \ \ \
 \\/  ___)| |_)| | | | | || (_| |  ) ) ) )
  '  |____| .__|_| |_|_| |_\__, | / / / /
 =========|_|==============|___/=/_/_/_/
 :: Spring Boot ::                (v2.4.1)

2023-08-25 00:37:26.588 &amp#27;[33mINFO &amp#27;[0;39m [main] &amp#27;[1;35morg.gpt.business.BusinessGptApplicationTest       &amp#27;[0;39m ： Starting BusinessGptApplicationTest using Java 1.8.0_271 on Eason with PID 7628 (started by 61723 in D:\code\java\business_gpt)
2023-08-25 00:37:26.589 &amp#27;[33mDEBUG&amp#27;[0;39m [main] &amp#27;[1;35morg.gpt.business.BusinessGptApplicationTest       &amp#27;[0;39m ： Running with Spring Boot v2.4.1, Spring v5.3.2
2023-08-25 00:37:26.589 &amp#27;[33mINFO &amp#27;[0;39m [main] &amp#27;[1;35morg.gpt.business.BusinessGptApplicationTest       &amp#27;[0;39m ： The following profiles are active: dev
2023-08-25 00:37:26.589 &amp#27;[33mDEBUG&amp#27;[0;39m [main] &amp#27;[1;35morg.springframework.boot.SpringApplication        &amp#27;[0;39m ： Loading source class org.gpt.business.BusinessGptApplication
2023-08-25 00:37:26.609 &amp#27;[33mDEBUG&amp#27;[0;39m [main] &amp#27;[1;35mk.web.context.support.GenericWebApplicationContext&amp#27;[0;39m ： Refreshing org.springframework.web.context.support.GenericWebApplicationContext@654d8173
2023-08-25 00:37:26.623 &amp#27;[33mDEBUG&amp#27;[0;39m [main] &amp#27;[1;35mk.beans.factory.support.DefaultListableBeanFactory&amp#27;[0;39m ： Creating shared instance of singleton bean 'org.springframework.context.annotation.internalConfigurationAnnotationProcessor'
2023-08-25 00:37:26.634 &amp#27;[33mDEBUG&amp#27;[0;39m [main] &amp#27;[1;35mk.beans.factory.support.DefaultListableBeanFactory&amp#27;[0;39m ： Creating shared instance of singleton bean 'org.springframework.boot.autoconfigure.internalCachingMetadataReaderFactory'
2023-08-25 00:37:26.669 &amp#27;[33mDEBUG&amp#27;[0;39m [main] &amp#27;[1;35m.context.annotation.ClassPathBeanDefinitionScanner&amp#27;[0;39m ： Identified candidate component class: file [D:\code\java\business_gpt\target\classes\org\gpt\business\ExceptionHandler\CommonExceptionHandler.class]
2023-08-25 00:37:26.672 &amp#27;[33mDEBUG&amp#27;[0;39m [main] &amp#27;[1;35m.context.annotation.ClassPathBeanDefinitionScanner&amp#27;[0;39m ： Identified candidate component class: file [D:\code\java\business_gpt\target\classes\org\gpt\business\aop\LogAspect.class]
2023-08-25 00:37:26.675 &amp#27;[33mDEBUG&amp#27;[0;39m [main] &amp#27;[1;35m.context.annotation.ClassPathBeanDefinitionScanner&amp#27;[0;39m ： Identified candidate component class: file [D:\code\java\business_gpt\target\classes\org\gpt\business\config\DruidConfig.class]
2023-08-25 00:37:26.675 &amp#27;[33mDEBUG&amp#27;[0;39m [main] &amp#27;[1;35m.context.annotation.ClassPathBeanDefinitionScanner&amp#27;[0;39m ： Identified candidate component class: file [D:\code\java\business_gpt\target\classes\org\gpt\business\config\OSSConfig.class]
2023-08-25 00:37:26.676 &amp#27;[33mDEBUG&amp#27;[0;39m [main] &amp#27;[1;35m.context.annotation.ClassPathBeanDefinitionScanner&amp#27;[0;39m ： Identified candidate component class: file [D:\code\java\business_gpt\target\classes\org\gpt\business\config\OkHttpsConfig.class]
2023-08-25 00:37:26.677 &amp#27;[33mDEBUG&amp#27;[0;39m [main] &amp#27;[1;35m.context.annotation.ClassPathBeanDefinitionScanner&amp#27;[0;39m ： Identified candidate component class: file [D:\code\java\business_gpt\target\classes\org\gpt\business\config\RedisConfig.class]
2023-08-25 00:37:26.679 &amp#27;[33mDEBUG&amp#27;[0;39m [main] &amp#27;[1;35m.context.annotation.ClassPathBeanDefinitionScanner&amp#27;[0;39m ： Identified candidate component class: file [D:\code\java\business_gpt\target\classes\org\gpt\business\config\SwaggerConfig.class]
2023-08-25 00:37:26.679 &amp#27;[33mDEBUG&amp#27;[0;39m [main] &amp#27;[1;35m.context.annotation.ClassPathBeanDefinitionScanner&amp#27;[0;39m ： Identified candidate component class: file [D:\code\java\business_gpt\target\classes\org\gpt\business\controller\ResponseControllerAdvice.class]
2023-08-25 00:37:26.693 &amp#27;[33mDEBUG&amp#27;[0;39m [main] &amp#27;[1;35m.context.annotation.ClassPathBeanDefinitionScanner&amp#27;[0;39m ： Identified candidate component class: file [D:\code\java\business_gpt\target\classes\org\gpt\business\controller\TxtCreateImageControllor.class]
2023-08-25 00:37:26.699 &amp#27;[33mDEBUG&amp#27;[0;39m [main] &amp#27;[1;35m.context.annotation.ClassPathBeanDefinitionScanner&amp#27;[0;39m ： Identified candidate component class: file [D:\code\java\business_gpt\target\classes\org\gpt\business\model\BusinessImgRecordModel.class]
2023-08-25 00:37:26.701 &amp#27;[33mDEBUG&amp#27;[0;39m [main] &amp#27;[1;35m.context.annotation.ClassPathBeanDefinitionScanner&amp#27;[0;39m ： Identified candidate component class: file [D:\code\java\business_gpt\target\classes\org\gpt\business\model\ClothModel.class]
2023-08-25 00:37:26.702 &amp#27;[33mDEBUG&amp#27;[0;39m [main] &amp#27;[1;35m.context.annotation.ClassPathBeanDefinitionScanner&amp#27;[0;39m ： Identified candidate component class: file [D:\code\java\business_gpt\target\classes\org\gpt\business\model\ImgRequestModel.class]
2023-08-25 00:37:26.703 &amp#27;[33mDEBUG&amp#27;[0;39m [main] &amp#27;[1;35m.context.annotation.ClassPathBeanDefinitionScanner&amp#27;[0;39m ： Identified candidate component class: file [D:\code\java\business_gpt\target\classes\org\gpt\business\model\PersonModel.class]
2023-08-25 00:37:26.704 &amp#27;[33mDEBUG&amp#27;[0;39m [main] &amp#27;[1;35m.context.annotation.ClassPathBeanDefinitionScanner&amp#27;[0;39m ： Identified candidate component class: file [D:\code\java\business_gpt\target\classes\org\gpt\business\model\UserModel.class]
2023-08-25 00:37:26.705 &amp#27;[33mDEBUG&amp#27;[0;39m [main] &amp#27;[1;35m.context.annotation.ClassPathBeanDefinitionScanner&amp#27;[0;39m ： Identified candidate component class: file [D:\code\java\business_gpt\target\classes\org\gpt\business\service\AuthService.class]
2023-08-25 00:37:26.705 &amp#27;[33mDEBUG&amp#27;[0;39m [main] &amp#27;[1;35m.context.annotation.ClassPathBeanDefinitionScanner&amp#27;[0;39m ： Identified candidate component class: file [D:\code\java\business_gpt\target\classes\org\gpt\business\service\TxtCreateImageService.class]
2023-08-25 00:37:26.706 &amp#27;[33mDEBUG&amp#27;[0;39m [main] &amp#27;[1;35m.context.annotation.ClassPathBeanDefinitionScanner&amp#27;[0;39m ： Identified candidate component class: file [D:\code\java\business_gpt\target\classes\org\gpt\business\util\AliyunOSSutil.class]
2023-08-25 00:37:26.707 &amp#27;[33mDEBUG&amp#27;[0;39m [main] &amp#27;[1;35m.context.annotation.ClassPathBeanDefinitionScanner&amp#27;[0;39m ： Identified candidate component class: file [D:\code\java\business_gpt\target\classes\org\gpt\business\util\AuthV4Util.class]
2023-08-25 00:37:26.707 &amp#27;[33mDEBUG&amp#27;[0;39m [main] &amp#27;[1;35m.context.annotation.ClassPathBeanDefinitionScanner&amp#27;[0;39m ： Identified candidate component class: file [D:\code\java\business_gpt\target\classes\org\gpt\business\util\CosUtil.class]
2023-08-25 00:37:26.708 &amp#27;[33mDEBUG&amp#27;[0;39m [main] &amp#27;[1;35m.context.annotation.ClassPathBeanDefinitionScanner&amp#27;[0;39m ： Identified candidate component class: file [D:\code\java\business_gpt\target\classes\org\gpt\business\util\JwtUtils.class]
2023-08-25 00:37:26.709 &amp#27;[33mDEBUG&amp#27;[0;39m [main] &amp#27;[1;35m.context.annotation.ClassPathBeanDefinitionScanner&amp#27;[0;39m ： Identified candidate component class: file [D:\code\java\business_gpt\target\classes\org\gpt\business\util\RedisUtil.class]
2023-08-25 00:37:26.738 &amp#27;[33mDEBUG&amp#27;[0;39m [main] &amp#27;[1;35m.context.annotation.ClassPathBeanDefinitionScanner&amp#27;[0;39m ： Identified candidate component class: URL [jar:file:/D:/apache-maven-3.8.8-bin/apache-maven-3.8.8/repo/io/springfox/springfox-swagger2/2.9.2/springfox-swagger2-2.9.2.jar!/springfox/documentation/swagger2/mappers/ServiceModelToSwagger2MapperImpl.class]
2023-08-25 00:37:26.740 &amp#27;[33mDEBUG&amp#27;[0;39m [main] &amp#27;[1;35m.context.annotation.ClassPathBeanDefinitionScanner&amp#27;[0;39m ： Identified candidate component class: URL [jar:file:/D:/apache-maven-3.8.8-bin/apache-maven-3.8.8/repo/io/springfox/springfox-swagger2/2.9.2/springfox-swagger2-2.9.2.jar!/springfox/documentation/swagger2/mappers/VendorExtensionsMapperImpl.class]
2023-08-25 00:37:26.745 &amp#27;[33mDEBUG&amp#27;[0;39m [main] &amp#27;[1;35m.context.annotation.ClassPathBeanDefinitionScanner&amp#27;[0;39m ： Identified candidate component class: URL [jar:file:/D:/apache-maven-3.8.8-bin/apache-maven-3.8.8/repo/io/springfox/springfox-swagger2/2.9.2/springfox-swagger2-2.9.2.jar!/springfox/documentation/swagger2/mappers/ParameterMapperImpl.class]
2023-08-25 00:37:26.748 &amp#27;[33mDEBUG&amp#27;[0;39m [main] &amp#27;[1;35m.context.annotation.ClassPathBeanDefinitionScanner&amp#27;[0;39m ： Identified candidate component class: URL [jar:file:/D:/apache-maven-3.8.8-bin/apache-maven-3.8.8/repo/io/springfox/springfox-swagger2/2.9.2/springfox-swagger2-2.9.2.jar!/springfox/documentation/swagger2/mappers/ModelMapperImpl.class]
2023-08-25 00:37:26.752 &amp#27;[33mDEBUG&amp#27;[0;39m [main] &amp#27;[1;35m.context.annotation.ClassPathBeanDefinitionScanner&amp#27;[0;39m ： Identified candidate component class: URL [jar:file:/D:/apache-maven-3.8.8-bin/apache-maven-3.8.8/repo/io/springfox/springfox-swagger2/2.9.2/springfox-swagger2-2.9.2.jar!/springfox/documentation/swagger2/mappers/LicenseMapperImpl.class]
2023-08-25 00:37:26.755 &amp#27;[33mDEBUG&amp#27;[0;39m [main] &amp#27;[1;35m.context.annotation.ClassPathBeanDefinitionScanner&amp#27;[0;39m ： Identified candidate component class: URL [jar:file:/D:/apache-maven-3.8.8-bin/apache-maven-3.8.8/repo/io/springfox/springfox-swagger2/2.9.2/springfox-swagger2-2.9.2.jar!/springfox/documentation/swagger2/mappers/SecurityMapperImpl.class]
2023-08-25 00:37:26.768 &amp#27;[33mDEBUG&amp#27;[0;39m [main] &amp#27;[1;35m.context.annotation.ClassPathBeanDefinitionScanner&amp#27;[0;39m ： Identified candidate component class: URL [jar:file:/D:/apache-maven-3.8.8-bin/apache-maven-3.8.8/repo/io/springfox/springfox-spring-web/2.9.2/springfox-spring-web-2.9.2.jar!/springfox/documentation/spring/web/scanners/ApiListingReferenceScanner.class]
2023-08-25 00:37:26.769 &amp#27;[33mDEBUG&amp#27;[0;39m [main] &amp#27;[1;35m.context.annotation.ClassPathBeanDefinitionScanner&amp#27;[0;39m ： Identified candidate component class: URL [jar:file:/D:/apache-maven-3.8.8-bin/apache-maven-3.8.8/repo/io/springfox/springfox-spring-web/2.9.2/springfox-spring-web-2.9.2.jar!/springfox/documentation/spring/web/scanners/ApiDocumentationScanner.class]
2023-08-25 00:37:26.769 &amp#27;[33mDEBUG&amp#27;[0;39m [main] &amp#27;[1;35m.context.annotation.ClassPathBeanDefinitionScanner&amp#27;[0;39m ： Identified candidate component class: URL [jar:file:/D:/apache-maven-3.8.8-bin/apache-maven-3.8.8/repo/io/springfox/springfox-spring-web/2.9.2/springfox-spring-web-2.9.2.jar!/springfox/documentation/spring/web/scanners/ApiDescriptionReader.class]
2023-08-25 00:37:26.769 &amp#27;[33mDEBUG&amp#27;[0;39m [main] &amp#27;[1;35m.context.annotation.ClassPathBeanDefinitionScanner&amp#27;[0;39m ： Identified candidate component class: URL [jar:file:/D:/apache-maven-3.8.8-bin/apache-maven-3.8.8/repo/io/springfox/springfox-spring-web/2.9.2/springfox-spring-web-2.9.2.jar!/springfox/documentation/spring/web/scanners/ApiListingReader.class]
2023-08-25 00:37:26.770 &amp#27;[33mDEBUG&amp#27;[0;39m [main] &amp#27;[1;35m.context.annotation.ClassPathBeanDefinitionScanner&amp#27;[0;39m ： Identified candidate component class: URL [jar:file:/D:/apache-maven-3.8.8-bin/apache-maven-3.8.8/repo/io/springfox/springfox-spring-web/2.9.2/springfox-spring-web-2.9.2.jar!/springfox/documentation/spring/web/scanners/CachingOperationReader.class]
2023-08-25 00:37:26.771 &amp#27;[33mDEBUG&amp#27;[0;39m [main] &amp#27;[1;35m.context.annotation.ClassPathBeanDefinitionScanner&amp#27;[0;39m ： Identified candidate component class: URL [jar:file:/D:/apache-maven-3.8.8-bin/apache-maven-3.8.8/repo/io/springfox/springfox-spring-web/2.9.2/springfox-spring-web-2.9.2.jar!/springfox/documentation/spring/web/scanners/MediaTypeReader.class]
2023-08-25 00:37:26.772 &amp#27;[33mDEBUG&amp#27;[0;39m [main] &amp#27;[1;35m.context.annotation.ClassPathBeanDefinitionScanner&amp#27;[0;39m ： Identified candidate component class: URL [jar:file:/D:/apache-maven-3.8.8-bin/apache-maven-3.8.8/repo/io/springfox/springfox-spring-web/2.9.2/springfox-spring-web-2.9.2.jar!/springfox/documentation/spring/web/scanners/ApiListingScanner.class]
2023-08-25 00:37:26.772 &amp#27;[33mDEBUG&amp#27;[0;39m [main] &amp#27;[1;35m.context.annotation.ClassPathBeanDefinitionScanner&amp#27;[0;39m ： Identified candidate component class: URL [jar:file:/D:/apache-maven-3.8.8-bin/apache-maven-3.8.8/repo/io/springfox/springfox-spring-web/2.9.2/springfox-spring-web-2.9.2.jar!/springfox/documentation/spring/web/scanners/ApiModelReader.class]
2023-08-25 00:37:26.774 &amp#27;[33mDEBUG&amp#27;[0;39m [main] &amp#27;[1;35m.context.annotation.ClassPathBeanDefinitionScanner&amp#27;[0;39m ： Identified candidate component class: URL [jar:file:/D:/apache-maven-3.8.8-bin/apache-maven-3.8.8/repo/io/springfox/springfox-spring-web/2.9.2/springfox-spring-web-2.9.2.jar!/springfox/documentation/spring/web/scanners/ApiDescriptionLookup.class]
2023-08-25 00:37:26.779 &amp#27;[33mDEBUG&amp#27;[0;39m [main] &amp#27;[1;35m.context.annotation.ClassPathBeanDefinitionScanner&amp#27;[0;39m ： Identified candidate component class: URL [jar:file:/D:/apache-maven-3.8.8-bin/apache-maven-3.8.8/repo/io/springfox/springfox-spring-web/2.9.2/springfox-spring-web-2.9.2.jar!/springfox/documentation/spring/web/readers/operation/OperationModelsProvider.class]
2023-08-25 00:37:26.779 &amp#27;[33mDEBUG&amp#27;[0;39m [main] &amp#27;[1;35m.context.annotation.ClassPathBeanDefinitionScanner&amp#27;[0;39m ： Identified candidate component class: URL [jar:file:/D:/apache-maven-3.8.8-bin/apache-maven-3.8.8/repo/io/springfox/springfox-spring-web/2.9.2/springfox-spring-web-2.9.2.jar!/springfox/documentation/spring/web/readers/operation/OperationDeprecatedReader.class]
2023-08-25 00:37:26.780 &amp#27;[33mDEBUG&amp#27;[0;39m [main] &amp#27;[1;35m.context.annotation.ClassPathBeanDefinitionScanner&amp#27;[0;39m ： Identified candidate component class: URL [jar:file:/D:/apache-maven-3.8.8-bin/apache-maven-3.8.8/repo/io/springfox/springfox-spring-web/2.9.2/springfox-spring-web-2.9.2.jar!/springfox/documentation/spring/web/readers/operation/ResponseMessagesReader.class]
2023-08-25 00:37:26.781 &amp#27;[33mDEBUG&amp#27;[0;39m [main] &amp#27;[1;35m.context.annotation.ClassPathBeanDefinitionScanner&amp#27;[0;39m ： Identified candidate component class: URL [jar:file:/D:/apache-maven-3.8.8-bin/apache-maven-3.8.8/repo/io/springfox/springfox-spring-web/2.9.2/springfox-spring-web-2.9.2.jar!/springfox/documentation/spring/web/readers/operation/OperationParameterReader.class]
2023-08-25 00:37:26.782 &amp#27;[33mDEBUG&amp#27;[0;39m [main] &amp#27;[1;35m.context.annotation.ClassPathBeanDefinitionScanner&amp#27;[0;39m ： Identified candidate component class: URL [jar:file:/D:/apache-maven-3.8.8-bin/apache-maven-3.8.8/repo/io/springfox/springfox-spring-web/2.9.2/springfox-spring-web-2.9.2.jar!/springfox/documentation/spring/web/readers/operation/DefaultTagsProvider.class]
2023-08-25 00:37:26.783 &amp#27;[33mDEBUG&amp#27;[0;39m [main] &amp#27;[1;35m.context.annotation.ClassPathBeanDefinitionScanner&amp#27;[0;39m ： Identified candidate component class: URL [jar:file:/D:/apache-maven-3.8.8-bin/apache-maven-3.8.8/repo/io/springfox/springfox-spring-web/2.9.2/springfox-spring-web-2.9.2.jar!/springfox/documentation/spring/web/readers/operation/OperationTagsReader.class]
2023-08-25 00:37:26.784 &amp#27;[33mDEBUG&amp#27;[0;39m [main] &amp#27;[1;35m.context.annotation.ClassPathBeanDefinitionScanner&amp#27;[0;39m ： Identified candidate component class: URL [jar:file:/D:/apache-maven-3.8.8-bin/apache-maven-3.8.8/repo/io/springfox/springfox-spring-web/2.9.2/springfox-spring-web-2.9.2.jar!/springfox/documentation/spring/web/readers/operation/ApiOperationReader.class]
2023-08-25 00:37:26.784 &amp#27;[33mDEBUG&amp#27;[0;39m [main] &amp#27;[1;35m.context.annotation.ClassPathBeanDefinitionScanner&amp#27;[0;39m ： Identified candidate component class: URL [jar:file:/D:/apache-maven-3.8.8-bin/apache-maven-3.8.8/repo/io/springfox/springfox-spring-web/2.9.2/springfox-spring-web-2.9.2.jar!/springfox/documentation/spring/web/readers/operation/DefaultOperationReader.class]
2023-08-25 00:37:26.785 &amp#27;[33mDEBUG&amp#27;[0;39m [main] &amp#27;[1;35m.context.annotation.ClassPathBeanDefinitionScanner&amp#27;[0;39m ： Identified candidate component class: URL [jar:file:/D:/apache-maven-3.8.8-bin/apache-maven-3.8.8/repo/io/springfox/springfox-spring-web/2.9.2/springfox-spring-web-2.9.2.jar!/springfox/documentation/spring/web/readers/operation/OperationParameterRequestConditionReader.class]
2023-08-25 00:37:26.785 &amp#27;[33mDEBUG&amp#27;[0;39m [main] &amp#27;[1;35m.context.annotation.ClassPathBeanDefinitionScanner&amp#27;[0;39m ： Identified candidate component class: URL [jar:file:/D:/apache-maven-3.8.8-bin/apache-maven-3.8.8/repo/io/springfox/springfox-spring-web/2.9.2/springfox-spring-web-2.9.2.jar!/springfox/documentation/spring/web/readers/operation/OperationParameterHeadersConditionReader.class]
2023-08-25 00:37:26.787 &amp#27;[33mDEBUG&amp#27;[0;39m [main] &amp#27;[1;35m.context.annotation.ClassPathBeanDefinitionScanner&amp#27;[0;39m ： Identified candidate component class: URL [jar:file:/D:/apache-maven-3.8.8-bin/apache-maven-3.8.8/repo/io/springfox/springfox-spring-web/2.9.2/springfox-spring-web-2.9.2.jar!/springfox/documentation/spring/web/readers/operation/OperationResponseClassReader.class]
2023-08-25 00:37:26.787 &amp#27;[33mDEBUG&amp#27;[0;39m [main] &amp#27;[1;35m.context.annotation.ClassPathBeanDefinitionScanner&amp#27;[0;39m ： Identified candidate component class: URL [jar:file:/D:/apache-maven-3.8.8-bin/apache-maven-3.8.8/repo/io/springfox/springfox-spring-web/2.9.2/springfox-spring-web-2.9.2.jar!/springfox/documentation/spring/web/readers/operation/CachingOperationNameGenerator.class]
2023-08-25 00:37:26.790 &amp#27;[33mDEBUG&amp#27;[0;39m [main] &amp#27;[1;35m.context.annotation.ClassPathBeanDefinitionScanner&amp#27;[0;39m ： Identified candidate component class: URL [jar:file:/D:/apache-maven-3.8.8-bin/apache-maven-3.8.8/repo/io/springfox/springfox-spring-web/2.9.2/springfox-spring-web-2.9.2.jar!/springfox/documentation/spring/web/readers/parameter/ParameterMultiplesReader.class]
2023-08-25 00:37:26.796 &amp#27;[33mDEBUG&amp#27;[0;39m [main] &amp#27;[1;35m.context.annotation.ClassPathBeanDefinitionScanner&amp#27;[0;39m ： Identified candidate component class: URL [jar:file:/D:/apache-maven-3.8.8-bin/apache-maven-3.8.8/repo/io/springfox/springfox-spring-web/2.9.2/springfox-spring-web-2.9.2.jar!/springfox/documentation/spring/web/readers/parameter/ModelAttributeParameterExpander.class]
2023-08-25 00:37:26.797 &amp#27;[33mDEBUG&amp#27;[0;39m [main] &amp#27;[1;35m.context.annotation.ClassPathBeanDefinitionScanner&amp#27;[0;39m ： Identified candidate component class: URL [jar:file:/D:/apache-maven-3.8.8-bin/apache-maven-3.8.8/repo/io/springfox/springfox-spring-web/2.9.2/springfox-spring-web-2.9.2.jar!/springfox/documentation/spring/web/readers/parameter/ParameterTypeReader.class]
2023-08-25 00:37:26.798 &amp#27;[33mDEBUG&amp#27;[0;39m [main] &amp#27;[1;35m.context.annotation.ClassPathBeanDefinitionScanner&amp#27;[0;39m ： Identified candidate component class: URL [jar:file:/D:/apache-maven-3.8.8-bin/apache-maven-3.8.8/repo/io/springfox/springfox-spring-web/2.9.2/springfox-spring-web-2.9.2.jar!/springfox/documentation/spring/web/readers/parameter/ParameterRequiredReader.class]
2023-08-25 00:37:26.800 &amp#27;[33mDEBUG&amp#27;[0;39m [main] &amp#27;[1;35m.context.annotation.ClassPathBeanDefinitionScanner&amp#27;[0;39m ： Identified candidate component class: URL [jar:file:/D:/apache-maven-3.8.8-bin/apache-maven-3.8.8/repo/io/springfox/springfox-spring-web/2.9.2/springfox-spring-web-2.9.2.jar!/springfox/documentation/spring/web/readers/parameter/ParameterDataTypeReader.class]
2023-08-25 00:37:26.800 &amp#27;[33mDEBUG&amp#27;[0;39m [main] &amp#27;[1;35m.context.annotation.ClassPathBeanDefinitionScanner&amp#27;[0;39m ： Identified candidate component class: URL [jar:file:/D:/apache-maven-3.8.8-bin/apache-maven-3.8.8/repo/io/springfox/springfox-spring-web/2.9.2/springfox-spring-web-2.9.2.jar!/springfox/documentation/spring/web/readers/parameter/ParameterDefaultReader.class]
2023-08-25 00:37:26.801 &amp#27;[33mDEBUG&amp#27;[0;39m [main] &amp#27;[1;35m.context.annotation.ClassPathBeanDefinitionScanner&amp#27;[0;39m ： Identified candidate component class: URL [jar:file:/D:/apache-maven-3.8.8-bin/apache-maven-3.8.8/repo/io/springfox/springfox-spring-web/2.9.2/springfox-spring-web-2.9.2.jar!/springfox/documentation/spring/web/readers/parameter/ParameterNameReader.class]
2023-08-25 00:37:26.803 &amp#27;[33mDEBUG&amp#27;[0;39m [main] &amp#27;[1;35m.context.annotation.ClassPathBeanDefinitionScanner&amp#27;[0;39m ： Identified candidate component class: URL [jar:file:/D:/apache-maven-3.8.8-bin/apache-maven-3.8.8/repo/io/springfox/springfox-spring-web/2.9.2/springfox-spring-web-2.9.2.jar!/springfox/documentation/spring/web/readers/parameter/ExpandedParameterBuilder.class]
2023-08-25 00:37:26.806 &amp#27;[33mDEBUG&amp#27;[0;39m [main] &amp#27;[1;35m.context.annotation.ClassPathBeanDefinitionScanner&amp#27;[0;39m ： Identified candidate component class: URL [jar:file:/D:/apache-maven-3.8.8-bin/apache-maven-3.8.8/repo/io/springfox/springfox-spring-web/2.9.2/springfox-spring-web-2.9.2.jar!/springfox/documentation/spring/web/plugins/DocumentationPluginsBootstrapper.class]
2023-08-25 00:37:26.807 &amp#27;[33mDEBUG&amp#27;[0;39m [main] &amp#27;[1;35m.context.annotation.ClassPathBeanDefinitionScanner&amp#27;[0;39m ： Identified candidate component class: URL [jar:file:/D:/apache-maven-3.8.8-bin/apache-maven-3.8.8/repo/io/springfox/springfox-spring-web/2.9.2/springfox-spring-web-2.9.2.jar!/springfox/documentation/spring/web/plugins/WebMvcRequestHandlerProvider.class]
2023-08-25 00:37:26.808 &amp#27;[33mDEBUG&amp#27;[0;39m [main] &amp#27;[1;35m.context.annotation.ClassPathBeanDefinitionScanner&amp#27;[0;39m ： Identified candidate component class: URL [jar:file:/D:/apache-maven-3.8.8-bin/apache-maven-3.8.8/repo/io/springfox/springfox-spring-web/2.9.2/springfox-spring-web-2.9.2.jar!/springfox/documentation/spring/web/plugins/DocumentationPluginsManager.class]
2023-08-25 00:37:26.811 &amp#27;[33mDEBUG&amp#27;[0;39m [main] &amp#27;[1;35m.context.annotation.ClassPathBeanDefinitionScanner&amp#27;[0;39m ： Identified candidate component class: URL [jar:file:/D:/apache-maven-3.8.8-bin/apache-maven-3.8.8/repo/io/springfox/springfox-spring-web/2.9.2/springfox-spring-web-2.9.2.jar!/springfox/documentation/spring/web/paths/QueryStringUriTemplateDecorator.class]
2023-08-25 00:37:26.811 &amp#27;[33mDEBUG&amp#27;[0;39m [main] &amp#27;[1;35m.context.annotation.ClassPathBeanDefinitionScanner&amp#27;[0;39m ： Identified candidate component class: URL [jar:file:/D:/apache-maven-3.8.8-bin/apache-maven-3.8.8/repo/io/springfox/springfox-spring-web/2.9.2/springfox-spring-web-2.9.2.jar!/springfox/documentation/spring/web/paths/PathMappingDecorator.class]
2023-08-25 00:37:26.811 &amp#27;[33mDEBUG&amp#27;[0;39m [main] &amp#27;[1;35m.context.annotation.ClassPathBeanDefinitionScanner&amp#27;[0;39m ： Identified candidate component class: URL [jar:file:/D:/apache-maven-3.8.8-bin/apache-maven-3.8.8/repo/io/springfox/springfox-spring-web/2.9.2/springfox-spring-web-2.9.2.jar!/springfox/documentation/spring/web/paths/PathSanitizer.class]
2023-08-25 00:37:26.812 &amp#27;[33mDEBUG&amp#27;[0;39m [main] &amp#27;[1;35m.context.annotation.ClassPathBeanDefinitionScanner&amp#27;[0;39m ： Identified candidate component class: URL [jar:file:/D:/apache-maven-3.8.8-bin/apache-maven-3.8.8/repo/io/springfox/springfox-spring-web/2.9.2/springfox-spring-web-2.9.2.jar!/springfox/documentation/spring/web/paths/OperationPathDecorator.class]
2023-08-25 00:37:26.846 &amp#27;[33mDEBUG&amp#27;[0;39m [main] &amp#27;[1;35m.context.annotation.ClassPathBeanDefinitionScanner&amp#27;[0;39m ： Identified candidate component class: URL [jar:file:/D:/apache-maven-3.8.8-bin/apache-maven-3.8.8/repo/io/springfox/springfox-schema/2.9.2/springfox-schema-2.9.2.jar!/springfox/documentation/schema/CachingModelDependencyProvider.class]
2023-08-25 00:37:26.847 &amp#27;[33mDEBUG&amp#27;[0;39m [main] &amp#27;[1;35m.context.annotation.ClassPathBeanDefinitionScanner&amp#27;[0;39m ： Identified candidate component class: URL [jar:file:/D:/apache-maven-3.8.8-bin/apache-maven-3.8.8/repo/io/springfox/springfox-schema/2.9.2/springfox-schema-2.9.2.jar!/springfox/documentation/schema/TypeNameExtractor.class]
2023-08-25 00:37:26.848 &amp#27;[33mDEBUG&amp#27;[0;39m [main] &amp#27;[1;35m.context.annotation.ClassPathBeanDefinitionScanner&amp#27;[0;39m ： Identified candidate component class: URL [jar:file:/D:/apache-maven-3.8.8-bin/apache-maven-3.8.8/repo/io/springfox/springfox-schema/2.9.2/springfox-schema-2.9.2.jar!/springfox/documentation/schema/plugins/PropertyDiscriminatorBasedInheritancePlugin.class]
2023-08-25 00:37:26.849 &amp#27;[33mDEBUG&amp#27;[0;39m [main] &amp#27;[1;35m.context.annotation.ClassPathBeanDefinitionScanner&amp#27;[0;39m ： Identified candidate component class: URL [jar:file:/D:/apache-maven-3.8.8-bin/apache-maven-3.8.8/repo/io/springfox/springfox-schema/2.9.2/springfox-schema-2.9.2.jar!/springfox/documentation/schema/plugins/XmlModelPlugin.class]
2023-08-25 00:37:26.849 &amp#27;[33mDEBUG&amp#27;[0;39m [main] &amp#27;[1;35m.context.annotation.ClassPathBeanDefinitionScanner&amp#27;[0;39m ： Identified candidate component class: URL [jar:file:/D:/apache-maven-3.8.8-bin/apache-maven-3.8.8/repo/io/springfox/springfox-schema/2.9.2/springfox-schema-2.9.2.jar!/springfox/documentation/schema/plugins/SchemaPluginsManager.class]
2023-08-25 00:37:26.850 &amp#27;[33mDEBUG&amp#27;[0;39m [main] &amp#27;[1;35m.context.annotation.ClassPathBeanDefinitionScanner&amp#27;[0;39m ： Identified candidate component class: URL [jar:file:/D:/apache-maven-3.8.8-bin/apache-maven-3.8.8/repo/io/springfox/springfox-schema/2.9.2/springfox-schema-2.9.2.jar!/springfox/documentation/schema/property/CachingModelPropertiesProvider.class]
2023-08-25 00:37:26.850 &amp#27;[33mDEBUG&amp#27;[0;39m [main] &amp#27;[1;35m.context.annotation.ClassPathBeanDefinitionScanner&amp#27;[0;39m ： Identified candidate component class: URL [jar:file:/D:/apache-maven-3.8.8-bin/apache-maven-3.8.8/repo/io/springfox/springfox-schema/2.9.2/springfox-schema-2.9.2.jar!/springfox/documentation/schema/property/ObjectMapperBeanPropertyNamingStrategy.class]
2023-08-25 00:37:26.851 &amp#27;[33mDEBUG&amp#27;[0;39m [main] &amp#27;[1;35m.context.annotation.ClassPathBeanDefinitionScanner&amp#27;[0;39m ： Identified candidate component class: URL [jar:file:/D:/apache-maven-3.8.8-bin/apache-maven-3.8.8/repo/io/springfox/springfox-schema/2.9.2/springfox-schema-2.9.2.jar!/springfox/documentation/schema/property/bean/AccessorsProvider.class]
2023-08-25 00:37:26.853 &amp#27;[33mDEBUG&amp#27;[0;39m [main] &amp#27;[1;35m.context.annotation.ClassPathBeanDefinitionScanner&amp#27;[0;39m ： Identified candidate component class: URL [jar:file:/D:/apache-maven-3.8.8-bin/apache-maven-3.8.8/repo/io/springfox/springfox-schema/2.9.2/springfox-schema-2.9.2.jar!/springfox/documentation/schema/property/field/FieldProvider.class]
2023-08-25 00:37:26.856 &amp#27;[33mDEBUG&amp#27;[0;39m [main] &amp#27;[1;35m.context.annotation.ClassPathBeanDefinitionScanner&amp#27;[0;39m ： Identified candidate component class: URL [jar:file:/D:/apache-maven-3.8.8-bin/apache-maven-3.8.8/repo/io/springfox/springfox-schema/2.9.2/springfox-schema-2.9.2.jar!/springfox/documentation/schema/property/XmlPropertyPlugin.class]
2023-08-25 00:37:26.856 &amp#27;[33mDEBUG&amp#27;[0;39m [main] &amp#27;[1;35m.context.annotation.ClassPathBeanDefinitionScanner&amp#27;[0;39m ： Identified candidate component class: URL [jar:file:/D:/apache-maven-3.8.8-bin/apache-maven-3.8.8/repo/io/springfox/springfox-schema/2.9.2/springfox-schema-2.9.2.jar!/springfox/documentation/schema/property/OptimizedModelPropertiesProvider.class]
2023-08-25 00:37:26.857 &amp#27;[33mDEBUG&amp#27;[0;39m [main] &amp#27;[1;35m.context.annotation.ClassPathBeanDefinitionScanner&amp#27;[0;39m ： Identified candidate component class: URL [jar:file:/D:/apache-maven-3.8.8-bin/apache-maven-3.8.8/repo/io/springfox/springfox-schema/2.9.2/springfox-schema-2.9.2.jar!/springfox/documentation/schema/property/FactoryMethodProvider.class]
2023-08-25 00:37:26.859 &amp#27;[33mDEBUG&amp#27;[0;39m [main] &amp#27;[1;35m.context.annotation.ClassPathBeanDefinitionScanner&amp#27;[0;39m ： Identified candidate component class: URL [jar:file:/D:/apache-maven-3.8.8-bin/apache-maven-3.8.8/repo/io/springfox/springfox-schema/2.9.2/springfox-schema-2.9.2.jar!/springfox/documentation/schema/CachingModelProvider.class]
2023-08-25 00:37:26.859 &amp#27;[33mDEBUG&amp#27;[0;39m [main] &amp#27;[1;35m.context.annotation.ClassPathBeanDefinitionScanner&amp#27;[0;39m ： Identified candidate component class: URL [jar:file:/D:/apache-maven-3.8.8-bin/apache-maven-3.8.8/repo/io/springfox/springfox-schema/2.9.2/springfox-schema-2.9.2.jar!/springfox/documentation/schema/DefaultModelDependencyProvider.class]
2023-08-25 00:37:26.860 &amp#27;[33mDEBUG&amp#27;[0;39m [main] &amp#27;[1;35m.context.annotation.ClassPathBeanDefinitionScanner&amp#27;[0;39m ： Identified candidate component class: URL [jar:file:/D:/apache-maven-3.8.8-bin/apache-maven-3.8.8/repo/io/springfox/springfox-schema/2.9.2/springfox-schema-2.9.2.jar!/springfox/documentation/schema/JacksonEnumTypeDeterminer.class]
2023-08-25 00:37:26.860 &amp#27;[33mDEBUG&amp#27;[0;39m [main] &amp#27;[1;35m.context.annotation.ClassPathBeanDefinitionScanner&amp#27;[0;39m ： Identified candidate component class: URL [jar:file:/D:/apache-maven-3.8.8-bin/apache-maven-3.8.8/repo/io/springfox/springfox-schema/2.9.2/springfox-schema-2.9.2.jar!/springfox/documentation/schema/DefaultModelProvider.class]
2023-08-25 00:37:26.869 &amp#27;[33mDEBUG&amp#27;[0;39m [main] &amp#27;[1;35m.context.annotation.ClassPathBeanDefinitionScanner&amp#27;[0;39m ： Identified candidate component class: URL [jar:file:/D:/apache-maven-3.8.8-bin/apache-maven-3.8.8/repo/io/springfox/springfox-swagger-common/2.9.2/springfox-swagger-common-2.9.2.jar!/springfox/documentation/swagger/schema/ApiModelPropertyPropertyBuilder.class]
2023-08-25 00:37:26.869 &amp#27;[33mDEBUG&amp#27;[0;39m [main] &amp#27;[1;35m.context.annotation.ClassPathBeanDefinitionScanner&amp#27;[0;39m ： Identified candidate component class: URL [jar:file:/D:/apache-maven-3.8.8-bin/apache-maven-3.8.8/repo/io/springfox/springfox-swagger-common/2.9.2/springfox-swagger-common-2.9.2.jar!/springfox/documentation/swagger/schema/ApiModelTypeNameProvider.class]
2023-08-25 00:37:26.869 &amp#27;[33mDEBUG&amp#27;[0;39m [main] &amp#27;[1;35m.context.annotation.ClassPathBeanDefinitionScanner&amp#27;[0;39m ： Identified candidate component class: URL [jar:file:/D:/apache-maven-3.8.8-bin/apache-maven-3.8.8/repo/io/springfox/springfox-swagger-common/2.9.2/springfox-swagger-common-2.9.2.jar!/springfox/documentation/swagger/schema/ApiModelBuilder.class]
2023-08-25 00:37:26.871 &amp#27;[33mDEBUG&amp#27;[0;39m [main] &amp#27;[1;35m.context.annotation.ClassPathBeanDefinitionScanner&amp#27;[0;39m ： Identified candidate component class: URL [jar:file:/D:/apache-maven-3.8.8-bin/apache-maven-3.8.8/repo/io/springfox/springfox-swagger-common/2.9.2/springfox-swagger-common-2.9.2.jar!/springfox/documentation/swagger/readers/operation/OperationImplicitParameterReader.class]
2023-08-25 00:37:26.871 &amp#27;[33mDEBUG&amp#27;[0;39m [main] &amp#27;[1;35m.context.annotation.ClassPathBeanDefinitionScanner&amp#27;[0;39m ： Identified candidate component class: URL [jar:file:/D:/apache-maven-3.8.8-bin/apache-maven-3.8.8/repo/io/springfox/springfox-swagger-common/2.9.2/springfox-swagger-common-2.9.2.jar!/springfox/documentation/swagger/readers/operation/VendorExtensionsReader.class]
2023-08-25 00:37:26.871 &amp#27;[33mDEBUG&amp#27;[0;39m [main] &amp#27;[1;35m.context.annotation.ClassPathBeanDefinitionScanner&amp#27;[0;39m ： Identified candidate component class: URL [jar:file:/D:/apache-maven-3.8.8-bin/apache-maven-3.8.8/repo/io/springfox/springfox-swagger-common/2.9.2/springfox-swagger-common-2.9.2.jar!/springfox/documentation/swagger/readers/operation/SwaggerOperationResponseClassReader.class]
2023-08-25 00:37:26.871 &amp#27;[33mDEBUG&amp#27;[0;39m [main] &amp#27;[1;35m.context.annotation.ClassPathBeanDefinitionScanner&amp#27;[0;39m ： Identified candidate component class: URL [jar:file:/D:/apache-maven-3.8.8-bin/apache-maven-3.8.8/repo/io/springfox/springfox-swagger-common/2.9.2/springfox-swagger-common-2.9.2.jar!/springfox/documentation/swagger/readers/operation/SwaggerOperationModelsProvider.class]
2023-08-25 00:37:26.872 &amp#27;[33mDEBUG&amp#27;[0;39m [main] &amp#27;[1;35m.context.annotation.ClassPathBeanDefinitionScanner&amp#27;[0;39m ： Identified candidate component class: URL [jar:file:/D:/apache-maven-3.8.8-bin/apache-maven-3.8.8/repo/io/springfox/springfox-swagger-common/2.9.2/springfox-swagger-common-2.9.2.jar!/springfox/documentation/swagger/readers/operation/SwaggerMediaTypeReader.class]
2023-08-25 00:37:26.872 &amp#27;[33mDEBUG&amp#27;[0;39m [main] &amp#27;[1;35m.context.annotation.ClassPathBeanDefinitionScanner&amp#27;[0;39m ： Identified candidate component class: URL [jar:file:/D:/apache-maven-3.8.8-bin/apache-maven-3.8.8/repo/io/springfox/springfox-swagger-common/2.9.2/springfox-swagger-common-2.9.2.jar!/springfox/documentation/swagger/readers/operation/OperationHttpMethodReader.class]
2023-08-25 00:37:26.872 &amp#27;[33mDEBUG&amp#27;[0;39m [main] &amp#27;[1;35m.context.annotation.ClassPathBeanDefinitionScanner&amp#27;[0;39m ： Identified candidate component class: URL [jar:file:/D:/apache-maven-3.8.8-bin/apache-maven-3.8.8/repo/io/springfox/springfox-swagger-common/2.9.2/springfox-swagger-common-2.9.2.jar!/springfox/documentation/swagger/readers/operation/OperationImplicitParametersReader.class]
2023-08-25 00:37:26.873 &amp#27;[33mDEBUG&amp#27;[0;39m [main] &amp#27;[1;35m.context.annotation.ClassPathBeanDefinitionScanner&amp#27;[0;39m ： Identified candidate component class: URL [jar:file:/D:/apache-maven-3.8.8-bin/apache-maven-3.8.8/repo/io/springfox/springfox-swagger-common/2.9.2/springfox-swagger-common-2.9.2.jar!/springfox/documentation/swagger/readers/operation/OperationAuthReader.class]
2023-08-25 00:37:26.873 &amp#27;[33mDEBUG&amp#27;[0;39m [main] &amp#27;[1;35m.context.annotation.ClassPathBeanDefinitionScanner&amp#27;[0;39m ： Identified candidate component class: URL [jar:file:/D:/apache-maven-3.8.8-bin/apache-maven-3.8.8/repo/io/springfox/springfox-swagger-common/2.9.2/springfox-swagger-common-2.9.2.jar!/springfox/documentation/swagger/readers/operation/OperationHiddenReader.class]
2023-08-25 00:37:26.873 &amp#27;[33mDEBUG&amp#27;[0;39m [main] &amp#27;[1;35m.context.annotation.ClassPathBeanDefinitionScanner&amp#27;[0;39m ： Identified candidate component class: URL [jar:file:/D:/apache-maven-3.8.8-bin/apache-maven-3.8.8/repo/io/springfox/springfox-swagger-common/2.9.2/springfox-swagger-common-2.9.2.jar!/springfox/documentation/swagger/readers/operation/OperationSummaryReader.class]
2023-08-25 00:37:26.873 &amp#27;[33mDEBUG&amp#27;[0;39m [main] &amp#27;[1;35m.context.annotation.ClassPathBeanDefinitionScanner&amp#27;[0;39m ： Identified candidate component class: URL [jar:file:/D:/apache-maven-3.8.8-bin/apache-maven-3.8.8/repo/io/springfox/springfox-swagger-common/2.9.2/springfox-swagger-common-2.9.2.jar!/springfox/documentation/swagger/readers/operation/SwaggerResponseMessageReader.class]
2023-08-25 00:37:26.873 &amp#27;[33mDEBUG&amp#27;[0;39m [main] &amp#27;[1;35m.context.annotation.ClassPathBeanDefinitionScanner&amp#27;[0;39m ： Identified candidate component class: URL [jar:file:/D:/apache-maven-3.8.8-bin/apache-maven-3.8.8/repo/io/springfox/springfox-swagger-common/2.9.2/springfox-swagger-common-2.9.2.jar!/springfox/documentation/swagger/readers/operation/OperationNicknameIntoUniqueIdReader.class]
2023-08-25 00:37:26.873 &amp#27;[33mDEBUG&amp#27;[0;39m [main] &amp#27;[1;35m.context.annotation.ClassPathBeanDefinitionScanner&amp#27;[0;39m ： Identified candidate component class: URL [jar:file:/D:/apache-maven-3.8.8-bin/apache-maven-3.8.8/repo/io/springfox/springfox-swagger-common/2.9.2/springfox-swagger-common-2.9.2.jar!/springfox/documentation/swagger/readers/operation/OperationPositionReader.class]
2023-08-25 00:37:26.873 &amp#27;[33mDEBUG&amp#27;[0;39m [main] &amp#27;[1;35m.context.annotation.ClassPathBeanDefinitionScanner&amp#27;[0;39m ： Identified candidate component class: URL [jar:file:/D:/apache-maven-3.8.8-bin/apache-maven-3.8.8/repo/io/springfox/springfox-swagger-common/2.9.2/springfox-swagger-common-2.9.2.jar!/springfox/documentation/swagger/readers/operation/OperationNotesReader.class]
2023-08-25 00:37:26.874 &amp#27;[33mDEBUG&amp#27;[0;39m [main] &amp#27;[1;35m.context.annotation.ClassPathBeanDefinitionScanner&amp#27;[0;39m ： Identified candidate component class: URL [jar:file:/D:/apache-maven-3.8.8-bin/apache-maven-3.8.8/repo/io/springfox/springfox-swagger-common/2.9.2/springfox-swagger-common-2.9.2.jar!/springfox/documentation/swagger/readers/operation/SwaggerOperationTagsReader.class]
2023-08-25 00:37:26.874 &amp#27;[33mDEBUG&amp#27;[0;39m [main] &amp#27;[1;35m.context.annotation.ClassPathBeanDefinitionScanner&amp#27;[0;39m ： Identified candidate component class: URL [jar:file:/D:/apache-maven-3.8.8-bin/apache-maven-3.8.8/repo/io/springfox/springfox-swagger-common/2.9.2/springfox-swagger-common-2.9.2.jar!/springfox/documentation/swagger/readers/parameter/ApiParamParameterBuilder.class]
2023-08-25 00:37:26.874 &amp#27;[33mDEBUG&amp#27;[0;39m [main] &amp#27;[1;35m.context.annotation.ClassPathBeanDefinitionScanner&amp#27;[0;39m ： Identified candidate component class: URL [jar:file:/D:/apache-maven-3.8.8-bin/apache-maven-3.8.8/repo/io/springfox/springfox-swagger-common/2.9.2/springfox-swagger-common-2.9.2.jar!/springfox/documentation/swagger/readers/parameter/SwaggerExpandedParameterBuilder.class]
2023-08-25 00:37:26.878 &amp#27;[33mDEBUG&amp#27;[0;39m [main] &amp#27;[1;35m.context.annotation.ClassPathBeanDefinitionScanner&amp#27;[0;39m ： Identified candidate component class: URL [jar:file:/D:/apache-maven-3.8.8-bin/apache-maven-3.8.8/repo/io/springfox/springfox-swagger-common/2.9.2/springfox-swagger-common-2.9.2.jar!/springfox/documentation/swagger/web/SwaggerApiListingReader.class]
2023-08-25 00:37:26.881 &amp#27;[33mDEBUG&amp#27;[0;39m [main] &amp#27;[1;35m.context.annotation.ClassPathBeanDefinitionScanner&amp#27;[0;39m ： Identified candidate component class: URL [jar:file:/D:/apache-maven-3.8.8-bin/apache-maven-3.8.8/repo/io/springfox/springfox-swagger-common/2.9.2/springfox-swagger-common-2.9.2.jar!/springfox/documentation/swagger/web/ClassOrApiAnnotationResourceGrouping.class]
2023-08-25 00:37:26.881 &amp#27;[33mDEBUG&amp#27;[0;39m [main] &amp#27;[1;35m.context.annotation.ClassPathBeanDefinitionScanner&amp#27;[0;39m ： Identified candidate component class: URL [jar:file:/D:/apache-maven-3.8.8-bin/apache-maven-3.8.8/repo/io/springfox/springfox-swagger-common/2.9.2/springfox-swagger-common-2.9.2.jar!/springfox/documentation/swagger/web/InMemorySwaggerResourcesProvider.class]
2023-08-25 00:37:26.883 &amp#27;[33mDEBUG&amp#27;[0;39m [main] &amp#27;[1;35m.context.annotation.ClassPathBeanDefinitionScanner&amp#27;[0;39m ： Identified candidate component class: URL [jar:file:/D:/apache-maven-3.8.8-bin/apache-maven-3.8.8/repo/io/springfox/springfox-swagger-common/2.9.2/springfox-swagger-common-2.9.2.jar!/springfox/documentation/swagger/web/ApiResourceController.class]
2023-08-25 00:37:27.038 &amp#27;[33mDEBUG&amp#27;[0;39m [main] &amp#27;[1;35mframework.core.env.PropertySourcesPropertyResolver&amp#27;[0;39m ： Found key 'spring.datasource.druid.web-stat-filter.enabled' in PropertySource 'configurationProperties' with value of type Boolean
2023-08-25 00:37:27.048 &amp#27;[33mDEBUG&amp#27;[0;39m [main] &amp#27;[1;35mframework.core.env.PropertySourcesPropertyResolver&amp#27;[0;39m ： Found key 'spring.datasource.type' in PropertySource 'configurationProperties' with value of type String
2023-08-25 00:37:27.050 &amp#27;[33mDEBUG&amp#27;[0;39m [main] &amp#27;[1;35mframework.core.env.PropertySourcesPropertyResolver&amp#27;[0;39m ： Found key 'spring.datasource.type' in PropertySource 'configurationProperties' with value of type String
2023-08-25 00:37:27.051 &amp#27;[33mDEBUG&amp#27;[0;39m [main] &amp#27;[1;35mframework.core.env.PropertySourcesPropertyResolver&amp#27;[0;39m ： Found key 'spring.datasource.type' in PropertySource 'configurationProperties' with value of type String
2023-08-25 00:37:27.051 &amp#27;[33mDEBUG&amp#27;[0;39m [main] &amp#27;[1;35mframework.core.env.PropertySourcesPropertyResolver&amp#27;[0;39m ： Found key 'spring.jmx.enabled' in PropertySource 'configurationProperties' with value of type String
2023-08-25 00:37:27.052 &amp#27;[33mDEBUG&amp#27;[0;39m [main] &amp#27;[1;35mframework.core.env.PropertySourcesPropertyResolver&amp#27;[0;39m ： Found key 'spring.datasource.url' in PropertySource 'configurationProperties' with value of type String
2023-08-25 00:37:27.060 &amp#27;[33mDEBUG&amp#27;[0;39m [main] &amp#27;[1;35mframework.core.env.PropertySourcesPropertyResolver&amp#27;[0;39m ： Found key 'spring.jmx.enabled' in PropertySource 'configurationProperties' with value of type String
2023-08-25 00:37:27.177 &amp#27;[33mDEBUG&amp#27;[0;39m [main] &amp#27;[1;35mframework.core.env.PropertySourcesPropertyResolver&amp#27;[0;39m ： Found key 'spring.datasource.druid.web-stat-filter.enabled' in PropertySource 'configurationProperties' with value of type Boolean
2023-08-25 00:37:27.228 &amp#27;[33mINFO &amp#27;[0;39m [main] &amp#27;[1;35m.repository.config.RepositoryConfigurationDelegate&amp#27;[0;39m ： Multiple Spring Data modules found, entering strict repository configuration mode!
2023-08-25 00:37:27.230 &amp#27;[33mINFO &amp#27;[0;39m [main] &amp#27;[1;35m.repository.config.RepositoryConfigurationDelegate&amp#27;[0;39m ： Bootstrapping Spring Data Redis repositories in DEFAULT mode.
2023-08-25 00:37:27.237 &amp#27;[33mDEBUG&amp#27;[0;39m [main] &amp#27;[1;35mk.beans.factory.support.DefaultListableBeanFactory&amp#27;[0;39m ： Creating shared instance of singleton bean 'org.springframework.boot.autoconfigure.AutoConfigurationPackages'
2023-08-25 00:37:27.238 &amp#27;[33mDEBUG&amp#27;[0;39m [main] &amp#27;[1;35mework.boot.autoconfigure.AutoConfigurationPackages&amp#27;[0;39m ： @EnableAutoConfiguration was declared on a class in the package 'org.gpt.business'. Automatic @Repository and @Entity scanning is enabled.
2023-08-25 00:37:27.238 &amp#27;[33mDEBUG&amp#27;[0;39m [main] &amp#27;[1;35m.repository.config.RepositoryConfigurationDelegate&amp#27;[0;39m ： Scanning for Redis repositories in packages org.gpt.business.
2023-08-25 00:37:27.245 &amp#27;[33mINFO &amp#27;[0;39m [main] &amp#27;[1;35m.repository.config.RepositoryConfigurationDelegate&amp#27;[0;39m ： Finished Spring Data repository scanning in 5 ms. Found 0 Redis repository interfaces.
2023-08-25 00:37:27.316 &amp#27;[33mDEBUG&amp#27;[0;39m [main] &amp#27;[1;35mk.beans.factory.support.DefaultListableBeanFactory&amp#27;[0;39m ： Creating shared instance of singleton bean 'org.gpt.business.BusinessGptApplication#MapperScannerRegistrar#0'
2023-08-25 00:37:27.323 &amp#27;[33mDEBUG&amp#27;[0;39m [main] &amp#27;[1;35mk.beans.factory.support.DefaultListableBeanFactory&amp#27;[0;39m ： Creating shared instance of singleton bean 'propertySourcesPlaceholderConfigurer'
2023-08-25 00:37:27.331 &amp#27;[33mDEBUG&amp#27;[0;39m [main] &amp#27;[1;35morg.apache.ibatis.logging.LogFactory              &amp#27;[0;39m ： Logging initialized using 'class org.apache.ibatis.logging.slf4j.Slf4jImpl' adapter.
2023-08-25 00:37:27.332 &amp#27;[33mDEBUG&amp#27;[0;39m [main] &amp#27;[1;35morg.mybatis.spring.mapper.ClassPathMapperScanner  &amp#27;[0;39m ： Identified candidate component class: file [D:\code\java\business_gpt\target\classes\org\gpt\business\dao\BusinessImgRecordMapper.class]
2023-08-25 00:37:27.332 &amp#27;[33mDEBUG&amp#27;[0;39m [main] &amp#27;[1;35morg.mybatis.spring.mapper.ClassPathMapperScanner  &amp#27;[0;39m ： Identified candidate component class: file [D:\code\java\business_gpt\target\classes\org\gpt\business\dao\ClothModelMapper.class]
2023-08-25 00:37:27.333 &amp#27;[33mDEBUG&amp#27;[0;39m [main] &amp#27;[1;35morg.mybatis.spring.mapper.ClassPathMapperScanner  &amp#27;[0;39m ： Identified candidate component class: file [D:\code\java\business_gpt\target\classes\org\gpt\business\dao\PersonModelMapper.class]
2023-08-25 00:37:27.333 &amp#27;[33mDEBUG&amp#27;[0;39m [main] &amp#27;[1;35morg.mybatis.spring.mapper.ClassPathMapperScanner  &amp#27;[0;39m ： Creating MapperFactoryBean with name 'businessImgRecordMapper' and 'org.gpt.business.dao.BusinessImgRecordMapper' mapperInterface
2023-08-25 00:37:27.334 &amp#27;[33mDEBUG&amp#27;[0;39m [main] &amp#27;[1;35morg.mybatis.spring.mapper.ClassPathMapperScanner  &amp#27;[0;39m ： Enabling autowire by type for MapperFactoryBean with name 'businessImgRecordMapper'.
2023-08-25 00:37:27.334 &amp#27;[33mDEBUG&amp#27;[0;39m [main] &amp#27;[1;35morg.mybatis.spring.mapper.ClassPathMapperScanner  &amp#27;[0;39m ： Creating MapperFactoryBean with name 'clothModelMapper' and 'org.gpt.business.dao.ClothModelMapper' mapperInterface
2023-08-25 00:37:27.334 &amp#27;[33mDEBUG&amp#27;[0;39m [main] &amp#27;[1;35morg.mybatis.spring.mapper.ClassPathMapperScanner  &amp#27;[0;39m ： Enabling autowire by type for MapperFactoryBean with name 'clothModelMapper'.
2023-08-25 00:37:27.334 &amp#27;[33mDEBUG&amp#27;[0;39m [main] &amp#27;[1;35morg.mybatis.spring.mapper.ClassPathMapperScanner  &amp#27;[0;39m ： Creating MapperFactoryBean with name 'personModelMapper' and 'org.gpt.business.dao.PersonModelMapper' mapperInterface
2023-08-25 00:37:27.334 &amp#27;[33mDEBUG&amp#27;[0;39m [main] &amp#27;[1;35morg.mybatis.spring.mapper.ClassPathMapperScanner  &amp#27;[0;39m ： Enabling autowire by type for MapperFactoryBean with name 'personModelMapper'.
2023-08-25 00:37:27.415 &amp#27;[33mDEBUG&amp#27;[0;39m [main] &amp#27;[1;35mk.beans.factory.support.DefaultListableBeanFactory&amp#27;[0;39m ： Creating shared instance of singleton bean 'org.springframework.boot.test.mock.mockito.MockitoPostProcessor'
2023-08-25 00:37:27.476 &amp#27;[33mDEBUG&amp#27;[0;39m [main] &amp#27;[1;35mk.beans.factory.support.DefaultListableBeanFactory&amp#27;[0;39m ： Creating shared instance of singleton bean 'org.springframework.context.event.internalEventListenerProcessor'
2023-08-25 00:37:27.477 &amp#27;[33mDEBUG&amp#27;[0;39m [main] &amp#27;[1;35mk.beans.factory.support.DefaultListableBeanFactory&amp#27;[0;39m ： Creating shared instance of singleton bean 'preserveErrorControllerTargetClassPostProcessor'
2023-08-25 00:37:27.478 &amp#27;[33mDEBUG&amp#27;[0;39m [main] &amp#27;[1;35mk.beans.factory.support.DefaultListableBeanFactory&amp#27;[0;39m ： Creating shared instance of singleton bean 'org.springframework.context.event.internalEventListenerFactory'
2023-08-25 00:37:27.478 &amp#27;[33mDEBUG&amp#27;[0;39m [main] &amp#27;[1;35mk.beans.factory.support.DefaultListableBeanFactory&amp#27;[0;39m ： Creating shared instance of singleton bean 'org.springframework.transaction.config.internalTransactionalEventListenerFactory'
2023-08-25 00:37:27.482 &amp#27;[33mDEBUG&amp#27;[0;39m [main] &amp#27;[1;35mk.beans.factory.support.DefaultListableBeanFactory&amp#27;[0;39m ： Creating shared instance of singleton bean 'org.springframework.boot.test.mock.mockito.MockitoPostProcessor$SpyPostProcessor'
2023-08-25 00:37:27.483 &amp#27;[33mDEBUG&amp#27;[0;39m [main] &amp#27;[1;35mk.beans.factory.support.DefaultListableBeanFactory&amp#27;[0;39m ： Creating shared instance of singleton bean 'org.springframework.context.annotation.internalAutowiredAnnotationProcessor'
2023-08-25 00:37:27.485 &amp#27;[33mDEBUG&amp#27;[0;39m [main] &amp#27;[1;35mk.beans.factory.support.DefaultListableBeanFactory&amp#27;[0;39m ： Creating shared instance of singleton bean 'org.springframework.context.annotation.internalCommonAnnotationProcessor'
2023-08-25 00:37:27.488 &amp#27;[33mDEBUG&amp#27;[0;39m [main] &amp#27;[1;35mk.beans.factory.support.DefaultListableBeanFactory&amp#27;[0;39m ： Creating shared instance of singleton bean 'org.springframework.boot.context.properties.ConfigurationPropertiesBindingPostProcessor'
2023-08-25 00:37:27.488 &amp#27;[33mDEBUG&amp#27;[0;39m [main] &amp#27;[1;35mk.beans.factory.support.DefaultListableBeanFactory&amp#27;[0;39m ： Creating shared instance of singleton bean 'org.springframework.boot.context.internalConfigurationPropertiesBinder'
2023-08-25 00:37:27.488 &amp#27;[33mDEBUG&amp#27;[0;39m [main] &amp#27;[1;35mk.beans.factory.support.DefaultListableBeanFactory&amp#27;[0;39m ： Creating shared instance of singleton bean 'org.springframework.boot.context.internalConfigurationPropertiesBinderFactory'
2023-08-25 00:37:27.491 &amp#27;[33mDEBUG&amp#27;[0;39m [main] &amp#27;[1;35mk.beans.factory.support.DefaultListableBeanFactory&amp#27;[0;39m ： Creating shared instance of singleton bean 'org.springframework.aop.config.internalAutoProxyCreator'
2023-08-25 00:37:27.521 &amp#27;[33mDEBUG&amp#27;[0;39m [main] &amp#27;[1;35mk.beans.factory.support.DefaultListableBeanFactory&amp#27;[0;39m ： Creating shared instance of singleton bean 'dataSourceInitializerPostProcessor'
2023-08-25 00:37:27.525 &amp#27;[33mDEBUG&amp#27;[0;39m [main] &amp#27;[1;35mk.beans.factory.support.DefaultListableBeanFactory&amp#27;[0;39m ： Creating shared instance of singleton bean 'persistenceExceptionTranslationPostProcessor'
2023-08-25 00:37:27.532 &amp#27;[33mDEBUG&amp#27;[0;39m [main] &amp#27;[1;35mk.beans.factory.support.DefaultListableBeanFactory&amp#27;[0;39m ： Autowiring by type from bean name 'persistenceExceptionTranslationPostProcessor' via factory method to bean named 'environment'
2023-08-25 00:37:27.548 &amp#27;[33mDEBUG&amp#27;[0;39m [main] &amp#27;[1;35mk.beans.factory.support.DefaultListableBeanFactory&amp#27;[0;39m ： Creating shared instance of singleton bean 'objectMapperConfigurer'
2023-08-25 00:37:27.549 &amp#27;[33mDEBUG&amp#27;[0;39m [main] &amp#27;[1;35mk.beans.factory.support.DefaultListableBeanFactory&amp#27;[0;39m ： Creating shared instance of singleton bean 'org.springframework.cache.config.internalCacheAdvisor'
2023-08-25 00:37:27.549 &amp#27;[33mDEBUG&amp#27;[0;39m [main] &amp#27;[1;35mk.beans.factory.support.DefaultListableBeanFactory&amp#27;[0;39m ： Creating shared instance of singleton bean 'org.springframework.cache.annotation.ProxyCachingConfiguration'
2023-08-25 00:37:27.550 &amp#27;[33mDEBUG&amp#27;[0;39m [main] &amp#27;[1;35mk.beans.factory.support.DefaultListableBeanFactory&amp#27;[0;39m ： Creating shared instance of singleton bean 'org.springframework.transaction.config.internalTransactionAdvisor'
2023-08-25 00:37:27.550 &amp#27;[33mDEBUG&amp#27;[0;39m [main] &amp#27;[1;35mk.beans.factory.support.DefaultListableBeanFactory&amp#27;[0;39m ： Creating shared instance of singleton bean 'org.springframework.transaction.annotation.ProxyTransactionManagementConfiguration'
2023-08-25 00:37:27.563 &amp#27;[33mDEBUG&amp#27;[0;39m [main] &amp#27;[1;35maspectj.annotation.ReflectiveAspectJAdvisorFactory&amp#27;[0;39m ： Found AspectJ method: public void org.gpt.business.aop.LogAspect.beforeMethod(org.aspectj.lang.JoinPoint,javax.servlet.http.HttpServletRequest) throws java.lang.Exception
2023-08-25 00:37:27.569 &amp#27;[33mDEBUG&amp#27;[0;39m [main] &amp#27;[1;35maspectj.annotation.ReflectiveAspectJAdvisorFactory&amp#27;[0;39m ： Found AspectJ method: public void org.gpt.business.aop.LogAspect.afterThrowing(org.aspectj.lang.JoinPoint,java.lang.Throwable)
2023-08-25 00:37:27.749 &amp#27;[33mDEBUG&amp#27;[0;39m [main] &amp#27;[1;35mk.beans.factory.support.DefaultListableBeanFactory&amp#27;[0;39m ： Creating shared instance of singleton bean 'transactionAttributeSource'
2023-08-25 00:37:27.763 &amp#27;[33mDEBUG&amp#27;[0;39m [main] &amp#27;[1;35mk.beans.factory.support.DefaultListableBeanFactory&amp#27;[0;39m ： Creating shared instance of singleton bean 'transactionInterceptor'
2023-08-25 00:37:27.763 &amp#27;[33mDEBUG&amp#27;[0;39m [main] &amp#27;[1;35mk.beans.factory.support.DefaultListableBeanFactory&amp#27;[0;39m ： Autowiring by type from bean name 'transactionInterceptor' via factory method to bean named 'transactionAttributeSource'
2023-08-25 00:37:27.867 &amp#27;[33mDEBUG&amp#27;[0;39m [main] &amp#27;[1;35mk.beans.factory.support.DefaultListableBeanFactory&amp#27;[0;39m ： Autowiring by type from bean name 'org.springframework.transaction.config.internalTransactionAdvisor' via factory method to bean named 'transactionAttributeSource'
2023-08-25 00:37:27.867 &amp#27;[33mDEBUG&amp#27;[0;39m [main] &amp#27;[1;35mk.beans.factory.support.DefaultListableBeanFactory&amp#27;[0;39m ： Autowiring by type from bean name 'org.springframework.transaction.config.internalTransactionAdvisor' via factory method to bean named 'transactionInterceptor'
2023-08-25 00:37:27.877 &amp#27;[33mDEBUG&amp#27;[0;39m [main] &amp#27;[1;35mk.beans.factory.support.DefaultListableBeanFactory&amp#27;[0;39m ： Creating shared instance of singleton bean 'cacheOperationSource'
2023-08-25 00:37:27.884 &amp#27;[33mDEBUG&amp#27;[0;39m [main] &amp#27;[1;35mk.beans.factory.support.DefaultListableBeanFactory&amp#27;[0;39m ： Creating shared instance of singleton bean 'cacheInterceptor'
2023-08-25 00:37:27.885 &amp#27;[33mDEBUG&amp#27;[0;39m [main] &amp#27;[1;35mk.beans.factory.support.DefaultListableBeanFactory&amp#27;[0;39m ： Autowiring by type from bean name 'cacheInterceptor' via factory method to bean named 'cacheOperationSource'
2023-08-25 00:37:27.893 &amp#27;[33mDEBUG&amp#27;[0;39m [main] &amp#27;[1;35mk.beans.factory.support.DefaultListableBeanFactory&amp#27;[0;39m ： Autowiring by type from bean name 'org.springframework.cache.config.internalCacheAdvisor' via factory method to bean named 'cacheOperationSource'
2023-08-25 00:37:27.893 &amp#27;[33mDEBUG&amp#27;[0;39m [main] &amp#27;[1;35mk.beans.factory.support.DefaultListableBeanFactory&amp#27;[0;39m ： Autowiring by type from bean name 'org.springframework.cache.config.internalCacheAdvisor' via factory method to bean named 'cacheInterceptor'
2023-08-25 00:37:27.900 &amp#27;[33mDEBUG&amp#27;[0;39m [main] &amp#27;[1;35mk.beans.factory.support.DefaultListableBeanFactory&amp#27;[0;39m ： Creating shared instance of singleton bean 'webServerFactoryCustomizerBeanPostProcessor'
2023-08-25 00:37:27.902 &amp#27;[33mDEBUG&amp#27;[0;39m [main] &amp#27;[1;35mk.beans.factory.support.DefaultListableBeanFactory&amp#27;[0;39m ： Creating shared instance of singleton bean 'errorPageRegistrarBeanPostProcessor'
2023-08-25 00:37:27.904 &amp#27;[33mDEBUG&amp#27;[0;39m [main] &amp#27;[1;35mk.beans.factory.support.DefaultListableBeanFactory&amp#27;[0;39m ： Creating shared instance of singleton bean 'projectingArgumentResolverBeanPostProcessor'
2023-08-25 00:37:27.918 &amp#27;[33mDEBUG&amp#27;[0;39m [main] &amp#27;[1;35mework.ui.context.support.UiApplicationContextUtils&amp#27;[0;39m ： Unable to locate ThemeSource with name 'themeSource': using default [org.springframework.ui.context.support.ResourceBundleThemeSource@760487aa]
2023-08-25 00:37:27.919 &amp#27;[33mDEBUG&amp#27;[0;39m [main] &amp#27;[1;35mk.beans.factory.support.DefaultListableBeanFactory&amp#27;[0;39m ： Creating shared instance of singleton bean 'businessGptApplication'
2023-08-25 00:37:27.928 &amp#27;[33mDEBUG&amp#27;[0;39m [main] &amp#27;[1;35mk.beans.factory.support.DefaultListableBeanFactory&amp#27;[0;39m ： Creating shared instance of singleton bean 'commonExceptionHandler'
2023-08-25 00:37:27.931 &amp#27;[33mDEBUG&amp#27;[0;39m [main] &amp#27;[1;35mk.beans.factory.support.DefaultListableBeanFactory&amp#27;[0;39m ： Creating shared instance of singleton bean 'logAspect'
2023-08-25 00:37:27.932 &amp#27;[33mDEBUG&amp#27;[0;39m [main] &amp#27;[1;35mk.beans.factory.support.DefaultListableBeanFactory&amp#27;[0;39m ： Creating shared instance of singleton bean 'druidConfig'
2023-08-25 00:37:27.935 &amp#27;[33mDEBUG&amp#27;[0;39m [main] &amp#27;[1;35mk.beans.factory.support.DefaultListableBeanFactory&amp#27;[0;39m ： Creating shared instance of singleton bean 'OSSConfig'
2023-08-25 00:37:27.938 &amp#27;[33mDEBUG&amp#27;[0;39m [main] &amp#27;[1;35mframework.core.env.PropertySourcesPropertyResolver&amp#27;[0;39m ： Found key 'oss.ossenable' in PropertySource 'configurationProperties' with value of type Boolean
2023-08-25 00:37:27.938 &amp#27;[33mDEBUG&amp#27;[0;39m [main] &amp#27;[1;35mframework.core.env.PropertySourcesPropertyResolver&amp#27;[0;39m ： Found key 'oss.ossenable' in PropertySource 'environmentProperties' with value of type String
2023-08-25 00:37:27.938 &amp#27;[33mDEBUG&amp#27;[0;39m [main] &amp#27;[1;35mframework.core.env.PropertySourcesPropertyResolver&amp#27;[0;39m ： Found key 'oss.endpoint' in PropertySource 'configurationProperties' with value of type String
2023-08-25 00:37:27.938 &amp#27;[33mDEBUG&amp#27;[0;39m [main] &amp#27;[1;35mframework.core.env.PropertySourcesPropertyResolver&amp#27;[0;39m ： Found key 'oss.endpoint' in PropertySource 'environmentProperties' with value of type String
2023-08-25 00:37:27.938 &amp#27;[33mDEBUG&amp#27;[0;39m [main] &amp#27;[1;35mframework.core.env.PropertySourcesPropertyResolver&amp#27;[0;39m ： Found key 'oss.keyid' in PropertySource 'configurationProperties' with value of type String
2023-08-25 00:37:27.939 &amp#27;[33mDEBUG&amp#27;[0;39m [main] &amp#27;[1;35mframework.core.env.PropertySourcesPropertyResolver&amp#27;[0;39m ： Found key 'oss.keyid' in PropertySource 'environmentProperties' with value of type String
2023-08-25 00:37:27.939 &amp#27;[33mDEBUG&amp#27;[0;39m [main] &amp#27;[1;35mframework.core.env.PropertySourcesPropertyResolver&amp#27;[0;39m ： Found key 'oss.bucketname' in PropertySource 'configurationProperties' with value of type String
2023-08-25 00:37:27.939 &amp#27;[33mDEBUG&amp#27;[0;39m [main] &amp#27;[1;35mframework.core.env.PropertySourcesPropertyResolver&amp#27;[0;39m ： Found key 'oss.bucketname' in PropertySource 'environmentProperties' with value of type String
2023-08-25 00:37:27.939 &amp#27;[33mDEBUG&amp#27;[0;39m [main] &amp#27;[1;35mframework.core.env.PropertySourcesPropertyResolver&amp#27;[0;39m ： Found key 'oss.keysecret' in PropertySource 'configurationProperties' with value of type String
2023-08-25 00:37:27.939 &amp#27;[33mDEBUG&amp#27;[0;39m [main] &amp#27;[1;35mframework.core.env.PropertySourcesPropertyResolver&amp#27;[0;39m ： Found key 'oss.keysecret' in PropertySource 'environmentProperties' with value of type String
2023-08-25 00:37:27.941 &amp#27;[33mDEBUG&amp#27;[0;39m [main] &amp#27;[1;35mframework.core.env.PropertySourcesPropertyResolver&amp#27;[0;39m ： Found key 'oss.filepath' in PropertySource 'configurationProperties' with value of type String
2023-08-25 00:37:27.941 &amp#27;[33mDEBUG&amp#27;[0;39m [main] &amp#27;[1;35mframework.core.env.PropertySourcesPropertyResolver&amp#27;[0;39m ： Found key 'oss.filepath' in PropertySource 'environmentProperties' with value of type String
2023-08-25 00:37:27.944 &amp#27;[33mDEBUG&amp#27;[0;39m [main] &amp#27;[1;35mk.beans.factory.support.DefaultListableBeanFactory&amp#27;[0;39m ： Creating shared instance of singleton bean 'okHttpsConfig'
2023-08-25 00:37:27.946 &amp#27;[33mDEBUG&amp#27;[0;39m [main] &amp#27;[1;35mframework.core.env.PropertySourcesPropertyResolver&amp#27;[0;39m ： Found key 'http.url' in PropertySource 'configurationProperties' with value of type String
2023-08-25 00:37:27.946 &amp#27;[33mDEBUG&amp#27;[0;39m [main] &amp#27;[1;35mframework.core.env.PropertySourcesPropertyResolver&amp#27;[0;39m ： Found key 'http.url' in PropertySource 'environmentProperties' with value of type String
2023-08-25 00:37:27.948 &amp#27;[33mDEBUG&amp#27;[0;39m [main] &amp#27;[1;35mk.beans.factory.support.DefaultListableBeanFactory&amp#27;[0;39m ： Creating shared instance of singleton bean 'redisConfig'
2023-08-25 00:37:27.954 &amp#27;[33mDEBUG&amp#27;[0;39m [main] &amp#27;[1;35mk.beans.factory.support.DefaultListableBeanFactory&amp#27;[0;39m ： Creating shared instance of singleton bean 'swaggerConfig'
2023-08-25 00:37:27.956 &amp#27;[33mDEBUG&amp#27;[0;39m [main] &amp#27;[1;35mk.beans.factory.support.DefaultListableBeanFactory&amp#27;[0;39m ： Creating shared instance of singleton bean 'responseControllerAdvice'
2023-08-25 00:37:27.974 &amp#27;[33mDEBUG&amp#27;[0;39m [main] &amp#27;[1;35mk.beans.factory.support.DefaultListableBeanFactory&amp#27;[0;39m ： Creating shared instance of singleton bean 'txtCreateImageControllor'
2023-08-25 00:37:27.979 &amp#27;[33mDEBUG&amp#27;[0;39m [main] &amp#27;[1;35mk.beans.factory.support.DefaultListableBeanFactory&amp#27;[0;39m ： Creating shared instance of singleton bean 'txtCreateImageService'
2023-08-25 00:37:27.983 &amp#27;[33mDEBUG&amp#27;[0;39m [main] &amp#27;[1;35mk.beans.factory.support.DefaultListableBeanFactory&amp#27;[0;39m ： Creating shared instance of singleton bean 'businessImgRecordMapper'
2023-08-25 00:37:27.987 &amp#27;[33mDEBUG&amp#27;[0;39m [main] &amp#27;[1;35mk.beans.factory.support.DefaultListableBeanFactory&amp#27;[0;39m ： Creating shared instance of singleton bean 'sqlSessionFactory'
2023-08-25 00:37:27.987 &amp#27;[33mDEBUG&amp#27;[0;39m [main] &amp#27;[1;35mk.beans.factory.support.DefaultListableBeanFactory&amp#27;[0;39m ： Creating shared instance of singleton bean 'org.mybatis.spring.boot.autoconfigure.MybatisAutoConfiguration'
2023-08-25 00:37:27.988 &amp#27;[33mDEBUG&amp#27;[0;39m [main] &amp#27;[1;35mork.core.LocalVariableTableParameterNameDiscoverer&amp#27;[0;39m ： Cannot find '.class' file for class [class org.mybatis.spring.boot.autoconfigure.MybatisAutoConfiguration$$EnhancerBySpringCGLIB$$8a73aeba] - unable to determine constructor/method parameter names
2023-08-25 00:37:27.989 &amp#27;[33mDEBUG&amp#27;[0;39m [main] &amp#27;[1;35mk.beans.factory.support.DefaultListableBeanFactory&amp#27;[0;39m ： Creating shared instance of singleton bean 'mybatis-org.mybatis.spring.boot.autoconfigure.MybatisProperties'
2023-08-25 00:37:27.992 &amp#27;[33mDEBUG&amp#27;[0;39m [main] &amp#27;[1;35mk.beans.factory.support.DefaultListableBeanFactory&amp#27;[0;39m ： Creating shared instance of singleton bean 'org.springframework.boot.context.properties.BoundConfigurationProperties'
2023-08-25 00:37:28.043 &amp#27;[33mDEBUG&amp#27;[0;39m [main] &amp#27;[1;35mk.beans.factory.support.DefaultListableBeanFactory&amp#27;[0;39m ： Autowiring by type from bean name 'org.mybatis.spring.boot.autoconfigure.MybatisAutoConfiguration' via constructor to bean named 'mybatis-org.mybatis.spring.boot.autoconfigure.MybatisProperties'
2023-08-25 00:37:28.043 &amp#27;[33mDEBUG&amp#27;[0;39m [main] &amp#27;[1;35mk.beans.factory.support.DefaultListableBeanFactory&amp#27;[0;39m ： Autowiring by type from bean name 'org.mybatis.spring.boot.autoconfigure.MybatisAutoConfiguration' via constructor to bean named 'org.springframework.web.context.support.GenericWebApplicationContext@654d8173'
2023-08-25 00:37:28.051 &amp#27;[33mDEBUG&amp#27;[0;39m [main] &amp#27;[1;35mk.beans.factory.support.DefaultListableBeanFactory&amp#27;[0;39m ： Creating shared instance of singleton bean 'druidDataSource'
2023-08-25 00:37:28.209 &amp#27;[33mDEBUG&amp#27;[0;39m [main] &amp#27;[1;35mk.beans.factory.support.DefaultListableBeanFactory&amp#27;[0;39m ： Creating shared instance of singleton bean 'org.springframework.boot.autoconfigure.jdbc.DataSourceInitializerInvoker'
2023-08-25 00:37:28.212 &amp#27;[33mDEBUG&amp#27;[0;39m [main] &amp#27;[1;35mk.beans.factory.support.DefaultListableBeanFactory&amp#27;[0;39m ： Creating shared instance of singleton bean 'spring.datasource-org.springframework.boot.autoconfigure.jdbc.DataSourceProperties'
2023-08-25 00:37:28.238 &amp#27;[33mDEBUG&amp#27;[0;39m [main] &amp#27;[1;35mk.beans.factory.support.DefaultListableBeanFactory&amp#27;[0;39m ： Autowiring by type from bean name 'org.springframework.boot.autoconfigure.jdbc.DataSourceInitializerInvoker' via constructor to bean named 'spring.datasource-org.springframework.boot.autoconfigure.jdbc.DataSourceProperties'
2023-08-25 00:37:28.238 &amp#27;[33mDEBUG&amp#27;[0;39m [main] &amp#27;[1;35mk.beans.factory.support.DefaultListableBeanFactory&amp#27;[0;39m ： Autowiring by type from bean name 'org.springframework.boot.autoconfigure.jdbc.DataSourceInitializerInvoker' via constructor to bean named 'org.springframework.web.context.support.GenericWebApplicationContext@654d8173'
2023-08-25 00:37:28.254 &amp#27;[33mDEBUG&amp#27;[0;39m [main] &amp#27;[1;35mk.beans.factory.support.DefaultListableBeanFactory&amp#27;[0;39m ： Autowiring by type from bean name 'sqlSessionFactory' via factory method to bean named 'druidDataSource'
2023-08-25 00:37:28.429 &amp#27;[33mDEBUG&amp#27;[0;39m [main] &amp#27;[1;35morg.mybatis.spring.SqlSessionFactoryBean          &amp#27;[0;39m ： Parsed mapper file: 'file [D:\code\java\business_gpt\target\classes\mapper\BusinessImgRecordMapper.xml]'
2023-08-25 00:37:28.443 &amp#27;[33mDEBUG&amp#27;[0;39m [main] &amp#27;[1;35morg.mybatis.spring.SqlSessionFactoryBean          &amp#27;[0;39m ： Parsed mapper file: 'file [D:\code\java\business_gpt\target\classes\mapper\ClothModelMapper.xml]'
2023-08-25 00:37:28.454 &amp#27;[33mDEBUG&amp#27;[0;39m [main] &amp#27;[1;35morg.mybatis.spring.SqlSessionFactoryBean          &amp#27;[0;39m ： Parsed mapper file: 'file [D:\code\java\business_gpt\target\classes\mapper\PersonModelMapper.xml]'
2023-08-25 00:37:28.461 &amp#27;[33mDEBUG&amp#27;[0;39m [main] &amp#27;[1;35mk.beans.factory.support.DefaultListableBeanFactory&amp#27;[0;39m ： Creating shared instance of singleton bean 'sqlSessionTemplate'
2023-08-25 00:37:28.461 &amp#27;[33mDEBUG&amp#27;[0;39m [main] &amp#27;[1;35mk.beans.factory.support.DefaultListableBeanFactory&amp#27;[0;39m ： Autowiring by type from bean name 'sqlSessionTemplate' via factory method to bean named 'sqlSessionFactory'
2023-08-25 00:37:28.485 &amp#27;[33mDEBUG&amp#27;[0;39m [main] &amp#27;[1;35mk.beans.factory.support.DefaultListableBeanFactory&amp#27;[0;39m ： Creating shared instance of singleton bean 'clothModelMapper'
2023-08-25 00:37:28.490 &amp#27;[33mDEBUG&amp#27;[0;39m [main] &amp#27;[1;35mk.beans.factory.support.DefaultListableBeanFactory&amp#27;[0;39m ： Creating shared instance of singleton bean 'personModelMapper'
2023-08-25 00:37:28.494 &amp#27;[33mDEBUG&amp#27;[0;39m [main] &amp#27;[1;35mk.beans.factory.support.DefaultListableBeanFactory&amp#27;[0;39m ： Creating shared instance of singleton bean 'cosUtil'
2023-08-25 00:37:28.500 &amp#27;[33mDEBUG&amp#27;[0;39m [main] &amp#27;[1;35mframework.core.env.PropertySourcesPropertyResolver&amp#27;[0;39m ： Found key 'oss.endpoint' in PropertySource 'configurationProperties' with value of type String
2023-08-25 00:37:28.500 &amp#27;[33mDEBUG&amp#27;[0;39m [main] &amp#27;[1;35mframework.core.env.PropertySourcesPropertyResolver&amp#27;[0;39m ： Found key 'oss.endpoint' in PropertySource 'environmentProperties' with value of type String
2023-08-25 00:37:28.500 &amp#27;[33mDEBUG&amp#27;[0;39m [main] &amp#27;[1;35mframework.core.env.PropertySourcesPropertyResolver&amp#27;[0;39m ： Found key 'oss.keyid' in PropertySource 'configurationProperties' with value of type String
2023-08-25 00:37:28.500 &amp#27;[33mDEBUG&amp#27;[0;39m [main] &amp#27;[1;35mframework.core.env.PropertySourcesPropertyResolver&amp#27;[0;39m ： Found key 'oss.keyid' in PropertySource 'environmentProperties' with value of type String
2023-08-25 00:37:28.501 &amp#27;[33mDEBUG&amp#27;[0;39m [main] &amp#27;[1;35mframework.core.env.PropertySourcesPropertyResolver&amp#27;[0;39m ： Found key 'oss.bucketname' in PropertySource 'configurationProperties' with value of type String
2023-08-25 00:37:28.501 &amp#27;[33mDEBUG&amp#27;[0;39m [main] &amp#27;[1;35mframework.core.env.PropertySourcesPropertyResolver&amp#27;[0;39m ： Found key 'oss.bucketname' in PropertySource 'environmentProperties' with value of type String
2023-08-25 00:37:28.501 &amp#27;[33mDEBUG&amp#27;[0;39m [main] &amp#27;[1;35mframework.core.env.PropertySourcesPropertyResolver&amp#27;[0;39m ： Found key 'oss.keysecret' in PropertySource 'configurationProperties' with value of type String
2023-08-25 00:37:28.501 &amp#27;[33mDEBUG&amp#27;[0;39m [main] &amp#27;[1;35mframework.core.env.PropertySourcesPropertyResolver&amp#27;[0;39m ： Found key 'oss.keysecret' in PropertySource 'environmentProperties' with value of type String
2023-08-25 00:37:28.501 &amp#27;[33mDEBUG&amp#27;[0;39m [main] &amp#27;[1;35mframework.core.env.PropertySourcesPropertyResolver&amp#27;[0;39m ： Found key 'oss.filepath' in PropertySource 'configurationProperties' with value of type String
2023-08-25 00:37:28.501 &amp#27;[33mDEBUG&amp#27;[0;39m [main] &amp#27;[1;35mframework.core.env.PropertySourcesPropertyResolver&amp#27;[0;39m ： Found key 'oss.filepath' in PropertySource 'environmentProperties' with value of type String
2023-08-25 00:37:28.502 &amp#27;[33mDEBUG&amp#27;[0;39m [main] &amp#27;[1;35mk.beans.factory.support.DefaultListableBeanFactory&amp#27;[0;39m ： Creating shared instance of singleton bean 'authV4Util'
2023-08-25 00:37:28.504 &amp#27;[33mDEBUG&amp#27;[0;39m [main] &amp#27;[1;35mframework.core.env.PropertySourcesPropertyResolver&amp#27;[0;39m ： Found key 'youdao.applycation_id' in PropertySource 'Config resource 'class path resource [application.yml]' via location 'optional:classpath:/'' with value of type String
2023-08-25 00:37:28.504 &amp#27;[33mDEBUG&amp#27;[0;39m [main] &amp#27;[1;35mframework.core.env.PropertySourcesPropertyResolver&amp#27;[0;39m ： Found key 'youdao.applycation_id' in PropertySource 'environmentProperties' with value of type String
2023-08-25 00:37:28.504 &amp#27;[33mDEBUG&amp#27;[0;39m [main] &amp#27;[1;35mframework.core.env.PropertySourcesPropertyResolver&amp#27;[0;39m ： Found key 'youdao.applycation_secret' in PropertySource 'Config resource 'class path resource [application.yml]' via location 'optional:classpath:/'' with value of type String
2023-08-25 00:37:28.504 &amp#27;[33mDEBUG&amp#27;[0;39m [main] &amp#27;[1;35mframework.core.env.PropertySourcesPropertyResolver&amp#27;[0;39m ： Found key 'youdao.applycation_secret' in PropertySource 'environmentProperties' with value of type String
2023-08-25 00:37:28.505 &amp#27;[33mDEBUG&amp#27;[0;39m [main] &amp#27;[1;35mframework.core.env.PropertySourcesPropertyResolver&amp#27;[0;39m ： Found key 'youdao.api_url' in PropertySource 'Config resource 'class path resource [application.yml]' via location 'optional:classpath:/'' with value of type String
2023-08-25 00:37:28.505 &amp#27;[33mDEBUG&amp#27;[0;39m [main] &amp#27;[1;35mframework.core.env.PropertySourcesPropertyResolver&amp#27;[0;39m ： Found key 'youdao.api_url' in PropertySource 'environmentProperties' with value of type String
2023-08-25 00:37:28.506 &amp#27;[33mDEBUG&amp#27;[0;39m [main] &amp#27;[1;35mframework.core.env.PropertySourcesPropertyResolver&amp#27;[0;39m ： Found key 'server.localfile' in PropertySource 'configurationProperties' with value of type String
2023-08-25 00:37:28.507 &amp#27;[33mDEBUG&amp#27;[0;39m [main] &amp#27;[1;35mframework.core.env.PropertySourcesPropertyResolver&amp#27;[0;39m ： Found key 'server.localfile' in PropertySource 'environmentProperties' with value of type String
2023-08-25 00:37:28.507 &amp#27;[33mDEBUG&amp#27;[0;39m [main] &amp#27;[1;35mframework.core.env.PropertySourcesPropertyResolver&amp#27;[0;39m ： Found key 'oss.ossenable' in PropertySource 'configurationProperties' with value of type Boolean
2023-08-25 00:37:28.507 &amp#27;[33mDEBUG&amp#27;[0;39m [main] &amp#27;[1;35mframework.core.env.PropertySourcesPropertyResolver&amp#27;[0;39m ： Found key 'oss.ossenable' in PropertySource 'environmentProperties' with value of type String
2023-08-25 00:37:28.517 &amp#27;[33mDEBUG&amp#27;[0;39m [main] &amp#27;[1;35mk.beans.factory.support.DefaultListableBeanFactory&amp#27;[0;39m ： Creating shared instance of singleton bean 'businessImgRecordModel'
2023-08-25 00:37:28.521 &amp#27;[33mDEBUG&amp#27;[0;39m [main] &amp#27;[1;35mk.beans.factory.support.DefaultListableBeanFactory&amp#27;[0;39m ： Creating shared instance of singleton bean 'clothModel'
2023-08-25 00:37:28.522 &amp#27;[33mDEBUG&amp#27;[0;39m [main] &amp#27;[1;35mk.beans.factory.support.DefaultListableBeanFactory&amp#27;[0;39m ： Creating shared instance of singleton bean 'imgRequestModel'
2023-08-25 00:37:28.529 &amp#27;[33mDEBUG&amp#27;[0;39m [main] &amp#27;[1;35mk.beans.factory.support.DefaultListableBeanFactory&amp#27;[0;39m ： Creating shared instance of singleton bean 'personModel'
2023-08-25 00:37:28.534 &amp#27;[33mDEBUG&amp#27;[0;39m [main] &amp#27;[1;35mk.beans.factory.support.DefaultListableBeanFactory&amp#27;[0;39m ： Creating shared instance of singleton bean 'userModel'
2023-08-25 00:37:28.540 &amp#27;[33mDEBUG&amp#27;[0;39m [main] &amp#27;[1;35mk.beans.factory.support.DefaultListableBeanFactory&amp#27;[0;39m ： Creating shared instance of singleton bean 'authService'
2023-08-25 00:37:28.542 &amp#27;[33mDEBUG&amp#27;[0;39m [main] &amp#27;[1;35mk.beans.factory.support.DefaultListableBeanFactory&amp#27;[0;39m ： Creating shared instance of singleton bean 'redisUtil'
2023-08-25 00:37:28.544 &amp#27;[33mDEBUG&amp#27;[0;39m [main] &amp#27;[1;35mk.beans.factory.support.DefaultListableBeanFactory&amp#27;[0;39m ： Creating shared instance of singleton bean 'redisTemplate'
2023-08-25 00:37:28.545 &amp#27;[33mDEBUG&amp#27;[0;39m [main] &amp#27;[1;35mk.beans.factory.support.DefaultListableBeanFactory&amp#27;[0;39m ： Creating shared instance of singleton bean 'redisConnectionFactory'
2023-08-25 00:37:28.545 &amp#27;[33mDEBUG&amp#27;[0;39m [main] &amp#27;[1;35mk.beans.factory.support.DefaultListableBeanFactory&amp#27;[0;39m ： Creating shared instance of singleton bean 'org.springframework.boot.autoconfigure.data.redis.LettuceConnectionConfiguration'
2023-08-25 00:37:28.546 &amp#27;[33mDEBUG&amp#27;[0;39m [main] &amp#27;[1;35mk.beans.factory.support.DefaultListableBeanFactory&amp#27;[0;39m ： Creating shared instance of singleton bean 'spring.redis-org.springframework.boot.autoconfigure.data.redis.RedisProperties'
2023-08-25 00:37:28.562 &amp#27;[33mDEBUG&amp#27;[0;39m [main] &amp#27;[1;35mk.beans.factory.support.DefaultListableBeanFactory&amp#27;[0;39m ： Autowiring by type from bean name 'org.springframework.boot.autoconfigure.data.redis.LettuceConnectionConfiguration' via constructor to bean named 'spring.redis-org.springframework.boot.autoconfigure.data.redis.RedisProperties'
2023-08-25 00:37:28.568 &amp#27;[33mDEBUG&amp#27;[0;39m [main] &amp#27;[1;35mk.beans.factory.support.DefaultListableBeanFactory&amp#27;[0;39m ： Creating shared instance of singleton bean 'lettuceClientResources'
2023-08-25 00:37:28.573 &amp#27;[33mDEBUG&amp#27;[0;39m [main] &amp#27;[1;35m.netty.util.internal.logging.InternalLoggerFactory&amp#27;[0;39m ： Using SLF4J as the default logging framework
2023-08-25 00:37:28.576 &amp#27;[33mDEBUG&amp#27;[0;39m [main] &amp#27;[1;35mio.lettuce.core.resource.DefaultClientResources   &amp#27;[0;39m ： -Dio.netty.eventLoopThreads: 20
2023-08-25 00:37:28.585 &amp#27;[33mDEBUG&amp#27;[0;39m [main] &amp#27;[1;35mettuce.core.resource.DefaultEventLoopGroupProvider&amp#27;[0;39m ： Creating executor io.netty.util.concurrent.DefaultEventExecutorGroup
2023-08-25 00:37:28.605 &amp#27;[33mDEBUG&amp#27;[0;39m [main] &amp#27;[1;35mio.netty.util.internal.InternalThreadLocalMap     &amp#27;[0;39m ： -Dio.netty.threadLocalMap.stringBuilder.initialSize: 1024
2023-08-25 00:37:28.605 &amp#27;[33mDEBUG&amp#27;[0;39m [main] &amp#27;[1;35mio.netty.util.internal.InternalThreadLocalMap     &amp#27;[0;39m ： -Dio.netty.threadLocalMap.stringBuilder.maxSize: 4096
2023-08-25 00:37:28.609 &amp#27;[33mDEBUG&amp#27;[0;39m [main] &amp#27;[1;35mio.netty.util.ResourceLeakDetector                &amp#27;[0;39m ： -Dio.netty.leakDetection.level: simple
2023-08-25 00:37:28.609 &amp#27;[33mDEBUG&amp#27;[0;39m [main] &amp#27;[1;35mio.netty.util.ResourceLeakDetector                &amp#27;[0;39m ： -Dio.netty.leakDetection.targetRecords: 4
2023-08-25 00:37:28.612 &amp#27;[33mDEBUG&amp#27;[0;39m [main] &amp#27;[1;35mio.netty.util.ResourceLeakDetectorFactory         &amp#27;[0;39m ： Loaded default ResourceLeakDetector: io.netty.util.ResourceLeakDetector@644a3add
2023-08-25 00:37:28.635 &amp#27;[33mDEBUG&amp#27;[0;39m [main] &amp#27;[1;35mio.netty.util.internal.PlatformDependent          &amp#27;[0;39m ： Platform: Windows
2023-08-25 00:37:28.636 &amp#27;[33mDEBUG&amp#27;[0;39m [main] &amp#27;[1;35mio.netty.util.internal.PlatformDependent0         &amp#27;[0;39m ： -Dio.netty.noUnsafe: false
2023-08-25 00:37:28.636 &amp#27;[33mDEBUG&amp#27;[0;39m [main] &amp#27;[1;35mio.netty.util.internal.PlatformDependent0         &amp#27;[0;39m ： Java version: 8
2023-08-25 00:37:28.637 &amp#27;[33mDEBUG&amp#27;[0;39m [main] &amp#27;[1;35mio.netty.util.internal.PlatformDependent0         &amp#27;[0;39m ： sun.misc.Unsafe.theUnsafe: available
2023-08-25 00:37:28.637 &amp#27;[33mDEBUG&amp#27;[0;39m [main] &amp#27;[1;35mio.netty.util.internal.PlatformDependent0         &amp#27;[0;39m ： sun.misc.Unsafe.copyMemory: available
2023-08-25 00:37:28.638 &amp#27;[33mDEBUG&amp#27;[0;39m [main] &amp#27;[1;35mio.netty.util.internal.PlatformDependent0         &amp#27;[0;39m ： java.nio.Buffer.address: available
2023-08-25 00:37:28.638 &amp#27;[33mDEBUG&amp#27;[0;39m [main] &amp#27;[1;35mio.netty.util.internal.PlatformDependent0         &amp#27;[0;39m ： direct buffer constructor: available
2023-08-25 00:37:28.638 &amp#27;[33mDEBUG&amp#27;[0;39m [main] &amp#27;[1;35mio.netty.util.internal.PlatformDependent0         &amp#27;[0;39m ： java.nio.Bits.unaligned: available, true
2023-08-25 00:37:28.638 &amp#27;[33mDEBUG&amp#27;[0;39m [main] &amp#27;[1;35mio.netty.util.internal.PlatformDependent0         &amp#27;[0;39m ： jdk.internal.misc.Unsafe.allocateUninitializedArray(int): unavailable prior to Java9
2023-08-25 00:37:28.638 &amp#27;[33mDEBUG&amp#27;[0;39m [main] &amp#27;[1;35mio.netty.util.internal.PlatformDependent0         &amp#27;[0;39m ： java.nio.DirectByteBuffer.<init>(long, int): available
2023-08-25 00:37:28.638 &amp#27;[33mDEBUG&amp#27;[0;39m [main] &amp#27;[1;35mio.netty.util.internal.PlatformDependent          &amp#27;[0;39m ： sun.misc.Unsafe: available
2023-08-25 00:37:28.639 &amp#27;[33mDEBUG&amp#27;[0;39m [main] &amp#27;[1;35mio.netty.util.internal.PlatformDependent          &amp#27;[0;39m ： -Dio.netty.tmpdir: C:\Users\61723\AppData\Local\Temp (java.io.tmpdir)
2023-08-25 00:37:28.639 &amp#27;[33mDEBUG&amp#27;[0;39m [main] &amp#27;[1;35mio.netty.util.internal.PlatformDependent          &amp#27;[0;39m ： -Dio.netty.bitMode: 64 (sun.arch.data.model)
2023-08-25 00:37:28.640 &amp#27;[33mDEBUG&amp#27;[0;39m [main] &amp#27;[1;35mio.netty.util.internal.PlatformDependent          &amp#27;[0;39m ： -Dio.netty.maxDirectMemory: 3754426368 bytes
2023-08-25 00:37:28.640 &amp#27;[33mDEBUG&amp#27;[0;39m [main] &amp#27;[1;35mio.netty.util.internal.PlatformDependent          &amp#27;[0;39m ： -Dio.netty.uninitializedArrayAllocationThreshold: -1
2023-08-25 00:37:28.641 &amp#27;[33mDEBUG&amp#27;[0;39m [main] &amp#27;[1;35mio.netty.util.internal.CleanerJava6               &amp#27;[0;39m ： java.nio.ByteBuffer.cleaner(): available
2023-08-25 00:37:28.641 &amp#27;[33mDEBUG&amp#27;[0;39m [main] &amp#27;[1;35mio.netty.util.internal.PlatformDependent          &amp#27;[0;39m ： -Dio.netty.noPreferDirect: false
2023-08-25 00:37:28.647 &amp#27;[33mDEBUG&amp#27;[0;39m [main] &amp#27;[1;35mio.netty.util.internal.PlatformDependent          &amp#27;[0;39m ： org.jctools-core.MpscChunkedArrayQueue: available
2023-08-25 00:37:28.653 &amp#27;[33mDEBUG&amp#27;[0;39m [main] &amp#27;[1;35mreactor.util.Loggers                              &amp#27;[0;39m ： Using Slf4j logging framework
2023-08-25 00:37:28.677 &amp#27;[33mDEBUG&amp#27;[0;39m [main] &amp#27;[1;35mio.lettuce.core.resource.DefaultClientResources   &amp#27;[0;39m ： LatencyUtils/HdrUtils are not available, metrics are disabled
2023-08-25 00:37:28.684 &amp#27;[33mDEBUG&amp#27;[0;39m [main] &amp#27;[1;35mk.beans.factory.support.DefaultListableBeanFactory&amp#27;[0;39m ： Autowiring by type from bean name 'redisConnectionFactory' via factory method to bean named 'lettuceClientResources'
2023-08-25 00:37:28.822 &amp#27;[33mDEBUG&amp#27;[0;39m [main] &amp#27;[1;35mk.beans.factory.support.DefaultListableBeanFactory&amp#27;[0;39m ： Autowiring by type from bean name 'redisTemplate' via factory method to bean named 'redisConnectionFactory'
2023-08-25 00:37:28.875 &amp#27;[33mDEBUG&amp#27;[0;39m [main] &amp#27;[1;35morg.springframework.data.convert.CustomConversions&amp#27;[0;39m ： Adding converter from class java.lang.String to class [B as writing converter.
2023-08-25 00:37:28.876 &amp#27;[33mDEBUG&amp#27;[0;39m [main] &amp#27;[1;35morg.springframework.data.convert.CustomConversions&amp#27;[0;39m ： Adding converter from class [B to class java.lang.String as reading converter.
2023-08-25 00:37:28.876 &amp#27;[33mDEBUG&amp#27;[0;39m [main] &amp#27;[1;35morg.springframework.data.convert.CustomConversions&amp#27;[0;39m ： Adding converter from class java.lang.Number to class [B as writing converter.
2023-08-25 00:37:28.876 &amp#27;[33mDEBUG&amp#27;[0;39m [main] &amp#27;[1;35morg.springframework.data.convert.CustomConversions&amp#27;[0;39m ： Adding converter from class [B to class java.lang.Number as reading converter.
2023-08-25 00:37:28.876 &amp#27;[33mDEBUG&amp#27;[0;39m [main] &amp#27;[1;35morg.springframework.data.convert.CustomConversions&amp#27;[0;39m ： Adding converter from class java.lang.Enum to class [B as writing converter.
2023-08-25 00:37:28.876 &amp#27;[33mDEBUG&amp#27;[0;39m [main] &amp#27;[1;35morg.springframework.data.convert.CustomConversions&amp#27;[0;39m ： Adding converter from class [B to class java.lang.Enum as reading converter.
2023-08-25 00:37:28.876 &amp#27;[33mDEBUG&amp#27;[0;39m [main] &amp#27;[1;35morg.springframework.data.convert.CustomConversions&amp#27;[0;39m ： Adding converter from class java.lang.Boolean to class [B as writing converter.
2023-08-25 00:37:28.876 &amp#27;[33mDEBUG&amp#27;[0;39m [main] &amp#27;[1;35morg.springframework.data.convert.CustomConversions&amp#27;[0;39m ： Adding converter from class [B to class java.lang.Boolean as reading converter.
2023-08-25 00:37:28.876 &amp#27;[33mDEBUG&amp#27;[0;39m [main] &amp#27;[1;35morg.springframework.data.convert.CustomConversions&amp#27;[0;39m ： Adding converter from class java.util.Date to class [B as writing converter.
2023-08-25 00:37:28.877 &amp#27;[33mDEBUG&amp#27;[0;39m [main] &amp#27;[1;35morg.springframework.data.convert.CustomConversions&amp#27;[0;39m ： Adding converter from class [B to class java.util.Date as reading converter.
2023-08-25 00:37:28.877 &amp#27;[33mDEBUG&amp#27;[0;39m [main] &amp#27;[1;35morg.springframework.data.convert.CustomConversions&amp#27;[0;39m ： Adding converter from class java.util.UUID to class [B as writing converter.
2023-08-25 00:37:28.877 &amp#27;[33mDEBUG&amp#27;[0;39m [main] &amp#27;[1;35morg.springframework.data.convert.CustomConversions&amp#27;[0;39m ： Adding converter from class [B to class java.util.UUID as reading converter.
2023-08-25 00:37:28.877 &amp#27;[33mDEBUG&amp#27;[0;39m [main] &amp#27;[1;35morg.springframework.data.convert.CustomConversions&amp#27;[0;39m ： Adding converter from class java.time.LocalDateTime to class [B as writing converter.
2023-08-25 00:37:28.877 &amp#27;[33mDEBUG&amp#27;[0;39m [main] &amp#27;[1;35morg.springframework.data.convert.CustomConversions&amp#27;[0;39m ： Adding converter from class [B to class java.time.LocalDateTime as reading converter.
2023-08-25 00:37:28.877 &amp#27;[33mDEBUG&amp#27;[0;39m [main] &amp#27;[1;35morg.springframework.data.convert.CustomConversions&amp#27;[0;39m ： Adding converter from class java.time.LocalDate to class [B as writing converter.
2023-08-25 00:37:28.878 &amp#27;[33mDEBUG&amp#27;[0;39m [main] &amp#27;[1;35morg.springframework.data.convert.CustomConversions&amp#27;[0;39m ： Adding converter from class [B to class java.time.LocalDate as reading converter.
2023-08-25 00:37:28.878 &amp#27;[33mDEBUG&amp#27;[0;39m [main] &amp#27;[1;35morg.springframework.data.convert.CustomConversions&amp#27;[0;39m ： Adding converter from class java.time.LocalTime to class [B as writing converter.
2023-08-25 00:37:28.878 &amp#27;[33mDEBUG&amp#27;[0;39m [main] &amp#27;[1;35morg.springframework.data.convert.CustomConversions&amp#27;[0;39m ： Adding converter from class [B to class java.time.LocalTime as reading converter.
2023-08-25 00:37:28.878 &amp#27;[33mDEBUG&amp#27;[0;39m [main] &amp#27;[1;35morg.springframework.data.convert.CustomConversions&amp#27;[0;39m ： Adding converter from class java.time.ZonedDateTime to class [B as writing converter.
2023-08-25 00:37:28.878 &amp#27;[33mDEBUG&amp#27;[0;39m [main] &amp#27;[1;35morg.springframework.data.convert.CustomConversions&amp#27;[0;39m ： Adding converter from class [B to class java.time.ZonedDateTime as reading converter.
2023-08-25 00:37:28.878 &amp#27;[33mDEBUG&amp#27;[0;39m [main] &amp#27;[1;35morg.springframework.data.convert.CustomConversions&amp#27;[0;39m ： Adding converter from class java.time.Instant to class [B as writing converter.
2023-08-25 00:37:28.878 &amp#27;[33mDEBUG&amp#27;[0;39m [main] &amp#27;[1;35morg.springframework.data.convert.CustomConversions&amp#27;[0;39m ： Adding converter from class [B to class java.time.Instant as reading converter.
2023-08-25 00:37:28.878 &amp#27;[33mDEBUG&amp#27;[0;39m [main] &amp#27;[1;35morg.springframework.data.convert.CustomConversions&amp#27;[0;39m ： Adding converter from class java.time.ZoneId to class [B as writing converter.
2023-08-25 00:37:28.878 &amp#27;[33mDEBUG&amp#27;[0;39m [main] &amp#27;[1;35morg.springframework.data.convert.CustomConversions&amp#27;[0;39m ： Adding converter from class [B to class java.time.ZoneId as reading converter.
2023-08-25 00:37:28.878 &amp#27;[33mDEBUG&amp#27;[0;39m [main] &amp#27;[1;35morg.springframework.data.convert.CustomConversions&amp#27;[0;39m ： Adding converter from class java.time.Period to class [B as writing converter.
2023-08-25 00:37:28.879 &amp#27;[33mDEBUG&amp#27;[0;39m [main] &amp#27;[1;35morg.springframework.data.convert.CustomConversions&amp#27;[0;39m ： Adding converter from class [B to class java.time.Period as reading converter.
2023-08-25 00:37:28.879 &amp#27;[33mDEBUG&amp#27;[0;39m [main] &amp#27;[1;35morg.springframework.data.convert.CustomConversions&amp#27;[0;39m ： Adding converter from class java.time.Duration to class [B as writing converter.
2023-08-25 00:37:28.879 &amp#27;[33mDEBUG&amp#27;[0;39m [main] &amp#27;[1;35morg.springframework.data.convert.CustomConversions&amp#27;[0;39m ： Adding converter from class [B to class java.time.Duration as reading converter.
2023-08-25 00:37:28.879 &amp#27;[33mDEBUG&amp#27;[0;39m [main] &amp#27;[1;35morg.springframework.data.convert.CustomConversions&amp#27;[0;39m ： Adding converter from class org.joda.time.LocalDate to class java.util.Date as writing converter.
2023-08-25 00:37:28.880 &amp#27;[33mDEBUG&amp#27;[0;39m [main] &amp#27;[1;35morg.springframework.data.convert.CustomConversions&amp#27;[0;39m ： Adding converter from class org.joda.time.LocalDateTime to class java.util.Date as writing converter.
2023-08-25 00:37:28.880 &amp#27;[33mDEBUG&amp#27;[0;39m [main] &amp#27;[1;35morg.springframework.data.convert.CustomConversions&amp#27;[0;39m ： Adding converter from class org.joda.time.DateTime to class java.util.Date as writing converter.
2023-08-25 00:37:28.880 &amp#27;[33mDEBUG&amp#27;[0;39m [main] &amp#27;[1;35morg.springframework.data.convert.CustomConversions&amp#27;[0;39m ： Adding converter from class java.util.Date to class org.joda.time.LocalDate as reading converter.
2023-08-25 00:37:28.880 &amp#27;[33mDEBUG&amp#27;[0;39m [main] &amp#27;[1;35morg.springframework.data.convert.CustomConversions&amp#27;[0;39m ： Adding converter from class java.util.Date to class org.joda.time.LocalDateTime as reading converter.
2023-08-25 00:37:28.880 &amp#27;[33mDEBUG&amp#27;[0;39m [main] &amp#27;[1;35morg.springframework.data.convert.CustomConversions&amp#27;[0;39m ： Adding converter from class java.util.Date to class org.joda.time.DateTime as reading converter.
2023-08-25 00:37:28.880 &amp#27;[33mDEBUG&amp#27;[0;39m [main] &amp#27;[1;35morg.springframework.data.convert.CustomConversions&amp#27;[0;39m ： Adding converter from class java.time.LocalDateTime to class org.joda.time.LocalDateTime as reading converter.
2023-08-25 00:37:28.880 &amp#27;[33mDEBUG&amp#27;[0;39m [main] &amp#27;[1;35morg.springframework.data.convert.CustomConversions&amp#27;[0;39m ： Adding converter from class java.time.LocalDateTime to class org.joda.time.DateTime as reading converter.
2023-08-25 00:37:28.880 &amp#27;[33mDEBUG&amp#27;[0;39m [main] &amp#27;[1;35morg.springframework.data.convert.CustomConversions&amp#27;[0;39m ： Adding converter from class java.time.Instant to class org.joda.time.LocalDateTime as reading converter.
2023-08-25 00:37:28.880 &amp#27;[33mDEBUG&amp#27;[0;39m [main] &amp#27;[1;35morg.springframework.data.convert.CustomConversions&amp#27;[0;39m ： Adding converter from class org.joda.time.LocalDateTime to class java.time.Instant as writing converter.
2023-08-25 00:37:28.880 &amp#27;[33mDEBUG&amp#27;[0;39m [main] &amp#27;[1;35morg.springframework.data.convert.CustomConversions&amp#27;[0;39m ： Adding converter from class org.joda.time.LocalDateTime to class java.time.LocalDateTime as writing converter.
2023-08-25 00:37:28.881 &amp#27;[33mDEBUG&amp#27;[0;39m [main] &amp#27;[1;35morg.springframework.data.convert.CustomConversions&amp#27;[0;39m ： Adding converter from class java.util.Date to class java.time.LocalDateTime as reading converter.
2023-08-25 00:37:28.881 &amp#27;[33mDEBUG&amp#27;[0;39m [main] &amp#27;[1;35morg.springframework.data.convert.CustomConversions&amp#27;[0;39m ： Adding converter from class java.time.LocalDateTime to class java.util.Date as writing converter.
2023-08-25 00:37:28.881 &amp#27;[33mDEBUG&amp#27;[0;39m [main] &amp#27;[1;35morg.springframework.data.convert.CustomConversions&amp#27;[0;39m ： Adding converter from class java.util.Date to class java.time.LocalDate as reading converter.
2023-08-25 00:37:28.881 &amp#27;[33mDEBUG&amp#27;[0;39m [main] &amp#27;[1;35morg.springframework.data.convert.CustomConversions&amp#27;[0;39m ： Adding converter from class java.time.LocalDate to class java.util.Date as writing converter.
2023-08-25 00:37:28.881 &amp#27;[33mDEBUG&amp#27;[0;39m [main] &amp#27;[1;35morg.springframework.data.convert.CustomConversions&amp#27;[0;39m ： Adding converter from class java.util.Date to class java.time.LocalTime as reading converter.
2023-08-25 00:37:28.881 &amp#27;[33mDEBUG&amp#27;[0;39m [main] &amp#27;[1;35morg.springframework.data.convert.CustomConversions&amp#27;[0;39m ： Adding converter from class java.time.LocalTime to class java.util.Date as writing converter.
2023-08-25 00:37:28.881 &amp#27;[33mDEBUG&amp#27;[0;39m [main] &amp#27;[1;35morg.springframework.data.convert.CustomConversions&amp#27;[0;39m ： Adding converter from class java.util.Date to class java.time.Instant as reading converter.
2023-08-25 00:37:28.881 &amp#27;[33mDEBUG&amp#27;[0;39m [main] &amp#27;[1;35morg.springframework.data.convert.CustomConversions&amp#27;[0;39m ： Adding converter from class java.time.Instant to class java.util.Date as writing converter.
2023-08-25 00:37:28.882 &amp#27;[33mDEBUG&amp#27;[0;39m [main] &amp#27;[1;35morg.springframework.data.convert.CustomConversions&amp#27;[0;39m ： Adding converter from class java.time.LocalDateTime to class java.time.Instant as reading converter.
2023-08-25 00:37:28.882 &amp#27;[33mDEBUG&amp#27;[0;39m [main] &amp#27;[1;35morg.springframework.data.convert.CustomConversions&amp#27;[0;39m ： Adding converter from class java.time.Instant to class java.time.LocalDateTime as reading converter.
2023-08-25 00:37:28.882 &amp#27;[33mDEBUG&amp#27;[0;39m [main] &amp#27;[1;35morg.springframework.data.convert.CustomConversions&amp#27;[0;39m ： Adding converter from class java.time.ZoneId to class java.lang.String as writing converter.
2023-08-25 00:37:28.882 &amp#27;[33mDEBUG&amp#27;[0;39m [main] &amp#27;[1;35morg.springframework.data.convert.CustomConversions&amp#27;[0;39m ： Adding converter from class java.lang.String to class java.time.ZoneId as reading converter.
2023-08-25 00:37:28.882 &amp#27;[33mDEBUG&amp#27;[0;39m [main] &amp#27;[1;35morg.springframework.data.convert.CustomConversions&amp#27;[0;39m ： Adding converter from class java.time.Duration to class java.lang.String as writing converter.
2023-08-25 00:37:28.882 &amp#27;[33mDEBUG&amp#27;[0;39m [main] &amp#27;[1;35morg.springframework.data.convert.CustomConversions&amp#27;[0;39m ： Adding converter from class java.lang.String to class java.time.Duration as reading converter.
2023-08-25 00:37:28.882 &amp#27;[33mDEBUG&amp#27;[0;39m [main] &amp#27;[1;35morg.springframework.data.convert.CustomConversions&amp#27;[0;39m ： Adding converter from class java.time.Period to class java.lang.String as writing converter.
2023-08-25 00:37:28.882 &amp#27;[33mDEBUG&amp#27;[0;39m [main] &amp#27;[1;35morg.springframework.data.convert.CustomConversions&amp#27;[0;39m ： Adding converter from class java.lang.String to class java.time.Period as reading converter.
2023-08-25 00:37:28.883 &amp#27;[33mDEBUG&amp#27;[0;39m [main] &amp#27;[1;35morg.springframework.data.convert.CustomConversions&amp#27;[0;39m ： Adding converter from class java.lang.String to class java.time.LocalDate as reading converter.
2023-08-25 00:37:28.883 &amp#27;[33mDEBUG&amp#27;[0;39m [main] &amp#27;[1;35morg.springframework.data.convert.CustomConversions&amp#27;[0;39m ： Adding converter from class java.lang.String to class java.time.LocalDateTime as reading converter.
2023-08-25 00:37:28.883 &amp#27;[33mDEBUG&amp#27;[0;39m [main] &amp#27;[1;35morg.springframework.data.convert.CustomConversions&amp#27;[0;39m ： Adding converter from class java.lang.String to class java.time.Instant as reading converter.
2023-08-25 00:37:28.884 &amp#27;[33mDEBUG&amp#27;[0;39m [main] &amp#27;[1;35morg.springframework.data.convert.CustomConversions&amp#27;[0;39m ： Adding converter from class java.lang.String to class [B as writing converter.
2023-08-25 00:37:28.884 &amp#27;[33mDEBUG&amp#27;[0;39m [main] &amp#27;[1;35morg.springframework.data.convert.CustomConversions&amp#27;[0;39m ： Adding converter from class [B to class java.lang.String as reading converter.
2023-08-25 00:37:28.884 &amp#27;[33mDEBUG&amp#27;[0;39m [main] &amp#27;[1;35morg.springframework.data.convert.CustomConversions&amp#27;[0;39m ： Adding converter from class java.lang.Number to class [B as writing converter.
2023-08-25 00:37:28.884 &amp#27;[33mDEBUG&amp#27;[0;39m [main] &amp#27;[1;35morg.springframework.data.convert.CustomConversions&amp#27;[0;39m ： Adding converter from class [B to class java.lang.Number as reading converter.
2023-08-25 00:37:28.884 &amp#27;[33mDEBUG&amp#27;[0;39m [main] &amp#27;[1;35morg.springframework.data.convert.CustomConversions&amp#27;[0;39m ： Adding converter from class java.lang.Enum to class [B as writing converter.
2023-08-25 00:37:28.884 &amp#27;[33mDEBUG&amp#27;[0;39m [main] &amp#27;[1;35morg.springframework.data.convert.CustomConversions&amp#27;[0;39m ： Adding converter from class [B to class java.lang.Enum as reading converter.
2023-08-25 00:37:28.884 &amp#27;[33mDEBUG&amp#27;[0;39m [main] &amp#27;[1;35morg.springframework.data.convert.CustomConversions&amp#27;[0;39m ： Adding converter from class java.lang.Boolean to class [B as writing converter.
2023-08-25 00:37:28.884 &amp#27;[33mDEBUG&amp#27;[0;39m [main] &amp#27;[1;35morg.springframework.data.convert.CustomConversions&amp#27;[0;39m ： Adding converter from class [B to class java.lang.Boolean as reading converter.
2023-08-25 00:37:28.884 &amp#27;[33mDEBUG&amp#27;[0;39m [main] &amp#27;[1;35morg.springframework.data.convert.CustomConversions&amp#27;[0;39m ： Adding converter from class java.util.Date to class [B as writing converter.
2023-08-25 00:37:28.885 &amp#27;[33mDEBUG&amp#27;[0;39m [main] &amp#27;[1;35morg.springframework.data.convert.CustomConversions&amp#27;[0;39m ： Adding converter from class [B to class java.util.Date as reading converter.
2023-08-25 00:37:28.885 &amp#27;[33mDEBUG&amp#27;[0;39m [main] &amp#27;[1;35morg.springframework.data.convert.CustomConversions&amp#27;[0;39m ： Adding converter from class java.util.UUID to class [B as writing converter.
2023-08-25 00:37:28.885 &amp#27;[33mDEBUG&amp#27;[0;39m [main] &amp#27;[1;35morg.springframework.data.convert.CustomConversions&amp#27;[0;39m ： Adding converter from class [B to class java.util.UUID as reading converter.
2023-08-25 00:37:28.885 &amp#27;[33mDEBUG&amp#27;[0;39m [main] &amp#27;[1;35morg.springframework.data.convert.CustomConversions&amp#27;[0;39m ： Adding converter from class java.time.LocalDateTime to class [B as writing converter.
2023-08-25 00:37:28.885 &amp#27;[33mDEBUG&amp#27;[0;39m [main] &amp#27;[1;35morg.springframework.data.convert.CustomConversions&amp#27;[0;39m ： Adding converter from class [B to class java.time.LocalDateTime as reading converter.
2023-08-25 00:37:28.885 &amp#27;[33mDEBUG&amp#27;[0;39m [main] &amp#27;[1;35morg.springframework.data.convert.CustomConversions&amp#27;[0;39m ： Adding converter from class java.time.LocalDate to class [B as writing converter.
2023-08-25 00:37:28.885 &amp#27;[33mDEBUG&amp#27;[0;39m [main] &amp#27;[1;35morg.springframework.data.convert.CustomConversions&amp#27;[0;39m ： Adding converter from class [B to class java.time.LocalDate as reading converter.
2023-08-25 00:37:28.885 &amp#27;[33mDEBUG&amp#27;[0;39m [main] &amp#27;[1;35morg.springframework.data.convert.CustomConversions&amp#27;[0;39m ： Adding converter from class java.time.LocalTime to class [B as writing converter.
2023-08-25 00:37:28.885 &amp#27;[33mDEBUG&amp#27;[0;39m [main] &amp#27;[1;35morg.springframework.data.convert.CustomConversions&amp#27;[0;39m ： Adding converter from class [B to class java.time.LocalTime as reading converter.
2023-08-25 00:37:28.885 &amp#27;[33mDEBUG&amp#27;[0;39m [main] &amp#27;[1;35morg.springframework.data.convert.CustomConversions&amp#27;[0;39m ： Adding converter from class java.time.ZonedDateTime to class [B as writing converter.
2023-08-25 00:37:28.885 &amp#27;[33mDEBUG&amp#27;[0;39m [main] &amp#27;[1;35morg.springframework.data.convert.CustomConversions&amp#27;[0;39m ： Adding converter from class [B to class java.time.ZonedDateTime as reading converter.
2023-08-25 00:37:28.885 &amp#27;[33mDEBUG&amp#27;[0;39m [main] &amp#27;[1;35morg.springframework.data.convert.CustomConversions&amp#27;[0;39m ： Adding converter from class java.time.Instant to class [B as writing converter.
2023-08-25 00:37:28.885 &amp#27;[33mDEBUG&amp#27;[0;39m [main] &amp#27;[1;35morg.springframework.data.convert.CustomConversions&amp#27;[0;39m ： Adding converter from class [B to class java.time.Instant as reading converter.
2023-08-25 00:37:28.885 &amp#27;[33mDEBUG&amp#27;[0;39m [main] &amp#27;[1;35morg.springframework.data.convert.CustomConversions&amp#27;[0;39m ： Adding converter from class java.time.ZoneId to class [B as writing converter.
2023-08-25 00:37:28.885 &amp#27;[33mDEBUG&amp#27;[0;39m [main] &amp#27;[1;35morg.springframework.data.convert.CustomConversions&amp#27;[0;39m ： Adding converter from class [B to class java.time.ZoneId as reading converter.
2023-08-25 00:37:28.885 &amp#27;[33mDEBUG&amp#27;[0;39m [main] &amp#27;[1;35morg.springframework.data.convert.CustomConversions&amp#27;[0;39m ： Adding converter from class java.time.Period to class [B as writing converter.
2023-08-25 00:37:28.886 &amp#27;[33mDEBUG&amp#27;[0;39m [main] &amp#27;[1;35morg.springframework.data.convert.CustomConversions&amp#27;[0;39m ： Adding converter from class [B to class java.time.Period as reading converter.
2023-08-25 00:37:28.886 &amp#27;[33mDEBUG&amp#27;[0;39m [main] &amp#27;[1;35morg.springframework.data.convert.CustomConversions&amp#27;[0;39m ： Adding converter from class java.time.Duration to class [B as writing converter.
2023-08-25 00:37:28.886 &amp#27;[33mDEBUG&amp#27;[0;39m [main] &amp#27;[1;35morg.springframework.data.convert.CustomConversions&amp#27;[0;39m ： Adding converter from class [B to class java.time.Duration as reading converter.
2023-08-25 00:37:28.886 &amp#27;[33mDEBUG&amp#27;[0;39m [main] &amp#27;[1;35morg.springframework.data.convert.CustomConversions&amp#27;[0;39m ： Adding converter from class org.joda.time.LocalDate to class java.util.Date as writing converter.
2023-08-25 00:37:28.886 &amp#27;[33mDEBUG&amp#27;[0;39m [main] &amp#27;[1;35morg.springframework.data.convert.CustomConversions&amp#27;[0;39m ： Adding converter from class org.joda.time.LocalDateTime to class java.util.Date as writing converter.
2023-08-25 00:37:28.886 &amp#27;[33mDEBUG&amp#27;[0;39m [main] &amp#27;[1;35morg.springframework.data.convert.CustomConversions&amp#27;[0;39m ： Adding converter from class org.joda.time.DateTime to class java.util.Date as writing converter.
2023-08-25 00:37:28.886 &amp#27;[33mDEBUG&amp#27;[0;39m [main] &amp#27;[1;35morg.springframework.data.convert.CustomConversions&amp#27;[0;39m ： Adding converter from class java.util.Date to class org.joda.time.LocalDate as reading converter.
2023-08-25 00:37:28.886 &amp#27;[33mDEBUG&amp#27;[0;39m [main] &amp#27;[1;35morg.springframework.data.convert.CustomConversions&amp#27;[0;39m ： Adding converter from class java.util.Date to class org.joda.time.LocalDateTime as reading converter.
2023-08-25 00:37:28.886 &amp#27;[33mDEBUG&amp#27;[0;39m [main] &amp#27;[1;35morg.springframework.data.convert.CustomConversions&amp#27;[0;39m ： Adding converter from class java.util.Date to class org.joda.time.DateTime as reading converter.
2023-08-25 00:37:28.886 &amp#27;[33mDEBUG&amp#27;[0;39m [main] &amp#27;[1;35morg.springframework.data.convert.CustomConversions&amp#27;[0;39m ： Adding converter from class java.time.LocalDateTime to class org.joda.time.LocalDateTime as reading converter.
2023-08-25 00:37:28.887 &amp#27;[33mDEBUG&amp#27;[0;39m [main] &amp#27;[1;35morg.springframework.data.convert.CustomConversions&amp#27;[0;39m ： Adding converter from class java.time.LocalDateTime to class org.joda.time.DateTime as reading converter.
2023-08-25 00:37:28.887 &amp#27;[33mDEBUG&amp#27;[0;39m [main] &amp#27;[1;35morg.springframework.data.convert.CustomConversions&amp#27;[0;39m ： Adding converter from class java.time.Instant to class org.joda.time.LocalDateTime as reading converter.
2023-08-25 00:37:28.887 &amp#27;[33mDEBUG&amp#27;[0;39m [main] &amp#27;[1;35morg.springframework.data.convert.CustomConversions&amp#27;[0;39m ： Adding converter from class org.joda.time.LocalDateTime to class java.time.Instant as writing converter.
2023-08-25 00:37:28.887 &amp#27;[33mDEBUG&amp#27;[0;39m [main] &amp#27;[1;35morg.springframework.data.convert.CustomConversions&amp#27;[0;39m ： Adding converter from class org.joda.time.LocalDateTime to class java.time.LocalDateTime as writing converter.
2023-08-25 00:37:28.887 &amp#27;[33mDEBUG&amp#27;[0;39m [main] &amp#27;[1;35morg.springframework.data.convert.CustomConversions&amp#27;[0;39m ： Adding converter from class java.util.Date to class java.time.LocalDateTime as reading converter.
2023-08-25 00:37:28.887 &amp#27;[33mDEBUG&amp#27;[0;39m [main] &amp#27;[1;35morg.springframework.data.convert.CustomConversions&amp#27;[0;39m ： Adding converter from class java.time.LocalDateTime to class java.util.Date as writing converter.
2023-08-25 00:37:28.887 &amp#27;[33mDEBUG&amp#27;[0;39m [main] &amp#27;[1;35morg.springframework.data.convert.CustomConversions&amp#27;[0;39m ： Adding converter from class java.util.Date to class java.time.LocalDate as reading converter.
2023-08-25 00:37:28.887 &amp#27;[33mDEBUG&amp#27;[0;39m [main] &amp#27;[1;35morg.springframework.data.convert.CustomConversions&amp#27;[0;39m ： Adding converter from class java.time.LocalDate to class java.util.Date as writing converter.
2023-08-25 00:37:28.887 &amp#27;[33mDEBUG&amp#27;[0;39m [main] &amp#27;[1;35morg.springframework.data.convert.CustomConversions&amp#27;[0;39m ： Adding converter from class java.util.Date to class java.time.LocalTime as reading converter.
2023-08-25 00:37:28.887 &amp#27;[33mDEBUG&amp#27;[0;39m [main] &amp#27;[1;35morg.springframework.data.convert.CustomConversions&amp#27;[0;39m ： Adding converter from class java.time.LocalTime to class java.util.Date as writing converter.
2023-08-25 00:37:28.887 &amp#27;[33mDEBUG&amp#27;[0;39m [main] &amp#27;[1;35morg.springframework.data.convert.CustomConversions&amp#27;[0;39m ： Adding converter from class java.util.Date to class java.time.Instant as reading converter.
2023-08-25 00:37:28.887 &amp#27;[33mDEBUG&amp#27;[0;39m [main] &amp#27;[1;35morg.springframework.data.convert.CustomConversions&amp#27;[0;39m ： Adding converter from class java.time.Instant to class java.util.Date as writing converter.
2023-08-25 00:37:28.887 &amp#27;[33mDEBUG&amp#27;[0;39m [main] &amp#27;[1;35morg.springframework.data.convert.CustomConversions&amp#27;[0;39m ： Adding converter from class java.time.LocalDateTime to class java.time.Instant as reading converter.
2023-08-25 00:37:28.887 &amp#27;[33mDEBUG&amp#27;[0;39m [main] &amp#27;[1;35morg.springframework.data.convert.CustomConversions&amp#27;[0;39m ： Adding converter from class java.time.Instant to class java.time.LocalDateTime as reading converter.
2023-08-25 00:37:28.887 &amp#27;[33mDEBUG&amp#27;[0;39m [main] &amp#27;[1;35morg.springframework.data.convert.CustomConversions&amp#27;[0;39m ： Adding converter from class java.time.ZoneId to class java.lang.String as writing converter.
2023-08-25 00:37:28.887 &amp#27;[33mDEBUG&amp#27;[0;39m [main] &amp#27;[1;35morg.springframework.data.convert.CustomConversions&amp#27;[0;39m ： Adding converter from class java.lang.String to class java.time.ZoneId as reading converter.
2023-08-25 00:37:28.887 &amp#27;[33mDEBUG&amp#27;[0;39m [main] &amp#27;[1;35morg.springframework.data.convert.CustomConversions&amp#27;[0;39m ： Adding converter from class java.time.Duration to class java.lang.String as writing converter.
2023-08-25 00:37:28.887 &amp#27;[33mDEBUG&amp#27;[0;39m [main] &amp#27;[1;35morg.springframework.data.convert.CustomConversions&amp#27;[0;39m ： Adding converter from class java.lang.String to class java.time.Duration as reading converter.
2023-08-25 00:37:28.887 &amp#27;[33mDEBUG&amp#27;[0;39m [main] &amp#27;[1;35morg.springframework.data.convert.CustomConversions&amp#27;[0;39m ： Adding converter from class java.time.Period to class java.lang.String as writing converter.
2023-08-25 00:37:28.887 &amp#27;[33mDEBUG&amp#27;[0;39m [main] &amp#27;[1;35morg.springframework.data.convert.CustomConversions&amp#27;[0;39m ： Adding converter from class java.lang.String to class java.time.Period as reading converter.
2023-08-25 00:37:28.887 &amp#27;[33mDEBUG&amp#27;[0;39m [main] &amp#27;[1;35morg.springframework.data.convert.CustomConversions&amp#27;[0;39m ： Adding converter from class java.lang.String to class java.time.LocalDate as reading converter.
2023-08-25 00:37:28.888 &amp#27;[33mDEBUG&amp#27;[0;39m [main] &amp#27;[1;35morg.springframework.data.convert.CustomConversions&amp#27;[0;39m ： Adding converter from class java.lang.String to class java.time.LocalDateTime as reading converter.
2023-08-25 00:37:28.888 &amp#27;[33mDEBUG&amp#27;[0;39m [main] &amp#27;[1;35morg.springframework.data.convert.CustomConversions&amp#27;[0;39m ： Adding converter from class java.lang.String to class java.time.Instant as reading converter.
2023-08-25 00:37:28.898 &amp#27;[33mDEBUG&amp#27;[0;39m [main] &amp#27;[1;35morg.springframework.data.convert.CustomConversions&amp#27;[0;39m ： Adding converter from class java.lang.String to class [B as writing converter.
2023-08-25 00:37:28.899 &amp#27;[33mDEBUG&amp#27;[0;39m [main] &amp#27;[1;35morg.springframework.data.convert.CustomConversions&amp#27;[0;39m ： Adding converter from class [B to class java.lang.String as reading converter.
2023-08-25 00:37:28.899 &amp#27;[33mDEBUG&amp#27;[0;39m [main] &amp#27;[1;35morg.springframework.data.convert.CustomConversions&amp#27;[0;39m ： Adding converter from class java.lang.Number to class [B as writing converter.
2023-08-25 00:37:28.899 &amp#27;[33mDEBUG&amp#27;[0;39m [main] &amp#27;[1;35morg.springframework.data.convert.CustomConversions&amp#27;[0;39m ： Adding converter from class [B to class java.lang.Number as reading converter.
2023-08-25 00:37:28.899 &amp#27;[33mDEBUG&amp#27;[0;39m [main] &amp#27;[1;35morg.springframework.data.convert.CustomConversions&amp#27;[0;39m ： Adding converter from class java.lang.Enum to class [B as writing converter.
2023-08-25 00:37:28.899 &amp#27;[33mDEBUG&amp#27;[0;39m [main] &amp#27;[1;35morg.springframework.data.convert.CustomConversions&amp#27;[0;39m ： Adding converter from class [B to class java.lang.Enum as reading converter.
2023-08-25 00:37:28.899 &amp#27;[33mDEBUG&amp#27;[0;39m [main] &amp#27;[1;35morg.springframework.data.convert.CustomConversions&amp#27;[0;39m ： Adding converter from class java.lang.Boolean to class [B as writing converter.
2023-08-25 00:37:28.899 &amp#27;[33mDEBUG&amp#27;[0;39m [main] &amp#27;[1;35morg.springframework.data.convert.CustomConversions&amp#27;[0;39m ： Adding converter from class [B to class java.lang.Boolean as reading converter.
2023-08-25 00:37:28.899 &amp#27;[33mDEBUG&amp#27;[0;39m [main] &amp#27;[1;35morg.springframework.data.convert.CustomConversions&amp#27;[0;39m ： Adding converter from class java.util.Date to class [B as writing converter.
2023-08-25 00:37:28.899 &amp#27;[33mDEBUG&amp#27;[0;39m [main] &amp#27;[1;35morg.springframework.data.convert.CustomConversions&amp#27;[0;39m ： Adding converter from class [B to class java.util.Date as reading converter.
2023-08-25 00:37:28.899 &amp#27;[33mDEBUG&amp#27;[0;39m [main] &amp#27;[1;35morg.springframework.data.convert.CustomConversions&amp#27;[0;39m ： Adding converter from class java.util.UUID to class [B as writing converter.
2023-08-25 00:37:28.899 &amp#27;[33mDEBUG&amp#27;[0;39m [main] &amp#27;[1;35morg.springframework.data.convert.CustomConversions&amp#27;[0;39m ： Adding converter from class [B to class java.util.UUID as reading converter.
2023-08-25 00:37:28.899 &amp#27;[33mDEBUG&amp#27;[0;39m [main] &amp#27;[1;35morg.springframework.data.convert.CustomConversions&amp#27;[0;39m ： Adding converter from class java.time.LocalDateTime to class [B as writing converter.
2023-08-25 00:37:28.899 &amp#27;[33mDEBUG&amp#27;[0;39m [main] &amp#27;[1;35morg.springframework.data.convert.CustomConversions&amp#27;[0;39m ： Adding converter from class [B to class java.time.LocalDateTime as reading converter.
2023-08-25 00:37:28.899 &amp#27;[33mDEBUG&amp#27;[0;39m [main] &amp#27;[1;35morg.springframework.data.convert.CustomConversions&amp#27;[0;39m ： Adding converter from class java.time.LocalDate to class [B as writing converter.
2023-08-25 00:37:28.899 &amp#27;[33mDEBUG&amp#27;[0;39m [main] &amp#27;[1;35morg.springframework.data.convert.CustomConversions&amp#27;[0;39m ： Adding converter from class [B to class java.time.LocalDate as reading converter.
2023-08-25 00:37:28.899 &amp#27;[33mDEBUG&amp#27;[0;39m [main] &amp#27;[1;35morg.springframework.data.convert.CustomConversions&amp#27;[0;39m ： Adding converter from class java.time.LocalTime to class [B as writing converter.
2023-08-25 00:37:28.899 &amp#27;[33mDEBUG&amp#27;[0;39m [main] &amp#27;[1;35morg.springframework.data.convert.CustomConversions&amp#27;[0;39m ： Adding converter from class [B to class java.time.LocalTime as reading converter.
2023-08-25 00:37:28.899 &amp#27;[33mDEBUG&amp#27;[0;39m [main] &amp#27;[1;35morg.springframework.data.convert.CustomConversions&amp#27;[0;39m ： Adding converter from class java.time.ZonedDateTime to class [B as writing converter.
2023-08-25 00:37:28.899 &amp#27;[33mDEBUG&amp#27;[0;39m [main] &amp#27;[1;35morg.springframework.data.convert.CustomConversions&amp#27;[0;39m ： Adding converter from class [B to class java.time.ZonedDateTime as reading converter.
2023-08-25 00:37:28.899 &amp#27;[33mDEBUG&amp#27;[0;39m [main] &amp#27;[1;35morg.springframework.data.convert.CustomConversions&amp#27;[0;39m ： Adding converter from class java.time.Instant to class [B as writing converter.
2023-08-25 00:37:28.899 &amp#27;[33mDEBUG&amp#27;[0;39m [main] &amp#27;[1;35morg.springframework.data.convert.CustomConversions&amp#27;[0;39m ： Adding converter from class [B to class java.time.Instant as reading converter.
2023-08-25 00:37:28.899 &amp#27;[33mDEBUG&amp#27;[0;39m [main] &amp#27;[1;35morg.springframework.data.convert.CustomConversions&amp#27;[0;39m ： Adding converter from class java.time.ZoneId to class [B as writing converter.
2023-08-25 00:37:28.899 &amp#27;[33mDEBUG&amp#27;[0;39m [main] &amp#27;[1;35morg.springframework.data.convert.CustomConversions&amp#27;[0;39m ： Adding converter from class [B to class java.time.ZoneId as reading converter.
2023-08-25 00:37:28.900 &amp#27;[33mDEBUG&amp#27;[0;39m [main] &amp#27;[1;35morg.springframework.data.convert.CustomConversions&amp#27;[0;39m ： Adding converter from class java.time.Period to class [B as writing converter.
2023-08-25 00:37:28.900 &amp#27;[33mDEBUG&amp#27;[0;39m [main] &amp#27;[1;35morg.springframework.data.convert.CustomConversions&amp#27;[0;39m ： Adding converter from class [B to class java.time.Period as reading converter.
2023-08-25 00:37:28.900 &amp#27;[33mDEBUG&amp#27;[0;39m [main] &amp#27;[1;35morg.springframework.data.convert.CustomConversions&amp#27;[0;39m ： Adding converter from class java.time.Duration to class [B as writing converter.
2023-08-25 00:37:28.900 &amp#27;[33mDEBUG&amp#27;[0;39m [main] &amp#27;[1;35morg.springframework.data.convert.CustomConversions&amp#27;[0;39m ： Adding converter from class [B to class java.time.Duration as reading converter.
2023-08-25 00:37:28.900 &amp#27;[33mDEBUG&amp#27;[0;39m [main] &amp#27;[1;35morg.springframework.data.convert.CustomConversions&amp#27;[0;39m ： Adding converter from class org.joda.time.LocalDate to class java.util.Date as writing converter.
2023-08-25 00:37:28.900 &amp#27;[33mDEBUG&amp#27;[0;39m [main] &amp#27;[1;35morg.springframework.data.convert.CustomConversions&amp#27;[0;39m ： Adding converter from class org.joda.time.LocalDateTime to class java.util.Date as writing converter.
2023-08-25 00:37:28.900 &amp#27;[33mDEBUG&amp#27;[0;39m [main] &amp#27;[1;35morg.springframework.data.convert.CustomConversions&amp#27;[0;39m ： Adding converter from class org.joda.time.DateTime to class java.util.Date as writing converter.
2023-08-25 00:37:28.900 &amp#27;[33mDEBUG&amp#27;[0;39m [main] &amp#27;[1;35morg.springframework.data.convert.CustomConversions&amp#27;[0;39m ： Adding converter from class java.util.Date to class org.joda.time.LocalDate as reading converter.
2023-08-25 00:37:28.900 &amp#27;[33mDEBUG&amp#27;[0;39m [main] &amp#27;[1;35morg.springframework.data.convert.CustomConversions&amp#27;[0;39m ： Adding converter from class java.util.Date to class org.joda.time.LocalDateTime as reading converter.
2023-08-25 00:37:28.900 &amp#27;[33mDEBUG&amp#27;[0;39m [main] &amp#27;[1;35morg.springframework.data.convert.CustomConversions&amp#27;[0;39m ： Adding converter from class java.util.Date to class org.joda.time.DateTime as reading converter.
2023-08-25 00:37:28.900 &amp#27;[33mDEBUG&amp#27;[0;39m [main] &amp#27;[1;35morg.springframework.data.convert.CustomConversions&amp#27;[0;39m ： Adding converter from class java.time.LocalDateTime to class org.joda.time.LocalDateTime as reading converter.
2023-08-25 00:37:28.900 &amp#27;[33mDEBUG&amp#27;[0;39m [main] &amp#27;[1;35morg.springframework.data.convert.CustomConversions&amp#27;[0;39m ： Adding converter from class java.time.LocalDateTime to class org.joda.time.DateTime as reading converter.
2023-08-25 00:37:28.900 &amp#27;[33mDEBUG&amp#27;[0;39m [main] &amp#27;[1;35morg.springframework.data.convert.CustomConversions&amp#27;[0;39m ： Adding converter from class java.time.Instant to class org.joda.time.LocalDateTime as reading converter.
2023-08-25 00:37:28.900 &amp#27;[33mDEBUG&amp#27;[0;39m [main] &amp#27;[1;35morg.springframework.data.convert.CustomConversions&amp#27;[0;39m ： Adding converter from class org.joda.time.LocalDateTime to class java.time.Instant as writing converter.
2023-08-25 00:37:28.900 &amp#27;[33mDEBUG&amp#27;[0;39m [main] &amp#27;[1;35morg.springframework.data.convert.CustomConversions&amp#27;[0;39m ： Adding converter from class org.joda.time.LocalDateTime to class java.time.LocalDateTime as writing converter.
2023-08-25 00:37:28.900 &amp#27;[33mDEBUG&amp#27;[0;39m [main] &amp#27;[1;35morg.springframework.data.convert.CustomConversions&amp#27;[0;39m ： Adding converter from class java.util.Date to class java.time.LocalDateTime as reading converter.
2023-08-25 00:37:28.900 &amp#27;[33mDEBUG&amp#27;[0;39m [main] &amp#27;[1;35morg.springframework.data.convert.CustomConversions&amp#27;[0;39m ： Adding converter from class java.time.LocalDateTime to class java.util.Date as writing converter.
2023-08-25 00:37:28.900 &amp#27;[33mDEBUG&amp#27;[0;39m [main] &amp#27;[1;35morg.springframework.data.convert.CustomConversions&amp#27;[0;39m ： Adding converter from class java.util.Date to class java.time.LocalDate as reading converter.
2023-08-25 00:37:28.900 &amp#27;[33mDEBUG&amp#27;[0;39m [main] &amp#27;[1;35morg.springframework.data.convert.CustomConversions&amp#27;[0;39m ： Adding converter from class java.time.LocalDate to class java.util.Date as writing converter.
2023-08-25 00:37:28.900 &amp#27;[33mDEBUG&amp#27;[0;39m [main] &amp#27;[1;35morg.springframework.data.convert.CustomConversions&amp#27;[0;39m ： Adding converter from class java.util.Date to class java.time.LocalTime as reading converter.
2023-08-25 00:37:28.900 &amp#27;[33mDEBUG&amp#27;[0;39m [main] &amp#27;[1;35morg.springframework.data.convert.CustomConversions&amp#27;[0;39m ： Adding converter from class java.time.LocalTime to class java.util.Date as writing converter.
2023-08-25 00:37:28.900 &amp#27;[33mDEBUG&amp#27;[0;39m [main] &amp#27;[1;35morg.springframework.data.convert.CustomConversions&amp#27;[0;39m ： Adding converter from class java.util.Date to class java.time.Instant as reading converter.
2023-08-25 00:37:28.900 &amp#27;[33mDEBUG&amp#27;[0;39m [main] &amp#27;[1;35morg.springframework.data.convert.CustomConversions&amp#27;[0;39m ： Adding converter from class java.time.Instant to class java.util.Date as writing converter.
2023-08-25 00:37:28.900 &amp#27;[33mDEBUG&amp#27;[0;39m [main] &amp#27;[1;35morg.springframework.data.convert.CustomConversions&amp#27;[0;39m ： Adding converter from class java.time.LocalDateTime to class java.time.Instant as reading converter.
2023-08-25 00:37:28.900 &amp#27;[33mDEBUG&amp#27;[0;39m [main] &amp#27;[1;35morg.springframework.data.convert.CustomConversions&amp#27;[0;39m ： Adding converter from class java.time.Instant to class java.time.LocalDateTime as reading converter.
2023-08-25 00:37:28.900 &amp#27;[33mDEBUG&amp#27;[0;39m [main] &amp#27;[1;35morg.springframework.data.convert.CustomConversions&amp#27;[0;39m ： Adding converter from class java.time.ZoneId to class java.lang.String as writing converter.
2023-08-25 00:37:28.900 &amp#27;[33mDEBUG&amp#27;[0;39m [main] &amp#27;[1;35morg.springframework.data.convert.CustomConversions&amp#27;[0;39m ： Adding converter from class java.lang.String to class java.time.ZoneId as reading converter.
2023-08-25 00:37:28.900 &amp#27;[33mDEBUG&amp#27;[0;39m [main] &amp#27;[1;35morg.springframework.data.convert.CustomConversions&amp#27;[0;39m ： Adding converter from class java.time.Duration to class java.lang.String as writing converter.
2023-08-25 00:37:28.900 &amp#27;[33mDEBUG&amp#27;[0;39m [main] &amp#27;[1;35morg.springframework.data.convert.CustomConversions&amp#27;[0;39m ： Adding converter from class java.lang.String to class java.time.Duration as reading converter.
2023-08-25 00:37:28.900 &amp#27;[33mDEBUG&amp#27;[0;39m [main] &amp#27;[1;35morg.springframework.data.convert.CustomConversions&amp#27;[0;39m ： Adding converter from class java.time.Period to class java.lang.String as writing converter.
2023-08-25 00:37:28.900 &amp#27;[33mDEBUG&amp#27;[0;39m [main] &amp#27;[1;35morg.springframework.data.convert.CustomConversions&amp#27;[0;39m ： Adding converter from class java.lang.String to class java.time.Period as reading converter.
2023-08-25 00:37:28.900 &amp#27;[33mDEBUG&amp#27;[0;39m [main] &amp#27;[1;35morg.springframework.data.convert.CustomConversions&amp#27;[0;39m ： Adding converter from class java.lang.String to class java.time.LocalDate as reading converter.
2023-08-25 00:37:28.900 &amp#27;[33mDEBUG&amp#27;[0;39m [main] &amp#27;[1;35morg.springframework.data.convert.CustomConversions&amp#27;[0;39m ： Adding converter from class java.lang.String to class java.time.LocalDateTime as reading converter.
2023-08-25 00:37:28.900 &amp#27;[33mDEBUG&amp#27;[0;39m [main] &amp#27;[1;35morg.springframework.data.convert.CustomConversions&amp#27;[0;39m ： Adding converter from class java.lang.String to class java.time.Instant as reading converter.
2023-08-25 00:37:28.902 &amp#27;[33mDEBUG&amp#27;[0;39m [main] &amp#27;[1;35morg.springframework.data.convert.CustomConversions&amp#27;[0;39m ： Adding converter from class java.lang.String to class [B as writing converter.
2023-08-25 00:37:28.902 &amp#27;[33mDEBUG&amp#27;[0;39m [main] &amp#27;[1;35morg.springframework.data.convert.CustomConversions&amp#27;[0;39m ： Adding converter from class [B to class java.lang.String as reading converter.
2023-08-25 00:37:28.902 &amp#27;[33mDEBUG&amp#27;[0;39m [main] &amp#27;[1;35morg.springframework.data.convert.CustomConversions&amp#27;[0;39m ： Adding converter from class java.lang.Number to class [B as writing converter.
2023-08-25 00:37:28.902 &amp#27;[33mDEBUG&amp#27;[0;39m [main] &amp#27;[1;35morg.springframework.data.convert.CustomConversions&amp#27;[0;39m ： Adding converter from class [B to class java.lang.Number as reading converter.
2023-08-25 00:37:28.902 &amp#27;[33mDEBUG&amp#27;[0;39m [main] &amp#27;[1;35morg.springframework.data.convert.CustomConversions&amp#27;[0;39m ： Adding converter from class java.lang.Enum to class [B as writing converter.
2023-08-25 00:37:28.902 &amp#27;[33mDEBUG&amp#27;[0;39m [main] &amp#27;[1;35morg.springframework.data.convert.CustomConversions&amp#27;[0;39m ： Adding converter from class [B to class java.lang.Enum as reading converter.
2023-08-25 00:37:28.902 &amp#27;[33mDEBUG&amp#27;[0;39m [main] &amp#27;[1;35morg.springframework.data.convert.CustomConversions&amp#27;[0;39m ： Adding converter from class java.lang.Boolean to class [B as writing converter.
2023-08-25 00:37:28.902 &amp#27;[33mDEBUG&amp#27;[0;39m [main] &amp#27;[1;35morg.springframework.data.convert.CustomConversions&amp#27;[0;39m ： Adding converter from class [B to class java.lang.Boolean as reading converter.
2023-08-25 00:37:28.902 &amp#27;[33mDEBUG&amp#27;[0;39m [main] &amp#27;[1;35morg.springframework.data.convert.CustomConversions&amp#27;[0;39m ： Adding converter from class java.util.Date to class [B as writing converter.
2023-08-25 00:37:28.902 &amp#27;[33mDEBUG&amp#27;[0;39m [main] &amp#27;[1;35morg.springframework.data.convert.CustomConversions&amp#27;[0;39m ： Adding converter from class [B to class java.util.Date as reading converter.
2023-08-25 00:37:28.902 &amp#27;[33mDEBUG&amp#27;[0;39m [main] &amp#27;[1;35morg.springframework.data.convert.CustomConversions&amp#27;[0;39m ： Adding converter from class java.util.UUID to class [B as writing converter.
2023-08-25 00:37:28.902 &amp#27;[33mDEBUG&amp#27;[0;39m [main] &amp#27;[1;35morg.springframework.data.convert.CustomConversions&amp#27;[0;39m ： Adding converter from class [B to class java.util.UUID as reading converter.
2023-08-25 00:37:28.902 &amp#27;[33mDEBUG&amp#27;[0;39m [main] &amp#27;[1;35morg.springframework.data.convert.CustomConversions&amp#27;[0;39m ： Adding converter from class java.time.LocalDateTime to class [B as writing converter.
2023-08-25 00:37:28.902 &amp#27;[33mDEBUG&amp#27;[0;39m [main] &amp#27;[1;35morg.springframework.data.convert.CustomConversions&amp#27;[0;39m ： Adding converter from class [B to class java.time.LocalDateTime as reading converter.
2023-08-25 00:37:28.902 &amp#27;[33mDEBUG&amp#27;[0;39m [main] &amp#27;[1;35morg.springframework.data.convert.CustomConversions&amp#27;[0;39m ： Adding converter from class java.time.LocalDate to class [B as writing converter.
2023-08-25 00:37:28.902 &amp#27;[33mDEBUG&amp#27;[0;39m [main] &amp#27;[1;35morg.springframework.data.convert.CustomConversions&amp#27;[0;39m ： Adding converter from class [B to class java.time.LocalDate as reading converter.
2023-08-25 00:37:28.902 &amp#27;[33mDEBUG&amp#27;[0;39m [main] &amp#27;[1;35morg.springframework.data.convert.CustomConversions&amp#27;[0;39m ： Adding converter from class java.time.LocalTime to class [B as writing converter.
2023-08-25 00:37:28.902 &amp#27;[33mDEBUG&amp#27;[0;39m [main] &amp#27;[1;35morg.springframework.data.convert.CustomConversions&amp#27;[0;39m ： Adding converter from class [B to class java.time.LocalTime as reading converter.
2023-08-25 00:37:28.902 &amp#27;[33mDEBUG&amp#27;[0;39m [main] &amp#27;[1;35morg.springframework.data.convert.CustomConversions&amp#27;[0;39m ： Adding converter from class java.time.ZonedDateTime to class [B as writing converter.
2023-08-25 00:37:28.902 &amp#27;[33mDEBUG&amp#27;[0;39m [main] &amp#27;[1;35morg.springframework.data.convert.CustomConversions&amp#27;[0;39m ： Adding converter from class [B to class java.time.ZonedDateTime as reading converter.
2023-08-25 00:37:28.902 &amp#27;[33mDEBUG&amp#27;[0;39m [main] &amp#27;[1;35morg.springframework.data.convert.CustomConversions&amp#27;[0;39m ： Adding converter from class java.time.Instant to class [B as writing converter.
2023-08-25 00:37:28.902 &amp#27;[33mDEBUG&amp#27;[0;39m [main] &amp#27;[1;35morg.springframework.data.convert.CustomConversions&amp#27;[0;39m ： Adding converter from class [B to class java.time.Instant as reading converter.
2023-08-25 00:37:28.902 &amp#27;[33mDEBUG&amp#27;[0;39m [main] &amp#27;[1;35morg.springframework.data.convert.CustomConversions&amp#27;[0;39m ： Adding converter from class java.time.ZoneId to class [B as writing converter.
2023-08-25 00:37:28.902 &amp#27;[33mDEBUG&amp#27;[0;39m [main] &amp#27;[1;35morg.springframework.data.convert.CustomConversions&amp#27;[0;39m ： Adding converter from class [B to class java.time.ZoneId as reading converter.
2023-08-25 00:37:28.902 &amp#27;[33mDEBUG&amp#27;[0;39m [main] &amp#27;[1;35morg.springframework.data.convert.CustomConversions&amp#27;[0;39m ： Adding converter from class java.time.Period to class [B as writing converter.
2023-08-25 00:37:28.902 &amp#27;[33mDEBUG&amp#27;[0;39m [main] &amp#27;[1;35morg.springframework.data.convert.CustomConversions&amp#27;[0;39m ： Adding converter from class [B to class java.time.Period as reading converter.
2023-08-25 00:37:28.902 &amp#27;[33mDEBUG&amp#27;[0;39m [main] &amp#27;[1;35morg.springframework.data.convert.CustomConversions&amp#27;[0;39m ： Adding converter from class java.time.Duration to class [B as writing converter.
2023-08-25 00:37:28.902 &amp#27;[33mDEBUG&amp#27;[0;39m [main] &amp#27;[1;35morg.springframework.data.convert.CustomConversions&amp#27;[0;39m ： Adding converter from class [B to class java.time.Duration as reading converter.
2023-08-25 00:37:28.902 &amp#27;[33mDEBUG&amp#27;[0;39m [main] &amp#27;[1;35morg.springframework.data.convert.CustomConversions&amp#27;[0;39m ： Adding converter from class org.joda.time.LocalDate to class java.util.Date as writing converter.
2023-08-25 00:37:28.902 &amp#27;[33mDEBUG&amp#27;[0;39m [main] &amp#27;[1;35morg.springframework.data.convert.CustomConversions&amp#27;[0;39m ： Adding converter from class org.joda.time.LocalDateTime to class java.util.Date as writing converter.
2023-08-25 00:37:28.902 &amp#27;[33mDEBUG&amp#27;[0;39m [main] &amp#27;[1;35morg.springframework.data.convert.CustomConversions&amp#27;[0;39m ： Adding converter from class org.joda.time.DateTime to class java.util.Date as writing converter.
2023-08-25 00:37:28.902 &amp#27;[33mDEBUG&amp#27;[0;39m [main] &amp#27;[1;35morg.springframework.data.convert.CustomConversions&amp#27;[0;39m ： Adding converter from class java.util.Date to class org.joda.time.LocalDate as reading converter.
2023-08-25 00:37:28.903 &amp#27;[33mDEBUG&amp#27;[0;39m [main] &amp#27;[1;35morg.springframework.data.convert.CustomConversions&amp#27;[0;39m ： Adding converter from class java.util.Date to class org.joda.time.LocalDateTime as reading converter.
2023-08-25 00:37:28.903 &amp#27;[33mDEBUG&amp#27;[0;39m [main] &amp#27;[1;35morg.springframework.data.convert.CustomConversions&amp#27;[0;39m ： Adding converter from class java.util.Date to class org.joda.time.DateTime as reading converter.
2023-08-25 00:37:28.903 &amp#27;[33mDEBUG&amp#27;[0;39m [main] &amp#27;[1;35morg.springframework.data.convert.CustomConversions&amp#27;[0;39m ： Adding converter from class java.time.LocalDateTime to class org.joda.time.LocalDateTime as reading converter.
2023-08-25 00:37:28.903 &amp#27;[33mDEBUG&amp#27;[0;39m [main] &amp#27;[1;35morg.springframework.data.convert.CustomConversions&amp#27;[0;39m ： Adding converter from class java.time.LocalDateTime to class org.joda.time.DateTime as reading converter.
2023-08-25 00:37:28.903 &amp#27;[33mDEBUG&amp#27;[0;39m [main] &amp#27;[1;35morg.springframework.data.convert.CustomConversions&amp#27;[0;39m ： Adding converter from class java.time.Instant to class org.joda.time.LocalDateTime as reading converter.
2023-08-25 00:37:28.903 &amp#27;[33mDEBUG&amp#27;[0;39m [main] &amp#27;[1;35morg.springframework.data.convert.CustomConversions&amp#27;[0;39m ： Adding converter from class org.joda.time.LocalDateTime to class java.time.Instant as writing converter.
2023-08-25 00:37:28.903 &amp#27;[33mDEBUG&amp#27;[0;39m [main] &amp#27;[1;35morg.springframework.data.convert.CustomConversions&amp#27;[0;39m ： Adding converter from class org.joda.time.LocalDateTime to class java.time.LocalDateTime as writing converter.
2023-08-25 00:37:28.903 &amp#27;[33mDEBUG&amp#27;[0;39m [main] &amp#27;[1;35morg.springframework.data.convert.CustomConversions&amp#27;[0;39m ： Adding converter from class java.util.Date to class java.time.LocalDateTime as reading converter.
2023-08-25 00:37:28.903 &amp#27;[33mDEBUG&amp#27;[0;39m [main] &amp#27;[1;35morg.springframework.data.convert.CustomConversions&amp#27;[0;39m ： Adding converter from class java.time.LocalDateTime to class java.util.Date as writing converter.
2023-08-25 00:37:28.903 &amp#27;[33mDEBUG&amp#27;[0;39m [main] &amp#27;[1;35morg.springframework.data.convert.CustomConversions&amp#27;[0;39m ： Adding converter from class java.util.Date to class java.time.LocalDate as reading converter.
2023-08-25 00:37:28.903 &amp#27;[33mDEBUG&amp#27;[0;39m [main] &amp#27;[1;35morg.springframework.data.convert.CustomConversions&amp#27;[0;39m ： Adding converter from class java.time.LocalDate to class java.util.Date as writing converter.
2023-08-25 00:37:28.903 &amp#27;[33mDEBUG&amp#27;[0;39m [main] &amp#27;[1;35morg.springframework.data.convert.CustomConversions&amp#27;[0;39m ： Adding converter from class java.util.Date to class java.time.LocalTime as reading converter.
2023-08-25 00:37:28.903 &amp#27;[33mDEBUG&amp#27;[0;39m [main] &amp#27;[1;35morg.springframework.data.convert.CustomConversions&amp#27;[0;39m ： Adding converter from class java.time.LocalTime to class java.util.Date as writing converter.
2023-08-25 00:37:28.903 &amp#27;[33mDEBUG&amp#27;[0;39m [main] &amp#27;[1;35morg.springframework.data.convert.CustomConversions&amp#27;[0;39m ： Adding converter from class java.util.Date to class java.time.Instant as reading converter.
2023-08-25 00:37:28.903 &amp#27;[33mDEBUG&amp#27;[0;39m [main] &amp#27;[1;35morg.springframework.data.convert.CustomConversions&amp#27;[0;39m ： Adding converter from class java.time.Instant to class java.util.Date as writing converter.
2023-08-25 00:37:28.903 &amp#27;[33mDEBUG&amp#27;[0;39m [main] &amp#27;[1;35morg.springframework.data.convert.CustomConversions&amp#27;[0;39m ： Adding converter from class java.time.LocalDateTime to class java.time.Instant as reading converter.
2023-08-25 00:37:28.903 &amp#27;[33mDEBUG&amp#27;[0;39m [main] &amp#27;[1;35morg.springframework.data.convert.CustomConversions&amp#27;[0;39m ： Adding converter from class java.time.Instant to class java.time.LocalDateTime as reading converter.
2023-08-25 00:37:28.903 &amp#27;[33mDEBUG&amp#27;[0;39m [main] &amp#27;[1;35morg.springframework.data.convert.CustomConversions&amp#27;[0;39m ： Adding converter from class java.time.ZoneId to class java.lang.String as writing converter.
2023-08-25 00:37:28.903 &amp#27;[33mDEBUG&amp#27;[0;39m [main] &amp#27;[1;35morg.springframework.data.convert.CustomConversions&amp#27;[0;39m ： Adding converter from class java.lang.String to class java.time.ZoneId as reading converter.
2023-08-25 00:37:28.903 &amp#27;[33mDEBUG&amp#27;[0;39m [main] &amp#27;[1;35morg.springframework.data.convert.CustomConversions&amp#27;[0;39m ： Adding converter from class java.time.Duration to class java.lang.String as writing converter.
2023-08-25 00:37:28.903 &amp#27;[33mDEBUG&amp#27;[0;39m [main] &amp#27;[1;35morg.springframework.data.convert.CustomConversions&amp#27;[0;39m ： Adding converter from class java.lang.String to class java.time.Duration as reading converter.
2023-08-25 00:37:28.904 &amp#27;[33mDEBUG&amp#27;[0;39m [main] &amp#27;[1;35morg.springframework.data.convert.CustomConversions&amp#27;[0;39m ： Adding converter from class java.time.Period to class java.lang.String as writing converter.
2023-08-25 00:37:28.904 &amp#27;[33mDEBUG&amp#27;[0;39m [main] &amp#27;[1;35morg.springframework.data.convert.CustomConversions&amp#27;[0;39m ： Adding converter from class java.lang.String to class java.time.Period as reading converter.
2023-08-25 00:37:28.904 &amp#27;[33mDEBUG&amp#27;[0;39m [main] &amp#27;[1;35morg.springframework.data.convert.CustomConversions&amp#27;[0;39m ： Adding converter from class java.lang.String to class java.time.LocalDate as reading converter.
2023-08-25 00:37:28.904 &amp#27;[33mDEBUG&amp#27;[0;39m [main] &amp#27;[1;35morg.springframework.data.convert.CustomConversions&amp#27;[0;39m ： Adding converter from class java.lang.String to class java.time.LocalDateTime as reading converter.
2023-08-25 00:37:28.904 &amp#27;[33mDEBUG&amp#27;[0;39m [main] &amp#27;[1;35morg.springframework.data.convert.CustomConversions&amp#27;[0;39m ： Adding converter from class java.lang.String to class java.time.Instant as reading converter.
2023-08-25 00:37:28.909 &amp#27;[33mDEBUG&amp#27;[0;39m [main] &amp#27;[1;35morg.springframework.data.convert.CustomConversions&amp#27;[0;39m ： Adding converter from class java.lang.String to class [B as writing converter.
2023-08-25 00:37:28.909 &amp#27;[33mDEBUG&amp#27;[0;39m [main] &amp#27;[1;35morg.springframework.data.convert.CustomConversions&amp#27;[0;39m ： Adding converter from class [B to class java.lang.String as reading converter.
2023-08-25 00:37:28.909 &amp#27;[33mDEBUG&amp#27;[0;39m [main] &amp#27;[1;35morg.springframework.data.convert.CustomConversions&amp#27;[0;39m ： Adding converter from class java.lang.Number to class [B as writing converter.
2023-08-25 00:37:28.909 &amp#27;[33mDEBUG&amp#27;[0;39m [main] &amp#27;[1;35morg.springframework.data.convert.CustomConversions&amp#27;[0;39m ： Adding converter from class [B to class java.lang.Number as reading converter.
2023-08-25 00:37:28.909 &amp#27;[33mDEBUG&amp#27;[0;39m [main] &amp#27;[1;35morg.springframework.data.convert.CustomConversions&amp#27;[0;39m ： Adding converter from class java.lang.Enum to class [B as writing converter.
2023-08-25 00:37:28.909 &amp#27;[33mDEBUG&amp#27;[0;39m [main] &amp#27;[1;35morg.springframework.data.convert.CustomConversions&amp#27;[0;39m ： Adding converter from class [B to class java.lang.Enum as reading converter.
2023-08-25 00:37:28.909 &amp#27;[33mDEBUG&amp#27;[0;39m [main] &amp#27;[1;35morg.springframework.data.convert.CustomConversions&amp#27;[0;39m ： Adding converter from class java.lang.Boolean to class [B as writing converter.
2023-08-25 00:37:28.909 &amp#27;[33mDEBUG&amp#27;[0;39m [main] &amp#27;[1;35morg.springframework.data.convert.CustomConversions&amp#27;[0;39m ： Adding converter from class [B to class java.lang.Boolean as reading converter.
2023-08-25 00:37:28.909 &amp#27;[33mDEBUG&amp#27;[0;39m [main] &amp#27;[1;35morg.springframework.data.convert.CustomConversions&amp#27;[0;39m ： Adding converter from class java.util.Date to class [B as writing converter.
2023-08-25 00:37:28.909 &amp#27;[33mDEBUG&amp#27;[0;39m [main] &amp#27;[1;35morg.springframework.data.convert.CustomConversions&amp#27;[0;39m ： Adding converter from class [B to class java.util.Date as reading converter.
2023-08-25 00:37:28.909 &amp#27;[33mDEBUG&amp#27;[0;39m [main] &amp#27;[1;35morg.springframework.data.convert.CustomConversions&amp#27;[0;39m ： Adding converter from class java.util.UUID to class [B as writing converter.
2023-08-25 00:37:28.909 &amp#27;[33mDEBUG&amp#27;[0;39m [main] &amp#27;[1;35morg.springframework.data.convert.CustomConversions&amp#27;[0;39m ： Adding converter from class [B to class java.util.UUID as reading converter.
2023-08-25 00:37:28.909 &amp#27;[33mDEBUG&amp#27;[0;39m [main] &amp#27;[1;35morg.springframework.data.convert.CustomConversions&amp#27;[0;39m ： Adding converter from class java.time.LocalDateTime to class [B as writing converter.
2023-08-25 00:37:28.909 &amp#27;[33mDEBUG&amp#27;[0;39m [main] &amp#27;[1;35morg.springframework.data.convert.CustomConversions&amp#27;[0;39m ： Adding converter from class [B to class java.time.LocalDateTime as reading converter.
2023-08-25 00:37:28.909 &amp#27;[33mDEBUG&amp#27;[0;39m [main] &amp#27;[1;35morg.springframework.data.convert.CustomConversions&amp#27;[0;39m ： Adding converter from class java.time.LocalDate to class [B as writing converter.
2023-08-25 00:37:28.909 &amp#27;[33mDEBUG&amp#27;[0;39m [main] &amp#27;[1;35morg.springframework.data.convert.CustomConversions&amp#27;[0;39m ： Adding converter from class [B to class java.time.LocalDate as reading converter.
2023-08-25 00:37:28.909 &amp#27;[33mDEBUG&amp#27;[0;39m [main] &amp#27;[1;35morg.springframework.data.convert.CustomConversions&amp#27;[0;39m ： Adding converter from class java.time.LocalTime to class [B as writing converter.
2023-08-25 00:37:28.909 &amp#27;[33mDEBUG&amp#27;[0;39m [main] &amp#27;[1;35morg.springframework.data.convert.CustomConversions&amp#27;[0;39m ： Adding converter from class [B to class java.time.LocalTime as reading converter.
2023-08-25 00:37:28.909 &amp#27;[33mDEBUG&amp#27;[0;39m [main] &amp#27;[1;35morg.springframework.data.convert.CustomConversions&amp#27;[0;39m ： Adding converter from class java.time.ZonedDateTime to class [B as writing converter.
2023-08-25 00:37:28.909 &amp#27;[33mDEBUG&amp#27;[0;39m [main] &amp#27;[1;35morg.springframework.data.convert.CustomConversions&amp#27;[0;39m ： Adding converter from class [B to class java.time.ZonedDateTime as reading converter.
2023-08-25 00:37:28.909 &amp#27;[33mDEBUG&amp#27;[0;39m [main] &amp#27;[1;35morg.springframework.data.convert.CustomConversions&amp#27;[0;39m ： Adding converter from class java.time.Instant to class [B as writing converter.
2023-08-25 00:37:28.909 &amp#27;[33mDEBUG&amp#27;[0;39m [main] &amp#27;[1;35morg.springframework.data.convert.CustomConversions&amp#27;[0;39m ： Adding converter from class [B to class java.time.Instant as reading converter.
2023-08-25 00:37:28.909 &amp#27;[33mDEBUG&amp#27;[0;39m [main] &amp#27;[1;35morg.springframework.data.convert.CustomConversions&amp#27;[0;39m ： Adding converter from class java.time.ZoneId to class [B as writing converter.
2023-08-25 00:37:28.909 &amp#27;[33mDEBUG&amp#27;[0;39m [main] &amp#27;[1;35morg.springframework.data.convert.CustomConversions&amp#27;[0;39m ： Adding converter from class [B to class java.time.ZoneId as reading converter.
2023-08-25 00:37:28.909 &amp#27;[33mDEBUG&amp#27;[0;39m [main] &amp#27;[1;35morg.springframework.data.convert.CustomConversions&amp#27;[0;39m ： Adding converter from class java.time.Period to class [B as writing converter.
2023-08-25 00:37:28.909 &amp#27;[33mDEBUG&amp#27;[0;39m [main] &amp#27;[1;35morg.springframework.data.convert.CustomConversions&amp#27;[0;39m ： Adding converter from class [B to class java.time.Period as reading converter.
2023-08-25 00:37:28.909 &amp#27;[33mDEBUG&amp#27;[0;39m [main] &amp#27;[1;35morg.springframework.data.convert.CustomConversions&amp#27;[0;39m ： Adding converter from class java.time.Duration to class [B as writing converter.
2023-08-25 00:37:28.909 &amp#27;[33mDEBUG&amp#27;[0;39m [main] &amp#27;[1;35morg.springframework.data.convert.CustomConversions&amp#27;[0;39m ： Adding converter from class [B to class java.time.Duration as reading converter.
2023-08-25 00:37:28.909 &amp#27;[33mDEBUG&amp#27;[0;39m [main] &amp#27;[1;35morg.springframework.data.convert.CustomConversions&amp#27;[0;39m ： Adding converter from class org.joda.time.LocalDate to class java.util.Date as writing converter.
2023-08-25 00:37:28.910 &amp#27;[33mDEBUG&amp#27;[0;39m [main] &amp#27;[1;35morg.springframework.data.convert.CustomConversions&amp#27;[0;39m ： Adding converter from class org.joda.time.LocalDateTime to class java.util.Date as writing converter.
2023-08-25 00:37:28.910 &amp#27;[33mDEBUG&amp#27;[0;39m [main] &amp#27;[1;35morg.springframework.data.convert.CustomConversions&amp#27;[0;39m ： Adding converter from class org.joda.time.DateTime to class java.util.Date as writing converter.
2023-08-25 00:37:28.910 &amp#27;[33mDEBUG&amp#27;[0;39m [main] &amp#27;[1;35morg.springframework.data.convert.CustomConversions&amp#27;[0;39m ： Adding converter from class java.util.Date to class org.joda.time.LocalDate as reading converter.
2023-08-25 00:37:28.910 &amp#27;[33mDEBUG&amp#27;[0;39m [main] &amp#27;[1;35morg.springframework.data.convert.CustomConversions&amp#27;[0;39m ： Adding converter from class java.util.Date to class org.joda.time.LocalDateTime as reading converter.
2023-08-25 00:37:28.910 &amp#27;[33mDEBUG&amp#27;[0;39m [main] &amp#27;[1;35morg.springframework.data.convert.CustomConversions&amp#27;[0;39m ： Adding converter from class java.util.Date to class org.joda.time.DateTime as reading converter.
2023-08-25 00:37:28.910 &amp#27;[33mDEBUG&amp#27;[0;39m [main] &amp#27;[1;35morg.springframework.data.convert.CustomConversions&amp#27;[0;39m ： Adding converter from class java.time.LocalDateTime to class org.joda.time.LocalDateTime as reading converter.
2023-08-25 00:37:28.910 &amp#27;[33mDEBUG&amp#27;[0;39m [main] &amp#27;[1;35morg.springframework.data.convert.CustomConversions&amp#27;[0;39m ： Adding converter from class java.time.LocalDateTime to class org.joda.time.DateTime as reading converter.
2023-08-25 00:37:28.910 &amp#27;[33mDEBUG&amp#27;[0;39m [main] &amp#27;[1;35morg.springframework.data.convert.CustomConversions&amp#27;[0;39m ： Adding converter from class java.time.Instant to class org.joda.time.LocalDateTime as reading converter.
2023-08-25 00:37:28.910 &amp#27;[33mDEBUG&amp#27;[0;39m [main] &amp#27;[1;35morg.springframework.data.convert.CustomConversions&amp#27;[0;39m ： Adding converter from class org.joda.time.LocalDateTime to class java.time.Instant as writing converter.
2023-08-25 00:37:28.910 &amp#27;[33mDEBUG&amp#27;[0;39m [main] &amp#27;[1;35morg.springframework.data.convert.CustomConversions&amp#27;[0;39m ： Adding converter from class org.joda.time.LocalDateTime to class java.time.LocalDateTime as writing converter.
2023-08-25 00:37:28.910 &amp#27;[33mDEBUG&amp#27;[0;39m [main] &amp#27;[1;35morg.springframework.data.convert.CustomConversions&amp#27;[0;39m ： Adding converter from class java.util.Date to class java.time.LocalDateTime as reading converter.
2023-08-25 00:37:28.910 &amp#27;[33mDEBUG&amp#27;[0;39m [main] &amp#27;[1;35morg.springframework.data.convert.CustomConversions&amp#27;[0;39m ： Adding converter from class java.time.LocalDateTime to class java.util.Date as writing converter.
2023-08-25 00:37:28.910 &amp#27;[33mDEBUG&amp#27;[0;39m [main] &amp#27;[1;35morg.springframework.data.convert.CustomConversions&amp#27;[0;39m ： Adding converter from class java.util.Date to class java.time.LocalDate as reading converter.
2023-08-25 00:37:28.910 &amp#27;[33mDEBUG&amp#27;[0;39m [main] &amp#27;[1;35morg.springframework.data.convert.CustomConversions&amp#27;[0;39m ： Adding converter from class java.time.LocalDate to class java.util.Date as writing converter.
2023-08-25 00:37:28.910 &amp#27;[33mDEBUG&amp#27;[0;39m [main] &amp#27;[1;35morg.springframework.data.convert.CustomConversions&amp#27;[0;39m ： Adding converter from class java.util.Date to class java.time.LocalTime as reading converter.
2023-08-25 00:37:28.910 &amp#27;[33mDEBUG&amp#27;[0;39m [main] &amp#27;[1;35morg.springframework.data.convert.CustomConversions&amp#27;[0;39m ： Adding converter from class java.time.LocalTime to class java.util.Date as writing converter.
2023-08-25 00:37:28.910 &amp#27;[33mDEBUG&amp#27;[0;39m [main] &amp#27;[1;35morg.springframework.data.convert.CustomConversions&amp#27;[0;39m ： Adding converter from class java.util.Date to class java.time.Instant as reading converter.
2023-08-25 00:37:28.910 &amp#27;[33mDEBUG&amp#27;[0;39m [main] &amp#27;[1;35morg.springframework.data.convert.CustomConversions&amp#27;[0;39m ： Adding converter from class java.time.Instant to class java.util.Date as writing converter.
2023-08-25 00:37:28.910 &amp#27;[33mDEBUG&amp#27;[0;39m [main] &amp#27;[1;35morg.springframework.data.convert.CustomConversions&amp#27;[0;39m ： Adding converter from class java.time.LocalDateTime to class java.time.Instant as reading converter.
2023-08-25 00:37:28.910 &amp#27;[33mDEBUG&amp#27;[0;39m [main] &amp#27;[1;35morg.springframework.data.convert.CustomConversions&amp#27;[0;39m ： Adding converter from class java.time.Instant to class java.time.LocalDateTime as reading converter.
2023-08-25 00:37:28.910 &amp#27;[33mDEBUG&amp#27;[0;39m [main] &amp#27;[1;35morg.springframework.data.convert.CustomConversions&amp#27;[0;39m ： Adding converter from class java.time.ZoneId to class java.lang.String as writing converter.
2023-08-25 00:37:28.910 &amp#27;[33mDEBUG&amp#27;[0;39m [main] &amp#27;[1;35morg.springframework.data.convert.CustomConversions&amp#27;[0;39m ： Adding converter from class java.lang.String to class java.time.ZoneId as reading converter.
2023-08-25 00:37:28.910 &amp#27;[33mDEBUG&amp#27;[0;39m [main] &amp#27;[1;35morg.springframework.data.convert.CustomConversions&amp#27;[0;39m ： Adding converter from class java.time.Duration to class java.lang.String as writing converter.
2023-08-25 00:37:28.910 &amp#27;[33mDEBUG&amp#27;[0;39m [main] &amp#27;[1;35morg.springframework.data.convert.CustomConversions&amp#27;[0;39m ： Adding converter from class java.lang.String to class java.time.Duration as reading converter.
2023-08-25 00:37:28.910 &amp#27;[33mDEBUG&amp#27;[0;39m [main] &amp#27;[1;35morg.springframework.data.convert.CustomConversions&amp#27;[0;39m ： Adding converter from class java.time.Period to class java.lang.String as writing converter.
2023-08-25 00:37:28.910 &amp#27;[33mDEBUG&amp#27;[0;39m [main] &amp#27;[1;35morg.springframework.data.convert.CustomConversions&amp#27;[0;39m ： Adding converter from class java.lang.String to class java.time.Period as reading converter.
2023-08-25 00:37:28.910 &amp#27;[33mDEBUG&amp#27;[0;39m [main] &amp#27;[1;35morg.springframework.data.convert.CustomConversions&amp#27;[0;39m ： Adding converter from class java.lang.String to class java.time.LocalDate as reading converter.
2023-08-25 00:37:28.910 &amp#27;[33mDEBUG&amp#27;[0;39m [main] &amp#27;[1;35morg.springframework.data.convert.CustomConversions&amp#27;[0;39m ： Adding converter from class java.lang.String to class java.time.LocalDateTime as reading converter.
2023-08-25 00:37:28.910 &amp#27;[33mDEBUG&amp#27;[0;39m [main] &amp#27;[1;35morg.springframework.data.convert.CustomConversions&amp#27;[0;39m ： Adding converter from class java.lang.String to class java.time.Instant as reading converter.
2023-08-25 00:37:28.949 &amp#27;[33mDEBUG&amp#27;[0;39m [main] &amp#27;[1;35mk.beans.factory.support.DefaultListableBeanFactory&amp#27;[0;39m ： Autowiring by type from bean name 'redisUtil' via constructor to bean named 'redisTemplate'
2023-08-25 00:37:28.952 &amp#27;[33mDEBUG&amp#27;[0;39m [main] &amp#27;[1;35mk.beans.factory.support.DefaultListableBeanFactory&amp#27;[0;39m ： Creating shared instance of singleton bean 'jacksonObjectMapper'
2023-08-25 00:37:28.952 &amp#27;[33mDEBUG&amp#27;[0;39m [main] &amp#27;[1;35mk.beans.factory.support.DefaultListableBeanFactory&amp#27;[0;39m ： Creating shared instance of singleton bean 'org.springframework.boot.autoconfigure.jackson.JacksonAutoConfiguration$JacksonObjectMapperConfiguration'
2023-08-25 00:37:28.955 &amp#27;[33mDEBUG&amp#27;[0;39m [main] &amp#27;[1;35mk.beans.factory.support.DefaultListableBeanFactory&amp#27;[0;39m ： Creating shared instance of singleton bean 'org.springframework.boot.autoconfigure.jackson.JacksonAutoConfiguration$JacksonObjectMapperBuilderConfiguration'
2023-08-25 00:37:28.956 &amp#27;[33mDEBUG&amp#27;[0;39m [main] &amp#27;[1;35mk.beans.factory.support.DefaultListableBeanFactory&amp#27;[0;39m ： Creating shared instance of singleton bean 'standardJacksonObjectMapperBuilderCustomizer'
2023-08-25 00:37:28.956 &amp#27;[33mDEBUG&amp#27;[0;39m [main] &amp#27;[1;35mk.beans.factory.support.DefaultListableBeanFactory&amp#27;[0;39m ： Creating shared instance of singleton bean 'org.springframework.boot.autoconfigure.jackson.JacksonAutoConfiguration$Jackson2ObjectMapperBuilderCustomizerConfiguration'
2023-08-25 00:37:28.958 &amp#27;[33mDEBUG&amp#27;[0;39m [main] &amp#27;[1;35mk.beans.factory.support.DefaultListableBeanFactory&amp#27;[0;39m ： Creating shared instance of singleton bean 'spring.jackson-org.springframework.boot.autoconfigure.jackson.JacksonProperties'
2023-08-25 00:37:28.960 &amp#27;[33mDEBUG&amp#27;[0;39m [main] &amp#27;[1;35mk.beans.factory.support.DefaultListableBeanFactory&amp#27;[0;39m ： Autowiring by type from bean name 'standardJacksonObjectMapperBuilderCustomizer' via factory method to bean named 'org.springframework.web.context.support.GenericWebApplicationContext@654d8173'
2023-08-25 00:37:28.960 &amp#27;[33mDEBUG&amp#27;[0;39m [main] &amp#27;[1;35mk.beans.factory.support.DefaultListableBeanFactory&amp#27;[0;39m ： Autowiring by type from bean name 'standardJacksonObjectMapperBuilderCustomizer' via factory method to bean named 'spring.jackson-org.springframework.boot.autoconfigure.jackson.JacksonProperties'
2023-08-25 00:37:28.962 &amp#27;[33mDEBUG&amp#27;[0;39m [main] &amp#27;[1;35mk.beans.factory.support.DefaultListableBeanFactory&amp#27;[0;39m ： Autowiring by type from bean name 'jacksonObjectMapperBuilder' via factory method to bean named 'org.springframework.web.context.support.GenericWebApplicationContext@654d8173'
2023-08-25 00:37:28.963 &amp#27;[33mDEBUG&amp#27;[0;39m [main] &amp#27;[1;35mk.beans.factory.support.DefaultListableBeanFactory&amp#27;[0;39m ： Autowiring by type from bean name 'jacksonObjectMapperBuilder' via factory method to bean named 'standardJacksonObjectMapperBuilderCustomizer'
2023-08-25 00:37:28.964 &amp#27;[33mDEBUG&amp#27;[0;39m [main] &amp#27;[1;35mk.beans.factory.support.DefaultListableBeanFactory&amp#27;[0;39m ： Creating shared instance of singleton bean 'parameterNamesModule'
2023-08-25 00:37:28.964 &amp#27;[33mDEBUG&amp#27;[0;39m [main] &amp#27;[1;35mk.beans.factory.support.DefaultListableBeanFactory&amp#27;[0;39m ： Creating shared instance of singleton bean 'org.springframework.boot.autoconfigure.jackson.JacksonAutoConfiguration$ParameterNamesModuleConfiguration'
2023-08-25 00:37:28.972 &amp#27;[33mDEBUG&amp#27;[0;39m [main] &amp#27;[1;35mk.beans.factory.support.DefaultListableBeanFactory&amp#27;[0;39m ： Creating shared instance of singleton bean 'jsonComponentModule'
2023-08-25 00:37:28.972 &amp#27;[33mDEBUG&amp#27;[0;39m [main] &amp#27;[1;35mk.beans.factory.support.DefaultListableBeanFactory&amp#27;[0;39m ： Creating shared instance of singleton bean 'org.springframework.boot.autoconfigure.jackson.JacksonAutoConfiguration'
2023-08-25 00:37:28.978 &amp#27;[33mDEBUG&amp#27;[0;39m [main] &amp#27;[1;35mk.beans.factory.support.DefaultListableBeanFactory&amp#27;[0;39m ： Creating shared instance of singleton bean 'jacksonGeoModule'
2023-08-25 00:37:28.978 &amp#27;[33mDEBUG&amp#27;[0;39m [main] &amp#27;[1;35mk.beans.factory.support.DefaultListableBeanFactory&amp#27;[0;39m ： Creating shared instance of singleton bean 'org.springframework.data.web.config.SpringDataJacksonConfiguration'
2023-08-25 00:37:28.988 &amp#27;[33mDEBUG&amp#27;[0;39m [main] &amp#27;[1;35mk.beans.factory.support.DefaultListableBeanFactory&amp#27;[0;39m ： Autowiring by type from bean name 'jacksonObjectMapper' via factory method to bean named 'jacksonObjectMapperBuilder'
2023-08-25 00:37:29.019 &amp#27;[33mDEBUG&amp#27;[0;39m [main] &amp#27;[1;35mk.beans.factory.support.DefaultListableBeanFactory&amp#27;[0;39m ： Creating shared instance of singleton bean 'aliyunOSSutil'
2023-08-25 00:37:29.022 &amp#27;[33mDEBUG&amp#27;[0;39m [main] &amp#27;[1;35mk.beans.factory.support.DefaultListableBeanFactory&amp#27;[0;39m ： Creating shared instance of singleton bean 'jwtUtils'
2023-08-25 00:37:29.023 &amp#27;[33mDEBUG&amp#27;[0;39m [main] &amp#27;[1;35mk.beans.factory.support.DefaultListableBeanFactory&amp#27;[0;39m ： Creating shared instance of singleton bean 'serviceModelToSwagger2MapperImpl'
2023-08-25 00:37:29.027 &amp#27;[33mDEBUG&amp#27;[0;39m [main] &amp#27;[1;35mk.beans.factory.support.DefaultListableBeanFactory&amp#27;[0;39m ： Creating shared instance of singleton bean 'modelMapperImpl'
2023-08-25 00:37:29.032 &amp#27;[33mDEBUG&amp#27;[0;39m [main] &amp#27;[1;35mk.beans.factory.support.DefaultListableBeanFactory&amp#27;[0;39m ： Creating shared instance of singleton bean 'parameterMapperImpl'
2023-08-25 00:37:29.035 &amp#27;[33mDEBUG&amp#27;[0;39m [main] &amp#27;[1;35mk.beans.factory.support.DefaultListableBeanFactory&amp#27;[0;39m ： Creating shared instance of singleton bean 'securityMapperImpl'
2023-08-25 00:37:29.043 &amp#27;[33mDEBUG&amp#27;[0;39m [main] &amp#27;[1;35mk.beans.factory.support.DefaultListableBeanFactory&amp#27;[0;39m ： Creating shared instance of singleton bean 'licenseMapperImpl'
2023-08-25 00:37:29.045 &amp#27;[33mDEBUG&amp#27;[0;39m [main] &amp#27;[1;35mk.beans.factory.support.DefaultListableBeanFactory&amp#27;[0;39m ： Creating shared instance of singleton bean 'vendorExtensionsMapperImpl'
2023-08-25 00:37:29.047 &amp#27;[33mDEBUG&amp#27;[0;39m [main] &amp#27;[1;35mk.beans.factory.support.DefaultListableBeanFactory&amp#27;[0;39m ： Creating shared instance of singleton bean 'apiListingReferenceScanner'
2023-08-25 00:37:29.048 &amp#27;[33mDEBUG&amp#27;[0;39m [main] &amp#27;[1;35mk.beans.factory.support.DefaultListableBeanFactory&amp#27;[0;39m ： Creating shared instance of singleton bean 'apiDocumentationScanner'
2023-08-25 00:37:29.049 &amp#27;[33mDEBUG&amp#27;[0;39m [main] &amp#27;[1;35mk.beans.factory.support.DefaultListableBeanFactory&amp#27;[0;39m ： Creating shared instance of singleton bean 'apiListingScanner'
2023-08-25 00:37:29.050 &amp#27;[33mDEBUG&amp#27;[0;39m [main] &amp#27;[1;35mk.beans.factory.support.DefaultListableBeanFactory&amp#27;[0;39m ： Creating shared instance of singleton bean 'apiDescriptionReader'
2023-08-25 00:37:29.052 &amp#27;[33mDEBUG&amp#27;[0;39m [main] &amp#27;[1;35mk.beans.factory.support.DefaultListableBeanFactory&amp#27;[0;39m ： Creating shared instance of singleton bean 'cachingOperationReader'
2023-08-25 00:37:29.052 &amp#27;[33mDEBUG&amp#27;[0;39m [main] &amp#27;[1;35mk.beans.factory.support.DefaultListableBeanFactory&amp#27;[0;39m ： Creating shared instance of singleton bean 'apiOperationReader'
2023-08-25 00:37:29.053 &amp#27;[33mDEBUG&amp#27;[0;39m [main] &amp#27;[1;35mk.beans.factory.support.DefaultListableBeanFactory&amp#27;[0;39m ： Creating shared instance of singleton bean 'documentationPluginsManager'
2023-08-25 00:37:29.056 &amp#27;[33mDEBUG&amp#27;[0;39m [main] &amp#27;[1;35mk.beans.factory.support.DefaultListableBeanFactory&amp#27;[0;39m ： Creating shared instance of singleton bean 'documentationPluginRegistry'
2023-08-25 00:37:29.076 &amp#27;[33mDEBUG&amp#27;[0;39m [main] &amp#27;[1;35mk.beans.factory.support.DefaultListableBeanFactory&amp#27;[0;39m ： Creating shared instance of singleton bean 'apiListingBuilderPluginRegistry'
2023-08-25 00:37:29.078 &amp#27;[33mDEBUG&amp#27;[0;39m [main] &amp#27;[1;35mk.beans.factory.support.DefaultListableBeanFactory&amp#27;[0;39m ： Creating shared instance of singleton bean 'parameterBuilderPluginRegistry'
2023-08-25 00:37:29.080 &amp#27;[33mDEBUG&amp#27;[0;39m [main] &amp#27;[1;35mk.beans.factory.support.DefaultListableBeanFactory&amp#27;[0;39m ： Creating shared instance of singleton bean 'expandedParameterBuilderPluginRegistry'
2023-08-25 00:37:29.082 &amp#27;[33mDEBUG&amp#27;[0;39m [main] &amp#27;[1;35mk.beans.factory.support.DefaultListableBeanFactory&amp#27;[0;39m ： Creating shared instance of singleton bean 'operationBuilderPluginRegistry'
2023-08-25 00:37:29.084 &amp#27;[33mDEBUG&amp#27;[0;39m [main] &amp#27;[1;35mk.beans.factory.support.DefaultListableBeanFactory&amp#27;[0;39m ： Creating shared instance of singleton bean 'resourceGroupingStrategyRegistry'
2023-08-25 00:37:29.086 &amp#27;[33mDEBUG&amp#27;[0;39m [main] &amp#27;[1;35mk.beans.factory.support.DefaultListableBeanFactory&amp#27;[0;39m ： Creating shared instance of singleton bean 'operationModelsProviderPluginRegistry'
2023-08-25 00:37:29.088 &amp#27;[33mDEBUG&amp#27;[0;39m [main] &amp#27;[1;35mk.beans.factory.support.DefaultListableBeanFactory&amp#27;[0;39m ： Creating shared instance of singleton bean 'defaultsProviderPluginRegistry'
2023-08-25 00:37:29.090 &amp#27;[33mDEBUG&amp#27;[0;39m [main] &amp#27;[1;35mk.beans.factory.support.DefaultListableBeanFactory&amp#27;[0;39m ： Creating shared instance of singleton bean 'pathDecoratorRegistry'
2023-08-25 00:37:29.092 &amp#27;[33mDEBUG&amp#27;[0;39m [main] &amp#27;[1;35mk.beans.factory.support.DefaultListableBeanFactory&amp#27;[0;39m ： Creating shared instance of singleton bean 'apiListingScannerPluginRegistry'
2023-08-25 00:37:29.094 &amp#27;[33mDEBUG&amp#27;[0;39m [main] &amp#27;[1;35mk.beans.factory.support.DefaultListableBeanFactory&amp#27;[0;39m ： Creating shared instance of singleton bean 'cachingOperationNameGenerator'
2023-08-25 00:37:29.105 &amp#27;[33mDEBUG&amp#27;[0;39m [main] &amp#27;[1;35mk.beans.factory.support.DefaultListableBeanFactory&amp#27;[0;39m ： Autowiring by type from bean name 'apiOperationReader' via constructor to bean named 'documentationPluginsManager'
2023-08-25 00:37:29.105 &amp#27;[33mDEBUG&amp#27;[0;39m [main] &amp#27;[1;35mk.beans.factory.support.DefaultListableBeanFactory&amp#27;[0;39m ： Autowiring by type from bean name 'apiOperationReader' via constructor to bean named 'cachingOperationNameGenerator'
2023-08-25 00:37:29.108 &amp#27;[33mDEBUG&amp#27;[0;39m [main] &amp#27;[1;35mk.beans.factory.support.DefaultListableBeanFactory&amp#27;[0;39m ： Autowiring by type from bean name 'cachingOperationReader' via constructor to bean named 'apiOperationReader'
2023-08-25 00:37:29.127 &amp#27;[33mDEBUG&amp#27;[0;39m [main] &amp#27;[1;35mk.beans.factory.support.DefaultListableBeanFactory&amp#27;[0;39m ： Creating shared instance of singleton bean 'apiDescriptionLookup'
2023-08-25 00:37:29.129 &amp#27;[33mDEBUG&amp#27;[0;39m [main] &amp#27;[1;35mk.beans.factory.support.DefaultListableBeanFactory&amp#27;[0;39m ： Autowiring by type from bean name 'apiDescriptionReader' via constructor to bean named 'cachingOperationReader'
2023-08-25 00:37:29.129 &amp#27;[33mDEBUG&amp#27;[0;39m [main] &amp#27;[1;35mk.beans.factory.support.DefaultListableBeanFactory&amp#27;[0;39m ： Autowiring by type from bean name 'apiDescriptionReader' via constructor to bean named 'documentationPluginsManager'
2023-08-25 00:37:29.129 &amp#27;[33mDEBUG&amp#27;[0;39m [main] &amp#27;[1;35mk.beans.factory.support.DefaultListableBeanFactory&amp#27;[0;39m ： Autowiring by type from bean name 'apiDescriptionReader' via constructor to bean named 'apiDescriptionLookup'
2023-08-25 00:37:29.132 &amp#27;[33mDEBUG&amp#27;[0;39m [main] &amp#27;[1;35mk.beans.factory.support.DefaultListableBeanFactory&amp#27;[0;39m ： Creating shared instance of singleton bean 'apiModelReader'
2023-08-25 00:37:29.134 &amp#27;[33mDEBUG&amp#27;[0;39m [main] &amp#27;[1;35mk.beans.factory.support.DefaultListableBeanFactory&amp#27;[0;39m ： Creating shared instance of singleton bean 'cachingModelProvider'
2023-08-25 00:37:29.136 &amp#27;[33mDEBUG&amp#27;[0;39m [main] &amp#27;[1;35mk.beans.factory.support.DefaultListableBeanFactory&amp#27;[0;39m ： Creating shared instance of singleton bean 'defaultModelProvider'
2023-08-25 00:37:29.138 &amp#27;[33mDEBUG&amp#27;[0;39m [main] &amp#27;[1;35mk.beans.factory.support.DefaultListableBeanFactory&amp#27;[0;39m ： Creating shared instance of singleton bean 'typeResolver'
2023-08-25 00:37:29.138 &amp#27;[33mDEBUG&amp#27;[0;39m [main] &amp#27;[1;35mk.beans.factory.support.DefaultListableBeanFactory&amp#27;[0;39m ： Creating shared instance of singleton bean 'springfox.documentation.schema.configuration.ModelsConfiguration'
2023-08-25 00:37:29.154 &amp#27;[33mDEBUG&amp#27;[0;39m [main] &amp#27;[1;35mk.beans.factory.support.DefaultListableBeanFactory&amp#27;[0;39m ： Creating shared instance of singleton bean 'cachingModelPropertiesProvider'
2023-08-25 00:37:29.155 &amp#27;[33mDEBUG&amp#27;[0;39m [main] &amp#27;[1;35mk.beans.factory.support.DefaultListableBeanFactory&amp#27;[0;39m ： Creating shared instance of singleton bean 'optimized'
2023-08-25 00:37:29.158 &amp#27;[33mDEBUG&amp#27;[0;39m [main] &amp#27;[1;35mk.beans.factory.support.DefaultListableBeanFactory&amp#27;[0;39m ： Creating shared instance of singleton bean 'accessorsProvider'
2023-08-25 00:37:29.160 &amp#27;[33mDEBUG&amp#27;[0;39m [main] &amp#27;[1;35mk.beans.factory.support.DefaultListableBeanFactory&amp#27;[0;39m ： Autowiring by type from bean name 'accessorsProvider' via constructor to bean named 'typeResolver'
2023-08-25 00:37:29.163 &amp#27;[33mDEBUG&amp#27;[0;39m [main] &amp#27;[1;35mk.beans.factory.support.DefaultListableBeanFactory&amp#27;[0;39m ： Creating shared instance of singleton bean 'fieldProvider'
2023-08-25 00:37:29.164 &amp#27;[33mDEBUG&amp#27;[0;39m [main] &amp#27;[1;35mk.beans.factory.support.DefaultListableBeanFactory&amp#27;[0;39m ： Autowiring by type from bean name 'fieldProvider' via constructor to bean named 'typeResolver'
2023-08-25 00:37:29.166 &amp#27;[33mDEBUG&amp#27;[0;39m [main] &amp#27;[1;35mk.beans.factory.support.DefaultListableBeanFactory&amp#27;[0;39m ： Creating shared instance of singleton bean 'factoryMethodProvider'
2023-08-25 00:37:29.167 &amp#27;[33mDEBUG&amp#27;[0;39m [main] &amp#27;[1;35mk.beans.factory.support.DefaultListableBeanFactory&amp#27;[0;39m ： Autowiring by type from bean name 'factoryMethodProvider' via constructor to bean named 'typeResolver'
2023-08-25 00:37:29.171 &amp#27;[33mDEBUG&amp#27;[0;39m [main] &amp#27;[1;35mk.beans.factory.support.DefaultListableBeanFactory&amp#27;[0;39m ： Creating shared instance of singleton bean 'objectMapperBeanPropertyNamingStrategy'
2023-08-25 00:37:29.192 &amp#27;[33mDEBUG&amp#27;[0;39m [main] &amp#27;[1;35mk.beans.factory.support.DefaultListableBeanFactory&amp#27;[0;39m ： Creating shared instance of singleton bean 'schemaPluginsManager'
2023-08-25 00:37:29.194 &amp#27;[33mDEBUG&amp#27;[0;39m [main] &amp#27;[1;35mk.beans.factory.support.DefaultListableBeanFactory&amp#27;[0;39m ： Creating shared instance of singleton bean 'modelPropertyBuilderPluginRegistry'
2023-08-25 00:37:29.196 &amp#27;[33mDEBUG&amp#27;[0;39m [main] &amp#27;[1;35mk.beans.factory.support.DefaultListableBeanFactory&amp#27;[0;39m ： Creating shared instance of singleton bean 'modelBuilderPluginRegistry'
2023-08-25 00:37:29.197 &amp#27;[33mDEBUG&amp#27;[0;39m [main] &amp#27;[1;35mk.beans.factory.support.DefaultListableBeanFactory&amp#27;[0;39m ： Creating shared instance of singleton bean 'syntheticModelProviderPluginRegistry'
2023-08-25 00:37:29.198 &amp#27;[33mDEBUG&amp#27;[0;39m [main] &amp#27;[1;35mk.beans.factory.support.DefaultListableBeanFactory&amp#27;[0;39m ： Autowiring by type from bean name 'schemaPluginsManager' via constructor to bean named 'modelPropertyBuilderPluginRegistry'
2023-08-25 00:37:29.198 &amp#27;[33mDEBUG&amp#27;[0;39m [main] &amp#27;[1;35mk.beans.factory.support.DefaultListableBeanFactory&amp#27;[0;39m ： Autowiring by type from bean name 'schemaPluginsManager' via constructor to bean named 'modelBuilderPluginRegistry'
2023-08-25 00:37:29.198 &amp#27;[33mDEBUG&amp#27;[0;39m [main] &amp#27;[1;35mk.beans.factory.support.DefaultListableBeanFactory&amp#27;[0;39m ： Autowiring by type from bean name 'schemaPluginsManager' via constructor to bean named 'syntheticModelProviderPluginRegistry'
2023-08-25 00:37:29.200 &amp#27;[33mDEBUG&amp#27;[0;39m [main] &amp#27;[1;35mk.beans.factory.support.DefaultListableBeanFactory&amp#27;[0;39m ： Creating shared instance of singleton bean 'typeNameExtractor'
2023-08-25 00:37:29.202 &amp#27;[33mDEBUG&amp#27;[0;39m [main] &amp#27;[1;35mk.beans.factory.support.DefaultListableBeanFactory&amp#27;[0;39m ： Creating shared instance of singleton bean 'typeNameProviderPluginRegistry'
2023-08-25 00:37:29.203 &amp#27;[33mDEBUG&amp#27;[0;39m [main] &amp#27;[1;35mk.beans.factory.support.DefaultListableBeanFactory&amp#27;[0;39m ： Creating shared instance of singleton bean 'jacksonEnumTypeDeterminer'
2023-08-25 00:37:29.205 &amp#27;[33mDEBUG&amp#27;[0;39m [main] &amp#27;[1;35mk.beans.factory.support.DefaultListableBeanFactory&amp#27;[0;39m ： Autowiring by type from bean name 'typeNameExtractor' via constructor to bean named 'typeResolver'
2023-08-25 00:37:29.205 &amp#27;[33mDEBUG&amp#27;[0;39m [main] &amp#27;[1;35mk.beans.factory.support.DefaultListableBeanFactory&amp#27;[0;39m ： Autowiring by type from bean name 'typeNameExtractor' via constructor to bean named 'typeNameProviderPluginRegistry'
2023-08-25 00:37:29.205 &amp#27;[33mDEBUG&amp#27;[0;39m [main] &amp#27;[1;35mk.beans.factory.support.DefaultListableBeanFactory&amp#27;[0;39m ： Autowiring by type from bean name 'typeNameExtractor' via constructor to bean named 'jacksonEnumTypeDeterminer'
2023-08-25 00:37:29.207 &amp#27;[33mDEBUG&amp#27;[0;39m [main] &amp#27;[1;35mk.beans.factory.support.DefaultListableBeanFactory&amp#27;[0;39m ： Autowiring by type from bean name 'optimized' via constructor to bean named 'accessorsProvider'
2023-08-25 00:37:29.207 &amp#27;[33mDEBUG&amp#27;[0;39m [main] &amp#27;[1;35mk.beans.factory.support.DefaultListableBeanFactory&amp#27;[0;39m ： Autowiring by type from bean name 'optimized' via constructor to bean named 'fieldProvider'
2023-08-25 00:37:29.207 &amp#27;[33mDEBUG&amp#27;[0;39m [main] &amp#27;[1;35mk.beans.factory.support.DefaultListableBeanFactory&amp#27;[0;39m ： Autowiring by type from bean name 'optimized' via constructor to bean named 'factoryMethodProvider'
2023-08-25 00:37:29.207 &amp#27;[33mDEBUG&amp#27;[0;39m [main] &amp#27;[1;35mk.beans.factory.support.DefaultListableBeanFactory&amp#27;[0;39m ： Autowiring by type from bean name 'optimized' via constructor to bean named 'typeResolver'
2023-08-25 00:37:29.207 &amp#27;[33mDEBUG&amp#27;[0;39m [main] &amp#27;[1;35mk.beans.factory.support.DefaultListableBeanFactory&amp#27;[0;39m ： Autowiring by type from bean name 'optimized' via constructor to bean named 'objectMapperBeanPropertyNamingStrategy'
2023-08-25 00:37:29.207 &amp#27;[33mDEBUG&amp#27;[0;39m [main] &amp#27;[1;35mk.beans.factory.support.DefaultListableBeanFactory&amp#27;[0;39m ： Autowiring by type from bean name 'optimized' via constructor to bean named 'schemaPluginsManager'
2023-08-25 00:37:29.207 &amp#27;[33mDEBUG&amp#27;[0;39m [main] &amp#27;[1;35mk.beans.factory.support.DefaultListableBeanFactory&amp#27;[0;39m ： Autowiring by type from bean name 'optimized' via constructor to bean named 'typeNameExtractor'
2023-08-25 00:37:29.210 &amp#27;[33mDEBUG&amp#27;[0;39m [main] &amp#27;[1;35mk.beans.factory.support.DefaultListableBeanFactory&amp#27;[0;39m ： Autowiring by type from bean name 'cachingModelPropertiesProvider' via constructor to bean named 'typeResolver'
2023-08-25 00:37:29.210 &amp#27;[33mDEBUG&amp#27;[0;39m [main] &amp#27;[1;35mk.beans.factory.support.DefaultListableBeanFactory&amp#27;[0;39m ： Autowiring by type from bean name 'cachingModelPropertiesProvider' via constructor to bean named 'optimized'
2023-08-25 00:37:29.214 &amp#27;[33mDEBUG&amp#27;[0;39m [main] &amp#27;[1;35mk.beans.factory.support.DefaultListableBeanFactory&amp#27;[0;39m ： Creating shared instance of singleton bean 'cachingModelDependencyProvider'
2023-08-25 00:37:29.217 &amp#27;[33mDEBUG&amp#27;[0;39m [main] &amp#27;[1;35mk.beans.factory.support.DefaultListableBeanFactory&amp#27;[0;39m ： Creating shared instance of singleton bean 'defaultModelDependencyProvider'
2023-08-25 00:37:29.220 &amp#27;[33mDEBUG&amp#27;[0;39m [main] &amp#27;[1;35mk.beans.factory.support.DefaultListableBeanFactory&amp#27;[0;39m ： Autowiring by type from bean name 'defaultModelDependencyProvider' via constructor to bean named 'typeResolver'
2023-08-25 00:37:29.220 &amp#27;[33mDEBUG&amp#27;[0;39m [main] &amp#27;[1;35mk.beans.factory.support.DefaultListableBeanFactory&amp#27;[0;39m ： Autowiring by type from bean name 'defaultModelDependencyProvider' via constructor to bean named 'cachingModelPropertiesProvider'
2023-08-25 00:37:29.220 &amp#27;[33mDEBUG&amp#27;[0;39m [main] &amp#27;[1;35mk.beans.factory.support.DefaultListableBeanFactory&amp#27;[0;39m ： Autowiring by type from bean name 'defaultModelDependencyProvider' via constructor to bean named 'typeNameExtractor'
2023-08-25 00:37:29.220 &amp#27;[33mDEBUG&amp#27;[0;39m [main] &amp#27;[1;35mk.beans.factory.support.DefaultListableBeanFactory&amp#27;[0;39m ： Autowiring by type from bean name 'defaultModelDependencyProvider' via constructor to bean named 'jacksonEnumTypeDeterminer'
2023-08-25 00:37:29.220 &amp#27;[33mDEBUG&amp#27;[0;39m [main] &amp#27;[1;35mk.beans.factory.support.DefaultListableBeanFactory&amp#27;[0;39m ： Autowiring by type from bean name 'defaultModelDependencyProvider' via constructor to bean named 'schemaPluginsManager'
2023-08-25 00:37:29.223 &amp#27;[33mDEBUG&amp#27;[0;39m [main] &amp#27;[1;35mk.beans.factory.support.DefaultListableBeanFactory&amp#27;[0;39m ： Autowiring by type from bean name 'cachingModelDependencyProvider' via constructor to bean named 'defaultModelDependencyProvider'
2023-08-25 00:37:29.226 &amp#27;[33mDEBUG&amp#27;[0;39m [main] &amp#27;[1;35mk.beans.factory.support.DefaultListableBeanFactory&amp#27;[0;39m ： Autowiring by type from bean name 'defaultModelProvider' via constructor to bean named 'typeResolver'
2023-08-25 00:37:29.227 &amp#27;[33mDEBUG&amp#27;[0;39m [main] &amp#27;[1;35mk.beans.factory.support.DefaultListableBeanFactory&amp#27;[0;39m ： Autowiring by type from bean name 'defaultModelProvider' via constructor to bean named 'cachingModelPropertiesProvider'
2023-08-25 00:37:29.227 &amp#27;[33mDEBUG&amp#27;[0;39m [main] &amp#27;[1;35mk.beans.factory.support.DefaultListableBeanFactory&amp#27;[0;39m ： Autowiring by type from bean name 'defaultModelProvider' via constructor to bean named 'cachingModelDependencyProvider'
2023-08-25 00:37:29.227 &amp#27;[33mDEBUG&amp#27;[0;39m [main] &amp#27;[1;35mk.beans.factory.support.DefaultListableBeanFactory&amp#27;[0;39m ： Autowiring by type from bean name 'defaultModelProvider' via constructor to bean named 'schemaPluginsManager'
2023-08-25 00:37:29.227 &amp#27;[33mDEBUG&amp#27;[0;39m [main] &amp#27;[1;35mk.beans.factory.support.DefaultListableBeanFactory&amp#27;[0;39m ： Autowiring by type from bean name 'defaultModelProvider' via constructor to bean named 'typeNameExtractor'
2023-08-25 00:37:29.227 &amp#27;[33mDEBUG&amp#27;[0;39m [main] &amp#27;[1;35mk.beans.factory.support.DefaultListableBeanFactory&amp#27;[0;39m ： Autowiring by type from bean name 'defaultModelProvider' via constructor to bean named 'jacksonEnumTypeDeterminer'
2023-08-25 00:37:29.230 &amp#27;[33mDEBUG&amp#27;[0;39m [main] &amp#27;[1;35mk.beans.factory.support.DefaultListableBeanFactory&amp#27;[0;39m ： Autowiring by type from bean name 'cachingModelProvider' via constructor to bean named 'defaultModelProvider'
2023-08-25 00:37:29.233 &amp#27;[33mDEBUG&amp#27;[0;39m [main] &amp#27;[1;35mk.beans.factory.support.DefaultListableBeanFactory&amp#27;[0;39m ： Autowiring by type from bean name 'apiModelReader' via constructor to bean named 'cachingModelProvider'
2023-08-25 00:37:29.233 &amp#27;[33mDEBUG&amp#27;[0;39m [main] &amp#27;[1;35mk.beans.factory.support.DefaultListableBeanFactory&amp#27;[0;39m ： Autowiring by type from bean name 'apiModelReader' via constructor to bean named 'typeResolver'
2023-08-25 00:37:29.233 &amp#27;[33mDEBUG&amp#27;[0;39m [main] &amp#27;[1;35mk.beans.factory.support.DefaultListableBeanFactory&amp#27;[0;39m ： Autowiring by type from bean name 'apiModelReader' via constructor to bean named 'documentationPluginsManager'
2023-08-25 00:37:29.235 &amp#27;[33mDEBUG&amp#27;[0;39m [main] &amp#27;[1;35mk.beans.factory.support.DefaultListableBeanFactory&amp#27;[0;39m ： Autowiring by type from bean name 'apiListingScanner' via constructor to bean named 'apiDescriptionReader'
2023-08-25 00:37:29.235 &amp#27;[33mDEBUG&amp#27;[0;39m [main] &amp#27;[1;35mk.beans.factory.support.DefaultListableBeanFactory&amp#27;[0;39m ： Autowiring by type from bean name 'apiListingScanner' via constructor to bean named 'apiModelReader'
2023-08-25 00:37:29.235 &amp#27;[33mDEBUG&amp#27;[0;39m [main] &amp#27;[1;35mk.beans.factory.support.DefaultListableBeanFactory&amp#27;[0;39m ： Autowiring by type from bean name 'apiListingScanner' via constructor to bean named 'documentationPluginsManager'
2023-08-25 00:37:29.237 &amp#27;[33mDEBUG&amp#27;[0;39m [main] &amp#27;[1;35mk.beans.factory.support.DefaultListableBeanFactory&amp#27;[0;39m ： Autowiring by type from bean name 'apiDocumentationScanner' via constructor to bean named 'apiListingReferenceScanner'
2023-08-25 00:37:29.238 &amp#27;[33mDEBUG&amp#27;[0;39m [main] &amp#27;[1;35mk.beans.factory.support.DefaultListableBeanFactory&amp#27;[0;39m ： Autowiring by type from bean name 'apiDocumentationScanner' via constructor to bean named 'apiListingScanner'
2023-08-25 00:37:29.239 &amp#27;[33mDEBUG&amp#27;[0;39m [main] &amp#27;[1;35mk.beans.factory.support.DefaultListableBeanFactory&amp#27;[0;39m ： Creating shared instance of singleton bean 'apiListingReader'
2023-08-25 00:37:29.243 &amp#27;[33mDEBUG&amp#27;[0;39m [main] &amp#27;[1;35mk.beans.factory.support.DefaultListableBeanFactory&amp#27;[0;39m ： Creating shared instance of singleton bean 'mediaTypeReader'
2023-08-25 00:37:29.247 &amp#27;[33mDEBUG&amp#27;[0;39m [main] &amp#27;[1;35mk.beans.factory.support.DefaultListableBeanFactory&amp#27;[0;39m ： Creating shared instance of singleton bean 'operationModelsProvider'
2023-08-25 00:37:29.248 &amp#27;[33mDEBUG&amp#27;[0;39m [main] &amp#27;[1;35mk.beans.factory.support.DefaultListableBeanFactory&amp#27;[0;39m ： Autowiring by type from bean name 'operationModelsProvider' via constructor to bean named 'typeResolver'
2023-08-25 00:37:29.252 &amp#27;[33mDEBUG&amp#27;[0;39m [main] &amp#27;[1;35mk.beans.factory.support.DefaultListableBeanFactory&amp#27;[0;39m ： Creating shared instance of singleton bean 'operationDeprecatedReader'
2023-08-25 00:37:29.255 &amp#27;[33mDEBUG&amp#27;[0;39m [main] &amp#27;[1;35mk.beans.factory.support.DefaultListableBeanFactory&amp#27;[0;39m ： Creating shared instance of singleton bean 'responseMessagesReader'
2023-08-25 00:37:29.256 &amp#27;[33mDEBUG&amp#27;[0;39m [main] &amp#27;[1;35mk.beans.factory.support.DefaultListableBeanFactory&amp#27;[0;39m ： Autowiring by type from bean name 'responseMessagesReader' via constructor to bean named 'typeNameExtractor'
2023-08-25 00:37:29.259 &amp#27;[33mDEBUG&amp#27;[0;39m [main] &amp#27;[1;35mk.beans.factory.support.DefaultListableBeanFactory&amp#27;[0;39m ： Creating shared instance of singleton bean 'operationParameterReader'
2023-08-25 00:37:29.261 &amp#27;[33mDEBUG&amp#27;[0;39m [main] &amp#27;[1;35mk.beans.factory.support.DefaultListableBeanFactory&amp#27;[0;39m ： Creating shared instance of singleton bean 'modelAttributeParameterExpander'
2023-08-25 00:37:29.264 &amp#27;[33mDEBUG&amp#27;[0;39m [main] &amp#27;[1;35mk.beans.factory.support.DefaultListableBeanFactory&amp#27;[0;39m ： Autowiring by type from bean name 'modelAttributeParameterExpander' via constructor to bean named 'fieldProvider'
2023-08-25 00:37:29.264 &amp#27;[33mDEBUG&amp#27;[0;39m [main] &amp#27;[1;35mk.beans.factory.support.DefaultListableBeanFactory&amp#27;[0;39m ： Autowiring by type from bean name 'modelAttributeParameterExpander' via constructor to bean named 'accessorsProvider'
2023-08-25 00:37:29.264 &amp#27;[33mDEBUG&amp#27;[0;39m [main] &amp#27;[1;35mk.beans.factory.support.DefaultListableBeanFactory&amp#27;[0;39m ： Autowiring by type from bean name 'modelAttributeParameterExpander' via constructor to bean named 'jacksonEnumTypeDeterminer'
2023-08-25 00:37:29.267 &amp#27;[33mDEBUG&amp#27;[0;39m [main] &amp#27;[1;35mk.beans.factory.support.DefaultListableBeanFactory&amp#27;[0;39m ： Autowiring by type from bean name 'operationParameterReader' via constructor to bean named 'modelAttributeParameterExpander'
2023-08-25 00:37:29.268 &amp#27;[33mDEBUG&amp#27;[0;39m [main] &amp#27;[1;35mk.beans.factory.support.DefaultListableBeanFactory&amp#27;[0;39m ： Autowiring by type from bean name 'operationParameterReader' via constructor to bean named 'jacksonEnumTypeDeterminer'
2023-08-25 00:37:29.271 &amp#27;[33mDEBUG&amp#27;[0;39m [main] &amp#27;[1;35mk.beans.factory.support.DefaultListableBeanFactory&amp#27;[0;39m ： Creating shared instance of singleton bean 'defaultTagsProvider'
2023-08-25 00:37:29.274 &amp#27;[33mDEBUG&amp#27;[0;39m [main] &amp#27;[1;35mk.beans.factory.support.DefaultListableBeanFactory&amp#27;[0;39m ： Creating shared instance of singleton bean 'operationTagsReader'
2023-08-25 00:37:29.275 &amp#27;[33mDEBUG&amp#27;[0;39m [main] &amp#27;[1;35mk.beans.factory.support.DefaultListableBeanFactory&amp#27;[0;39m ： Autowiring by type from bean name 'operationTagsReader' via constructor to bean named 'defaultTagsProvider'
2023-08-25 00:37:29.279 &amp#27;[33mDEBUG&amp#27;[0;39m [main] &amp#27;[1;35mk.beans.factory.support.DefaultListableBeanFactory&amp#27;[0;39m ： Creating shared instance of singleton bean 'defaultOperationReader'
2023-08-25 00:37:29.282 &amp#27;[33mDEBUG&amp#27;[0;39m [main] &amp#27;[1;35mk.beans.factory.support.DefaultListableBeanFactory&amp#27;[0;39m ： Creating shared instance of singleton bean 'operationParameterRequestConditionReader'
2023-08-25 00:37:29.283 &amp#27;[33mDEBUG&amp#27;[0;39m [main] &amp#27;[1;35mk.beans.factory.support.DefaultListableBeanFactory&amp#27;[0;39m ： Autowiring by type from bean name 'operationParameterRequestConditionReader' via constructor to bean named 'typeResolver'
2023-08-25 00:37:29.287 &amp#27;[33mDEBUG&amp#27;[0;39m [main] &amp#27;[1;35mk.beans.factory.support.DefaultListableBeanFactory&amp#27;[0;39m ： Creating shared instance of singleton bean 'operationParameterHeadersConditionReader'
2023-08-25 00:37:29.288 &amp#27;[33mDEBUG&amp#27;[0;39m [main] &amp#27;[1;35mk.beans.factory.support.DefaultListableBeanFactory&amp#27;[0;39m ： Autowiring by type from bean name 'operationParameterHeadersConditionReader' via constructor to bean named 'typeResolver'
2023-08-25 00:37:29.292 &amp#27;[33mDEBUG&amp#27;[0;39m [main] &amp#27;[1;35mk.beans.factory.support.DefaultListableBeanFactory&amp#27;[0;39m ： Creating shared instance of singleton bean 'operationResponseClassReader'
2023-08-25 00:37:29.293 &amp#27;[33mDEBUG&amp#27;[0;39m [main] &amp#27;[1;35mk.beans.factory.support.DefaultListableBeanFactory&amp#27;[0;39m ： Autowiring by type from bean name 'operationResponseClassReader' via constructor to bean named 'typeNameExtractor'
2023-08-25 00:37:29.297 &amp#27;[33mDEBUG&amp#27;[0;39m [main] &amp#27;[1;35mk.beans.factory.support.DefaultListableBeanFactory&amp#27;[0;39m ： Creating shared instance of singleton bean 'parameterMultiplesReader'
2023-08-25 00:37:29.302 &amp#27;[33mDEBUG&amp#27;[0;39m [main] &amp#27;[1;35mk.beans.factory.support.DefaultListableBeanFactory&amp#27;[0;39m ： Creating shared instance of singleton bean 'parameterTypeReader'
2023-08-25 00:37:29.305 &amp#27;[33mDEBUG&amp#27;[0;39m [main] &amp#27;[1;35mk.beans.factory.support.DefaultListableBeanFactory&amp#27;[0;39m ： Creating shared instance of singleton bean 'parameterRequiredReader'
2023-08-25 00:37:29.307 &amp#27;[33mDEBUG&amp#27;[0;39m [main] &amp#27;[1;35mk.beans.factory.support.DefaultListableBeanFactory&amp#27;[0;39m ： Creating shared instance of singleton bean 'descriptionResolver'
2023-08-25 00:37:29.307 &amp#27;[33mDEBUG&amp#27;[0;39m [main] &amp#27;[1;35mk.beans.factory.support.DefaultListableBeanFactory&amp#27;[0;39m ： Creating shared instance of singleton bean 'springfox.documentation.spring.web.SpringfoxWebMvcConfiguration'
2023-08-25 00:37:29.311 &amp#27;[33mDEBUG&amp#27;[0;39m [main] &amp#27;[1;35mk.beans.factory.support.DefaultListableBeanFactory&amp#27;[0;39m ： Autowiring by type from bean name 'descriptionResolver' via factory method to bean named 'environment'
2023-08-25 00:37:29.315 &amp#27;[33mDEBUG&amp#27;[0;39m [main] &amp#27;[1;35mk.beans.factory.support.DefaultListableBeanFactory&amp#27;[0;39m ： Autowiring by type from bean name 'parameterRequiredReader' via constructor to bean named 'descriptionResolver'
2023-08-25 00:37:29.321 &amp#27;[33mDEBUG&amp#27;[0;39m [main] &amp#27;[1;35mk.beans.factory.support.DefaultListableBeanFactory&amp#27;[0;39m ： Creating shared instance of singleton bean 'parameterDataTypeReader'
2023-08-25 00:37:29.322 &amp#27;[33mDEBUG&amp#27;[0;39m [main] &amp#27;[1;35mk.beans.factory.support.DefaultListableBeanFactory&amp#27;[0;39m ： Autowiring by type from bean name 'parameterDataTypeReader' via constructor to bean named 'typeNameExtractor'
2023-08-25 00:37:29.322 &amp#27;[33mDEBUG&amp#27;[0;39m [main] &amp#27;[1;35mk.beans.factory.support.DefaultListableBeanFactory&amp#27;[0;39m ： Autowiring by type from bean name 'parameterDataTypeReader' via constructor to bean named 'typeResolver'
2023-08-25 00:37:29.322 &amp#27;[33mDEBUG&amp#27;[0;39m [main] &amp#27;[1;35mk.beans.factory.support.DefaultListableBeanFactory&amp#27;[0;39m ： Autowiring by type from bean name 'parameterDataTypeReader' via constructor to bean named 'jacksonEnumTypeDeterminer'
2023-08-25 00:37:29.328 &amp#27;[33mDEBUG&amp#27;[0;39m [main] &amp#27;[1;35mk.beans.factory.support.DefaultListableBeanFactory&amp#27;[0;39m ： Creating shared instance of singleton bean 'parameterDefaultReader'
2023-08-25 00:37:29.329 &amp#27;[33mDEBUG&amp#27;[0;39m [main] &amp#27;[1;35mk.beans.factory.support.DefaultListableBeanFactory&amp#27;[0;39m ： Autowiring by type from bean name 'parameterDefaultReader' via constructor to bean named 'descriptionResolver'
2023-08-25 00:37:29.333 &amp#27;[33mDEBUG&amp#27;[0;39m [main] &amp#27;[1;35mk.beans.factory.support.DefaultListableBeanFactory&amp#27;[0;39m ： Creating shared instance of singleton bean 'parameterNameReader'
2023-08-25 00:37:29.338 &amp#27;[33mDEBUG&amp#27;[0;39m [main] &amp#27;[1;35mk.beans.factory.support.DefaultListableBeanFactory&amp#27;[0;39m ： Creating shared instance of singleton bean 'expandedParameterBuilder'
2023-08-25 00:37:29.340 &amp#27;[33mDEBUG&amp#27;[0;39m [main] &amp#27;[1;35mk.beans.factory.support.DefaultListableBeanFactory&amp#27;[0;39m ： Autowiring by type from bean name 'expandedParameterBuilder' via constructor to bean named 'typeResolver'
2023-08-25 00:37:29.340 &amp#27;[33mDEBUG&amp#27;[0;39m [main] &amp#27;[1;35mk.beans.factory.support.DefaultListableBeanFactory&amp#27;[0;39m ： Autowiring by type from bean name 'expandedParameterBuilder' via constructor to bean named 'jacksonEnumTypeDeterminer'
2023-08-25 00:37:29.342 &amp#27;[33mDEBUG&amp#27;[0;39m [main] &amp#27;[1;35mk.beans.factory.support.DefaultListableBeanFactory&amp#27;[0;39m ： Creating shared instance of singleton bean 'documentationPluginsBootstrapper'
2023-08-25 00:37:29.344 &amp#27;[33mDEBUG&amp#27;[0;39m [main] &amp#27;[1;35mk.beans.factory.support.DefaultListableBeanFactory&amp#27;[0;39m ： Creating shared instance of singleton bean 'webMvcRequestHandlerProvider'
2023-08-25 00:37:29.345 &amp#27;[33mDEBUG&amp#27;[0;39m [main] &amp#27;[1;35mk.beans.factory.support.DefaultListableBeanFactory&amp#27;[0;39m ： Creating shared instance of singleton bean 'methodResolver'
2023-08-25 00:37:29.345 &amp#27;[33mDEBUG&amp#27;[0;39m [main] &amp#27;[1;35mk.beans.factory.support.DefaultListableBeanFactory&amp#27;[0;39m ： Autowiring by type from bean name 'methodResolver' via factory method to bean named 'typeResolver'
2023-08-25 00:37:29.350 &amp#27;[33mDEBUG&amp#27;[0;39m [main] &amp#27;[1;35mk.beans.factory.support.DefaultListableBeanFactory&amp#27;[0;39m ： Creating shared instance of singleton bean 'requestMappingHandlerMapping'
2023-08-25 00:37:29.350 &amp#27;[33mDEBUG&amp#27;[0;39m [main] &amp#27;[1;35mk.beans.factory.support.DefaultListableBeanFactory&amp#27;[0;39m ： Creating shared instance of singleton bean 'org.springframework.boot.autoconfigure.web.servlet.WebMvcAutoConfiguration$EnableWebMvcConfiguration'
2023-08-25 00:37:29.352 &amp#27;[33mDEBUG&amp#27;[0;39m [main] &amp#27;[1;35mk.beans.factory.support.DefaultListableBeanFactory&amp#27;[0;39m ： Creating shared instance of singleton bean 'spring.resources-org.springframework.boot.autoconfigure.web.ResourceProperties'
2023-08-25 00:37:29.365 &amp#27;[33mDEBUG&amp#27;[0;39m [main] &amp#27;[1;35mk.beans.factory.support.DefaultListableBeanFactory&amp#27;[0;39m ： Creating shared instance of singleton bean 'spring.mvc-org.springframework.boot.autoconfigure.web.servlet.WebMvcProperties'
2023-08-25 00:37:29.374 &amp#27;[33mDEBUG&amp#27;[0;39m [main] &amp#27;[1;35mk.beans.factory.support.DefaultListableBeanFactory&amp#27;[0;39m ： Creating shared instance of singleton bean 'spring.web-org.springframework.boot.autoconfigure.web.WebProperties'
2023-08-25 00:37:29.378 &amp#27;[33mDEBUG&amp#27;[0;39m [main] &amp#27;[1;35mk.beans.factory.support.DefaultListableBeanFactory&amp#27;[0;39m ： Autowiring by type from bean name 'org.springframework.boot.autoconfigure.web.servlet.WebMvcAutoConfiguration$EnableWebMvcConfiguration' via constructor to bean named 'spring.resources-org.springframework.boot.autoconfigure.web.ResourceProperties'
2023-08-25 00:37:29.378 &amp#27;[33mDEBUG&amp#27;[0;39m [main] &amp#27;[1;35mk.beans.factory.support.DefaultListableBeanFactory&amp#27;[0;39m ： Autowiring by type from bean name 'org.springframework.boot.autoconfigure.web.servlet.WebMvcAutoConfiguration$EnableWebMvcConfiguration' via constructor to bean named 'spring.mvc-org.springframework.boot.autoconfigure.web.servlet.WebMvcProperties'
2023-08-25 00:37:29.378 &amp#27;[33mDEBUG&amp#27;[0;39m [main] &amp#27;[1;35mk.beans.factory.support.DefaultListableBeanFactory&amp#27;[0;39m ： Autowiring by type from bean name 'org.springframework.boot.autoconfigure.web.servlet.WebMvcAutoConfiguration$EnableWebMvcConfiguration' via constructor to bean named 'spring.web-org.springframework.boot.autoconfigure.web.WebProperties'
2023-08-25 00:37:29.378 &amp#27;[33mDEBUG&amp#27;[0;39m [main] &amp#27;[1;35mk.beans.factory.support.DefaultListableBeanFactory&amp#27;[0;39m ： Autowiring by type from bean name 'org.springframework.boot.autoconfigure.web.servlet.WebMvcAutoConfiguration$EnableWebMvcConfiguration' via constructor to bean named 'org.springframework.beans.factory.support.DefaultListableBeanFactory@72e34f77'
2023-08-25 00:37:29.386 &amp#27;[33mDEBUG&amp#27;[0;39m [main] &amp#27;[1;35mk.beans.factory.support.DefaultListableBeanFactory&amp#27;[0;39m ： Creating shared instance of singleton bean 'org.springframework.boot.autoconfigure.web.servlet.WebMvcAutoConfiguration$WebMvcAutoConfigurationAdapter'
2023-08-25 00:37:29.387 &amp#27;[33mDEBUG&amp#27;[0;39m [main] &amp#27;[1;35mk.beans.factory.support.DefaultListableBeanFactory&amp#27;[0;39m ： Autowiring by type from bean name 'org.springframework.boot.autoconfigure.web.servlet.WebMvcAutoConfiguration$WebMvcAutoConfigurationAdapter' via constructor to bean named 'spring.resources-org.springframework.boot.autoconfigure.web.ResourceProperties'
2023-08-25 00:37:29.387 &amp#27;[33mDEBUG&amp#27;[0;39m [main] &amp#27;[1;35mk.beans.factory.support.DefaultListableBeanFactory&amp#27;[0;39m ： Autowiring by type from bean name 'org.springframework.boot.autoconfigure.web.servlet.WebMvcAutoConfiguration$WebMvcAutoConfigurationAdapter' via constructor to bean named 'spring.web-org.springframework.boot.autoconfigure.web.WebProperties'
2023-08-25 00:37:29.387 &amp#27;[33mDEBUG&amp#27;[0;39m [main] &amp#27;[1;35mk.beans.factory.support.DefaultListableBeanFactory&amp#27;[0;39m ： Autowiring by type from bean name 'org.springframework.boot.autoconfigure.web.servlet.WebMvcAutoConfiguration$WebMvcAutoConfigurationAdapter' via constructor to bean named 'spring.mvc-org.springframework.boot.autoconfigure.web.servlet.WebMvcProperties'
2023-08-25 00:37:29.387 &amp#27;[33mDEBUG&amp#27;[0;39m [main] &amp#27;[1;35mk.beans.factory.support.DefaultListableBeanFactory&amp#27;[0;39m ： Autowiring by type from bean name 'org.springframework.boot.autoconfigure.web.servlet.WebMvcAutoConfiguration$WebMvcAutoConfigurationAdapter' via constructor to bean named 'org.springframework.beans.factory.support.DefaultListableBeanFactory@72e34f77'
2023-08-25 00:37:29.390 &amp#27;[33mDEBUG&amp#27;[0;39m [main] &amp#27;[1;35mk.beans.factory.support.DefaultListableBeanFactory&amp#27;[0;39m ： Creating shared instance of singleton bean 'org.springframework.data.web.config.SpringDataWebConfiguration'
2023-08-25 00:37:29.391 &amp#27;[33mDEBUG&amp#27;[0;39m [main] &amp#27;[1;35mk.beans.factory.support.DefaultListableBeanFactory&amp#27;[0;39m ： Autowiring by type from bean name 'org.springframework.data.web.config.SpringDataWebConfiguration' via constructor to bean named 'org.springframework.web.context.support.GenericWebApplicationContext@654d8173'
2023-08-25 00:37:29.395 &amp#27;[33mDEBUG&amp#27;[0;39m [main] &amp#27;[1;35mk.beans.factory.support.DefaultListableBeanFactory&amp#27;[0;39m ： Creating shared instance of singleton bean 'pageableCustomizer'
2023-08-25 00:37:29.395 &amp#27;[33mDEBUG&amp#27;[0;39m [main] &amp#27;[1;35mk.beans.factory.support.DefaultListableBeanFactory&amp#27;[0;39m ： Creating shared instance of singleton bean 'org.springframework.boot.autoconfigure.data.web.SpringDataWebAutoConfiguration'
2023-08-25 00:37:29.396 &amp#27;[33mDEBUG&amp#27;[0;39m [main] &amp#27;[1;35mk.beans.factory.support.DefaultListableBeanFactory&amp#27;[0;39m ： Creating shared instance of singleton bean 'spring.data.web-org.springframework.boot.autoconfigure.data.web.SpringDataWebProperties'
2023-08-25 00:37:29.399 &amp#27;[33mDEBUG&amp#27;[0;39m [main] &amp#27;[1;35mk.beans.factory.support.DefaultListableBeanFactory&amp#27;[0;39m ： Autowiring by type from bean name 'org.springframework.boot.autoconfigure.data.web.SpringDataWebAutoConfiguration' via constructor to bean named 'spring.data.web-org.springframework.boot.autoconfigure.data.web.SpringDataWebProperties'
2023-08-25 00:37:29.406 &amp#27;[33mDEBUG&amp#27;[0;39m [main] &amp#27;[1;35mk.beans.factory.support.DefaultListableBeanFactory&amp#27;[0;39m ： Creating shared instance of singleton bean 'sortCustomizer'
2023-08-25 00:37:29.422 &amp#27;[33mDEBUG&amp#27;[0;39m [main] &amp#27;[1;35mk.beans.factory.support.DefaultListableBeanFactory&amp#27;[0;39m ： Creating shared instance of singleton bean 'mvcContentNegotiationManager'
2023-08-25 00:37:29.430 &amp#27;[33mDEBUG&amp#27;[0;39m [main] &amp#27;[1;35mk.beans.factory.support.DefaultListableBeanFactory&amp#27;[0;39m ： Creating shared instance of singleton bean 'mvcConversionService'
2023-08-25 00:37:29.445 &amp#27;[33mDEBUG&amp#27;[0;39m [main] &amp#27;[1;35mk.beans.factory.support.DefaultListableBeanFactory&amp#27;[0;39m ： Creating shared instance of singleton bean 'mvcResourceUrlProvider'
2023-08-25 00:37:29.448 &amp#27;[33mDEBUG&amp#27;[0;39m [main] &amp#27;[1;35mk.beans.factory.support.DefaultListableBeanFactory&amp#27;[0;39m ： Creating shared instance of singleton bean 'dispatcherServletRegistration'
2023-08-25 00:37:29.448 &amp#27;[33mDEBUG&amp#27;[0;39m [main] &amp#27;[1;35mk.beans.factory.support.DefaultListableBeanFactory&amp#27;[0;39m ： Creating shared instance of singleton bean 'org.springframework.boot.autoconfigure.web.servlet.DispatcherServletAutoConfiguration$DispatcherServletRegistrationConfiguration'
2023-08-25 00:37:29.451 &amp#27;[33mDEBUG&amp#27;[0;39m [main] &amp#27;[1;35mk.beans.factory.support.DefaultListableBeanFactory&amp#27;[0;39m ： Creating shared instance of singleton bean 'dispatcherServlet'
2023-08-25 00:37:29.451 &amp#27;[33mDEBUG&amp#27;[0;39m [main] &amp#27;[1;35mk.beans.factory.support.DefaultListableBeanFactory&amp#27;[0;39m ： Creating shared instance of singleton bean 'org.springframework.boot.autoconfigure.web.servlet.DispatcherServletAutoConfiguration$DispatcherServletConfiguration'
2023-08-25 00:37:29.454 &amp#27;[33mDEBUG&amp#27;[0;39m [main] &amp#27;[1;35mk.beans.factory.support.DefaultListableBeanFactory&amp#27;[0;39m ： Autowiring by type from bean name 'dispatcherServlet' via factory method to bean named 'spring.mvc-org.springframework.boot.autoconfigure.web.servlet.WebMvcProperties'
2023-08-25 00:37:29.476 &amp#27;[33mDEBUG&amp#27;[0;39m [main] &amp#27;[1;35mk.beans.factory.support.DefaultListableBeanFactory&amp#27;[0;39m ： Autowiring by type from bean name 'dispatcherServletRegistration' via factory method to bean named 'dispatcherServlet'
2023-08-25 00:37:29.476 &amp#27;[33mDEBUG&amp#27;[0;39m [main] &amp#27;[1;35mk.beans.factory.support.DefaultListableBeanFactory&amp#27;[0;39m ： Autowiring by type from bean name 'dispatcherServletRegistration' via factory method to bean named 'spring.mvc-org.springframework.boot.autoconfigure.web.servlet.WebMvcProperties'
2023-08-25 00:37:29.478 &amp#27;[33mDEBUG&amp#27;[0;39m [main] &amp#27;[1;35mk.beans.factory.support.DefaultListableBeanFactory&amp#27;[0;39m ： Creating shared instance of singleton bean 'multipartConfigElement'
2023-08-25 00:37:29.478 &amp#27;[33mDEBUG&amp#27;[0;39m [main] &amp#27;[1;35mk.beans.factory.support.DefaultListableBeanFactory&amp#27;[0;39m ： Creating shared instance of singleton bean 'org.springframework.boot.autoconfigure.web.servlet.MultipartAutoConfiguration'
2023-08-25 00:37:29.478 &amp#27;[33mDEBUG&amp#27;[0;39m [main] &amp#27;[1;35mk.beans.factory.support.DefaultListableBeanFactory&amp#27;[0;39m ： Creating shared instance of singleton bean 'spring.servlet.multipart-org.springframework.boot.autoconfigure.web.servlet.MultipartProperties'
2023-08-25 00:37:29.482 &amp#27;[33mDEBUG&amp#27;[0;39m [main] &amp#27;[1;35mk.beans.factory.support.DefaultListableBeanFactory&amp#27;[0;39m ： Autowiring by type from bean name 'org.springframework.boot.autoconfigure.web.servlet.MultipartAutoConfiguration' via constructor to bean named 'spring.servlet.multipart-org.springframework.boot.autoconfigure.web.servlet.MultipartProperties'
2023-08-25 00:37:29.499 &amp#27;[33mDEBUG&amp#27;[0;39m [main] &amp#27;[1;35mk.beans.factory.support.DefaultListableBeanFactory&amp#27;[0;39m ： Creating shared instance of singleton bean 'druidServlet'
2023-08-25 00:37:29.520 &amp#27;[33mDEBUG&amp#27;[0;39m [main] &amp#27;[1;35mk.beans.factory.support.DefaultListableBeanFactory&amp#27;[0;39m ： Creating shared instance of singleton bean 'statViewServletRegistrationBean'
2023-08-25 00:37:29.521 &amp#27;[33mDEBUG&amp#27;[0;39m [main] &amp#27;[1;35mk.beans.factory.support.DefaultListableBeanFactory&amp#27;[0;39m ： Creating shared instance of singleton bean 'com.alibaba.druid.spring.boot.autoconfigure.stat.DruidStatViewServletConfiguration'
2023-08-25 00:37:29.524 &amp#27;[33mDEBUG&amp#27;[0;39m [main] &amp#27;[1;35mk.beans.factory.support.DefaultListableBeanFactory&amp#27;[0;39m ： Creating shared instance of singleton bean 'spring.datasource.druid-com.alibaba.druid.spring.boot.autoconfigure.properties.DruidStatProperties'
2023-08-25 00:37:29.531 &amp#27;[33mDEBUG&amp#27;[0;39m [main] &amp#27;[1;35mk.beans.factory.support.DefaultListableBeanFactory&amp#27;[0;39m ： Autowiring by type from bean name 'statViewServletRegistrationBean' via factory method to bean named 'spring.datasource.druid-com.alibaba.druid.spring.boot.autoconfigure.properties.DruidStatProperties'
2023-08-25 00:37:29.540 &amp#27;[33mDEBUG&amp#27;[0;39m [main] &amp#27;[1;35mk.beans.factory.support.DefaultListableBeanFactory&amp#27;[0;39m ： Autowiring by type from bean name 'requestMappingHandlerMapping' via factory method to bean named 'mvcContentNegotiationManager'
2023-08-25 00:37:29.540 &amp#27;[33mDEBUG&amp#27;[0;39m [main] &amp#27;[1;35mk.beans.factory.support.DefaultListableBeanFactory&amp#27;[0;39m ： Autowiring by type from bean name 'requestMappingHandlerMapping' via factory method to bean named 'mvcConversionService'
2023-08-25 00:37:29.540 &amp#27;[33mDEBUG&amp#27;[0;39m [main] &amp#27;[1;35mk.beans.factory.support.DefaultListableBeanFactory&amp#27;[0;39m ： Autowiring by type from bean name 'requestMappingHandlerMapping' via factory method to bean named 'mvcResourceUrlProvider'
2023-08-25 00:37:29.543 &amp#27;[33mDEBUG&amp#27;[0;39m [main] &amp#27;[1;35mk.beans.factory.support.DefaultListableBeanFactory&amp#27;[0;39m ： Autowiring by type from bean name 'requestMappingHandlerMapping' via factory method to bean named 'mvcContentNegotiationManager'
2023-08-25 00:37:29.543 &amp#27;[33mDEBUG&amp#27;[0;39m [main] &amp#27;[1;35mk.beans.factory.support.DefaultListableBeanFactory&amp#27;[0;39m ： Autowiring by type from bean name 'requestMappingHandlerMapping' via factory method to bean named 'mvcConversionService'
2023-08-25 00:37:29.543 &amp#27;[33mDEBUG&amp#27;[0;39m [main] &amp#27;[1;35mk.beans.factory.support.DefaultListableBeanFactory&amp#27;[0;39m ： Autowiring by type from bean name 'requestMappingHandlerMapping' via factory method to bean named 'mvcResourceUrlProvider'
2023-08-25 00:37:29.613 &amp#27;[33mDEBUG&amp#27;[0;39m [main] &amp#27;[1;35mmvc.method.annotation.RequestMappingHandlerMapping&amp#27;[0;39m ： 17 mappings in 'requestMappingHandlerMapping'
2023-08-25 00:37:29.622 &amp#27;[33mDEBUG&amp#27;[0;39m [main] &amp#27;[1;35mk.beans.factory.support.DefaultListableBeanFactory&amp#27;[0;39m ： Autowiring by type from bean name 'webMvcRequestHandlerProvider' via constructor to bean named 'methodResolver'
2023-08-25 00:37:29.622 &amp#27;[33mDEBUG&amp#27;[0;39m [main] &amp#27;[1;35mk.beans.factory.support.DefaultListableBeanFactory&amp#27;[0;39m ： Autowiring by type from bean name 'webMvcRequestHandlerProvider' via constructor to bean named 'requestMappingHandlerMapping'
2023-08-25 00:37:29.625 &amp#27;[33mDEBUG&amp#27;[0;39m [main] &amp#27;[1;35mk.beans.factory.support.DefaultListableBeanFactory&amp#27;[0;39m ： Creating shared instance of singleton bean 'resourceGroupCache'
2023-08-25 00:37:29.627 &amp#27;[33mDEBUG&amp#27;[0;39m [main] &amp#27;[1;35mk.beans.factory.support.DefaultListableBeanFactory&amp#27;[0;39m ： Creating shared instance of singleton bean 'defaults'
2023-08-25 00:37:29.643 &amp#27;[33mDEBUG&amp#27;[0;39m [main] &amp#27;[1;35mk.beans.factory.support.DefaultListableBeanFactory&amp#27;[0;39m ： Autowiring by type from bean name 'documentationPluginsBootstrapper' via constructor to bean named 'documentationPluginsManager'
2023-08-25 00:37:29.644 &amp#27;[33mDEBUG&amp#27;[0;39m [main] &amp#27;[1;35mk.beans.factory.support.DefaultListableBeanFactory&amp#27;[0;39m ： Autowiring by type from bean name 'documentationPluginsBootstrapper' via constructor to bean named 'webMvcRequestHandlerProvider'
2023-08-25 00:37:29.644 &amp#27;[33mDEBUG&amp#27;[0;39m [main] &amp#27;[1;35mk.beans.factory.support.DefaultListableBeanFactory&amp#27;[0;39m ： Autowiring by type from bean name 'documentationPluginsBootstrapper' via constructor to bean named 'resourceGroupCache'
2023-08-25 00:37:29.644 &amp#27;[33mDEBUG&amp#27;[0;39m [main] &amp#27;[1;35mk.beans.factory.support.DefaultListableBeanFactory&amp#27;[0;39m ： Autowiring by type from bean name 'documentationPluginsBootstrapper' via constructor to bean named 'apiDocumentationScanner'
2023-08-25 00:37:29.644 &amp#27;[33mDEBUG&amp#27;[0;39m [main] &amp#27;[1;35mk.beans.factory.support.DefaultListableBeanFactory&amp#27;[0;39m ： Autowiring by type from bean name 'documentationPluginsBootstrapper' via constructor to bean named 'typeResolver'
2023-08-25 00:37:29.644 &amp#27;[33mDEBUG&amp#27;[0;39m [main] &amp#27;[1;35mk.beans.factory.support.DefaultListableBeanFactory&amp#27;[0;39m ： Autowiring by type from bean name 'documentationPluginsBootstrapper' via constructor to bean named 'defaults'
2023-08-25 00:37:29.644 &amp#27;[33mDEBUG&amp#27;[0;39m [main] &amp#27;[1;35mk.beans.factory.support.DefaultListableBeanFactory&amp#27;[0;39m ： Autowiring by type from bean name 'documentationPluginsBootstrapper' via constructor to bean named 'servletContext'
2023-08-25 00:37:29.644 &amp#27;[33mDEBUG&amp#27;[0;39m [main] &amp#27;[1;35mk.beans.factory.support.DefaultListableBeanFactory&amp#27;[0;39m ： Autowiring by type from bean name 'documentationPluginsBootstrapper' via constructor to bean named 'environment'
2023-08-25 00:37:29.646 &amp#27;[33mDEBUG&amp#27;[0;39m [main] &amp#27;[1;35mk.beans.factory.support.DefaultListableBeanFactory&amp#27;[0;39m ： Creating shared instance of singleton bean 'queryStringUriTemplateDecorator'
2023-08-25 00:37:29.648 &amp#27;[33mDEBUG&amp#27;[0;39m [main] &amp#27;[1;35mk.beans.factory.support.DefaultListableBeanFactory&amp#27;[0;39m ： Creating shared instance of singleton bean 'pathMappingDecorator'
2023-08-25 00:37:29.650 &amp#27;[33mDEBUG&amp#27;[0;39m [main] &amp#27;[1;35mk.beans.factory.support.DefaultListableBeanFactory&amp#27;[0;39m ： Creating shared instance of singleton bean 'pathSanitizer'
2023-08-25 00:37:29.651 &amp#27;[33mDEBUG&amp#27;[0;39m [main] &amp#27;[1;35mk.beans.factory.support.DefaultListableBeanFactory&amp#27;[0;39m ： Creating shared instance of singleton bean 'operationPathDecorator'
2023-08-25 00:37:29.653 &amp#27;[33mDEBUG&amp#27;[0;39m [main] &amp#27;[1;35mk.beans.factory.support.DefaultListableBeanFactory&amp#27;[0;39m ： Creating shared instance of singleton bean 'propertyDiscriminatorBasedInheritancePlugin'
2023-08-25 00:37:29.653 &amp#27;[33mDEBUG&amp#27;[0;39m [main] &amp#27;[1;35mk.beans.factory.support.DefaultListableBeanFactory&amp#27;[0;39m ： Autowiring by type from bean name 'propertyDiscriminatorBasedInheritancePlugin' via constructor to bean named 'typeResolver'
2023-08-25 00:37:29.653 &amp#27;[33mDEBUG&amp#27;[0;39m [main] &amp#27;[1;35mk.beans.factory.support.DefaultListableBeanFactory&amp#27;[0;39m ： Autowiring by type from bean name 'propertyDiscriminatorBasedInheritancePlugin' via constructor to bean named 'typeNameExtractor'
2023-08-25 00:37:29.655 &amp#27;[33mDEBUG&amp#27;[0;39m [main] &amp#27;[1;35mk.beans.factory.support.DefaultListableBeanFactory&amp#27;[0;39m ： Creating shared instance of singleton bean 'xmlModelPlugin'
2023-08-25 00:37:29.655 &amp#27;[33mDEBUG&amp#27;[0;39m [main] &amp#27;[1;35mk.beans.factory.support.DefaultListableBeanFactory&amp#27;[0;39m ： Autowiring by type from bean name 'xmlModelPlugin' via constructor to bean named 'typeResolver'
2023-08-25 00:37:29.657 &amp#27;[33mDEBUG&amp#27;[0;39m [main] &amp#27;[1;35mk.beans.factory.support.DefaultListableBeanFactory&amp#27;[0;39m ： Creating shared instance of singleton bean 'xmlPropertyPlugin'
2023-08-25 00:37:29.658 &amp#27;[33mDEBUG&amp#27;[0;39m [main] &amp#27;[1;35mk.beans.factory.support.DefaultListableBeanFactory&amp#27;[0;39m ： Creating shared instance of singleton bean 'apiModelPropertyPropertyBuilder'
2023-08-25 00:37:29.659 &amp#27;[33mDEBUG&amp#27;[0;39m [main] &amp#27;[1;35mk.beans.factory.support.DefaultListableBeanFactory&amp#27;[0;39m ： Autowiring by type from bean name 'apiModelPropertyPropertyBuilder' via constructor to bean named 'descriptionResolver'
2023-08-25 00:37:29.660 &amp#27;[33mDEBUG&amp#27;[0;39m [main] &amp#27;[1;35mk.beans.factory.support.DefaultListableBeanFactory&amp#27;[0;39m ： Creating shared instance of singleton bean 'apiModelTypeNameProvider'
2023-08-25 00:37:29.662 &amp#27;[33mDEBUG&amp#27;[0;39m [main] &amp#27;[1;35mk.beans.factory.support.DefaultListableBeanFactory&amp#27;[0;39m ： Creating shared instance of singleton bean 'apiModelBuilder'
2023-08-25 00:37:29.662 &amp#27;[33mDEBUG&amp#27;[0;39m [main] &amp#27;[1;35mk.beans.factory.support.DefaultListableBeanFactory&amp#27;[0;39m ： Autowiring by type from bean name 'apiModelBuilder' via constructor to bean named 'typeResolver'
2023-08-25 00:37:29.662 &amp#27;[33mDEBUG&amp#27;[0;39m [main] &amp#27;[1;35mk.beans.factory.support.DefaultListableBeanFactory&amp#27;[0;39m ： Autowiring by type from bean name 'apiModelBuilder' via constructor to bean named 'typeNameExtractor'
2023-08-25 00:37:29.663 &amp#27;[33mDEBUG&amp#27;[0;39m [main] &amp#27;[1;35mk.beans.factory.support.DefaultListableBeanFactory&amp#27;[0;39m ： Creating shared instance of singleton bean 'operationImplicitParameterReader'
2023-08-25 00:37:29.664 &amp#27;[33mDEBUG&amp#27;[0;39m [main] &amp#27;[1;35mk.beans.factory.support.DefaultListableBeanFactory&amp#27;[0;39m ： Autowiring by type from bean name 'operationImplicitParameterReader' via constructor to bean named 'descriptionResolver'
2023-08-25 00:37:29.665 &amp#27;[33mDEBUG&amp#27;[0;39m [main] &amp#27;[1;35mk.beans.factory.support.DefaultListableBeanFactory&amp#27;[0;39m ： Creating shared instance of singleton bean 'vendorExtensionsReader'
2023-08-25 00:37:29.667 &amp#27;[33mDEBUG&amp#27;[0;39m [main] &amp#27;[1;35mk.beans.factory.support.DefaultListableBeanFactory&amp#27;[0;39m ： Creating shared instance of singleton bean 'swaggerOperationResponseClassReader'
2023-08-25 00:37:29.667 &amp#27;[33mDEBUG&amp#27;[0;39m [main] &amp#27;[1;35mk.beans.factory.support.DefaultListableBeanFactory&amp#27;[0;39m ： Autowiring by type from bean name 'swaggerOperationResponseClassReader' via constructor to bean named 'typeResolver'
2023-08-25 00:37:29.667 &amp#27;[33mDEBUG&amp#27;[0;39m [main] &amp#27;[1;35mk.beans.factory.support.DefaultListableBeanFactory&amp#27;[0;39m ： Autowiring by type from bean name 'swaggerOperationResponseClassReader' via constructor to bean named 'typeNameExtractor'
2023-08-25 00:37:29.669 &amp#27;[33mDEBUG&amp#27;[0;39m [main] &amp#27;[1;35mk.beans.factory.support.DefaultListableBeanFactory&amp#27;[0;39m ： Creating shared instance of singleton bean 'swaggerOperationModelsProvider'
2023-08-25 00:37:29.669 &amp#27;[33mDEBUG&amp#27;[0;39m [main] &amp#27;[1;35mk.beans.factory.support.DefaultListableBeanFactory&amp#27;[0;39m ： Autowiring by type from bean name 'swaggerOperationModelsProvider' via constructor to bean named 'typeResolver'
2023-08-25 00:37:29.671 &amp#27;[33mDEBUG&amp#27;[0;39m [main] &amp#27;[1;35mk.beans.factory.support.DefaultListableBeanFactory&amp#27;[0;39m ： Creating shared instance of singleton bean 'swaggerMediaTypeReader'
2023-08-25 00:37:29.673 &amp#27;[33mDEBUG&amp#27;[0;39m [main] &amp#27;[1;35mk.beans.factory.support.DefaultListableBeanFactory&amp#27;[0;39m ： Creating shared instance of singleton bean 'operationHttpMethodReader'
2023-08-25 00:37:29.674 &amp#27;[33mDEBUG&amp#27;[0;39m [main] &amp#27;[1;35mk.beans.factory.support.DefaultListableBeanFactory&amp#27;[0;39m ： Creating shared instance of singleton bean 'operationImplicitParametersReader'
2023-08-25 00:37:29.675 &amp#27;[33mDEBUG&amp#27;[0;39m [main] &amp#27;[1;35mk.beans.factory.support.DefaultListableBeanFactory&amp#27;[0;39m ： Autowiring by type from bean name 'operationImplicitParametersReader' via constructor to bean named 'descriptionResolver'
2023-08-25 00:37:29.677 &amp#27;[33mDEBUG&amp#27;[0;39m [main] &amp#27;[1;35mk.beans.factory.support.DefaultListableBeanFactory&amp#27;[0;39m ： Creating shared instance of singleton bean 'operationAuthReader'
2023-08-25 00:37:29.680 &amp#27;[33mDEBUG&amp#27;[0;39m [main] &amp#27;[1;35mk.beans.factory.support.DefaultListableBeanFactory&amp#27;[0;39m ： Creating shared instance of singleton bean 'operationHiddenReader'
2023-08-25 00:37:29.682 &amp#27;[33mDEBUG&amp#27;[0;39m [main] &amp#27;[1;35mk.beans.factory.support.DefaultListableBeanFactory&amp#27;[0;39m ： Creating shared instance of singleton bean 'operationSummaryReader'
2023-08-25 00:37:29.683 &amp#27;[33mDEBUG&amp#27;[0;39m [main] &amp#27;[1;35mk.beans.factory.support.DefaultListableBeanFactory&amp#27;[0;39m ： Autowiring by type from bean name 'operationSummaryReader' via constructor to bean named 'descriptionResolver'
2023-08-25 00:37:29.686 &amp#27;[33mDEBUG&amp#27;[0;39m [main] &amp#27;[1;35mk.beans.factory.support.DefaultListableBeanFactory&amp#27;[0;39m ： Creating shared instance of singleton bean 'swaggerResponseMessageReader'
2023-08-25 00:37:29.688 &amp#27;[33mDEBUG&amp#27;[0;39m [main] &amp#27;[1;35mk.beans.factory.support.DefaultListableBeanFactory&amp#27;[0;39m ： Autowiring by type from bean name 'swaggerResponseMessageReader' via constructor to bean named 'typeNameExtractor'
2023-08-25 00:37:29.688 &amp#27;[33mDEBUG&amp#27;[0;39m [main] &amp#27;[1;35mk.beans.factory.support.DefaultListableBeanFactory&amp#27;[0;39m ： Autowiring by type from bean name 'swaggerResponseMessageReader' via constructor to bean named 'typeResolver'
2023-08-25 00:37:29.690 &amp#27;[33mDEBUG&amp#27;[0;39m [main] &amp#27;[1;35mk.beans.factory.support.DefaultListableBeanFactory&amp#27;[0;39m ： Creating shared instance of singleton bean 'operationNicknameIntoUniqueIdReader'
2023-08-25 00:37:29.693 &amp#27;[33mDEBUG&amp#27;[0;39m [main] &amp#27;[1;35mk.beans.factory.support.DefaultListableBeanFactory&amp#27;[0;39m ： Creating shared instance of singleton bean 'operationPositionReader'
2023-08-25 00:37:29.695 &amp#27;[33mDEBUG&amp#27;[0;39m [main] &amp#27;[1;35mk.beans.factory.support.DefaultListableBeanFactory&amp#27;[0;39m ： Creating shared instance of singleton bean 'operationNotesReader'
2023-08-25 00:37:29.696 &amp#27;[33mDEBUG&amp#27;[0;39m [main] &amp#27;[1;35mk.beans.factory.support.DefaultListableBeanFactory&amp#27;[0;39m ： Autowiring by type from bean name 'operationNotesReader' via constructor to bean named 'descriptionResolver'
2023-08-25 00:37:29.697 &amp#27;[33mDEBUG&amp#27;[0;39m [main] &amp#27;[1;35mk.beans.factory.support.DefaultListableBeanFactory&amp#27;[0;39m ： Creating shared instance of singleton bean 'swaggerOperationTagsReader'
2023-08-25 00:37:29.698 &amp#27;[33mDEBUG&amp#27;[0;39m [main] &amp#27;[1;35mk.beans.factory.support.DefaultListableBeanFactory&amp#27;[0;39m ： Autowiring by type from bean name 'swaggerOperationTagsReader' via constructor to bean named 'defaultTagsProvider'
2023-08-25 00:37:29.699 &amp#27;[33mDEBUG&amp#27;[0;39m [main] &amp#27;[1;35mk.beans.factory.support.DefaultListableBeanFactory&amp#27;[0;39m ： Creating shared instance of singleton bean 'swaggerParameterDescriptionReader'
2023-08-25 00:37:29.700 &amp#27;[33mDEBUG&amp#27;[0;39m [main] &amp#27;[1;35mk.beans.factory.support.DefaultListableBeanFactory&amp#27;[0;39m ： Autowiring by type from bean name 'swaggerParameterDescriptionReader' via constructor to bean named 'descriptionResolver'
2023-08-25 00:37:29.700 &amp#27;[33mDEBUG&amp#27;[0;39m [main] &amp#27;[1;35mk.beans.factory.support.DefaultListableBeanFactory&amp#27;[0;39m ： Autowiring by type from bean name 'swaggerParameterDescriptionReader' via constructor to bean named 'jacksonEnumTypeDeterminer'
2023-08-25 00:37:29.701 &amp#27;[33mDEBUG&amp#27;[0;39m [main] &amp#27;[1;35mk.beans.factory.support.DefaultListableBeanFactory&amp#27;[0;39m ： Creating shared instance of singleton bean 'swaggerExpandedParameterBuilder'
2023-08-25 00:37:29.702 &amp#27;[33mDEBUG&amp#27;[0;39m [main] &amp#27;[1;35mk.beans.factory.support.DefaultListableBeanFactory&amp#27;[0;39m ： Autowiring by type from bean name 'swaggerExpandedParameterBuilder' via constructor to bean named 'descriptionResolver'
2023-08-25 00:37:29.702 &amp#27;[33mDEBUG&amp#27;[0;39m [main] &amp#27;[1;35mk.beans.factory.support.DefaultListableBeanFactory&amp#27;[0;39m ： Autowiring by type from bean name 'swaggerExpandedParameterBuilder' via constructor to bean named 'jacksonEnumTypeDeterminer'
2023-08-25 00:37:29.704 &amp#27;[33mDEBUG&amp#27;[0;39m [main] &amp#27;[1;35mk.beans.factory.support.DefaultListableBeanFactory&amp#27;[0;39m ： Creating shared instance of singleton bean 'swaggerApiListingReader'
2023-08-25 00:37:29.707 &amp#27;[33mDEBUG&amp#27;[0;39m [main] &amp#27;[1;35mk.beans.factory.support.DefaultListableBeanFactory&amp#27;[0;39m ： Creating shared instance of singleton bean 'classOrApiAnnotationResourceGrouping'
2023-08-25 00:37:29.709 &amp#27;[33mDEBUG&amp#27;[0;39m [main] &amp#27;[1;35mk.beans.factory.support.DefaultListableBeanFactory&amp#27;[0;39m ： Creating shared instance of singleton bean 'inMemorySwaggerResourcesProvider'
2023-08-25 00:37:29.710 &amp#27;[33mDEBUG&amp#27;[0;39m [main] &amp#27;[1;35mk.beans.factory.support.DefaultListableBeanFactory&amp#27;[0;39m ： Autowiring by type from bean name 'inMemorySwaggerResourcesProvider' via constructor to bean named 'environment'
2023-08-25 00:37:29.710 &amp#27;[33mDEBUG&amp#27;[0;39m [main] &amp#27;[1;35mk.beans.factory.support.DefaultListableBeanFactory&amp#27;[0;39m ： Autowiring by type from bean name 'inMemorySwaggerResourcesProvider' via constructor to bean named 'resourceGroupCache'
2023-08-25 00:37:29.713 &amp#27;[33mDEBUG&amp#27;[0;39m [main] &amp#27;[1;35mk.beans.factory.support.DefaultListableBeanFactory&amp#27;[0;39m ： Creating shared instance of singleton bean 'apiResourceController'
2023-08-25 00:37:29.714 &amp#27;[33mDEBUG&amp#27;[0;39m [main] &amp#27;[1;35mk.beans.factory.support.DefaultListableBeanFactory&amp#27;[0;39m ： Autowiring by type from bean name 'apiResourceController' via constructor to bean named 'inMemorySwaggerResourcesProvider'
2023-08-25 00:37:29.716 &amp#27;[33mDEBUG&amp#27;[0;39m [main] &amp#27;[1;35mk.beans.factory.support.DefaultListableBeanFactory&amp#27;[0;39m ： Creating shared instance of singleton bean 'filterRegistrationBean'
2023-08-25 00:37:29.723 &amp#27;[33mDEBUG&amp#27;[0;39m [main] &amp#27;[1;35mk.beans.factory.support.DefaultListableBeanFactory&amp#27;[0;39m ： Creating shared instance of singleton bean 'redisCacheManager'
2023-08-25 00:37:29.723 &amp#27;[33mDEBUG&amp#27;[0;39m [main] &amp#27;[1;35mk.beans.factory.support.DefaultListableBeanFactory&amp#27;[0;39m ： Autowiring by type from bean name 'redisCacheManager' via factory method to bean named 'redisTemplate'
2023-08-25 00:37:29.723 &amp#27;[33mDEBUG&amp#27;[0;39m [main] &amp#27;[1;35mk.beans.factory.support.DefaultListableBeanFactory&amp#27;[0;39m ： Autowiring by type from bean name 'redisCacheManager' via factory method to bean named 'redisConnectionFactory'
2023-08-25 00:37:29.736 &amp#27;[33mDEBUG&amp#27;[0;39m [main] &amp#27;[1;35mk.beans.factory.support.DefaultListableBeanFactory&amp#27;[0;39m ： Creating shared instance of singleton bean 'hashOperations'
2023-08-25 00:37:29.737 &amp#27;[33mDEBUG&amp#27;[0;39m [main] &amp#27;[1;35mk.beans.factory.support.DefaultListableBeanFactory&amp#27;[0;39m ： Autowiring by type from bean name 'hashOperations' via factory method to bean named 'redisTemplate'
2023-08-25 00:37:29.748 &amp#27;[33mDEBUG&amp#27;[0;39m [main] &amp#27;[1;35mk.beans.factory.support.DefaultListableBeanFactory&amp#27;[0;39m ： Creating shared instance of singleton bean 'valueOperations'
2023-08-25 00:37:29.749 &amp#27;[33mDEBUG&amp#27;[0;39m [main] &amp#27;[1;35mk.beans.factory.support.DefaultListableBeanFactory&amp#27;[0;39m ： Autowiring by type from bean name 'valueOperations' via factory method to bean named 'redisTemplate'
2023-08-25 00:37:29.757 &amp#27;[33mDEBUG&amp#27;[0;39m [main] &amp#27;[1;35mk.beans.factory.support.DefaultListableBeanFactory&amp#27;[0;39m ： Creating shared instance of singleton bean 'listOperations'
2023-08-25 00:37:29.758 &amp#27;[33mDEBUG&amp#27;[0;39m [main] &amp#27;[1;35mk.beans.factory.support.DefaultListableBeanFactory&amp#27;[0;39m ： Autowiring by type from bean name 'listOperations' via factory method to bean named 'redisTemplate'
2023-08-25 00:37:29.766 &amp#27;[33mDEBUG&amp#27;[0;39m [main] &amp#27;[1;35mk.beans.factory.support.DefaultListableBeanFactory&amp#27;[0;39m ： Creating shared instance of singleton bean 'setOperations'
2023-08-25 00:37:29.767 &amp#27;[33mDEBUG&amp#27;[0;39m [main] &amp#27;[1;35mk.beans.factory.support.DefaultListableBeanFactory&amp#27;[0;39m ： Autowiring by type from bean name 'setOperations' via factory method to bean named 'redisTemplate'
2023-08-25 00:37:29.775 &amp#27;[33mDEBUG&amp#27;[0;39m [main] &amp#27;[1;35mk.beans.factory.support.DefaultListableBeanFactory&amp#27;[0;39m ： Creating shared instance of singleton bean 'zSetOperations'
2023-08-25 00:37:29.775 &amp#27;[33mDEBUG&amp#27;[0;39m [main] &amp#27;[1;35mk.beans.factory.support.DefaultListableBeanFactory&amp#27;[0;39m ： Autowiring by type from bean name 'zSetOperations' via factory method to bean named 'redisTemplate'
2023-08-25 00:37:29.785 &amp#27;[33mDEBUG&amp#27;[0;39m [main] &amp#27;[1;35mk.beans.factory.support.DefaultListableBeanFactory&amp#27;[0;39m ： Creating shared instance of singleton bean 'jsonSerializer'
2023-08-25 00:37:29.786 &amp#27;[33mDEBUG&amp#27;[0;39m [main] &amp#27;[1;35mk.beans.factory.support.DefaultListableBeanFactory&amp#27;[0;39m ： Creating shared instance of singleton bean 'swagger2Module'
2023-08-25 00:37:29.786 &amp#27;[33mDEBUG&amp#27;[0;39m [main] &amp#27;[1;35mk.beans.factory.support.DefaultListableBeanFactory&amp#27;[0;39m ： Creating shared instance of singleton bean 'springfox.documentation.swagger2.configuration.Swagger2DocumentationConfiguration'
2023-08-25 00:37:29.799 &amp#27;[33mDEBUG&amp#27;[0;39m [main] &amp#27;[1;35mk.beans.factory.support.DefaultListableBeanFactory&amp#27;[0;39m ： Autowiring by type from bean name 'jsonSerializer' via factory method to bean named 'swagger2Module'
2023-08-25 00:37:29.803 &amp#27;[33mDEBUG&amp#27;[0;39m [main] &amp#27;[1;35mk.beans.factory.support.DefaultListableBeanFactory&amp#27;[0;39m ： Creating shared instance of singleton bean 'springfox.documentation.swagger.configuration.SwaggerCommonConfiguration'
2023-08-25 00:37:29.807 &amp#27;[33mDEBUG&amp#27;[0;39m [main] &amp#27;[1;35mk.beans.factory.support.DefaultListableBeanFactory&amp#27;[0;39m ： Creating shared instance of singleton bean 'swagger2ControllerMapping'
2023-08-25 00:37:29.808 &amp#27;[33mDEBUG&amp#27;[0;39m [main] &amp#27;[1;35mk.beans.factory.support.DefaultListableBeanFactory&amp#27;[0;39m ： Autowiring by type from bean name 'swagger2ControllerMapping' via factory method to bean named 'environment'
2023-08-25 00:37:29.808 &amp#27;[33mDEBUG&amp#27;[0;39m [main] &amp#27;[1;35mk.beans.factory.support.DefaultListableBeanFactory&amp#27;[0;39m ： Autowiring by type from bean name 'swagger2ControllerMapping' via factory method to bean named 'resourceGroupCache'
2023-08-25 00:37:29.808 &amp#27;[33mDEBUG&amp#27;[0;39m [main] &amp#27;[1;35mk.beans.factory.support.DefaultListableBeanFactory&amp#27;[0;39m ： Autowiring by type from bean name 'swagger2ControllerMapping' via factory method to bean named 'serviceModelToSwagger2MapperImpl'
2023-08-25 00:37:29.808 &amp#27;[33mDEBUG&amp#27;[0;39m [main] &amp#27;[1;35mk.beans.factory.support.DefaultListableBeanFactory&amp#27;[0;39m ： Autowiring by type from bean name 'swagger2ControllerMapping' via factory method to bean named 'jsonSerializer'
2023-08-25 00:37:29.825 &amp#27;[33mDEBUG&amp#27;[0;39m [main] &amp#27;[1;35mk.beans.factory.support.DefaultListableBeanFactory&amp#27;[0;39m ： Creating shared instance of singleton bean 'createRestApi'
2023-08-25 00:37:29.834 &amp#27;[33mDEBUG&amp#27;[0;39m [main] &amp#27;[1;35mk.beans.factory.support.DefaultListableBeanFactory&amp#27;[0;39m ： Creating shared instance of singleton bean 'org.springframework.boot.autoconfigure.context.PropertyPlaceholderAutoConfiguration'
2023-08-25 00:37:29.835 &amp#27;[33mDEBUG&amp#27;[0;39m [main] &amp#27;[1;35mk.beans.factory.support.DefaultListableBeanFactory&amp#27;[0;39m ： Creating shared instance of singleton bean 'org.springframework.boot.autoconfigure.websocket.servlet.WebSocketServletAutoConfiguration$TomcatWebSocketConfiguration'
2023-08-25 00:37:29.836 &amp#27;[33mDEBUG&amp#27;[0;39m [main] &amp#27;[1;35mk.beans.factory.support.DefaultListableBeanFactory&amp#27;[0;39m ： Creating shared instance of singleton bean 'websocketServletWebServerCustomizer'
2023-08-25 00:37:29.839 &amp#27;[33mDEBUG&amp#27;[0;39m [main] &amp#27;[1;35mk.beans.factory.support.DefaultListableBeanFactory&amp#27;[0;39m ： Creating shared instance of singleton bean 'org.springframework.boot.autoconfigure.websocket.servlet.WebSocketServletAutoConfiguration'
2023-08-25 00:37:29.840 &amp#27;[33mDEBUG&amp#27;[0;39m [main] &amp#27;[1;35mk.beans.factory.support.DefaultListableBeanFactory&amp#27;[0;39m ： Creating shared instance of singleton bean 'org.springframework.boot.autoconfigure.web.servlet.ServletWebServerFactoryConfiguration$EmbeddedTomcat'
2023-08-25 00:37:29.841 &amp#27;[33mDEBUG&amp#27;[0;39m [main] &amp#27;[1;35mk.beans.factory.support.DefaultListableBeanFactory&amp#27;[0;39m ： Creating shared instance of singleton bean 'tomcatServletWebServerFactory'
2023-08-25 00:37:29.867 &amp#27;[33mDEBUG&amp#27;[0;39m [main] &amp#27;[1;35mk.beans.factory.support.DefaultListableBeanFactory&amp#27;[0;39m ： Creating shared instance of singleton bean 'servletWebServerFactoryCustomizer'
2023-08-25 00:37:29.867 &amp#27;[33mDEBUG&amp#27;[0;39m [main] &amp#27;[1;35mk.beans.factory.support.DefaultListableBeanFactory&amp#27;[0;39m ： Creating shared instance of singleton bean 'org.springframework.boot.autoconfigure.web.servlet.ServletWebServerFactoryAutoConfiguration'
2023-08-25 00:37:29.870 &amp#27;[33mDEBUG&amp#27;[0;39m [main] &amp#27;[1;35mk.beans.factory.support.DefaultListableBeanFactory&amp#27;[0;39m ： Creating shared instance of singleton bean 'server-org.springframework.boot.autoconfigure.web.ServerProperties'
2023-08-25 00:37:29.877 &amp#27;[33mDEBUG&amp#27;[0;39m [main] &amp#27;[1;35mk.beans.factory.support.DefaultListableBeanFactory&amp#27;[0;39m ： Autowiring by type from bean name 'servletWebServerFactoryCustomizer' via factory method to bean named 'server-org.springframework.boot.autoconfigure.web.ServerProperties'
2023-08-25 00:37:29.881 &amp#27;[33mDEBUG&amp#27;[0;39m [main] &amp#27;[1;35mk.beans.factory.support.DefaultListableBeanFactory&amp#27;[0;39m ： Creating shared instance of singleton bean 'tomcatServletWebServerFactoryCustomizer'
2023-08-25 00:37:29.881 &amp#27;[33mDEBUG&amp#27;[0;39m [main] &amp#27;[1;35mk.beans.factory.support.DefaultListableBeanFactory&amp#27;[0;39m ： Autowiring by type from bean name 'tomcatServletWebServerFactoryCustomizer' via factory method to bean named 'server-org.springframework.boot.autoconfigure.web.ServerProperties'
2023-08-25 00:37:29.886 &amp#27;[33mDEBUG&amp#27;[0;39m [main] &amp#27;[1;35mk.beans.factory.support.DefaultListableBeanFactory&amp#27;[0;39m ： Creating shared instance of singleton bean 'tomcatWebServerFactoryCustomizer'
2023-08-25 00:37:29.886 &amp#27;[33mDEBUG&amp#27;[0;39m [main] &amp#27;[1;35mk.beans.factory.support.DefaultListableBeanFactory&amp#27;[0;39m ： Creating shared instance of singleton bean 'org.springframework.boot.autoconfigure.web.embedded.EmbeddedWebServerFactoryCustomizerAutoConfiguration$TomcatWebServerFactoryCustomizerConfiguration'
2023-08-25 00:37:29.889 &amp#27;[33mDEBUG&amp#27;[0;39m [main] &amp#27;[1;35mk.beans.factory.support.DefaultListableBeanFactory&amp#27;[0;39m ： Autowiring by type from bean name 'tomcatWebServerFactoryCustomizer' via factory method to bean named 'environment'
2023-08-25 00:37:29.890 &amp#27;[33mDEBUG&amp#27;[0;39m [main] &amp#27;[1;35mk.beans.factory.support.DefaultListableBeanFactory&amp#27;[0;39m ： Autowiring by type from bean name 'tomcatWebServerFactoryCustomizer' via factory method to bean named 'server-org.springframework.boot.autoconfigure.web.ServerProperties'
2023-08-25 00:37:29.895 &amp#27;[33mDEBUG&amp#27;[0;39m [main] &amp#27;[1;35mk.beans.factory.support.DefaultListableBeanFactory&amp#27;[0;39m ： Creating shared instance of singleton bean 'localeCharsetMappingsCustomizer'
2023-08-25 00:37:29.895 &amp#27;[33mDEBUG&amp#27;[0;39m [main] &amp#27;[1;35mk.beans.factory.support.DefaultListableBeanFactory&amp#27;[0;39m ： Creating shared instance of singleton bean 'org.springframework.boot.autoconfigure.web.servlet.HttpEncodingAutoConfiguration'
2023-08-25 00:37:29.895 &amp#27;[33mDEBUG&amp#27;[0;39m [main] &amp#27;[1;35mk.beans.factory.support.DefaultListableBeanFactory&amp#27;[0;39m ： Autowiring by type from bean name 'org.springframework.boot.autoconfigure.web.servlet.HttpEncodingAutoConfiguration' via constructor to bean named 'server-org.springframework.boot.autoconfigure.web.ServerProperties'
2023-08-25 00:37:29.919 &amp#27;[33mDEBUG&amp#27;[0;39m [main] &amp#27;[1;35mk.beans.factory.support.DefaultListableBeanFactory&amp#27;[0;39m ： Creating shared instance of singleton bean 'errorPageCustomizer'
2023-08-25 00:37:29.919 &amp#27;[33mDEBUG&amp#27;[0;39m [main] &amp#27;[1;35mk.beans.factory.support.DefaultListableBeanFactory&amp#27;[0;39m ： Creating shared instance of singleton bean 'org.springframework.boot.autoconfigure.web.servlet.error.ErrorMvcAutoConfiguration'
2023-08-25 00:37:29.920 &amp#27;[33mDEBUG&amp#27;[0;39m [main] &amp#27;[1;35mk.beans.factory.support.DefaultListableBeanFactory&amp#27;[0;39m ： Autowiring by type from bean name 'org.springframework.boot.autoconfigure.web.servlet.error.ErrorMvcAutoConfiguration' via constructor to bean named 'server-org.springframework.boot.autoconfigure.web.ServerProperties'
2023-08-25 00:37:29.922 &amp#27;[33mDEBUG&amp#27;[0;39m [main] &amp#27;[1;35mk.beans.factory.support.DefaultListableBeanFactory&amp#27;[0;39m ： Autowiring by type from bean name 'errorPageCustomizer' via factory method to bean named 'dispatcherServletRegistration'
2023-08-25 00:37:29.934 &amp#27;[33mDEBUG&amp#27;[0;39m [main] &amp#27;[1;35mk.beans.factory.support.DefaultListableBeanFactory&amp#27;[0;39m ： Creating shared instance of singleton bean 'org.springframework.boot.context.properties.EnableConfigurationPropertiesRegistrar.methodValidationExcludeFilter'
2023-08-25 00:37:29.938 &amp#27;[33mDEBUG&amp#27;[0;39m [main] &amp#27;[1;35mk.beans.factory.support.DefaultListableBeanFactory&amp#27;[0;39m ： Creating shared instance of singleton bean 'org.springframework.boot.autoconfigure.web.servlet.DispatcherServletAutoConfiguration'
2023-08-25 00:37:29.940 &amp#27;[33mDEBUG&amp#27;[0;39m [main] &amp#27;[1;35mk.beans.factory.support.DefaultListableBeanFactory&amp#27;[0;39m ： Creating shared instance of singleton bean 'org.springframework.boot.autoconfigure.task.TaskExecutionAutoConfiguration'
2023-08-25 00:37:29.942 &amp#27;[33mDEBUG&amp#27;[0;39m [main] &amp#27;[1;35mk.beans.factory.support.DefaultListableBeanFactory&amp#27;[0;39m ： Creating shared instance of singleton bean 'taskExecutorBuilder'
2023-08-25 00:37:29.943 &amp#27;[33mDEBUG&amp#27;[0;39m [main] &amp#27;[1;35mk.beans.factory.support.DefaultListableBeanFactory&amp#27;[0;39m ： Creating shared instance of singleton bean 'spring.task.execution-org.springframework.boot.autoconfigure.task.TaskExecutionProperties'
2023-08-25 00:37:29.945 &amp#27;[33mDEBUG&amp#27;[0;39m [main] &amp#27;[1;35mk.beans.factory.support.DefaultListableBeanFactory&amp#27;[0;39m ： Autowiring by type from bean name 'taskExecutorBuilder' via factory method to bean named 'spring.task.execution-org.springframework.boot.autoconfigure.task.TaskExecutionProperties'
2023-08-25 00:37:29.949 &amp#27;[33mDEBUG&amp#27;[0;39m [main] &amp#27;[1;35mk.beans.factory.support.DefaultListableBeanFactory&amp#27;[0;39m ： Creating shared instance of singleton bean 'org.springframework.boot.autoconfigure.web.servlet.error.ErrorMvcAutoConfiguration$WhitelabelErrorViewConfiguration'
2023-08-25 00:37:29.952 &amp#27;[33mDEBUG&amp#27;[0;39m [main] &amp#27;[1;35mk.beans.factory.support.DefaultListableBeanFactory&amp#27;[0;39m ： Creating shared instance of singleton bean 'error'
2023-08-25 00:37:29.955 &amp#27;[33mDEBUG&amp#27;[0;39m [main] &amp#27;[1;35mk.beans.factory.support.DefaultListableBeanFactory&amp#27;[0;39m ： Creating shared instance of singleton bean 'beanNameViewResolver'
2023-08-25 00:37:29.960 &amp#27;[33mDEBUG&amp#27;[0;39m [main] &amp#27;[1;35mk.beans.factory.support.DefaultListableBeanFactory&amp#27;[0;39m ： Creating shared instance of singleton bean 'org.springframework.boot.autoconfigure.web.servlet.error.ErrorMvcAutoConfiguration$DefaultErrorViewResolverConfiguration'
2023-08-25 00:37:29.961 &amp#27;[33mDEBUG&amp#27;[0;39m [main] &amp#27;[1;35mk.beans.factory.support.DefaultListableBeanFactory&amp#27;[0;39m ： Autowiring by type from bean name 'org.springframework.boot.autoconfigure.web.servlet.error.ErrorMvcAutoConfiguration$DefaultErrorViewResolverConfiguration' via constructor to bean named 'org.springframework.web.context.support.GenericWebApplicationContext@654d8173'
2023-08-25 00:37:29.961 &amp#27;[33mDEBUG&amp#27;[0;39m [main] &amp#27;[1;35mk.beans.factory.support.DefaultListableBeanFactory&amp#27;[0;39m ： Autowiring by type from bean name 'org.springframework.boot.autoconfigure.web.servlet.error.ErrorMvcAutoConfiguration$DefaultErrorViewResolverConfiguration' via constructor to bean named 'spring.resources-org.springframework.boot.autoconfigure.web.ResourceProperties'
2023-08-25 00:37:29.961 &amp#27;[33mDEBUG&amp#27;[0;39m [main] &amp#27;[1;35mk.beans.factory.support.DefaultListableBeanFactory&amp#27;[0;39m ： Autowiring by type from bean name 'org.springframework.boot.autoconfigure.web.servlet.error.ErrorMvcAutoConfiguration$DefaultErrorViewResolverConfiguration' via constructor to bean named 'spring.web-org.springframework.boot.autoconfigure.web.WebProperties'
2023-08-25 00:37:29.962 &amp#27;[33mDEBUG&amp#27;[0;39m [main] &amp#27;[1;35mk.beans.factory.support.DefaultListableBeanFactory&amp#27;[0;39m ： Creating shared instance of singleton bean 'conventionErrorViewResolver'
2023-08-25 00:37:29.967 &amp#27;[33mDEBUG&amp#27;[0;39m [main] &amp#27;[1;35mk.beans.factory.support.DefaultListableBeanFactory&amp#27;[0;39m ： Creating shared instance of singleton bean 'errorAttributes'
2023-08-25 00:37:29.971 &amp#27;[33mDEBUG&amp#27;[0;39m [main] &amp#27;[1;35mk.beans.factory.support.DefaultListableBeanFactory&amp#27;[0;39m ： Creating shared instance of singleton bean 'basicErrorController'
2023-08-25 00:37:29.972 &amp#27;[33mDEBUG&amp#27;[0;39m [main] &amp#27;[1;35mk.beans.factory.support.DefaultListableBeanFactory&amp#27;[0;39m ： Autowiring by type from bean name 'basicErrorController' via factory method to bean named 'errorAttributes'
2023-08-25 00:37:29.977 &amp#27;[33mDEBUG&amp#27;[0;39m [main] &amp#27;[1;35mk.beans.factory.support.DefaultListableBeanFactory&amp#27;[0;39m ： Creating shared instance of singleton bean 'requestMappingHandlerAdapter'
2023-08-25 00:37:29.978 &amp#27;[33mDEBUG&amp#27;[0;39m [main] &amp#27;[1;35mk.beans.factory.support.DefaultListableBeanFactory&amp#27;[0;39m ： Creating shared instance of singleton bean 'mvcValidator'
2023-08-25 00:37:29.982 &amp#27;[33mDEBUG&amp#27;[0;39m [main] &amp#27;[1;35mk.beans.factory.support.DefaultListableBeanFactory&amp#27;[0;39m ： Autowiring by type from bean name 'requestMappingHandlerAdapter' via factory method to bean named 'mvcContentNegotiationManager'
2023-08-25 00:37:29.982 &amp#27;[33mDEBUG&amp#27;[0;39m [main] &amp#27;[1;35mk.beans.factory.support.DefaultListableBeanFactory&amp#27;[0;39m ： Autowiring by type from bean name 'requestMappingHandlerAdapter' via factory method to bean named 'mvcConversionService'
2023-08-25 00:37:29.982 &amp#27;[33mDEBUG&amp#27;[0;39m [main] &amp#27;[1;35mk.beans.factory.support.DefaultListableBeanFactory&amp#27;[0;39m ： Autowiring by type from bean name 'requestMappingHandlerAdapter' via factory method to bean named 'mvcValidator'
2023-08-25 00:37:29.983 &amp#27;[33mDEBUG&amp#27;[0;39m [main] &amp#27;[1;35mk.beans.factory.support.DefaultListableBeanFactory&amp#27;[0;39m ： Autowiring by type from bean name 'requestMappingHandlerAdapter' via factory method to bean named 'mvcContentNegotiationManager'
2023-08-25 00:37:29.983 &amp#27;[33mDEBUG&amp#27;[0;39m [main] &amp#27;[1;35mk.beans.factory.support.DefaultListableBeanFactory&amp#27;[0;39m ： Autowiring by type from bean name 'requestMappingHandlerAdapter' via factory method to bean named 'mvcConversionService'
2023-08-25 00:37:29.983 &amp#27;[33mDEBUG&amp#27;[0;39m [main] &amp#27;[1;35mk.beans.factory.support.DefaultListableBeanFactory&amp#27;[0;39m ： Autowiring by type from bean name 'requestMappingHandlerAdapter' via factory method to bean named 'mvcValidator'
2023-08-25 00:37:29.991 &amp#27;[33mDEBUG&amp#27;[0;39m [main] &amp#27;[1;35mk.beans.factory.support.DefaultListableBeanFactory&amp#27;[0;39m ： Creating shared instance of singleton bean 'messageConverters'
2023-08-25 00:37:29.991 &amp#27;[33mDEBUG&amp#27;[0;39m [main] &amp#27;[1;35mk.beans.factory.support.DefaultListableBeanFactory&amp#27;[0;39m ： Creating shared instance of singleton bean 'org.springframework.boot.autoconfigure.http.HttpMessageConvertersAutoConfiguration'
2023-08-25 00:37:29.994 &amp#27;[33mDEBUG&amp#27;[0;39m [main] &amp#27;[1;35mk.beans.factory.support.DefaultListableBeanFactory&amp#27;[0;39m ： Creating shared instance of singleton bean 'stringHttpMessageConverter'
2023-08-25 00:37:29.994 &amp#27;[33mDEBUG&amp#27;[0;39m [main] &amp#27;[1;35mk.beans.factory.support.DefaultListableBeanFactory&amp#27;[0;39m ： Creating shared instance of singleton bean 'org.springframework.boot.autoconfigure.http.HttpMessageConvertersAutoConfiguration$StringHttpMessageConverterConfiguration'
2023-08-25 00:37:29.995 &amp#27;[33mDEBUG&amp#27;[0;39m [main] &amp#27;[1;35mk.beans.factory.support.DefaultListableBeanFactory&amp#27;[0;39m ： Autowiring by type from bean name 'stringHttpMessageConverter' via factory method to bean named 'environment'
2023-08-25 00:37:30.003 &amp#27;[33mDEBUG&amp#27;[0;39m [main] &amp#27;[1;35mk.beans.factory.support.DefaultListableBeanFactory&amp#27;[0;39m ： Creating shared instance of singleton bean 'mappingJackson2HttpMessageConverter'
2023-08-25 00:37:30.003 &amp#27;[33mDEBUG&amp#27;[0;39m [main] &amp#27;[1;35mk.beans.factory.support.DefaultListableBeanFactory&amp#27;[0;39m ： Creating shared instance of singleton bean 'org.springframework.boot.autoconfigure.http.JacksonHttpMessageConvertersConfiguration$MappingJackson2HttpMessageConverterConfiguration'
2023-08-25 00:37:30.005 &amp#27;[33mDEBUG&amp#27;[0;39m [main] &amp#27;[1;35mk.beans.factory.support.DefaultListableBeanFactory&amp#27;[0;39m ： Autowiring by type from bean name 'mappingJackson2HttpMessageConverter' via factory method to bean named 'jacksonObjectMapper'
2023-08-25 00:37:30.044 &amp#27;[33mDEBUG&amp#27;[0;39m [main] &amp#27;[1;35mk.beans.factory.support.DefaultListableBeanFactory&amp#27;[0;39m ： Creating shared instance of singleton bean 'sortResolver'
2023-08-25 00:37:30.050 &amp#27;[33mDEBUG&amp#27;[0;39m [main] &amp#27;[1;35mk.beans.factory.support.DefaultListableBeanFactory&amp#27;[0;39m ： Creating shared instance of singleton bean 'pageableResolver'
2023-08-25 00:37:30.055 &amp#27;[33mDEBUG&amp#27;[0;39m [main] &amp#27;[1;35mk.beans.factory.support.DefaultListableBeanFactory&amp#27;[0;39m ： Creating shared instance of singleton bean 'applicationTaskExecutor'
2023-08-25 00:37:30.056 &amp#27;[33mDEBUG&amp#27;[0;39m [main] &amp#27;[1;35mk.beans.factory.support.DefaultListableBeanFactory&amp#27;[0;39m ： Autowiring by type from bean name 'applicationTaskExecutor' via factory method to bean named 'taskExecutorBuilder'
2023-08-25 00:37:30.063 &amp#27;[33mINFO &amp#27;[0;39m [main] &amp#27;[1;35mework.scheduling.concurrent.ThreadPoolTaskExecutor&amp#27;[0;39m ： Initializing ExecutorService 'applicationTaskExecutor'
2023-08-25 00:37:30.082 &amp#27;[33mDEBUG&amp#27;[0;39m [main] &amp#27;[1;35mmvc.method.annotation.RequestMappingHandlerAdapter&amp#27;[0;39m ： ControllerAdvice beans: 0 @ModelAttribute, 0 @InitBinder, 1 RequestBodyAdvice, 2 ResponseBodyAdvice
2023-08-25 00:37:30.108 &amp#27;[33mDEBUG&amp#27;[0;39m [main] &amp#27;[1;35mk.beans.factory.support.DefaultListableBeanFactory&amp#27;[0;39m ： Creating shared instance of singleton bean 'welcomePageHandlerMapping'
2023-08-25 00:37:30.108 &amp#27;[33mDEBUG&amp#27;[0;39m [main] &amp#27;[1;35mk.beans.factory.support.DefaultListableBeanFactory&amp#27;[0;39m ： Autowiring by type from bean name 'welcomePageHandlerMapping' via factory method to bean named 'org.springframework.web.context.support.GenericWebApplicationContext@654d8173'
2023-08-25 00:37:30.108 &amp#27;[33mDEBUG&amp#27;[0;39m [main] &amp#27;[1;35mk.beans.factory.support.DefaultListableBeanFactory&amp#27;[0;39m ： Autowiring by type from bean name 'welcomePageHandlerMapping' via factory method to bean named 'mvcConversionService'
2023-08-25 00:37:30.108 &amp#27;[33mDEBUG&amp#27;[0;39m [main] &amp#27;[1;35mk.beans.factory.support.DefaultListableBeanFactory&amp#27;[0;39m ： Autowiring by type from bean name 'welcomePageHandlerMapping' via factory method to bean named 'mvcResourceUrlProvider'
2023-08-25 00:37:30.126 &amp#27;[33mDEBUG&amp#27;[0;39m [main] &amp#27;[1;35mk.beans.factory.support.DefaultListableBeanFactory&amp#27;[0;39m ： Creating shared instance of singleton bean 'localeResolver'
2023-08-25 00:37:30.129 &amp#27;[33mDEBUG&amp#27;[0;39m [main] &amp#27;[1;35mk.beans.factory.support.DefaultListableBeanFactory&amp#27;[0;39m ： Creating shared instance of singleton bean 'mvcUrlPathHelper'
2023-08-25 00:37:30.131 &amp#27;[33mDEBUG&amp#27;[0;39m [main] &amp#27;[1;35mk.beans.factory.support.DefaultListableBeanFactory&amp#27;[0;39m ： Creating shared instance of singleton bean 'mvcPathMatcher'
2023-08-25 00:37:30.133 &amp#27;[33mDEBUG&amp#27;[0;39m [main] &amp#27;[1;35mk.beans.factory.support.DefaultListableBeanFactory&amp#27;[0;39m ： Creating shared instance of singleton bean 'viewControllerHandlerMapping'
2023-08-25 00:37:30.134 &amp#27;[33mDEBUG&amp#27;[0;39m [main] &amp#27;[1;35mk.beans.factory.support.DefaultListableBeanFactory&amp#27;[0;39m ： Autowiring by type from bean name 'viewControllerHandlerMapping' via factory method to bean named 'mvcConversionService'
2023-08-25 00:37:30.134 &amp#27;[33mDEBUG&amp#27;[0;39m [main] &amp#27;[1;35mk.beans.factory.support.DefaultListableBeanFactory&amp#27;[0;39m ： Autowiring by type from bean name 'viewControllerHandlerMapping' via factory method to bean named 'mvcResourceUrlProvider'
2023-08-25 00:37:30.135 &amp#27;[33mDEBUG&amp#27;[0;39m [main] &amp#27;[1;35mk.beans.factory.support.DefaultListableBeanFactory&amp#27;[0;39m ： Creating shared instance of singleton bean 'beanNameHandlerMapping'
2023-08-25 00:37:30.135 &amp#27;[33mDEBUG&amp#27;[0;39m [main] &amp#27;[1;35mk.beans.factory.support.DefaultListableBeanFactory&amp#27;[0;39m ： Autowiring by type from bean name 'beanNameHandlerMapping' via factory method to bean named 'mvcConversionService'
2023-08-25 00:37:30.135 &amp#27;[33mDEBUG&amp#27;[0;39m [main] &amp#27;[1;35mk.beans.factory.support.DefaultListableBeanFactory&amp#27;[0;39m ： Autowiring by type from bean name 'beanNameHandlerMapping' via factory method to bean named 'mvcResourceUrlProvider'
2023-08-25 00:37:30.143 &amp#27;[33mDEBUG&amp#27;[0;39m [main] &amp#27;[1;35mk.beans.factory.support.DefaultListableBeanFactory&amp#27;[0;39m ： Creating shared instance of singleton bean 'routerFunctionMapping'
2023-08-25 00:37:30.143 &amp#27;[33mDEBUG&amp#27;[0;39m [main] &amp#27;[1;35mk.beans.factory.support.DefaultListableBeanFactory&amp#27;[0;39m ： Autowiring by type from bean name 'routerFunctionMapping' via factory method to bean named 'mvcConversionService'
2023-08-25 00:37:30.143 &amp#27;[33mDEBUG&amp#27;[0;39m [main] &amp#27;[1;35mk.beans.factory.support.DefaultListableBeanFactory&amp#27;[0;39m ： Autowiring by type from bean name 'routerFunctionMapping' via factory method to bean named 'mvcResourceUrlProvider'
2023-08-25 00:37:30.154 &amp#27;[33mDEBUG&amp#27;[0;39m [main] &amp#27;[1;35mk.beans.factory.support.DefaultListableBeanFactory&amp#27;[0;39m ： Creating shared instance of singleton bean 'resourceHandlerMapping'
2023-08-25 00:37:30.155 &amp#27;[33mDEBUG&amp#27;[0;39m [main] &amp#27;[1;35mk.beans.factory.support.DefaultListableBeanFactory&amp#27;[0;39m ： Autowiring by type from bean name 'resourceHandlerMapping' via factory method to bean named 'mvcContentNegotiationManager'
2023-08-25 00:37:30.155 &amp#27;[33mDEBUG&amp#27;[0;39m [main] &amp#27;[1;35mk.beans.factory.support.DefaultListableBeanFactory&amp#27;[0;39m ： Autowiring by type from bean name 'resourceHandlerMapping' via factory method to bean named 'mvcConversionService'
2023-08-25 00:37:30.155 &amp#27;[33mDEBUG&amp#27;[0;39m [main] &amp#27;[1;35mk.beans.factory.support.DefaultListableBeanFactory&amp#27;[0;39m ： Autowiring by type from bean name 'resourceHandlerMapping' via factory method to bean named 'mvcResourceUrlProvider'
2023-08-25 00:37:30.169 &amp#27;[33mDEBUG&amp#27;[0;39m [main] &amp#27;[1;35mmework.web.servlet.handler.SimpleUrlHandlerMapping&amp#27;[0;39m ： Patterns [/webjars/**, /**] in 'resourceHandlerMapping'
2023-08-25 00:37:30.171 &amp#27;[33mDEBUG&amp#27;[0;39m [main] &amp#27;[1;35mk.beans.factory.support.DefaultListableBeanFactory&amp#27;[0;39m ： Creating shared instance of singleton bean 'defaultServletHandlerMapping'
2023-08-25 00:37:30.171 &amp#27;[33mDEBUG&amp#27;[0;39m [main] &amp#27;[1;35mk.beans.factory.support.DefaultListableBeanFactory&amp#27;[0;39m ： Creating shared instance of singleton bean 'handlerFunctionAdapter'
2023-08-25 00:37:30.174 &amp#27;[33mDEBUG&amp#27;[0;39m [main] &amp#27;[1;35mk.beans.factory.support.DefaultListableBeanFactory&amp#27;[0;39m ： Creating shared instance of singleton bean 'mvcUriComponentsContributor'
2023-08-25 00:37:30.175 &amp#27;[33mDEBUG&amp#27;[0;39m [main] &amp#27;[1;35mk.beans.factory.support.DefaultListableBeanFactory&amp#27;[0;39m ： Autowiring by type from bean name 'mvcUriComponentsContributor' via factory method to bean named 'mvcConversionService'
2023-08-25 00:37:30.175 &amp#27;[33mDEBUG&amp#27;[0;39m [main] &amp#27;[1;35mk.beans.factory.support.DefaultListableBeanFactory&amp#27;[0;39m ： Autowiring by type from bean name 'mvcUriComponentsContributor' via factory method to bean named 'requestMappingHandlerAdapter'
2023-08-25 00:37:30.176 &amp#27;[33mDEBUG&amp#27;[0;39m [main] &amp#27;[1;35mk.beans.factory.support.DefaultListableBeanFactory&amp#27;[0;39m ： Creating shared instance of singleton bean 'httpRequestHandlerAdapter'
2023-08-25 00:37:30.179 &amp#27;[33mDEBUG&amp#27;[0;39m [main] &amp#27;[1;35mk.beans.factory.support.DefaultListableBeanFactory&amp#27;[0;39m ： Creating shared instance of singleton bean 'simpleControllerHandlerAdapter'
2023-08-25 00:37:30.181 &amp#27;[33mDEBUG&amp#27;[0;39m [main] &amp#27;[1;35mk.beans.factory.support.DefaultListableBeanFactory&amp#27;[0;39m ： Creating shared instance of singleton bean 'handlerExceptionResolver'
2023-08-25 00:37:30.182 &amp#27;[33mDEBUG&amp#27;[0;39m [main] &amp#27;[1;35mk.beans.factory.support.DefaultListableBeanFactory&amp#27;[0;39m ： Autowiring by type from bean name 'handlerExceptionResolver' via factory method to bean named 'mvcContentNegotiationManager'
2023-08-25 00:37:30.188 &amp#27;[33mDEBUG&amp#27;[0;39m [main] &amp#27;[1;35method.annotation.ExceptionHandlerExceptionResolver&amp#27;[0;39m ： ControllerAdvice beans: 1 @ExceptionHandler, 2 ResponseBodyAdvice
2023-08-25 00:37:30.193 &amp#27;[33mDEBUG&amp#27;[0;39m [main] &amp#27;[1;35mk.beans.factory.support.DefaultListableBeanFactory&amp#27;[0;39m ： Creating shared instance of singleton bean 'mvcViewResolver'
2023-08-25 00:37:30.193 &amp#27;[33mDEBUG&amp#27;[0;39m [main] &amp#27;[1;35mk.beans.factory.support.DefaultListableBeanFactory&amp#27;[0;39m ： Autowiring by type from bean name 'mvcViewResolver' via factory method to bean named 'mvcContentNegotiationManager'
2023-08-25 00:37:30.198 &amp#27;[33mDEBUG&amp#27;[0;39m [main] &amp#27;[1;35mk.beans.factory.support.DefaultListableBeanFactory&amp#27;[0;39m ： Creating shared instance of singleton bean 'themeResolver'
2023-08-25 00:37:30.199 &amp#27;[33mDEBUG&amp#27;[0;39m [main] &amp#27;[1;35mk.beans.factory.support.DefaultListableBeanFactory&amp#27;[0;39m ： Creating shared instance of singleton bean 'flashMapManager'
2023-08-25 00:37:30.203 &amp#27;[33mDEBUG&amp#27;[0;39m [main] &amp#27;[1;35mk.beans.factory.support.DefaultListableBeanFactory&amp#27;[0;39m ： Creating shared instance of singleton bean 'viewNameTranslator'
2023-08-25 00:37:30.205 &amp#27;[33mDEBUG&amp#27;[0;39m [main] &amp#27;[1;35mk.beans.factory.support.DefaultListableBeanFactory&amp#27;[0;39m ： Creating shared instance of singleton bean 'defaultViewResolver'
2023-08-25 00:37:30.216 &amp#27;[33mDEBUG&amp#27;[0;39m [main] &amp#27;[1;35mk.beans.factory.support.DefaultListableBeanFactory&amp#27;[0;39m ： Creating shared instance of singleton bean 'viewResolver'
2023-08-25 00:37:30.217 &amp#27;[33mDEBUG&amp#27;[0;39m [main] &amp#27;[1;35mk.beans.factory.support.DefaultListableBeanFactory&amp#27;[0;39m ： Autowiring by type from bean name 'viewResolver' via factory method to bean named 'org.springframework.beans.factory.support.DefaultListableBeanFactory@72e34f77'
2023-08-25 00:37:30.221 &amp#27;[33mDEBUG&amp#27;[0;39m [main] &amp#27;[1;35mk.beans.factory.support.DefaultListableBeanFactory&amp#27;[0;39m ： Creating shared instance of singleton bean 'requestContextFilter'
2023-08-25 00:37:30.228 &amp#27;[33mDEBUG&amp#27;[0;39m [main] &amp#27;[1;35mk.beans.factory.support.DefaultListableBeanFactory&amp#27;[0;39m ： Creating shared instance of singleton bean 'org.springframework.boot.autoconfigure.web.servlet.WebMvcAutoConfiguration'
2023-08-25 00:37:30.229 &amp#27;[33mDEBUG&amp#27;[0;39m [main] &amp#27;[1;35mk.beans.factory.support.DefaultListableBeanFactory&amp#27;[0;39m ： Creating shared instance of singleton bean 'formContentFilter'
2023-08-25 00:37:30.236 &amp#27;[33mDEBUG&amp#27;[0;39m [main] &amp#27;[1;35mk.beans.factory.support.DefaultListableBeanFactory&amp#27;[0;39m ： Creating shared instance of singleton bean 'com.alibaba.druid.spring.boot.autoconfigure.stat.DruidWebStatFilterConfiguration'
2023-08-25 00:37:30.237 &amp#27;[33mDEBUG&amp#27;[0;39m [main] &amp#27;[1;35mk.beans.factory.support.DefaultListableBeanFactory&amp#27;[0;39m ： Creating shared instance of singleton bean 'webStatFilterRegistrationBean'
2023-08-25 00:37:30.237 &amp#27;[33mDEBUG&amp#27;[0;39m [main] &amp#27;[1;35mk.beans.factory.support.DefaultListableBeanFactory&amp#27;[0;39m ： Autowiring by type from bean name 'webStatFilterRegistrationBean' via factory method to bean named 'spring.datasource.druid-com.alibaba.druid.spring.boot.autoconfigure.properties.DruidStatProperties'
2023-08-25 00:37:30.238 &amp#27;[33mDEBUG&amp#27;[0;39m [main] &amp#27;[1;35mk.beans.factory.support.DefaultListableBeanFactory&amp#27;[0;39m ： Creating shared instance of singleton bean 'com.alibaba.druid.spring.boot.autoconfigure.stat.DruidFilterConfiguration'
2023-08-25 00:37:30.240 &amp#27;[33mDEBUG&amp#27;[0;39m [main] &amp#27;[1;35mk.beans.factory.support.DefaultListableBeanFactory&amp#27;[0;39m ： Creating shared instance of singleton bean 'statFilter'
2023-08-25 00:37:30.407 &amp#27;[33mDEBUG&amp#27;[0;39m [main] &amp#27;[1;35mk.beans.factory.support.DefaultListableBeanFactory&amp#27;[0;39m ： Creating shared instance of singleton bean 'com.alibaba.druid.spring.boot.autoconfigure.DruidDataSourceAutoConfigure'
2023-08-25 00:37:30.412 &amp#27;[33mDEBUG&amp#27;[0;39m [main] &amp#27;[1;35mk.beans.factory.support.DefaultListableBeanFactory&amp#27;[0;39m ： Creating shared instance of singleton bean 'org.springframework.boot.autoconfigure.jdbc.metadata.DataSourcePoolMetadataProvidersConfiguration$HikariPoolDataSourceMetadataProviderConfiguration'
2023-08-25 00:37:30.416 &amp#27;[33mDEBUG&amp#27;[0;39m [main] &amp#27;[1;35mk.beans.factory.support.DefaultListableBeanFactory&amp#27;[0;39m ： Creating shared instance of singleton bean 'hikariPoolDataSourceMetadataProvider'
2023-08-25 00:37:30.420 &amp#27;[33mDEBUG&amp#27;[0;39m [main] &amp#27;[1;35mk.beans.factory.support.DefaultListableBeanFactory&amp#27;[0;39m ： Creating shared instance of singleton bean 'org.springframework.boot.autoconfigure.jdbc.metadata.DataSourcePoolMetadataProvidersConfiguration'
2023-08-25 00:37:30.423 &amp#27;[33mDEBUG&amp#27;[0;39m [main] &amp#27;[1;35mk.beans.factory.support.DefaultListableBeanFactory&amp#27;[0;39m ： Creating shared instance of singleton bean 'org.springframework.boot.autoconfigure.jdbc.DataSourceInitializationConfiguration'
2023-08-25 00:37:30.426 &amp#27;[33mDEBUG&amp#27;[0;39m [main] &amp#27;[1;35mk.beans.factory.support.DefaultListableBeanFactory&amp#27;[0;39m ： Creating shared instance of singleton bean 'org.springframework.boot.autoconfigure.jdbc.DataSourceAutoConfiguration'
2023-08-25 00:37:30.428 &amp#27;[33mDEBUG&amp#27;[0;39m [main] &amp#27;[1;35mk.beans.factory.support.DefaultListableBeanFactory&amp#27;[0;39m ： Creating shared instance of singleton bean 'org.mybatis.spring.boot.autoconfigure.MybatisLanguageDriverAutoConfiguration'
2023-08-25 00:37:30.433 &amp#27;[33mDEBUG&amp#27;[0;39m [main] &amp#27;[1;35mk.beans.factory.support.DefaultListableBeanFactory&amp#27;[0;39m ： Creating shared instance of singleton bean 'com.github.pagehelper.autoconfigure.PageHelperAutoConfiguration'
2023-08-25 00:37:30.440 &amp#27;[33mDEBUG&amp#27;[0;39m [main] &amp#27;[1;35mk.beans.factory.support.DefaultListableBeanFactory&amp#27;[0;39m ： Creating shared instance of singleton bean 'pagehelper-com.github.pagehelper.autoconfigure.PageHelperProperties'
2023-08-25 00:37:30.450 &amp#27;[33mDEBUG&amp#27;[0;39m [main] &amp#27;[1;35mk.beans.factory.support.DefaultListableBeanFactory&amp#27;[0;39m ： Creating shared instance of singleton bean 'pageHelperProperties'
2023-08-25 00:37:30.490 &amp#27;[33mDEBUG&amp#27;[0;39m [main] &amp#27;[1;35mk.beans.factory.support.DefaultListableBeanFactory&amp#27;[0;39m ： Creating shared instance of singleton bean 'org.springframework.boot.autoconfigure.aop.AopAutoConfiguration$AspectJAutoProxyingConfiguration$CglibAutoProxyConfiguration'
2023-08-25 00:37:30.492 &amp#27;[33mDEBUG&amp#27;[0;39m [main] &amp#27;[1;35mk.beans.factory.support.DefaultListableBeanFactory&amp#27;[0;39m ： Creating shared instance of singleton bean 'org.springframework.boot.autoconfigure.aop.AopAutoConfiguration$AspectJAutoProxyingConfiguration'
2023-08-25 00:37:30.495 &amp#27;[33mDEBUG&amp#27;[0;39m [main] &amp#27;[1;35mk.beans.factory.support.DefaultListableBeanFactory&amp#27;[0;39m ： Creating shared instance of singleton bean 'org.springframework.boot.autoconfigure.aop.AopAutoConfiguration'
2023-08-25 00:37:30.497 &amp#27;[33mDEBUG&amp#27;[0;39m [main] &amp#27;[1;35mk.beans.factory.support.DefaultListableBeanFactory&amp#27;[0;39m ： Creating shared instance of singleton bean 'org.springframework.boot.autoconfigure.availability.ApplicationAvailabilityAutoConfiguration'
2023-08-25 00:37:30.499 &amp#27;[33mDEBUG&amp#27;[0;39m [main] &amp#27;[1;35mk.beans.factory.support.DefaultListableBeanFactory&amp#27;[0;39m ： Creating shared instance of singleton bean 'applicationAvailability'
2023-08-25 00:37:30.510 &amp#27;[33mDEBUG&amp#27;[0;39m [main] &amp#27;[1;35mk.beans.factory.support.DefaultListableBeanFactory&amp#27;[0;39m ： Creating shared instance of singleton bean 'org.springframework.boot.autoconfigure.data.redis.RedisAutoConfiguration'
2023-08-25 00:37:30.513 &amp#27;[33mDEBUG&amp#27;[0;39m [main] &amp#27;[1;35mk.beans.factory.support.DefaultListableBeanFactory&amp#27;[0;39m ： Creating shared instance of singleton bean 'stringRedisTemplate'
2023-08-25 00:37:30.514 &amp#27;[33mDEBUG&amp#27;[0;39m [main] &amp#27;[1;35mk.beans.factory.support.DefaultListableBeanFactory&amp#27;[0;39m ： Autowiring by type from bean name 'stringRedisTemplate' via factory method to bean named 'redisConnectionFactory'
2023-08-25 00:37:30.553 &amp#27;[33mDEBUG&amp#27;[0;39m [main] &amp#27;[1;35mk.beans.factory.support.DefaultListableBeanFactory&amp#27;[0;39m ： Creating shared instance of singleton bean 'org.springframework.boot.autoconfigure.context.ConfigurationPropertiesAutoConfiguration'
2023-08-25 00:37:30.556 &amp#27;[33mDEBUG&amp#27;[0;39m [main] &amp#27;[1;35mk.beans.factory.support.DefaultListableBeanFactory&amp#27;[0;39m ： Creating shared instance of singleton bean 'org.springframework.boot.autoconfigure.context.LifecycleAutoConfiguration'
2023-08-25 00:37:30.558 &amp#27;[33mDEBUG&amp#27;[0;39m [main] &amp#27;[1;35mk.beans.factory.support.DefaultListableBeanFactory&amp#27;[0;39m ： Creating shared instance of singleton bean 'lifecycleProcessor'
2023-08-25 00:37:30.558 &amp#27;[33mDEBUG&amp#27;[0;39m [main] &amp#27;[1;35mk.beans.factory.support.DefaultListableBeanFactory&amp#27;[0;39m ： Creating shared instance of singleton bean 'spring.lifecycle-org.springframework.boot.autoconfigure.context.LifecycleProperties'
2023-08-25 00:37:30.560 &amp#27;[33mDEBUG&amp#27;[0;39m [main] &amp#27;[1;35mk.beans.factory.support.DefaultListableBeanFactory&amp#27;[0;39m ： Autowiring by type from bean name 'lifecycleProcessor' via factory method to bean named 'spring.lifecycle-org.springframework.boot.autoconfigure.context.LifecycleProperties'
2023-08-25 00:37:30.564 &amp#27;[33mDEBUG&amp#27;[0;39m [main] &amp#27;[1;35mk.beans.factory.support.DefaultListableBeanFactory&amp#27;[0;39m ： Creating shared instance of singleton bean 'org.springframework.boot.autoconfigure.dao.PersistenceExceptionTranslationAutoConfiguration'
2023-08-25 00:37:30.565 &amp#27;[33mDEBUG&amp#27;[0;39m [main] &amp#27;[1;35mk.beans.factory.support.DefaultListableBeanFactory&amp#27;[0;39m ： Creating shared instance of singleton bean 'org.springframework.boot.autoconfigure.data.redis.RedisReactiveAutoConfiguration'
2023-08-25 00:37:30.567 &amp#27;[33mDEBUG&amp#27;[0;39m [main] &amp#27;[1;35mk.beans.factory.support.DefaultListableBeanFactory&amp#27;[0;39m ： Creating shared instance of singleton bean 'reactiveRedisTemplate'
2023-08-25 00:37:30.568 &amp#27;[33mDEBUG&amp#27;[0;39m [main] &amp#27;[1;35mk.beans.factory.support.DefaultListableBeanFactory&amp#27;[0;39m ： Autowiring by type from bean name 'reactiveRedisTemplate' via factory method to bean named 'redisConnectionFactory'
2023-08-25 00:37:30.568 &amp#27;[33mDEBUG&amp#27;[0;39m [main] &amp#27;[1;35mk.beans.factory.support.DefaultListableBeanFactory&amp#27;[0;39m ： Autowiring by type from bean name 'reactiveRedisTemplate' via factory method to bean named 'org.springframework.web.context.support.GenericWebApplicationContext@654d8173'
2023-08-25 00:37:30.592 &amp#27;[33mDEBUG&amp#27;[0;39m [main] &amp#27;[1;35mk.beans.factory.support.DefaultListableBeanFactory&amp#27;[0;39m ： Creating shared instance of singleton bean 'reactiveStringRedisTemplate'
2023-08-25 00:37:30.592 &amp#27;[33mDEBUG&amp#27;[0;39m [main] &amp#27;[1;35mk.beans.factory.support.DefaultListableBeanFactory&amp#27;[0;39m ： Autowiring by type from bean name 'reactiveStringRedisTemplate' via factory method to bean named 'redisConnectionFactory'
2023-08-25 00:37:30.596 &amp#27;[33mDEBUG&amp#27;[0;39m [main] &amp#27;[1;35mk.beans.factory.support.DefaultListableBeanFactory&amp#27;[0;39m ： Creating shared instance of singleton bean 'org.springframework.boot.autoconfigure.data.redis.RedisRepositoriesAutoConfiguration'
2023-08-25 00:37:30.598 &amp#27;[33mDEBUG&amp#27;[0;39m [main] &amp#27;[1;35mk.beans.factory.support.DefaultListableBeanFactory&amp#27;[0;39m ： Creating shared instance of singleton bean 'keyValueMappingContext'
2023-08-25 00:37:30.640 &amp#27;[33mDEBUG&amp#27;[0;39m [main] &amp#27;[1;35mk.beans.factory.support.DefaultListableBeanFactory&amp#27;[0;39m ： Creating shared instance of singleton bean 'redisCustomConversions'
2023-08-25 00:37:30.642 &amp#27;[33mDEBUG&amp#27;[0;39m [main] &amp#27;[1;35morg.springframework.data.convert.CustomConversions&amp#27;[0;39m ： Adding converter from class java.lang.String to class [B as writing converter.
2023-08-25 00:37:30.642 &amp#27;[33mDEBUG&amp#27;[0;39m [main] &amp#27;[1;35morg.springframework.data.convert.CustomConversions&amp#27;[0;39m ： Adding converter from class [B to class java.lang.String as reading converter.
2023-08-25 00:37:30.642 &amp#27;[33mDEBUG&amp#27;[0;39m [main] &amp#27;[1;35morg.springframework.data.convert.CustomConversions&amp#27;[0;39m ： Adding converter from class java.lang.Number to class [B as writing converter.
2023-08-25 00:37:30.642 &amp#27;[33mDEBUG&amp#27;[0;39m [main] &amp#27;[1;35morg.springframework.data.convert.CustomConversions&amp#27;[0;39m ： Adding converter from class [B to class java.lang.Number as reading converter.
2023-08-25 00:37:30.642 &amp#27;[33mDEBUG&amp#27;[0;39m [main] &amp#27;[1;35morg.springframework.data.convert.CustomConversions&amp#27;[0;39m ： Adding converter from class java.lang.Enum to class [B as writing converter.
2023-08-25 00:37:30.642 &amp#27;[33mDEBUG&amp#27;[0;39m [main] &amp#27;[1;35morg.springframework.data.convert.CustomConversions&amp#27;[0;39m ： Adding converter from class [B to class java.lang.Enum as reading converter.
2023-08-25 00:37:30.642 &amp#27;[33mDEBUG&amp#27;[0;39m [main] &amp#27;[1;35morg.springframework.data.convert.CustomConversions&amp#27;[0;39m ： Adding converter from class java.lang.Boolean to class [B as writing converter.
2023-08-25 00:37:30.642 &amp#27;[33mDEBUG&amp#27;[0;39m [main] &amp#27;[1;35morg.springframework.data.convert.CustomConversions&amp#27;[0;39m ： Adding converter from class [B to class java.lang.Boolean as reading converter.
2023-08-25 00:37:30.642 &amp#27;[33mDEBUG&amp#27;[0;39m [main] &amp#27;[1;35morg.springframework.data.convert.CustomConversions&amp#27;[0;39m ： Adding converter from class java.util.Date to class [B as writing converter.
2023-08-25 00:37:30.642 &amp#27;[33mDEBUG&amp#27;[0;39m [main] &amp#27;[1;35morg.springframework.data.convert.CustomConversions&amp#27;[0;39m ： Adding converter from class [B to class java.util.Date as reading converter.
2023-08-25 00:37:30.642 &amp#27;[33mDEBUG&amp#27;[0;39m [main] &amp#27;[1;35morg.springframework.data.convert.CustomConversions&amp#27;[0;39m ： Adding converter from class java.util.UUID to class [B as writing converter.
2023-08-25 00:37:30.642 &amp#27;[33mDEBUG&amp#27;[0;39m [main] &amp#27;[1;35morg.springframework.data.convert.CustomConversions&amp#27;[0;39m ： Adding converter from class [B to class java.util.UUID as reading converter.
2023-08-25 00:37:30.642 &amp#27;[33mDEBUG&amp#27;[0;39m [main] &amp#27;[1;35morg.springframework.data.convert.CustomConversions&amp#27;[0;39m ： Adding converter from class java.time.LocalDateTime to class [B as writing converter.
2023-08-25 00:37:30.643 &amp#27;[33mDEBUG&amp#27;[0;39m [main] &amp#27;[1;35morg.springframework.data.convert.CustomConversions&amp#27;[0;39m ： Adding converter from class [B to class java.time.LocalDateTime as reading converter.
2023-08-25 00:37:30.643 &amp#27;[33mDEBUG&amp#27;[0;39m [main] &amp#27;[1;35morg.springframework.data.convert.CustomConversions&amp#27;[0;39m ： Adding converter from class java.time.LocalDate to class [B as writing converter.
2023-08-25 00:37:30.643 &amp#27;[33mDEBUG&amp#27;[0;39m [main] &amp#27;[1;35morg.springframework.data.convert.CustomConversions&amp#27;[0;39m ： Adding converter from class [B to class java.time.LocalDate as reading converter.
2023-08-25 00:37:30.643 &amp#27;[33mDEBUG&amp#27;[0;39m [main] &amp#27;[1;35morg.springframework.data.convert.CustomConversions&amp#27;[0;39m ： Adding converter from class java.time.LocalTime to class [B as writing converter.
2023-08-25 00:37:30.643 &amp#27;[33mDEBUG&amp#27;[0;39m [main] &amp#27;[1;35morg.springframework.data.convert.CustomConversions&amp#27;[0;39m ： Adding converter from class [B to class java.time.LocalTime as reading converter.
2023-08-25 00:37:30.643 &amp#27;[33mDEBUG&amp#27;[0;39m [main] &amp#27;[1;35morg.springframework.data.convert.CustomConversions&amp#27;[0;39m ： Adding converter from class java.time.ZonedDateTime to class [B as writing converter.
2023-08-25 00:37:30.643 &amp#27;[33mDEBUG&amp#27;[0;39m [main] &amp#27;[1;35morg.springframework.data.convert.CustomConversions&amp#27;[0;39m ： Adding converter from class [B to class java.time.ZonedDateTime as reading converter.
2023-08-25 00:37:30.643 &amp#27;[33mDEBUG&amp#27;[0;39m [main] &amp#27;[1;35morg.springframework.data.convert.CustomConversions&amp#27;[0;39m ： Adding converter from class java.time.Instant to class [B as writing converter.
2023-08-25 00:37:30.643 &amp#27;[33mDEBUG&amp#27;[0;39m [main] &amp#27;[1;35morg.springframework.data.convert.CustomConversions&amp#27;[0;39m ： Adding converter from class [B to class java.time.Instant as reading converter.
2023-08-25 00:37:30.643 &amp#27;[33mDEBUG&amp#27;[0;39m [main] &amp#27;[1;35morg.springframework.data.convert.CustomConversions&amp#27;[0;39m ： Adding converter from class java.time.ZoneId to class [B as writing converter.
2023-08-25 00:37:30.643 &amp#27;[33mDEBUG&amp#27;[0;39m [main] &amp#27;[1;35morg.springframework.data.convert.CustomConversions&amp#27;[0;39m ： Adding converter from class [B to class java.time.ZoneId as reading converter.
2023-08-25 00:37:30.643 &amp#27;[33mDEBUG&amp#27;[0;39m [main] &amp#27;[1;35morg.springframework.data.convert.CustomConversions&amp#27;[0;39m ： Adding converter from class java.time.Period to class [B as writing converter.
2023-08-25 00:37:30.643 &amp#27;[33mDEBUG&amp#27;[0;39m [main] &amp#27;[1;35morg.springframework.data.convert.CustomConversions&amp#27;[0;39m ： Adding converter from class [B to class java.time.Period as reading converter.
2023-08-25 00:37:30.643 &amp#27;[33mDEBUG&amp#27;[0;39m [main] &amp#27;[1;35morg.springframework.data.convert.CustomConversions&amp#27;[0;39m ： Adding converter from class java.time.Duration to class [B as writing converter.
2023-08-25 00:37:30.643 &amp#27;[33mDEBUG&amp#27;[0;39m [main] &amp#27;[1;35morg.springframework.data.convert.CustomConversions&amp#27;[0;39m ： Adding converter from class [B to class java.time.Duration as reading converter.
2023-08-25 00:37:30.643 &amp#27;[33mDEBUG&amp#27;[0;39m [main] &amp#27;[1;35morg.springframework.data.convert.CustomConversions&amp#27;[0;39m ： Adding converter from class org.joda.time.LocalDate to class java.util.Date as writing converter.
2023-08-25 00:37:30.643 &amp#27;[33mDEBUG&amp#27;[0;39m [main] &amp#27;[1;35morg.springframework.data.convert.CustomConversions&amp#27;[0;39m ： Adding converter from class org.joda.time.LocalDateTime to class java.util.Date as writing converter.
2023-08-25 00:37:30.643 &amp#27;[33mDEBUG&amp#27;[0;39m [main] &amp#27;[1;35morg.springframework.data.convert.CustomConversions&amp#27;[0;39m ： Adding converter from class org.joda.time.DateTime to class java.util.Date as writing converter.
2023-08-25 00:37:30.643 &amp#27;[33mDEBUG&amp#27;[0;39m [main] &amp#27;[1;35morg.springframework.data.convert.CustomConversions&amp#27;[0;39m ： Adding converter from class java.util.Date to class org.joda.time.LocalDate as reading converter.
2023-08-25 00:37:30.644 &amp#27;[33mDEBUG&amp#27;[0;39m [main] &amp#27;[1;35morg.springframework.data.convert.CustomConversions&amp#27;[0;39m ： Adding converter from class java.util.Date to class org.joda.time.LocalDateTime as reading converter.
2023-08-25 00:37:30.644 &amp#27;[33mDEBUG&amp#27;[0;39m [main] &amp#27;[1;35morg.springframework.data.convert.CustomConversions&amp#27;[0;39m ： Adding converter from class java.util.Date to class org.joda.time.DateTime as reading converter.
2023-08-25 00:37:30.644 &amp#27;[33mDEBUG&amp#27;[0;39m [main] &amp#27;[1;35morg.springframework.data.convert.CustomConversions&amp#27;[0;39m ： Adding converter from class java.time.LocalDateTime to class org.joda.time.LocalDateTime as reading converter.
2023-08-25 00:37:30.644 &amp#27;[33mDEBUG&amp#27;[0;39m [main] &amp#27;[1;35morg.springframework.data.convert.CustomConversions&amp#27;[0;39m ： Adding converter from class java.time.LocalDateTime to class org.joda.time.DateTime as reading converter.
2023-08-25 00:37:30.644 &amp#27;[33mDEBUG&amp#27;[0;39m [main] &amp#27;[1;35morg.springframework.data.convert.CustomConversions&amp#27;[0;39m ： Adding converter from class java.time.Instant to class org.joda.time.LocalDateTime as reading converter.
2023-08-25 00:37:30.644 &amp#27;[33mDEBUG&amp#27;[0;39m [main] &amp#27;[1;35morg.springframework.data.convert.CustomConversions&amp#27;[0;39m ： Adding converter from class org.joda.time.LocalDateTime to class java.time.Instant as writing converter.
2023-08-25 00:37:30.644 &amp#27;[33mDEBUG&amp#27;[0;39m [main] &amp#27;[1;35morg.springframework.data.convert.CustomConversions&amp#27;[0;39m ： Adding converter from class org.joda.time.LocalDateTime to class java.time.LocalDateTime as writing converter.
2023-08-25 00:37:30.644 &amp#27;[33mDEBUG&amp#27;[0;39m [main] &amp#27;[1;35morg.springframework.data.convert.CustomConversions&amp#27;[0;39m ： Adding converter from class java.util.Date to class java.time.LocalDateTime as reading converter.
2023-08-25 00:37:30.644 &amp#27;[33mDEBUG&amp#27;[0;39m [main] &amp#27;[1;35morg.springframework.data.convert.CustomConversions&amp#27;[0;39m ： Adding converter from class java.time.LocalDateTime to class java.util.Date as writing converter.
2023-08-25 00:37:30.644 &amp#27;[33mDEBUG&amp#27;[0;39m [main] &amp#27;[1;35morg.springframework.data.convert.CustomConversions&amp#27;[0;39m ： Adding converter from class java.util.Date to class java.time.LocalDate as reading converter.
2023-08-25 00:37:30.644 &amp#27;[33mDEBUG&amp#27;[0;39m [main] &amp#27;[1;35morg.springframework.data.convert.CustomConversions&amp#27;[0;39m ： Adding converter from class java.time.LocalDate to class java.util.Date as writing converter.
2023-08-25 00:37:30.644 &amp#27;[33mDEBUG&amp#27;[0;39m [main] &amp#27;[1;35morg.springframework.data.convert.CustomConversions&amp#27;[0;39m ： Adding converter from class java.util.Date to class java.time.LocalTime as reading converter.
2023-08-25 00:37:30.644 &amp#27;[33mDEBUG&amp#27;[0;39m [main] &amp#27;[1;35morg.springframework.data.convert.CustomConversions&amp#27;[0;39m ： Adding converter from class java.time.LocalTime to class java.util.Date as writing converter.
2023-08-25 00:37:30.644 &amp#27;[33mDEBUG&amp#27;[0;39m [main] &amp#27;[1;35morg.springframework.data.convert.CustomConversions&amp#27;[0;39m ： Adding converter from class java.util.Date to class java.time.Instant as reading converter.
2023-08-25 00:37:30.644 &amp#27;[33mDEBUG&amp#27;[0;39m [main] &amp#27;[1;35morg.springframework.data.convert.CustomConversions&amp#27;[0;39m ： Adding converter from class java.time.Instant to class java.util.Date as writing converter.
2023-08-25 00:37:30.645 &amp#27;[33mDEBUG&amp#27;[0;39m [main] &amp#27;[1;35morg.springframework.data.convert.CustomConversions&amp#27;[0;39m ： Adding converter from class java.time.LocalDateTime to class java.time.Instant as reading converter.
2023-08-25 00:37:30.645 &amp#27;[33mDEBUG&amp#27;[0;39m [main] &amp#27;[1;35morg.springframework.data.convert.CustomConversions&amp#27;[0;39m ： Adding converter from class java.time.Instant to class java.time.LocalDateTime as reading converter.
2023-08-25 00:37:30.645 &amp#27;[33mDEBUG&amp#27;[0;39m [main] &amp#27;[1;35morg.springframework.data.convert.CustomConversions&amp#27;[0;39m ： Adding converter from class java.time.ZoneId to class java.lang.String as writing converter.
2023-08-25 00:37:30.645 &amp#27;[33mDEBUG&amp#27;[0;39m [main] &amp#27;[1;35morg.springframework.data.convert.CustomConversions&amp#27;[0;39m ： Adding converter from class java.lang.String to class java.time.ZoneId as reading converter.
2023-08-25 00:37:30.645 &amp#27;[33mDEBUG&amp#27;[0;39m [main] &amp#27;[1;35morg.springframework.data.convert.CustomConversions&amp#27;[0;39m ： Adding converter from class java.time.Duration to class java.lang.String as writing converter.
2023-08-25 00:37:30.645 &amp#27;[33mDEBUG&amp#27;[0;39m [main] &amp#27;[1;35morg.springframework.data.convert.CustomConversions&amp#27;[0;39m ： Adding converter from class java.lang.String to class java.time.Duration as reading converter.
2023-08-25 00:37:30.645 &amp#27;[33mDEBUG&amp#27;[0;39m [main] &amp#27;[1;35morg.springframework.data.convert.CustomConversions&amp#27;[0;39m ： Adding converter from class java.time.Period to class java.lang.String as writing converter.
2023-08-25 00:37:30.645 &amp#27;[33mDEBUG&amp#27;[0;39m [main] &amp#27;[1;35morg.springframework.data.convert.CustomConversions&amp#27;[0;39m ： Adding converter from class java.lang.String to class java.time.Period as reading converter.
2023-08-25 00:37:30.645 &amp#27;[33mDEBUG&amp#27;[0;39m [main] &amp#27;[1;35morg.springframework.data.convert.CustomConversions&amp#27;[0;39m ： Adding converter from class java.lang.String to class java.time.LocalDate as reading converter.
2023-08-25 00:37:30.645 &amp#27;[33mDEBUG&amp#27;[0;39m [main] &amp#27;[1;35morg.springframework.data.convert.CustomConversions&amp#27;[0;39m ： Adding converter from class java.lang.String to class java.time.LocalDateTime as reading converter.
2023-08-25 00:37:30.645 &amp#27;[33mDEBUG&amp#27;[0;39m [main] &amp#27;[1;35morg.springframework.data.convert.CustomConversions&amp#27;[0;39m ： Adding converter from class java.lang.String to class java.time.Instant as reading converter.
2023-08-25 00:37:30.648 &amp#27;[33mDEBUG&amp#27;[0;39m [main] &amp#27;[1;35mk.beans.factory.support.DefaultListableBeanFactory&amp#27;[0;39m ： Creating shared instance of singleton bean 'redisReferenceResolver'
2023-08-25 00:37:30.651 &amp#27;[33mDEBUG&amp#27;[0;39m [main] &amp#27;[1;35mk.beans.factory.support.DefaultListableBeanFactory&amp#27;[0;39m ： Creating shared instance of singleton bean 'redisConverter'
2023-08-25 00:37:30.657 &amp#27;[33mDEBUG&amp#27;[0;39m [main] &amp#27;[1;35morg.springframework.data.convert.CustomConversions&amp#27;[0;39m ： Adding converter from class java.lang.String to class [B as writing converter.
2023-08-25 00:37:30.657 &amp#27;[33mDEBUG&amp#27;[0;39m [main] &amp#27;[1;35morg.springframework.data.convert.CustomConversions&amp#27;[0;39m ： Adding converter from class [B to class java.lang.String as reading converter.
2023-08-25 00:37:30.657 &amp#27;[33mDEBUG&amp#27;[0;39m [main] &amp#27;[1;35morg.springframework.data.convert.CustomConversions&amp#27;[0;39m ： Adding converter from class java.lang.Number to class [B as writing converter.
2023-08-25 00:37:30.657 &amp#27;[33mDEBUG&amp#27;[0;39m [main] &amp#27;[1;35morg.springframework.data.convert.CustomConversions&amp#27;[0;39m ： Adding converter from class [B to class java.lang.Number as reading converter.
2023-08-25 00:37:30.657 &amp#27;[33mDEBUG&amp#27;[0;39m [main] &amp#27;[1;35morg.springframework.data.convert.CustomConversions&amp#27;[0;39m ： Adding converter from class java.lang.Enum to class [B as writing converter.
2023-08-25 00:37:30.657 &amp#27;[33mDEBUG&amp#27;[0;39m [main] &amp#27;[1;35morg.springframework.data.convert.CustomConversions&amp#27;[0;39m ： Adding converter from class [B to class java.lang.Enum as reading converter.
2023-08-25 00:37:30.657 &amp#27;[33mDEBUG&amp#27;[0;39m [main] &amp#27;[1;35morg.springframework.data.convert.CustomConversions&amp#27;[0;39m ： Adding converter from class java.lang.Boolean to class [B as writing converter.
2023-08-25 00:37:30.657 &amp#27;[33mDEBUG&amp#27;[0;39m [main] &amp#27;[1;35morg.springframework.data.convert.CustomConversions&amp#27;[0;39m ： Adding converter from class [B to class java.lang.Boolean as reading converter.
2023-08-25 00:37:30.657 &amp#27;[33mDEBUG&amp#27;[0;39m [main] &amp#27;[1;35morg.springframework.data.convert.CustomConversions&amp#27;[0;39m ： Adding converter from class java.util.Date to class [B as writing converter.
2023-08-25 00:37:30.657 &amp#27;[33mDEBUG&amp#27;[0;39m [main] &amp#27;[1;35morg.springframework.data.convert.CustomConversions&amp#27;[0;39m ： Adding converter from class [B to class java.util.Date as reading converter.
2023-08-25 00:37:30.657 &amp#27;[33mDEBUG&amp#27;[0;39m [main] &amp#27;[1;35morg.springframework.data.convert.CustomConversions&amp#27;[0;39m ： Adding converter from class java.util.UUID to class [B as writing converter.
2023-08-25 00:37:30.658 &amp#27;[33mDEBUG&amp#27;[0;39m [main] &amp#27;[1;35morg.springframework.data.convert.CustomConversions&amp#27;[0;39m ： Adding converter from class [B to class java.util.UUID as reading converter.
2023-08-25 00:37:30.658 &amp#27;[33mDEBUG&amp#27;[0;39m [main] &amp#27;[1;35morg.springframework.data.convert.CustomConversions&amp#27;[0;39m ： Adding converter from class java.time.LocalDateTime to class [B as writing converter.
2023-08-25 00:37:30.658 &amp#27;[33mDEBUG&amp#27;[0;39m [main] &amp#27;[1;35morg.springframework.data.convert.CustomConversions&amp#27;[0;39m ： Adding converter from class [B to class java.time.LocalDateTime as reading converter.
2023-08-25 00:37:30.658 &amp#27;[33mDEBUG&amp#27;[0;39m [main] &amp#27;[1;35morg.springframework.data.convert.CustomConversions&amp#27;[0;39m ： Adding converter from class java.time.LocalDate to class [B as writing converter.
2023-08-25 00:37:30.658 &amp#27;[33mDEBUG&amp#27;[0;39m [main] &amp#27;[1;35morg.springframework.data.convert.CustomConversions&amp#27;[0;39m ： Adding converter from class [B to class java.time.LocalDate as reading converter.
2023-08-25 00:37:30.658 &amp#27;[33mDEBUG&amp#27;[0;39m [main] &amp#27;[1;35morg.springframework.data.convert.CustomConversions&amp#27;[0;39m ： Adding converter from class java.time.LocalTime to class [B as writing converter.
2023-08-25 00:37:30.658 &amp#27;[33mDEBUG&amp#27;[0;39m [main] &amp#27;[1;35morg.springframework.data.convert.CustomConversions&amp#27;[0;39m ： Adding converter from class [B to class java.time.LocalTime as reading converter.
2023-08-25 00:37:30.658 &amp#27;[33mDEBUG&amp#27;[0;39m [main] &amp#27;[1;35morg.springframework.data.convert.CustomConversions&amp#27;[0;39m ： Adding converter from class java.time.ZonedDateTime to class [B as writing converter.
2023-08-25 00:37:30.658 &amp#27;[33mDEBUG&amp#27;[0;39m [main] &amp#27;[1;35morg.springframework.data.convert.CustomConversions&amp#27;[0;39m ： Adding converter from class [B to class java.time.ZonedDateTime as reading converter.
2023-08-25 00:37:30.658 &amp#27;[33mDEBUG&amp#27;[0;39m [main] &amp#27;[1;35morg.springframework.data.convert.CustomConversions&amp#27;[0;39m ： Adding converter from class java.time.Instant to class [B as writing converter.
2023-08-25 00:37:30.658 &amp#27;[33mDEBUG&amp#27;[0;39m [main] &amp#27;[1;35morg.springframework.data.convert.CustomConversions&amp#27;[0;39m ： Adding converter from class [B to class java.time.Instant as reading converter.
2023-08-25 00:37:30.658 &amp#27;[33mDEBUG&amp#27;[0;39m [main] &amp#27;[1;35morg.springframework.data.convert.CustomConversions&amp#27;[0;39m ： Adding converter from class java.time.ZoneId to class [B as writing converter.
2023-08-25 00:37:30.658 &amp#27;[33mDEBUG&amp#27;[0;39m [main] &amp#27;[1;35morg.springframework.data.convert.CustomConversions&amp#27;[0;39m ： Adding converter from class [B to class java.time.ZoneId as reading converter.
2023-08-25 00:37:30.658 &amp#27;[33mDEBUG&amp#27;[0;39m [main] &amp#27;[1;35morg.springframework.data.convert.CustomConversions&amp#27;[0;39m ： Adding converter from class java.time.Period to class [B as writing converter.
2023-08-25 00:37:30.658 &amp#27;[33mDEBUG&amp#27;[0;39m [main] &amp#27;[1;35morg.springframework.data.convert.CustomConversions&amp#27;[0;39m ： Adding converter from class [B to class java.time.Period as reading converter.
2023-08-25 00:37:30.658 &amp#27;[33mDEBUG&amp#27;[0;39m [main] &amp#27;[1;35morg.springframework.data.convert.CustomConversions&amp#27;[0;39m ： Adding converter from class java.time.Duration to class [B as writing converter.
2023-08-25 00:37:30.658 &amp#27;[33mDEBUG&amp#27;[0;39m [main] &amp#27;[1;35morg.springframework.data.convert.CustomConversions&amp#27;[0;39m ： Adding converter from class [B to class java.time.Duration as reading converter.
2023-08-25 00:37:30.658 &amp#27;[33mDEBUG&amp#27;[0;39m [main] &amp#27;[1;35morg.springframework.data.convert.CustomConversions&amp#27;[0;39m ： Adding converter from class org.joda.time.LocalDate to class java.util.Date as writing converter.
2023-08-25 00:37:30.659 &amp#27;[33mDEBUG&amp#27;[0;39m [main] &amp#27;[1;35morg.springframework.data.convert.CustomConversions&amp#27;[0;39m ： Adding converter from class org.joda.time.LocalDateTime to class java.util.Date as writing converter.
2023-08-25 00:37:30.659 &amp#27;[33mDEBUG&amp#27;[0;39m [main] &amp#27;[1;35morg.springframework.data.convert.CustomConversions&amp#27;[0;39m ： Adding converter from class org.joda.time.DateTime to class java.util.Date as writing converter.
2023-08-25 00:37:30.659 &amp#27;[33mDEBUG&amp#27;[0;39m [main] &amp#27;[1;35morg.springframework.data.convert.CustomConversions&amp#27;[0;39m ： Adding converter from class java.util.Date to class org.joda.time.LocalDate as reading converter.
2023-08-25 00:37:30.659 &amp#27;[33mDEBUG&amp#27;[0;39m [main] &amp#27;[1;35morg.springframework.data.convert.CustomConversions&amp#27;[0;39m ： Adding converter from class java.util.Date to class org.joda.time.LocalDateTime as reading converter.
2023-08-25 00:37:30.659 &amp#27;[33mDEBUG&amp#27;[0;39m [main] &amp#27;[1;35morg.springframework.data.convert.CustomConversions&amp#27;[0;39m ： Adding converter from class java.util.Date to class org.joda.time.DateTime as reading converter.
2023-08-25 00:37:30.659 &amp#27;[33mDEBUG&amp#27;[0;39m [main] &amp#27;[1;35morg.springframework.data.convert.CustomConversions&amp#27;[0;39m ： Adding converter from class java.time.LocalDateTime to class org.joda.time.LocalDateTime as reading converter.
2023-08-25 00:37:30.659 &amp#27;[33mDEBUG&amp#27;[0;39m [main] &amp#27;[1;35morg.springframework.data.convert.CustomConversions&amp#27;[0;39m ： Adding converter from class java.time.LocalDateTime to class org.joda.time.DateTime as reading converter.
2023-08-25 00:37:30.659 &amp#27;[33mDEBUG&amp#27;[0;39m [main] &amp#27;[1;35morg.springframework.data.convert.CustomConversions&amp#27;[0;39m ： Adding converter from class java.time.Instant to class org.joda.time.LocalDateTime as reading converter.
2023-08-25 00:37:30.659 &amp#27;[33mDEBUG&amp#27;[0;39m [main] &amp#27;[1;35morg.springframework.data.convert.CustomConversions&amp#27;[0;39m ： Adding converter from class org.joda.time.LocalDateTime to class java.time.Instant as writing converter.
2023-08-25 00:37:30.659 &amp#27;[33mDEBUG&amp#27;[0;39m [main] &amp#27;[1;35morg.springframework.data.convert.CustomConversions&amp#27;[0;39m ： Adding converter from class org.joda.time.LocalDateTime to class java.time.LocalDateTime as writing converter.
2023-08-25 00:37:30.659 &amp#27;[33mDEBUG&amp#27;[0;39m [main] &amp#27;[1;35morg.springframework.data.convert.CustomConversions&amp#27;[0;39m ： Adding converter from class java.util.Date to class java.time.LocalDateTime as reading converter.
2023-08-25 00:37:30.659 &amp#27;[33mDEBUG&amp#27;[0;39m [main] &amp#27;[1;35morg.springframework.data.convert.CustomConversions&amp#27;[0;39m ： Adding converter from class java.time.LocalDateTime to class java.util.Date as writing converter.
2023-08-25 00:37:30.659 &amp#27;[33mDEBUG&amp#27;[0;39m [main] &amp#27;[1;35morg.springframework.data.convert.CustomConversions&amp#27;[0;39m ： Adding converter from class java.util.Date to class java.time.LocalDate as reading converter.
2023-08-25 00:37:30.659 &amp#27;[33mDEBUG&amp#27;[0;39m [main] &amp#27;[1;35morg.springframework.data.convert.CustomConversions&amp#27;[0;39m ： Adding converter from class java.time.LocalDate to class java.util.Date as writing converter.
2023-08-25 00:37:30.659 &amp#27;[33mDEBUG&amp#27;[0;39m [main] &amp#27;[1;35morg.springframework.data.convert.CustomConversions&amp#27;[0;39m ： Adding converter from class java.util.Date to class java.time.LocalTime as reading converter.
2023-08-25 00:37:30.659 &amp#27;[33mDEBUG&amp#27;[0;39m [main] &amp#27;[1;35morg.springframework.data.convert.CustomConversions&amp#27;[0;39m ： Adding converter from class java.time.LocalTime to class java.util.Date as writing converter.
2023-08-25 00:37:30.660 &amp#27;[33mDEBUG&amp#27;[0;39m [main] &amp#27;[1;35morg.springframework.data.convert.CustomConversions&amp#27;[0;39m ： Adding converter from class java.util.Date to class java.time.Instant as reading converter.
2023-08-25 00:37:30.660 &amp#27;[33mDEBUG&amp#27;[0;39m [main] &amp#27;[1;35morg.springframework.data.convert.CustomConversions&amp#27;[0;39m ： Adding converter from class java.time.Instant to class java.util.Date as writing converter.
2023-08-25 00:37:30.660 &amp#27;[33mDEBUG&amp#27;[0;39m [main] &amp#27;[1;35morg.springframework.data.convert.CustomConversions&amp#27;[0;39m ： Adding converter from class java.time.LocalDateTime to class java.time.Instant as reading converter.
2023-08-25 00:37:30.660 &amp#27;[33mDEBUG&amp#27;[0;39m [main] &amp#27;[1;35morg.springframework.data.convert.CustomConversions&amp#27;[0;39m ： Adding converter from class java.time.Instant to class java.time.LocalDateTime as reading converter.
2023-08-25 00:37:30.660 &amp#27;[33mDEBUG&amp#27;[0;39m [main] &amp#27;[1;35morg.springframework.data.convert.CustomConversions&amp#27;[0;39m ： Adding converter from class java.time.ZoneId to class java.lang.String as writing converter.
2023-08-25 00:37:30.660 &amp#27;[33mDEBUG&amp#27;[0;39m [main] &amp#27;[1;35morg.springframework.data.convert.CustomConversions&amp#27;[0;39m ： Adding converter from class java.lang.String to class java.time.ZoneId as reading converter.
2023-08-25 00:37:30.660 &amp#27;[33mDEBUG&amp#27;[0;39m [main] &amp#27;[1;35morg.springframework.data.convert.CustomConversions&amp#27;[0;39m ： Adding converter from class java.time.Duration to class java.lang.String as writing converter.
2023-08-25 00:37:30.660 &amp#27;[33mDEBUG&amp#27;[0;39m [main] &amp#27;[1;35morg.springframework.data.convert.CustomConversions&amp#27;[0;39m ： Adding converter from class java.lang.String to class java.time.Duration as reading converter.
2023-08-25 00:37:30.660 &amp#27;[33mDEBUG&amp#27;[0;39m [main] &amp#27;[1;35morg.springframework.data.convert.CustomConversions&amp#27;[0;39m ： Adding converter from class java.time.Period to class java.lang.String as writing converter.
2023-08-25 00:37:30.660 &amp#27;[33mDEBUG&amp#27;[0;39m [main] &amp#27;[1;35morg.springframework.data.convert.CustomConversions&amp#27;[0;39m ： Adding converter from class java.lang.String to class java.time.Period as reading converter.
2023-08-25 00:37:30.660 &amp#27;[33mDEBUG&amp#27;[0;39m [main] &amp#27;[1;35morg.springframework.data.convert.CustomConversions&amp#27;[0;39m ： Adding converter from class java.lang.String to class java.time.LocalDate as reading converter.
2023-08-25 00:37:30.660 &amp#27;[33mDEBUG&amp#27;[0;39m [main] &amp#27;[1;35morg.springframework.data.convert.CustomConversions&amp#27;[0;39m ： Adding converter from class java.lang.String to class java.time.LocalDateTime as reading converter.
2023-08-25 00:37:30.660 &amp#27;[33mDEBUG&amp#27;[0;39m [main] &amp#27;[1;35morg.springframework.data.convert.CustomConversions&amp#27;[0;39m ： Adding converter from class java.lang.String to class java.time.Instant as reading converter.
2023-08-25 00:37:30.660 &amp#27;[33mDEBUG&amp#27;[0;39m [main] &amp#27;[1;35morg.springframework.data.convert.CustomConversions&amp#27;[0;39m ： Adding converter from class java.lang.String to class [B as writing converter.
2023-08-25 00:37:30.661 &amp#27;[33mDEBUG&amp#27;[0;39m [main] &amp#27;[1;35morg.springframework.data.convert.CustomConversions&amp#27;[0;39m ： Adding converter from class [B to class java.lang.String as reading converter.
2023-08-25 00:37:30.661 &amp#27;[33mDEBUG&amp#27;[0;39m [main] &amp#27;[1;35morg.springframework.data.convert.CustomConversions&amp#27;[0;39m ： Adding converter from class java.lang.Number to class [B as writing converter.
2023-08-25 00:37:30.661 &amp#27;[33mDEBUG&amp#27;[0;39m [main] &amp#27;[1;35morg.springframework.data.convert.CustomConversions&amp#27;[0;39m ： Adding converter from class [B to class java.lang.Number as reading converter.
2023-08-25 00:37:30.661 &amp#27;[33mDEBUG&amp#27;[0;39m [main] &amp#27;[1;35morg.springframework.data.convert.CustomConversions&amp#27;[0;39m ： Adding converter from class java.lang.Enum to class [B as writing converter.
2023-08-25 00:37:30.661 &amp#27;[33mDEBUG&amp#27;[0;39m [main] &amp#27;[1;35morg.springframework.data.convert.CustomConversions&amp#27;[0;39m ： Adding converter from class [B to class java.lang.Enum as reading converter.
2023-08-25 00:37:30.661 &amp#27;[33mDEBUG&amp#27;[0;39m [main] &amp#27;[1;35morg.springframework.data.convert.CustomConversions&amp#27;[0;39m ： Adding converter from class java.lang.Boolean to class [B as writing converter.
2023-08-25 00:37:30.661 &amp#27;[33mDEBUG&amp#27;[0;39m [main] &amp#27;[1;35morg.springframework.data.convert.CustomConversions&amp#27;[0;39m ： Adding converter from class [B to class java.lang.Boolean as reading converter.
2023-08-25 00:37:30.661 &amp#27;[33mDEBUG&amp#27;[0;39m [main] &amp#27;[1;35morg.springframework.data.convert.CustomConversions&amp#27;[0;39m ： Adding converter from class java.util.Date to class [B as writing converter.
2023-08-25 00:37:30.661 &amp#27;[33mDEBUG&amp#27;[0;39m [main] &amp#27;[1;35morg.springframework.data.convert.CustomConversions&amp#27;[0;39m ： Adding converter from class [B to class java.util.Date as reading converter.
2023-08-25 00:37:30.661 &amp#27;[33mDEBUG&amp#27;[0;39m [main] &amp#27;[1;35morg.springframework.data.convert.CustomConversions&amp#27;[0;39m ： Adding converter from class java.util.UUID to class [B as writing converter.
2023-08-25 00:37:30.661 &amp#27;[33mDEBUG&amp#27;[0;39m [main] &amp#27;[1;35morg.springframework.data.convert.CustomConversions&amp#27;[0;39m ： Adding converter from class [B to class java.util.UUID as reading converter.
2023-08-25 00:37:30.661 &amp#27;[33mDEBUG&amp#27;[0;39m [main] &amp#27;[1;35morg.springframework.data.convert.CustomConversions&amp#27;[0;39m ： Adding converter from class java.time.LocalDateTime to class [B as writing converter.
2023-08-25 00:37:30.661 &amp#27;[33mDEBUG&amp#27;[0;39m [main] &amp#27;[1;35morg.springframework.data.convert.CustomConversions&amp#27;[0;39m ： Adding converter from class [B to class java.time.LocalDateTime as reading converter.
2023-08-25 00:37:30.662 &amp#27;[33mDEBUG&amp#27;[0;39m [main] &amp#27;[1;35morg.springframework.data.convert.CustomConversions&amp#27;[0;39m ： Adding converter from class java.time.LocalDate to class [B as writing converter.
2023-08-25 00:37:30.662 &amp#27;[33mDEBUG&amp#27;[0;39m [main] &amp#27;[1;35morg.springframework.data.convert.CustomConversions&amp#27;[0;39m ： Adding converter from class [B to class java.time.LocalDate as reading converter.
2023-08-25 00:37:30.662 &amp#27;[33mDEBUG&amp#27;[0;39m [main] &amp#27;[1;35morg.springframework.data.convert.CustomConversions&amp#27;[0;39m ： Adding converter from class java.time.LocalTime to class [B as writing converter.
2023-08-25 00:37:30.662 &amp#27;[33mDEBUG&amp#27;[0;39m [main] &amp#27;[1;35morg.springframework.data.convert.CustomConversions&amp#27;[0;39m ： Adding converter from class [B to class java.time.LocalTime as reading converter.
2023-08-25 00:37:30.662 &amp#27;[33mDEBUG&amp#27;[0;39m [main] &amp#27;[1;35morg.springframework.data.convert.CustomConversions&amp#27;[0;39m ： Adding converter from class java.time.ZonedDateTime to class [B as writing converter.
2023-08-25 00:37:30.662 &amp#27;[33mDEBUG&amp#27;[0;39m [main] &amp#27;[1;35morg.springframework.data.convert.CustomConversions&amp#27;[0;39m ： Adding converter from class [B to class java.time.ZonedDateTime as reading converter.
2023-08-25 00:37:30.662 &amp#27;[33mDEBUG&amp#27;[0;39m [main] &amp#27;[1;35morg.springframework.data.convert.CustomConversions&amp#27;[0;39m ： Adding converter from class java.time.Instant to class [B as writing converter.
2023-08-25 00:37:30.662 &amp#27;[33mDEBUG&amp#27;[0;39m [main] &amp#27;[1;35morg.springframework.data.convert.CustomConversions&amp#27;[0;39m ： Adding converter from class [B to class java.time.Instant as reading converter.
2023-08-25 00:37:30.662 &amp#27;[33mDEBUG&amp#27;[0;39m [main] &amp#27;[1;35morg.springframework.data.convert.CustomConversions&amp#27;[0;39m ： Adding converter from class java.time.ZoneId to class [B as writing converter.
2023-08-25 00:37:30.662 &amp#27;[33mDEBUG&amp#27;[0;39m [main] &amp#27;[1;35morg.springframework.data.convert.CustomConversions&amp#27;[0;39m ： Adding converter from class [B to class java.time.ZoneId as reading converter.
2023-08-25 00:37:30.662 &amp#27;[33mDEBUG&amp#27;[0;39m [main] &amp#27;[1;35morg.springframework.data.convert.CustomConversions&amp#27;[0;39m ： Adding converter from class java.time.Period to class [B as writing converter.
2023-08-25 00:37:30.662 &amp#27;[33mDEBUG&amp#27;[0;39m [main] &amp#27;[1;35morg.springframework.data.convert.CustomConversions&amp#27;[0;39m ： Adding converter from class [B to class java.time.Period as reading converter.
2023-08-25 00:37:30.662 &amp#27;[33mDEBUG&amp#27;[0;39m [main] &amp#27;[1;35morg.springframework.data.convert.CustomConversions&amp#27;[0;39m ： Adding converter from class java.time.Duration to class [B as writing converter.
2023-08-25 00:37:30.662 &amp#27;[33mDEBUG&amp#27;[0;39m [main] &amp#27;[1;35morg.springframework.data.convert.CustomConversions&amp#27;[0;39m ： Adding converter from class [B to class java.time.Duration as reading converter.
2023-08-25 00:37:30.662 &amp#27;[33mDEBUG&amp#27;[0;39m [main] &amp#27;[1;35morg.springframework.data.convert.CustomConversions&amp#27;[0;39m ： Adding converter from class org.joda.time.LocalDate to class java.util.Date as writing converter.
2023-08-25 00:37:30.663 &amp#27;[33mDEBUG&amp#27;[0;39m [main] &amp#27;[1;35morg.springframework.data.convert.CustomConversions&amp#27;[0;39m ： Adding converter from class org.joda.time.LocalDateTime to class java.util.Date as writing converter.
2023-08-25 00:37:30.663 &amp#27;[33mDEBUG&amp#27;[0;39m [main] &amp#27;[1;35morg.springframework.data.convert.CustomConversions&amp#27;[0;39m ： Adding converter from class org.joda.time.DateTime to class java.util.Date as writing converter.
2023-08-25 00:37:30.663 &amp#27;[33mDEBUG&amp#27;[0;39m [main] &amp#27;[1;35morg.springframework.data.convert.CustomConversions&amp#27;[0;39m ： Adding converter from class java.util.Date to class org.joda.time.LocalDate as reading converter.
2023-08-25 00:37:30.663 &amp#27;[33mDEBUG&amp#27;[0;39m [main] &amp#27;[1;35morg.springframework.data.convert.CustomConversions&amp#27;[0;39m ： Adding converter from class java.util.Date to class org.joda.time.LocalDateTime as reading converter.
2023-08-25 00:37:30.663 &amp#27;[33mDEBUG&amp#27;[0;39m [main] &amp#27;[1;35morg.springframework.data.convert.CustomConversions&amp#27;[0;39m ： Adding converter from class java.util.Date to class org.joda.time.DateTime as reading converter.
2023-08-25 00:37:30.663 &amp#27;[33mDEBUG&amp#27;[0;39m [main] &amp#27;[1;35morg.springframework.data.convert.CustomConversions&amp#27;[0;39m ： Adding converter from class java.time.LocalDateTime to class org.joda.time.LocalDateTime as reading converter.
2023-08-25 00:37:30.663 &amp#27;[33mDEBUG&amp#27;[0;39m [main] &amp#27;[1;35morg.springframework.data.convert.CustomConversions&amp#27;[0;39m ： Adding converter from class java.time.LocalDateTime to class org.joda.time.DateTime as reading converter.
2023-08-25 00:37:30.663 &amp#27;[33mDEBUG&amp#27;[0;39m [main] &amp#27;[1;35morg.springframework.data.convert.CustomConversions&amp#27;[0;39m ： Adding converter from class java.time.Instant to class org.joda.time.LocalDateTime as reading converter.
2023-08-25 00:37:30.663 &amp#27;[33mDEBUG&amp#27;[0;39m [main] &amp#27;[1;35morg.springframework.data.convert.CustomConversions&amp#27;[0;39m ： Adding converter from class org.joda.time.LocalDateTime to class java.time.Instant as writing converter.
2023-08-25 00:37:30.663 &amp#27;[33mDEBUG&amp#27;[0;39m [main] &amp#27;[1;35morg.springframework.data.convert.CustomConversions&amp#27;[0;39m ： Adding converter from class org.joda.time.LocalDateTime to class java.time.LocalDateTime as writing converter.
2023-08-25 00:37:30.663 &amp#27;[33mDEBUG&amp#27;[0;39m [main] &amp#27;[1;35morg.springframework.data.convert.CustomConversions&amp#27;[0;39m ： Adding converter from class java.util.Date to class java.time.LocalDateTime as reading converter.
2023-08-25 00:37:30.663 &amp#27;[33mDEBUG&amp#27;[0;39m [main] &amp#27;[1;35morg.springframework.data.convert.CustomConversions&amp#27;[0;39m ： Adding converter from class java.time.LocalDateTime to class java.util.Date as writing converter.
2023-08-25 00:37:30.663 &amp#27;[33mDEBUG&amp#27;[0;39m [main] &amp#27;[1;35morg.springframework.data.convert.CustomConversions&amp#27;[0;39m ： Adding converter from class java.util.Date to class java.time.LocalDate as reading converter.
2023-08-25 00:37:30.663 &amp#27;[33mDEBUG&amp#27;[0;39m [main] &amp#27;[1;35morg.springframework.data.convert.CustomConversions&amp#27;[0;39m ： Adding converter from class java.time.LocalDate to class java.util.Date as writing converter.
2023-08-25 00:37:30.663 &amp#27;[33mDEBUG&amp#27;[0;39m [main] &amp#27;[1;35morg.springframework.data.convert.CustomConversions&amp#27;[0;39m ： Adding converter from class java.util.Date to class java.time.LocalTime as reading converter.
2023-08-25 00:37:30.663 &amp#27;[33mDEBUG&amp#27;[0;39m [main] &amp#27;[1;35morg.springframework.data.convert.CustomConversions&amp#27;[0;39m ： Adding converter from class java.time.LocalTime to class java.util.Date as writing converter.
2023-08-25 00:37:30.663 &amp#27;[33mDEBUG&amp#27;[0;39m [main] &amp#27;[1;35morg.springframework.data.convert.CustomConversions&amp#27;[0;39m ： Adding converter from class java.util.Date to class java.time.Instant as reading converter.
2023-08-25 00:37:30.663 &amp#27;[33mDEBUG&amp#27;[0;39m [main] &amp#27;[1;35morg.springframework.data.convert.CustomConversions&amp#27;[0;39m ： Adding converter from class java.time.Instant to class java.util.Date as writing converter.
2023-08-25 00:37:30.663 &amp#27;[33mDEBUG&amp#27;[0;39m [main] &amp#27;[1;35morg.springframework.data.convert.CustomConversions&amp#27;[0;39m ： Adding converter from class java.time.LocalDateTime to class java.time.Instant as reading converter.
2023-08-25 00:37:30.663 &amp#27;[33mDEBUG&amp#27;[0;39m [main] &amp#27;[1;35morg.springframework.data.convert.CustomConversions&amp#27;[0;39m ： Adding converter from class java.time.Instant to class java.time.LocalDateTime as reading converter.
2023-08-25 00:37:30.663 &amp#27;[33mDEBUG&amp#27;[0;39m [main] &amp#27;[1;35morg.springframework.data.convert.CustomConversions&amp#27;[0;39m ： Adding converter from class java.time.ZoneId to class java.lang.String as writing converter.
2023-08-25 00:37:30.663 &amp#27;[33mDEBUG&amp#27;[0;39m [main] &amp#27;[1;35morg.springframework.data.convert.CustomConversions&amp#27;[0;39m ： Adding converter from class java.lang.String to class java.time.ZoneId as reading converter.
2023-08-25 00:37:30.663 &amp#27;[33mDEBUG&amp#27;[0;39m [main] &amp#27;[1;35morg.springframework.data.convert.CustomConversions&amp#27;[0;39m ： Adding converter from class java.time.Duration to class java.lang.String as writing converter.
2023-08-25 00:37:30.663 &amp#27;[33mDEBUG&amp#27;[0;39m [main] &amp#27;[1;35morg.springframework.data.convert.CustomConversions&amp#27;[0;39m ： Adding converter from class java.lang.String to class java.time.Duration as reading converter.
2023-08-25 00:37:30.663 &amp#27;[33mDEBUG&amp#27;[0;39m [main] &amp#27;[1;35morg.springframework.data.convert.CustomConversions&amp#27;[0;39m ： Adding converter from class java.time.Period to class java.lang.String as writing converter.
2023-08-25 00:37:30.664 &amp#27;[33mDEBUG&amp#27;[0;39m [main] &amp#27;[1;35morg.springframework.data.convert.CustomConversions&amp#27;[0;39m ： Adding converter from class java.lang.String to class java.time.Period as reading converter.
2023-08-25 00:37:30.664 &amp#27;[33mDEBUG&amp#27;[0;39m [main] &amp#27;[1;35morg.springframework.data.convert.CustomConversions&amp#27;[0;39m ： Adding converter from class java.lang.String to class java.time.LocalDate as reading converter.
2023-08-25 00:37:30.664 &amp#27;[33mDEBUG&amp#27;[0;39m [main] &amp#27;[1;35morg.springframework.data.convert.CustomConversions&amp#27;[0;39m ： Adding converter from class java.lang.String to class java.time.LocalDateTime as reading converter.
2023-08-25 00:37:30.664 &amp#27;[33mDEBUG&amp#27;[0;39m [main] &amp#27;[1;35morg.springframework.data.convert.CustomConversions&amp#27;[0;39m ： Adding converter from class java.lang.String to class java.time.Instant as reading converter.
2023-08-25 00:37:30.678 &amp#27;[33mDEBUG&amp#27;[0;39m [main] &amp#27;[1;35mk.beans.factory.support.DefaultListableBeanFactory&amp#27;[0;39m ： Creating shared instance of singleton bean 'redisKeyValueAdapter'
2023-08-25 00:37:30.689 &amp#27;[33mDEBUG&amp#27;[0;39m [main] &amp#27;[1;35m.data.redis.listener.RedisMessageListenerContainer&amp#27;[0;39m ： Postpone listening for Redis messages until actual listeners are added
2023-08-25 00:37:30.689 &amp#27;[33mDEBUG&amp#27;[0;39m [main] &amp#27;[1;35m.data.redis.listener.RedisMessageListenerContainer&amp#27;[0;39m ： Started RedisMessageListenerContainer
2023-08-25 00:37:30.703 &amp#27;[33mDEBUG&amp#27;[0;39m [main] &amp#27;[1;35mk.beans.factory.support.DefaultListableBeanFactory&amp#27;[0;39m ： Creating shared instance of singleton bean 'redisKeyValueTemplate'
2023-08-25 00:37:30.718 &amp#27;[33mDEBUG&amp#27;[0;39m [main] &amp#27;[1;35mk.beans.factory.support.DefaultListableBeanFactory&amp#27;[0;39m ： Creating shared instance of singleton bean 'org.springframework.boot.autoconfigure.gson.GsonAutoConfiguration'
2023-08-25 00:37:30.722 &amp#27;[33mDEBUG&amp#27;[0;39m [main] &amp#27;[1;35mk.beans.factory.support.DefaultListableBeanFactory&amp#27;[0;39m ： Creating shared instance of singleton bean 'gsonBuilder'
2023-08-25 00:37:30.722 &amp#27;[33mDEBUG&amp#27;[0;39m [main] &amp#27;[1;35mk.beans.factory.support.DefaultListableBeanFactory&amp#27;[0;39m ： Creating shared instance of singleton bean 'standardGsonBuilderCustomizer'
2023-08-25 00:37:30.723 &amp#27;[33mDEBUG&amp#27;[0;39m [main] &amp#27;[1;35mk.beans.factory.support.DefaultListableBeanFactory&amp#27;[0;39m ： Creating shared instance of singleton bean 'spring.gson-org.springframework.boot.autoconfigure.gson.GsonProperties'
2023-08-25 00:37:30.730 &amp#27;[33mDEBUG&amp#27;[0;39m [main] &amp#27;[1;35mk.beans.factory.support.DefaultListableBeanFactory&amp#27;[0;39m ： Autowiring by type from bean name 'standardGsonBuilderCustomizer' via factory method to bean named 'spring.gson-org.springframework.boot.autoconfigure.gson.GsonProperties'
2023-08-25 00:37:30.737 &amp#27;[33mDEBUG&amp#27;[0;39m [main] &amp#27;[1;35mk.beans.factory.support.DefaultListableBeanFactory&amp#27;[0;39m ： Autowiring by type from bean name 'gsonBuilder' via factory method to bean named 'standardGsonBuilderCustomizer'
2023-08-25 00:37:30.753 &amp#27;[33mDEBUG&amp#27;[0;39m [main] &amp#27;[1;35mk.beans.factory.support.DefaultListableBeanFactory&amp#27;[0;39m ： Creating shared instance of singleton bean 'gson'
2023-08-25 00:37:30.754 &amp#27;[33mDEBUG&amp#27;[0;39m [main] &amp#27;[1;35mk.beans.factory.support.DefaultListableBeanFactory&amp#27;[0;39m ： Autowiring by type from bean name 'gson' via factory method to bean named 'gsonBuilder'
2023-08-25 00:37:30.807 &amp#27;[33mDEBUG&amp#27;[0;39m [main] &amp#27;[1;35mk.beans.factory.support.DefaultListableBeanFactory&amp#27;[0;39m ： Creating shared instance of singleton bean 'org.springframework.boot.autoconfigure.http.JacksonHttpMessageConvertersConfiguration'
2023-08-25 00:37:30.811 &amp#27;[33mDEBUG&amp#27;[0;39m [main] &amp#27;[1;35mk.beans.factory.support.DefaultListableBeanFactory&amp#27;[0;39m ： Creating shared instance of singleton bean 'org.springframework.boot.autoconfigure.http.GsonHttpMessageConvertersConfiguration'
2023-08-25 00:37:30.814 &amp#27;[33mDEBUG&amp#27;[0;39m [main] &amp#27;[1;35mk.beans.factory.support.DefaultListableBeanFactory&amp#27;[0;39m ： Creating shared instance of singleton bean 'org.springframework.data.web.config.ProjectingArgumentResolverRegistrar'
2023-08-25 00:37:30.817 &amp#27;[33mDEBUG&amp#27;[0;39m [main] &amp#27;[1;35mk.beans.factory.support.DefaultListableBeanFactory&amp#27;[0;39m ： Creating shared instance of singleton bean 'org.springframework.boot.autoconfigure.info.ProjectInfoAutoConfiguration'
2023-08-25 00:37:30.820 &amp#27;[33mDEBUG&amp#27;[0;39m [main] &amp#27;[1;35mk.beans.factory.support.DefaultListableBeanFactory&amp#27;[0;39m ： Creating shared instance of singleton bean 'spring.info-org.springframework.boot.autoconfigure.info.ProjectInfoProperties'
2023-08-25 00:37:30.823 &amp#27;[33mDEBUG&amp#27;[0;39m [main] &amp#27;[1;35mk.beans.factory.support.DefaultListableBeanFactory&amp#27;[0;39m ： Autowiring by type from bean name 'org.springframework.boot.autoconfigure.info.ProjectInfoAutoConfiguration' via constructor to bean named 'spring.info-org.springframework.boot.autoconfigure.info.ProjectInfoProperties'
2023-08-25 00:37:30.826 &amp#27;[33mDEBUG&amp#27;[0;39m [main] &amp#27;[1;35mk.beans.factory.support.DefaultListableBeanFactory&amp#27;[0;39m ： Creating shared instance of singleton bean 'org.springframework.boot.autoconfigure.jdbc.JdbcTemplateConfiguration'
2023-08-25 00:37:30.829 &amp#27;[33mDEBUG&amp#27;[0;39m [main] &amp#27;[1;35mk.beans.factory.support.DefaultListableBeanFactory&amp#27;[0;39m ： Creating shared instance of singleton bean 'jdbcTemplate'
2023-08-25 00:37:30.830 &amp#27;[33mDEBUG&amp#27;[0;39m [main] &amp#27;[1;35mk.beans.factory.support.DefaultListableBeanFactory&amp#27;[0;39m ： Creating shared instance of singleton bean 'spring.jdbc-org.springframework.boot.autoconfigure.jdbc.JdbcProperties'
2023-08-25 00:37:30.833 &amp#27;[33mDEBUG&amp#27;[0;39m [main] &amp#27;[1;35mk.beans.factory.support.DefaultListableBeanFactory&amp#27;[0;39m ： Autowiring by type from bean name 'jdbcTemplate' via factory method to bean named 'druidDataSource'
2023-08-25 00:37:30.833 &amp#27;[33mDEBUG&amp#27;[0;39m [main] &amp#27;[1;35mk.beans.factory.support.DefaultListableBeanFactory&amp#27;[0;39m ： Autowiring by type from bean name 'jdbcTemplate' via factory method to bean named 'spring.jdbc-org.springframework.boot.autoconfigure.jdbc.JdbcProperties'
2023-08-25 00:37:30.903 &amp#27;[33mDEBUG&amp#27;[0;39m [main] &amp#27;[1;35mk.beans.factory.support.DefaultListableBeanFactory&amp#27;[0;39m ： Creating shared instance of singleton bean 'org.springframework.boot.autoconfigure.jdbc.NamedParameterJdbcTemplateConfiguration'
2023-08-25 00:37:30.908 &amp#27;[33mDEBUG&amp#27;[0;39m [main] &amp#27;[1;35mk.beans.factory.support.DefaultListableBeanFactory&amp#27;[0;39m ： Creating shared instance of singleton bean 'namedParameterJdbcTemplate'
2023-08-25 00:37:30.909 &amp#27;[33mDEBUG&amp#27;[0;39m [main] &amp#27;[1;35mk.beans.factory.support.DefaultListableBeanFactory&amp#27;[0;39m ： Autowiring by type from bean name 'namedParameterJdbcTemplate' via factory method to bean named 'jdbcTemplate'
2023-08-25 00:37:30.942 &amp#27;[33mDEBUG&amp#27;[0;39m [main] &amp#27;[1;35mk.beans.factory.support.DefaultListableBeanFactory&amp#27;[0;39m ： Creating shared instance of singleton bean 'org.springframework.boot.autoconfigure.jdbc.JdbcTemplateAutoConfiguration'
2023-08-25 00:37:30.945 &amp#27;[33mDEBUG&amp#27;[0;39m [main] &amp#27;[1;35mk.beans.factory.support.DefaultListableBeanFactory&amp#27;[0;39m ： Creating shared instance of singleton bean 'org.springframework.boot.autoconfigure.task.TaskSchedulingAutoConfiguration'
2023-08-25 00:37:30.949 &amp#27;[33mDEBUG&amp#27;[0;39m [main] &amp#27;[1;35mk.beans.factory.support.DefaultListableBeanFactory&amp#27;[0;39m ： Creating shared instance of singleton bean 'taskSchedulerBuilder'
2023-08-25 00:37:30.951 &amp#27;[33mDEBUG&amp#27;[0;39m [main] &amp#27;[1;35mk.beans.factory.support.DefaultListableBeanFactory&amp#27;[0;39m ： Creating shared instance of singleton bean 'spring.task.scheduling-org.springframework.boot.autoconfigure.task.TaskSchedulingProperties'
2023-08-25 00:37:30.955 &amp#27;[33mDEBUG&amp#27;[0;39m [main] &amp#27;[1;35mk.beans.factory.support.DefaultListableBeanFactory&amp#27;[0;39m ： Autowiring by type from bean name 'taskSchedulerBuilder' via factory method to bean named 'spring.task.scheduling-org.springframework.boot.autoconfigure.task.TaskSchedulingProperties'
2023-08-25 00:37:30.961 &amp#27;[33mDEBUG&amp#27;[0;39m [main] &amp#27;[1;35mk.beans.factory.support.DefaultListableBeanFactory&amp#27;[0;39m ： Creating shared instance of singleton bean 'org.springframework.boot.autoconfigure.jdbc.DataSourceTransactionManagerAutoConfiguration$JdbcTransactionManagerConfiguration'
2023-08-25 00:37:30.963 &amp#27;[33mDEBUG&amp#27;[0;39m [main] &amp#27;[1;35mk.beans.factory.support.DefaultListableBeanFactory&amp#27;[0;39m ： Creating shared instance of singleton bean 'transactionManager'
2023-08-25 00:37:30.964 &amp#27;[33mDEBUG&amp#27;[0;39m [main] &amp#27;[1;35mk.beans.factory.support.DefaultListableBeanFactory&amp#27;[0;39m ： Autowiring by type from bean name 'transactionManager' via factory method to bean named 'druidDataSource'
2023-08-25 00:37:30.968 &amp#27;[33mDEBUG&amp#27;[0;39m [main] &amp#27;[1;35mk.beans.factory.support.DefaultListableBeanFactory&amp#27;[0;39m ： Creating shared instance of singleton bean 'platformTransactionManagerCustomizers'
2023-08-25 00:37:30.968 &amp#27;[33mDEBUG&amp#27;[0;39m [main] &amp#27;[1;35mk.beans.factory.support.DefaultListableBeanFactory&amp#27;[0;39m ： Creating shared instance of singleton bean 'org.springframework.boot.autoconfigure.transaction.TransactionAutoConfiguration'
2023-08-25 00:37:30.971 &amp#27;[33mDEBUG&amp#27;[0;39m [main] &amp#27;[1;35mk.beans.factory.support.DefaultListableBeanFactory&amp#27;[0;39m ： Creating shared instance of singleton bean 'spring.transaction-org.springframework.boot.autoconfigure.transaction.TransactionProperties'
2023-08-25 00:37:30.990 &amp#27;[33mDEBUG&amp#27;[0;39m [main] &amp#27;[1;35mk.beans.factory.support.DefaultListableBeanFactory&amp#27;[0;39m ： Creating shared instance of singleton bean 'org.springframework.boot.autoconfigure.jdbc.DataSourceTransactionManagerAutoConfiguration'
2023-08-25 00:37:30.992 &amp#27;[33mDEBUG&amp#27;[0;39m [main] &amp#27;[1;35mk.beans.factory.support.DefaultListableBeanFactory&amp#27;[0;39m ： Creating shared instance of singleton bean 'org.springframework.boot.autoconfigure.transaction.TransactionAutoConfiguration$EnableTransactionManagementConfiguration$CglibAutoProxyConfiguration'
2023-08-25 00:37:30.994 &amp#27;[33mDEBUG&amp#27;[0;39m [main] &amp#27;[1;35mk.beans.factory.support.DefaultListableBeanFactory&amp#27;[0;39m ： Creating shared instance of singleton bean 'org.springframework.boot.autoconfigure.transaction.TransactionAutoConfiguration$EnableTransactionManagementConfiguration'
2023-08-25 00:37:30.996 &amp#27;[33mDEBUG&amp#27;[0;39m [main] &amp#27;[1;35mk.beans.factory.support.DefaultListableBeanFactory&amp#27;[0;39m ： Creating shared instance of singleton bean 'org.springframework.boot.autoconfigure.transaction.TransactionAutoConfiguration$TransactionTemplateConfiguration'
2023-08-25 00:37:30.998 &amp#27;[33mDEBUG&amp#27;[0;39m [main] &amp#27;[1;35mk.beans.factory.support.DefaultListableBeanFactory&amp#27;[0;39m ： Creating shared instance of singleton bean 'transactionTemplate'
2023-08-25 00:37:30.999 &amp#27;[33mDEBUG&amp#27;[0;39m [main] &amp#27;[1;35mk.beans.factory.support.DefaultListableBeanFactory&amp#27;[0;39m ： Autowiring by type from bean name 'transactionTemplate' via factory method to bean named 'transactionManager'
2023-08-25 00:37:31.005 &amp#27;[33mDEBUG&amp#27;[0;39m [main] &amp#27;[1;35mk.beans.factory.support.DefaultListableBeanFactory&amp#27;[0;39m ： Creating shared instance of singleton bean 'org.springframework.boot.autoconfigure.web.client.RestTemplateAutoConfiguration'
2023-08-25 00:37:31.006 &amp#27;[33mDEBUG&amp#27;[0;39m [main] &amp#27;[1;35mk.beans.factory.support.DefaultListableBeanFactory&amp#27;[0;39m ： Creating shared instance of singleton bean 'org.springframework.boot.autoconfigure.web.embedded.EmbeddedWebServerFactoryCustomizerAutoConfiguration'
2023-08-25 00:37:31.007 &amp#27;[33mDEBUG&amp#27;[0;39m [main] &amp#27;[1;35mk.beans.factory.support.DefaultListableBeanFactory&amp#27;[0;39m ： Creating shared instance of singleton bean 'characterEncodingFilter'
2023-08-25 00:37:31.021 &amp#27;[33mDEBUG&amp#27;[0;39m [main] &amp#27;[1;35mk.beans.factory.support.DefaultListableBeanFactory&amp#27;[0;39m ： Creating shared instance of singleton bean 'multipartResolver'
2023-08-25 00:37:31.052 &amp#27;[33mDEBUG&amp#27;[0;39m [main] &amp#27;[1;35mramework.context.support.DefaultLifecycleProcessor&amp#27;[0;39m ： Starting beans in phase 2147483647
2023-08-25 00:37:31.368 &amp#27;[33mDEBUG&amp#27;[0;39m [main] &amp#27;[1;35mramework.context.support.DefaultLifecycleProcessor&amp#27;[0;39m ： Successfully started bean 'documentationPluginsBootstrapper'
2023-08-25 00:37:31.382 &amp#27;[33mDEBUG&amp#27;[0;39m [main] &amp#27;[1;35me.logging.ConditionEvaluationReportLoggingListener&amp#27;[0;39m ： 


============================
CONDITIONS EVALUATION REPORT
============================


Positive matches:
-----------------

   AopAutoConfiguration matched:
      - @ConditionalOnProperty (spring.aop.auto=true) matched (OnPropertyCondition)

   AopAutoConfiguration.AspectJAutoProxyingConfiguration matched:
      - @ConditionalOnClass found required class 'org.aspectj.weaver.Advice' (OnClassCondition)

   AopAutoConfiguration.AspectJAutoProxyingConfiguration.CglibAutoProxyConfiguration matched:
      - @ConditionalOnProperty (spring.aop.proxy-target-class=true) matched (OnPropertyCondition)

   DataSourceAutoConfiguration matched:
      - @ConditionalOnClass found required classes 'javax.sql.DataSource', 'org.springframework.jdbc.datasource.embedded.EmbeddedDatabaseType' (OnClassCondition)
      - @ConditionalOnMissingBean (types: io.r2dbc.spi.ConnectionFactory; SearchStrategy: all) did not find any beans (OnBeanCondition)

   DataSourceConfiguration.Generic matched:
      - @ConditionalOnProperty (spring.datasource.type) matched (OnPropertyCondition)

   DataSourcePoolMetadataProvidersConfiguration.HikariPoolDataSourceMetadataProviderConfiguration matched:
      - @ConditionalOnClass found required class 'com.zaxxer.hikari.HikariDataSource' (OnClassCondition)

   DataSourceTransactionManagerAutoConfiguration matched:
      - @ConditionalOnClass found required classes 'org.springframework.jdbc.core.JdbcTemplate', 'org.springframework.transaction.TransactionManager' (OnClassCondition)

   DataSourceTransactionManagerAutoConfiguration.JdbcTransactionManagerConfiguration matched:
      - @ConditionalOnSingleCandidate (types: javax.sql.DataSource; SearchStrategy: all) found a primary bean from beans 'druidDataSource' (OnBeanCondition)

   DataSourceTransactionManagerAutoConfiguration.JdbcTransactionManagerConfiguration#transactionManager matched:
      - @ConditionalOnMissingBean (types: org.springframework.transaction.TransactionManager; SearchStrategy: all) did not find any beans (OnBeanCondition)

   DispatcherServletAutoConfiguration matched:
      - @ConditionalOnClass found required class 'org.springframework.web.servlet.DispatcherServlet' (OnClassCondition)
      - found 'session' scope (OnWebApplicationCondition)

   DispatcherServletAutoConfiguration.DispatcherServletConfiguration matched:
      - @ConditionalOnClass found required class 'javax.servlet.ServletRegistration' (OnClassCondition)
      - Default DispatcherServlet did not find dispatcher servlet beans (DispatcherServletAutoConfiguration.DefaultDispatcherServletCondition)

   DispatcherServletAutoConfiguration.DispatcherServletRegistrationConfiguration matched:
      - @ConditionalOnClass found required class 'javax.servlet.ServletRegistration' (OnClassCondition)
      - DispatcherServlet Registration did not find servlet registration bean (DispatcherServletAutoConfiguration.DispatcherServletRegistrationCondition)
      - DispatcherServlet Registration found servlet registration beans 'druidServlet' and none is named dispatcherServletRegistration (DispatcherServletAutoConfiguration.DispatcherServletRegistrationCondition)

   DispatcherServletAutoConfiguration.DispatcherServletRegistrationConfiguration#dispatcherServletRegistration matched:
      - @ConditionalOnBean (names: dispatcherServlet types: org.springframework.web.servlet.DispatcherServlet; SearchStrategy: all) found bean 'dispatcherServlet' (OnBeanCondition)

   DruidDataSourceAutoConfigure matched:
      - @ConditionalOnClass found required class 'com.alibaba.druid.pool.DruidDataSource' (OnClassCondition)

   DruidFilterConfiguration#statFilter matched:
      - @ConditionalOnProperty (spring.datasource.druid.filter.stat.enabled) matched (OnPropertyCondition)
      - @ConditionalOnMissingBean (types: com.alibaba.druid.filter.stat.StatFilter; SearchStrategy: all) did not find any beans (OnBeanCondition)

   DruidStatViewServletConfiguration matched:
      - @ConditionalOnWebApplication (required) found 'session' scope (OnWebApplicationCondition)
      - @ConditionalOnProperty (spring.datasource.druid.stat-view-servlet.enabled=true) matched (OnPropertyCondition)

   DruidWebStatFilterConfiguration matched:
      - @ConditionalOnWebApplication (required) found 'session' scope (OnWebApplicationCondition)
      - @ConditionalOnProperty (spring.datasource.druid.web-stat-filter.enabled=true) matched (OnPropertyCondition)

   EmbeddedWebServerFactoryCustomizerAutoConfiguration matched:
      - @ConditionalOnWebApplication (required) found 'session' scope (OnWebApplicationCondition)

   EmbeddedWebServerFactoryCustomizerAutoConfiguration.TomcatWebServerFactoryCustomizerConfiguration matched:
      - @ConditionalOnClass found required classes 'org.apache.catalina.startup.Tomcat', 'org.apache.coyote.UpgradeProtocol' (OnClassCondition)

   ErrorMvcAutoConfiguration matched:
      - @ConditionalOnClass found required classes 'javax.servlet.Servlet', 'org.springframework.web.servlet.DispatcherServlet' (OnClassCondition)
      - found 'session' scope (OnWebApplicationCondition)

   ErrorMvcAutoConfiguration#basicErrorController matched:
      - @ConditionalOnMissingBean (types: org.springframework.boot.web.servlet.error.ErrorController; SearchStrategy: current) did not find any beans (OnBeanCondition)

   ErrorMvcAutoConfiguration#errorAttributes matched:
      - @ConditionalOnMissingBean (types: org.springframework.boot.web.servlet.error.ErrorAttributes; SearchStrategy: current) did not find any beans (OnBeanCondition)

   ErrorMvcAutoConfiguration.DefaultErrorViewResolverConfiguration#conventionErrorViewResolver matched:
      - @ConditionalOnBean (types: org.springframework.web.servlet.DispatcherServlet; SearchStrategy: all) found bean 'dispatcherServlet'; @ConditionalOnMissingBean (types: org.springframework.boot.autoconfigure.web.servlet.error.ErrorViewResolver; SearchStrategy: all) did not find any beans (OnBeanCondition)

   ErrorMvcAutoConfiguration.WhitelabelErrorViewConfiguration matched:
      - @ConditionalOnProperty (server.error.whitelabel.enabled) matched (OnPropertyCondition)
      - ErrorTemplate Missing did not find error template view (ErrorMvcAutoConfiguration.ErrorTemplateMissingCondition)

   ErrorMvcAutoConfiguration.WhitelabelErrorViewConfiguration#beanNameViewResolver matched:
      - @ConditionalOnMissingBean (types: org.springframework.web.servlet.view.BeanNameViewResolver; SearchStrategy: all) did not find any beans (OnBeanCondition)

   ErrorMvcAutoConfiguration.WhitelabelErrorViewConfiguration#defaultErrorView matched:
      - @ConditionalOnMissingBean (names: error; SearchStrategy: all) did not find any beans (OnBeanCondition)

   GenericCacheConfiguration matched:
      - Cache org.springframework.boot.autoconfigure.cache.GenericCacheConfiguration automatic cache type (CacheCondition)

   GsonAutoConfiguration matched:
      - @ConditionalOnClass found required class 'com.google.gson.Gson' (OnClassCondition)

   GsonAutoConfiguration#gson matched:
      - @ConditionalOnMissingBean (types: com.google.gson.Gson; SearchStrategy: all) did not find any beans (OnBeanCondition)

   GsonAutoConfiguration#gsonBuilder matched:
      - @ConditionalOnMissingBean (types: com.google.gson.GsonBuilder; SearchStrategy: all) did not find any beans (OnBeanCondition)

   GsonHttpMessageConvertersConfiguration matched:
      - @ConditionalOnClass found required class 'com.google.gson.Gson' (OnClassCondition)

   HttpEncodingAutoConfiguration matched:
      - @ConditionalOnClass found required class 'org.springframework.web.filter.CharacterEncodingFilter' (OnClassCondition)
      - found 'session' scope (OnWebApplicationCondition)
      - @ConditionalOnProperty (server.servlet.encoding.enabled) matched (OnPropertyCondition)

   HttpEncodingAutoConfiguration#characterEncodingFilter matched:
      - @ConditionalOnMissingBean (types: org.springframework.web.filter.CharacterEncodingFilter; SearchStrategy: all) did not find any beans (OnBeanCondition)

   HttpMessageConvertersAutoConfiguration matched:
      - @ConditionalOnClass found required class 'org.springframework.http.converter.HttpMessageConverter' (OnClassCondition)
      - NoneNestedConditions 0 matched 1 did not; NestedCondition on HttpMessageConvertersAutoConfiguration.NotReactiveWebApplicationCondition.ReactiveWebApplication did not find reactive web application classes (HttpMessageConvertersAutoConfiguration.NotReactiveWebApplicationCondition)

   HttpMessageConvertersAutoConfiguration#messageConverters matched:
      - @ConditionalOnMissingBean (types: org.springframework.boot.autoconfigure.http.HttpMessageConverters; SearchStrategy: all) did not find any beans (OnBeanCondition)

   HttpMessageConvertersAutoConfiguration.StringHttpMessageConverterConfiguration matched:
      - @ConditionalOnClass found required class 'org.springframework.http.converter.StringHttpMessageConverter' (OnClassCondition)

   HttpMessageConvertersAutoConfiguration.StringHttpMessageConverterConfiguration#stringHttpMessageConverter matched:
      - @ConditionalOnMissingBean (types: org.springframework.http.converter.StringHttpMessageConverter; SearchStrategy: all) did not find any beans (OnBeanCondition)

   JacksonAutoConfiguration matched:
      - @ConditionalOnClass found required class 'com.fasterxml.jackson.databind.ObjectMapper' (OnClassCondition)

   JacksonAutoConfiguration.Jackson2ObjectMapperBuilderCustomizerConfiguration matched:
      - @ConditionalOnClass found required class 'org.springframework.http.converter.json.Jackson2ObjectMapperBuilder' (OnClassCondition)

   JacksonAutoConfiguration.JacksonObjectMapperBuilderConfiguration matched:
      - @ConditionalOnClass found required class 'org.springframework.http.converter.json.Jackson2ObjectMapperBuilder' (OnClassCondition)

   JacksonAutoConfiguration.JacksonObjectMapperBuilderConfiguration#jacksonObjectMapperBuilder matched:
      - @ConditionalOnMissingBean (types: org.springframework.http.converter.json.Jackson2ObjectMapperBuilder; SearchStrategy: all) did not find any beans (OnBeanCondition)

   JacksonAutoConfiguration.JacksonObjectMapperConfiguration matched:
      - @ConditionalOnClass found required class 'org.springframework.http.converter.json.Jackson2ObjectMapperBuilder' (OnClassCondition)

   JacksonAutoConfiguration.JacksonObjectMapperConfiguration#jacksonObjectMapper matched:
      - @ConditionalOnMissingBean (types: com.fasterxml.jackson.databind.ObjectMapper; SearchStrategy: all) did not find any beans (OnBeanCondition)

   JacksonAutoConfiguration.ParameterNamesModuleConfiguration matched:
      - @ConditionalOnClass found required class 'com.fasterxml.jackson.module.paramnames.ParameterNamesModule' (OnClassCondition)

   JacksonAutoConfiguration.ParameterNamesModuleConfiguration#parameterNamesModule matched:
      - @ConditionalOnMissingBean (types: com.fasterxml.jackson.module.paramnames.ParameterNamesModule; SearchStrategy: all) did not find any beans (OnBeanCondition)

   JacksonHttpMessageConvertersConfiguration.MappingJackson2HttpMessageConverterConfiguration matched:
      - @ConditionalOnClass found required class 'com.fasterxml.jackson.databind.ObjectMapper' (OnClassCondition)
      - @ConditionalOnProperty (spring.mvc.converters.preferred-json-mapper=jackson) matched (OnPropertyCondition)
      - @ConditionalOnBean (types: com.fasterxml.jackson.databind.ObjectMapper; SearchStrategy: all) found bean 'jacksonObjectMapper' (OnBeanCondition)

   JacksonHttpMessageConvertersConfiguration.MappingJackson2HttpMessageConverterConfiguration#mappingJackson2HttpMessageConverter matched:
      - @ConditionalOnMissingBean (types: org.springframework.http.converter.json.MappingJackson2HttpMessageConverter ignored: org.springframework.hateoas.server.mvc.TypeConstrainedMappingJackson2HttpMessageConverter,org.springframework.data.rest.webmvc.alps.AlpsJsonHttpMessageConverter; SearchStrategy: all) did not find any beans (OnBeanCondition)

   JdbcTemplateAutoConfiguration matched:
      - @ConditionalOnClass found required classes 'javax.sql.DataSource', 'org.springframework.jdbc.core.JdbcTemplate' (OnClassCondition)
      - @ConditionalOnSingleCandidate (types: javax.sql.DataSource; SearchStrategy: all) found a primary bean from beans 'druidDataSource' (OnBeanCondition)

   JdbcTemplateConfiguration matched:
      - @ConditionalOnMissingBean (types: org.springframework.jdbc.core.JdbcOperations; SearchStrategy: all) did not find any beans (OnBeanCondition)

   LettuceConnectionConfiguration matched:
      - @ConditionalOnClass found required class 'io.lettuce.core.RedisClient' (OnClassCondition)
      - @ConditionalOnProperty (spring.redis.client-type=lettuce) matched (OnPropertyCondition)

   LettuceConnectionConfiguration#lettuceClientResources matched:
      - @ConditionalOnMissingBean (types: io.lettuce.core.resource.ClientResources; SearchStrategy: all) did not find any beans (OnBeanCondition)

   LettuceConnectionConfiguration#redisConnectionFactory matched:
      - @ConditionalOnMissingBean (types: org.springframework.data.redis.connection.RedisConnectionFactory; SearchStrategy: all) did not find any beans (OnBeanCondition)

   LifecycleAutoConfiguration#defaultLifecycleProcessor matched:
      - @ConditionalOnMissingBean (names: lifecycleProcessor; SearchStrategy: current) did not find any beans (OnBeanCondition)

   MultipartAutoConfiguration matched:
      - @ConditionalOnClass found required classes 'javax.servlet.Servlet', 'org.springframework.web.multipart.support.StandardServletMultipartResolver', 'javax.servlet.MultipartConfigElement' (OnClassCondition)
      - found 'session' scope (OnWebApplicationCondition)
      - @ConditionalOnProperty (spring.servlet.multipart.enabled) matched (OnPropertyCondition)

   MultipartAutoConfiguration#multipartConfigElement matched:
      - @ConditionalOnMissingBean (types: javax.servlet.MultipartConfigElement,org.springframework.web.multipart.commons.CommonsMultipartResolver; SearchStrategy: all) did not find any beans (OnBeanCondition)

   MultipartAutoConfiguration#multipartResolver matched:
      - @ConditionalOnMissingBean (types: org.springframework.web.multipart.MultipartResolver; SearchStrategy: all) did not find any beans (OnBeanCondition)

   MybatisAutoConfiguration matched:
      - @ConditionalOnClass found required classes 'org.apache.ibatis.session.SqlSessionFactory', 'org.mybatis.spring.SqlSessionFactoryBean' (OnClassCondition)
      - @ConditionalOnSingleCandidate (types: javax.sql.DataSource; SearchStrategy: all) found a primary bean from beans 'druidDataSource' (OnBeanCondition)

   MybatisAutoConfiguration#sqlSessionFactory matched:
      - @ConditionalOnMissingBean (types: org.apache.ibatis.session.SqlSessionFactory; SearchStrategy: all) did not find any beans (OnBeanCondition)

   MybatisAutoConfiguration#sqlSessionTemplate matched:
      - @ConditionalOnMissingBean (types: org.mybatis.spring.SqlSessionTemplate; SearchStrategy: all) did not find any beans (OnBeanCondition)

   MybatisLanguageDriverAutoConfiguration matched:
      - @ConditionalOnClass found required class 'org.apache.ibatis.scripting.LanguageDriver' (OnClassCondition)

   NamedParameterJdbcTemplateConfiguration matched:
      - @ConditionalOnSingleCandidate (types: org.springframework.jdbc.core.JdbcTemplate; SearchStrategy: all) found a primary bean from beans 'jdbcTemplate'; @ConditionalOnMissingBean (types: org.springframework.jdbc.core.namedparam.NamedParameterJdbcOperations; SearchStrategy: all) did not find any beans (OnBeanCondition)

   NoOpCacheConfiguration matched:
      - Cache org.springframework.boot.autoconfigure.cache.NoOpCacheConfiguration automatic cache type (CacheCondition)

   PageHelperAutoConfiguration matched:
      - @ConditionalOnBean (types: org.apache.ibatis.session.SqlSessionFactory; SearchStrategy: all) found bean 'sqlSessionFactory' (OnBeanCondition)

   PersistenceExceptionTranslationAutoConfiguration matched:
      - @ConditionalOnClass found required class 'org.springframework.dao.annotation.PersistenceExceptionTranslationPostProcessor' (OnClassCondition)

   PersistenceExceptionTranslationAutoConfiguration#persistenceExceptionTranslationPostProcessor matched:
      - @ConditionalOnProperty (spring.dao.exceptiontranslation.enabled) matched (OnPropertyCondition)
      - @ConditionalOnMissingBean (types: org.springframework.dao.annotation.PersistenceExceptionTranslationPostProcessor; SearchStrategy: all) did not find any beans (OnBeanCondition)

   PropertyPlaceholderAutoConfiguration#propertySourcesPlaceholderConfigurer matched:
      - @ConditionalOnMissingBean (types: org.springframework.context.support.PropertySourcesPlaceholderConfigurer; SearchStrategy: current) did not find any beans (OnBeanCondition)

   RedisAutoConfiguration matched:
      - @ConditionalOnClass found required class 'org.springframework.data.redis.core.RedisOperations' (OnClassCondition)

   RedisAutoConfiguration#stringRedisTemplate matched:
      - @ConditionalOnSingleCandidate (types: org.springframework.data.redis.connection.RedisConnectionFactory; SearchStrategy: all) found a primary bean from beans 'redisConnectionFactory'; @ConditionalOnMissingBean (types: org.springframework.data.redis.core.StringRedisTemplate; SearchStrategy: all) did not find any beans (OnBeanCondition)

   RedisCacheConfiguration matched:
      - @ConditionalOnClass found required class 'org.springframework.data.redis.connection.RedisConnectionFactory' (OnClassCondition)
      - Cache org.springframework.boot.autoconfigure.cache.RedisCacheConfiguration automatic cache type (CacheCondition)

   RedisReactiveAutoConfiguration matched:
      - @ConditionalOnClass found required classes 'org.springframework.data.redis.connection.ReactiveRedisConnectionFactory', 'org.springframework.data.redis.core.ReactiveRedisTemplate', 'reactor.core.publisher.Flux' (OnClassCondition)

   RedisReactiveAutoConfiguration#reactiveRedisTemplate matched:
      - @ConditionalOnBean (types: org.springframework.data.redis.connection.ReactiveRedisConnectionFactory; SearchStrategy: all) found bean 'redisConnectionFactory'; @ConditionalOnMissingBean (names: reactiveRedisTemplate; SearchStrategy: all) did not find any beans (OnBeanCondition)

   RedisReactiveAutoConfiguration#reactiveStringRedisTemplate matched:
      - @ConditionalOnBean (types: org.springframework.data.redis.connection.ReactiveRedisConnectionFactory; SearchStrategy: all) found bean 'redisConnectionFactory'; @ConditionalOnMissingBean (names: reactiveStringRedisTemplate; SearchStrategy: all) did not find any beans (OnBeanCondition)

   RedisRepositoriesAutoConfiguration matched:
      - @ConditionalOnClass found required class 'org.springframework.data.redis.repository.configuration.EnableRedisRepositories' (OnClassCondition)
      - @ConditionalOnProperty (spring.data.redis.repositories.enabled=true) matched (OnPropertyCondition)
      - @ConditionalOnBean (types: org.springframework.data.redis.connection.RedisConnectionFactory; SearchStrategy: all) found bean 'redisConnectionFactory'; @ConditionalOnMissingBean (types: org.springframework.data.redis.repository.support.RedisRepositoryFactoryBean; SearchStrategy: all) did not find any beans (OnBeanCondition)

   RestTemplateAutoConfiguration matched:
      - @ConditionalOnClass found required class 'org.springframework.web.client.RestTemplate' (OnClassCondition)
      - NoneNestedConditions 0 matched 1 did not; NestedCondition on RestTemplateAutoConfiguration.NotReactiveWebApplicationCondition.ReactiveWebApplication did not find reactive web application classes (RestTemplateAutoConfiguration.NotReactiveWebApplicationCondition)

   RestTemplateAutoConfiguration#restTemplateBuilder matched:
      - @ConditionalOnMissingBean (types: org.springframework.boot.web.client.RestTemplateBuilder; SearchStrategy: all) did not find any beans (OnBeanCondition)

   RestTemplateAutoConfiguration#restTemplateBuilderConfigurer matched:
      - @ConditionalOnMissingBean (types: org.springframework.boot.autoconfigure.web.client.RestTemplateBuilderConfigurer; SearchStrategy: all) did not find any beans (OnBeanCondition)

   ServletWebServerFactoryAutoConfiguration matched:
      - @ConditionalOnClass found required class 'javax.servlet.ServletRequest' (OnClassCondition)
      - found 'session' scope (OnWebApplicationCondition)

   ServletWebServerFactoryAutoConfiguration#tomcatServletWebServerFactoryCustomizer matched:
      - @ConditionalOnClass found required class 'org.apache.catalina.startup.Tomcat' (OnClassCondition)

   ServletWebServerFactoryConfiguration.EmbeddedTomcat matched:
      - @ConditionalOnClass found required classes 'javax.servlet.Servlet', 'org.apache.catalina.startup.Tomcat', 'org.apache.coyote.UpgradeProtocol' (OnClassCondition)
      - @ConditionalOnMissingBean (types: org.springframework.boot.web.servlet.server.ServletWebServerFactory; SearchStrategy: current) did not find any beans (OnBeanCondition)

   SimpleCacheConfiguration matched:
      - Cache org.springframework.boot.autoconfigure.cache.SimpleCacheConfiguration automatic cache type (CacheCondition)

   SpringDataWebAutoConfiguration matched:
      - @ConditionalOnClass found required classes 'org.springframework.data.web.PageableHandlerMethodArgumentResolver', 'org.springframework.web.servlet.config.annotation.WebMvcConfigurer' (OnClassCondition)
      - found 'session' scope (OnWebApplicationCondition)
      - @ConditionalOnMissingBean (types: org.springframework.data.web.PageableHandlerMethodArgumentResolver; SearchStrategy: all) did not find any beans (OnBeanCondition)

   SpringDataWebAutoConfiguration#pageableCustomizer matched:
      - @ConditionalOnMissingBean (types: org.springframework.data.web.config.PageableHandlerMethodArgumentResolverCustomizer; SearchStrategy: all) did not find any beans (OnBeanCondition)

   SpringDataWebAutoConfiguration#sortCustomizer matched:
      - @ConditionalOnMissingBean (types: org.springframework.data.web.config.SortHandlerMethodArgumentResolverCustomizer; SearchStrategy: all) did not find any beans (OnBeanCondition)

   Swagger2DocumentationConfiguration matched:
      - @ConditionalOnWebApplication (required) found 'session' scope (OnWebApplicationCondition)

   TaskExecutionAutoConfiguration matched:
      - @ConditionalOnClass found required class 'org.springframework.scheduling.concurrent.ThreadPoolTaskExecutor' (OnClassCondition)

   TaskExecutionAutoConfiguration#applicationTaskExecutor matched:
      - @ConditionalOnMissingBean (types: java.util.concurrent.Executor; SearchStrategy: all) did not find any beans (OnBeanCondition)

   TaskExecutionAutoConfiguration#taskExecutorBuilder matched:
      - @ConditionalOnMissingBean (types: org.springframework.boot.task.TaskExecutorBuilder; SearchStrategy: all) did not find any beans (OnBeanCondition)

   TaskSchedulingAutoConfiguration matched:
      - @ConditionalOnClass found required class 'org.springframework.scheduling.concurrent.ThreadPoolTaskScheduler' (OnClassCondition)

   TaskSchedulingAutoConfiguration#taskSchedulerBuilder matched:
      - @ConditionalOnMissingBean (types: org.springframework.boot.task.TaskSchedulerBuilder; SearchStrategy: all) did not find any beans (OnBeanCondition)

   TransactionAutoConfiguration matched:
      - @ConditionalOnClass found required class 'org.springframework.transaction.PlatformTransactionManager' (OnClassCondition)

   TransactionAutoConfiguration#platformTransactionManagerCustomizers matched:
      - @ConditionalOnMissingBean (types: org.springframework.boot.autoconfigure.transaction.TransactionManagerCustomizers; SearchStrategy: all) did not find any beans (OnBeanCondition)

   TransactionAutoConfiguration.EnableTransactionManagementConfiguration matched:
      - @ConditionalOnBean (types: org.springframework.transaction.TransactionManager; SearchStrategy: all) found bean 'transactionManager'; @ConditionalOnMissingBean (types: org.springframework.transaction.annotation.AbstractTransactionManagementConfiguration; SearchStrategy: all) did not find any beans (OnBeanCondition)

   TransactionAutoConfiguration.EnableTransactionManagementConfiguration.CglibAutoProxyConfiguration matched:
      - @ConditionalOnProperty (spring.aop.proxy-target-class=true) matched (OnPropertyCondition)

   TransactionAutoConfiguration.TransactionTemplateConfiguration matched:
      - @ConditionalOnSingleCandidate (types: org.springframework.transaction.PlatformTransactionManager; SearchStrategy: all) found a primary bean from beans 'transactionManager' (OnBeanCondition)

   TransactionAutoConfiguration.TransactionTemplateConfiguration#transactionTemplate matched:
      - @ConditionalOnMissingBean (types: org.springframework.transaction.support.TransactionOperations; SearchStrategy: all) did not find any beans (OnBeanCondition)

   WebMvcAutoConfiguration matched:
      - @ConditionalOnClass found required classes 'javax.servlet.Servlet', 'org.springframework.web.servlet.DispatcherServlet', 'org.springframework.web.servlet.config.annotation.WebMvcConfigurer' (OnClassCondition)
      - found 'session' scope (OnWebApplicationCondition)
      - @ConditionalOnMissingBean (types: org.springframework.web.servlet.config.annotation.WebMvcConfigurationSupport; SearchStrategy: all) did not find any beans (OnBeanCondition)

   WebMvcAutoConfiguration#formContentFilter matched:
      - @ConditionalOnProperty (spring.mvc.formcontent.filter.enabled) matched (OnPropertyCondition)
      - @ConditionalOnMissingBean (types: org.springframework.web.filter.FormContentFilter; SearchStrategy: all) did not find any beans (OnBeanCondition)

   WebMvcAutoConfiguration.EnableWebMvcConfiguration#localeResolver matched:
      - @ConditionalOnMissingBean (names: localeResolver; SearchStrategy: all) did not find any beans (OnBeanCondition)

   WebMvcAutoConfiguration.WebMvcAutoConfigurationAdapter#defaultViewResolver matched:
      - @ConditionalOnMissingBean (types: org.springframework.web.servlet.view.InternalResourceViewResolver; SearchStrategy: all) did not find any beans (OnBeanCondition)

   WebMvcAutoConfiguration.WebMvcAutoConfigurationAdapter#requestContextFilter matched:
      - @ConditionalOnMissingBean (types: org.springframework.web.context.request.RequestContextListener,org.springframework.web.filter.RequestContextFilter; SearchStrategy: all) did not find any beans (OnBeanCondition)

   WebMvcAutoConfiguration.WebMvcAutoConfigurationAdapter#viewResolver matched:
      - @ConditionalOnBean (types: org.springframework.web.servlet.ViewResolver; SearchStrategy: all) found beans 'defaultViewResolver', 'beanNameViewResolver', 'mvcViewResolver'; @ConditionalOnMissingBean (names: viewResolver types: org.springframework.web.servlet.view.ContentNegotiatingViewResolver; SearchStrategy: all) did not find any beans (OnBeanCondition)

   WebSocketServletAutoConfiguration matched:
      - @ConditionalOnClass found required classes 'javax.servlet.Servlet', 'javax.websocket.server.ServerContainer' (OnClassCondition)
      - found 'session' scope (OnWebApplicationCondition)

   WebSocketServletAutoConfiguration.TomcatWebSocketConfiguration matched:
      - @ConditionalOnClass found required classes 'org.apache.catalina.startup.Tomcat', 'org.apache.tomcat.websocket.server.WsSci' (OnClassCondition)

   WebSocketServletAutoConfiguration.TomcatWebSocketConfiguration#websocketServletWebServerCustomizer matched:
      - @ConditionalOnMissingBean (names: websocketServletWebServerCustomizer; SearchStrategy: all) did not find any beans (OnBeanCondition)


Negative matches:
-----------------

   ActiveMQAutoConfiguration:
      Did not match:
         - @ConditionalOnClass did not find required class 'javax.jms.ConnectionFactory' (OnClassCondition)

   AopAutoConfiguration.AspectJAutoProxyingConfiguration.JdkDynamicAutoProxyConfiguration:
      Did not match:
         - @ConditionalOnProperty (spring.aop.proxy-target-class=false) did not find property 'proxy-target-class' (OnPropertyCondition)

   AopAutoConfiguration.ClassProxyingConfiguration:
      Did not match:
         - @ConditionalOnMissingClass found unwanted class 'org.aspectj.weaver.Advice' (OnClassCondition)

   ArtemisAutoConfiguration:
      Did not match:
         - @ConditionalOnClass did not find required class 'javax.jms.ConnectionFactory' (OnClassCondition)

   BatchAutoConfiguration:
      Did not match:
         - @ConditionalOnClass did not find required class 'org.springframework.batch.core.launch.JobLauncher' (OnClassCondition)

   CacheAutoConfiguration:
      Did not match:
         - @ConditionalOnMissingBean (names: cacheResolver types: org.springframework.cache.CacheManager; SearchStrategy: all) found beans of type 'org.springframework.cache.CacheManager' redisCacheManager (OnBeanCondition)
      Matched:
         - @ConditionalOnClass found required class 'org.springframework.cache.CacheManager' (OnClassCondition)

   CacheAutoConfiguration.CacheManagerEntityManagerFactoryDependsOnPostProcessor:
      Did not match:
         - @ConditionalOnClass did not find required class 'org.springframework.orm.jpa.LocalContainerEntityManagerFactoryBean' (OnClassCondition)
         - Ancestor org.springframework.boot.autoconfigure.cache.CacheAutoConfiguration did not match (ConditionEvaluationReport.AncestorsMatchedCondition)

   CaffeineCacheConfiguration:
      Did not match:
         - @ConditionalOnClass did not find required class 'com.github.benmanes.caffeine.cache.Caffeine' (OnClassCondition)

   CassandraAutoConfiguration:
      Did not match:
         - @ConditionalOnClass did not find required class 'com.datastax.oss.driver.api.core.CqlSession' (OnClassCondition)

   CassandraDataAutoConfiguration:
      Did not match:
         - @ConditionalOnClass did not find required class 'com.datastax.oss.driver.api.core.CqlSession' (OnClassCondition)

   CassandraReactiveDataAutoConfiguration:
      Did not match:
         - @ConditionalOnClass did not find required class 'com.datastax.oss.driver.api.core.CqlSession' (OnClassCondition)

   CassandraReactiveRepositoriesAutoConfiguration:
      Did not match:
         - @ConditionalOnClass did not find required class 'org.springframework.data.cassandra.ReactiveSession' (OnClassCondition)

   CassandraRepositoriesAutoConfiguration:
      Did not match:
         - @ConditionalOnClass did not find required class 'com.datastax.oss.driver.api.core.CqlSession' (OnClassCondition)

   ClientHttpConnectorAutoConfiguration:
      Did not match:
         - @ConditionalOnClass did not find required class 'org.springframework.web.reactive.function.client.WebClient' (OnClassCondition)

   CodecsAutoConfiguration:
      Did not match:
         - @ConditionalOnClass did not find required class 'org.springframework.web.reactive.function.client.WebClient' (OnClassCondition)

   CouchbaseAutoConfiguration:
      Did not match:
         - @ConditionalOnClass did not find required class 'com.couchbase.client.java.Cluster' (OnClassCondition)

   CouchbaseCacheConfiguration:
      Did not match:
         - @ConditionalOnClass did not find required class 'com.couchbase.client.java.Cluster' (OnClassCondition)

   CouchbaseDataAutoConfiguration:
      Did not match:
         - @ConditionalOnClass did not find required class 'com.couchbase.client.java.Bucket' (OnClassCondition)

   CouchbaseReactiveDataAutoConfiguration:
      Did not match:
         - @ConditionalOnClass did not find required class 'com.couchbase.client.java.Cluster' (OnClassCondition)

   CouchbaseReactiveRepositoriesAutoConfiguration:
      Did not match:
         - @ConditionalOnClass did not find required class 'com.couchbase.client.java.Cluster' (OnClassCondition)

   CouchbaseRepositoriesAutoConfiguration:
      Did not match:
         - @ConditionalOnClass did not find required class 'com.couchbase.client.java.Bucket' (OnClassCondition)

   DataSourceAutoConfiguration.EmbeddedDatabaseConfiguration:
      Did not match:
         - EmbeddedDataSource spring.datasource.url is set (DataSourceAutoConfiguration.EmbeddedDatabaseCondition)

   DataSourceAutoConfiguration.PooledDataSourceConfiguration:
      Did not match:
         - @ConditionalOnMissingBean (types: javax.sql.DataSource,javax.sql.XADataSource; SearchStrategy: all) found beans of type 'javax.sql.DataSource' druidDataSource (OnBeanCondition)
      Matched:
         - AnyNestedCondition 2 matched 0 did not; NestedCondition on DataSourceAutoConfiguration.PooledDataSourceCondition.PooledDataSourceAvailable PooledDataSource found supported DataSource; NestedCondition on DataSourceAutoConfiguration.PooledDataSourceCondition.ExplicitType @ConditionalOnProperty (spring.datasource.type) matched (DataSourceAutoConfiguration.PooledDataSourceCondition)

   DataSourceConfiguration.Dbcp2:
      Did not match:
         - @ConditionalOnClass did not find required class 'org.apache.commons.dbcp2.BasicDataSource' (OnClassCondition)

   DataSourceConfiguration.Hikari:
      Did not match:
         - @ConditionalOnProperty (spring.datasource.type=com.zaxxer.hikari.HikariDataSource) found different value in property 'spring.datasource.type' (OnPropertyCondition)
      Matched:
         - @ConditionalOnClass found required class 'com.zaxxer.hikari.HikariDataSource' (OnClassCondition)

   DataSourceConfiguration.OracleUcp:
      Did not match:
         - @ConditionalOnClass did not find required classes 'oracle.ucp.jdbc.PoolDataSourceImpl', 'oracle.jdbc.OracleConnection' (OnClassCondition)

   DataSourceConfiguration.Tomcat:
      Did not match:
         - @ConditionalOnClass did not find required class 'org.apache.tomcat.jdbc.pool.DataSource' (OnClassCondition)

   DataSourceJmxConfiguration:
      Did not match:
         - @ConditionalOnProperty (spring.jmx.enabled=true) found different value in property 'enabled' (OnPropertyCondition)

   DataSourcePoolMetadataProvidersConfiguration.CommonsDbcp2PoolDataSourceMetadataProviderConfiguration:
      Did not match:
         - @ConditionalOnClass did not find required class 'org.apache.commons.dbcp2.BasicDataSource' (OnClassCondition)

   DataSourcePoolMetadataProvidersConfiguration.OracleUcpPoolDataSourceMetadataProviderConfiguration:
      Did not match:
         - @ConditionalOnClass did not find required classes 'oracle.ucp.jdbc.PoolDataSource', 'oracle.jdbc.OracleConnection' (OnClassCondition)

   DataSourcePoolMetadataProvidersConfiguration.TomcatDataSourcePoolMetadataProviderConfiguration:
      Did not match:
         - @ConditionalOnClass did not find required class 'org.apache.tomcat.jdbc.pool.DataSource' (OnClassCondition)

   DispatcherServletAutoConfiguration.DispatcherServletConfiguration#multipartResolver:
      Did not match:
         - @ConditionalOnBean (types: org.springframework.web.multipart.MultipartResolver; SearchStrategy: all) did not find any beans of type org.springframework.web.multipart.MultipartResolver (OnBeanCondition)

   DruidDataSourceAutoConfigure#dataSource:
      Did not match:
         - @ConditionalOnMissingBean (types: javax.sql.DataSource; SearchStrategy: all) found beans of type 'javax.sql.DataSource' druidDataSource (OnBeanCondition)

   DruidFilterConfiguration#commonsLogFilter:
      Did not match:
         - @ConditionalOnProperty (spring.datasource.druid.filter.commons-log.enabled) did not find property 'enabled' (OnPropertyCondition)

   DruidFilterConfiguration#configFilter:
      Did not match:
         - @ConditionalOnProperty (spring.datasource.druid.filter.config.enabled) did not find property 'enabled' (OnPropertyCondition)

   DruidFilterConfiguration#encodingConvertFilter:
      Did not match:
         - @ConditionalOnProperty (spring.datasource.druid.filter.encoding.enabled) did not find property 'enabled' (OnPropertyCondition)

   DruidFilterConfiguration#log4j2Filter:
      Did not match:
         - @ConditionalOnProperty (spring.datasource.druid.filter.log4j2.enabled) did not find property 'enabled' (OnPropertyCondition)

   DruidFilterConfiguration#log4jFilter:
      Did not match:
         - @ConditionalOnProperty (spring.datasource.druid.filter.log4j.enabled) did not find property 'enabled' (OnPropertyCondition)

   DruidFilterConfiguration#slf4jLogFilter:
      Did not match:
         - @ConditionalOnProperty (spring.datasource.druid.filter.slf4j.enabled) did not find property 'enabled' (OnPropertyCondition)

   DruidFilterConfiguration#wallConfig:
      Did not match:
         - @ConditionalOnProperty (spring.datasource.druid.filter.wall.enabled) did not find property 'enabled' (OnPropertyCondition)

   DruidFilterConfiguration#wallFilter:
      Did not match:
         - @ConditionalOnProperty (spring.datasource.druid.filter.wall.enabled) did not find property 'enabled' (OnPropertyCondition)

   DruidSpringAopConfiguration:
      Did not match:
         - @ConditionalOnProperty (spring.datasource.druid.aop-patterns) did not find property 'spring.datasource.druid.aop-patterns' (OnPropertyCondition)

   EhCacheCacheConfiguration:
      Did not match:
         - @ConditionalOnClass did not find required class 'net.sf.ehcache.Cache' (OnClassCondition)

   ElasticsearchDataAutoConfiguration:
      Did not match:
         - @ConditionalOnClass did not find required class 'org.springframework.data.elasticsearch.core.ElasticsearchRestTemplate' (OnClassCondition)

   ElasticsearchRepositoriesAutoConfiguration:
      Did not match:
         - @ConditionalOnClass did not find required class 'org.elasticsearch.client.Client' (OnClassCondition)

   ElasticsearchRestClientAutoConfiguration:
      Did not match:
         - @ConditionalOnClass did not find required class 'org.elasticsearch.client.RestHighLevelClient' (OnClassCondition)

   EmbeddedLdapAutoConfiguration:
      Did not match:
         - @ConditionalOnClass did not find required class 'com.unboundid.ldap.listener.InMemoryDirectoryServer' (OnClassCondition)

   EmbeddedMongoAutoConfiguration:
      Did not match:
         - @ConditionalOnClass did not find required class 'com.mongodb.MongoClientSettings' (OnClassCondition)

   EmbeddedWebServerFactoryCustomizerAutoConfiguration.JettyWebServerFactoryCustomizerConfiguration:
      Did not match:
         - @ConditionalOnClass did not find required classes 'org.eclipse.jetty.server.Server', 'org.eclipse.jetty.util.Loader', 'org.eclipse.jetty.webapp.WebAppContext' (OnClassCondition)

   EmbeddedWebServerFactoryCustomizerAutoConfiguration.NettyWebServerFactoryCustomizerConfiguration:
      Did not match:
         - @ConditionalOnClass did not find required class 'reactor.netty.http.server.HttpServer' (OnClassCondition)

   EmbeddedWebServerFactoryCustomizerAutoConfiguration.UndertowWebServerFactoryCustomizerConfiguration:
      Did not match:
         - @ConditionalOnClass did not find required classes 'io.undertow.Undertow', 'org.xnio.SslClientAuthMode' (OnClassCondition)

   ErrorWebFluxAutoConfiguration:
      Did not match:
         - @ConditionalOnClass did not find required class 'org.springframework.web.reactive.config.WebFluxConfigurer' (OnClassCondition)

   FlywayAutoConfiguration:
      Did not match:
         - @ConditionalOnClass did not find required class 'org.flywaydb.core.Flyway' (OnClassCondition)

   FreeMarkerAutoConfiguration:
      Did not match:
         - @ConditionalOnClass did not find required class 'freemarker.template.Configuration' (OnClassCondition)

   GroovyTemplateAutoConfiguration:
      Did not match:
         - @ConditionalOnClass did not find required class 'groovy.text.markup.MarkupTemplateEngine' (OnClassCondition)

   GsonHttpMessageConvertersConfiguration.GsonHttpMessageConverterConfiguration:
      Did not match:
         - AnyNestedCondition 0 matched 2 did not; NestedCondition on GsonHttpMessageConvertersConfiguration.PreferGsonOrJacksonAndJsonbUnavailableCondition.JacksonJsonbUnavailable NoneNestedConditions 1 matched 1 did not; NestedCondition on GsonHttpMessageConvertersConfiguration.JacksonAndJsonbUnavailableCondition.JsonbPreferred @ConditionalOnProperty (spring.mvc.converters.preferred-json-mapper=jsonb) did not find property 'spring.mvc.converters.preferred-json-mapper'; NestedCondition on GsonHttpMessageConvertersConfiguration.JacksonAndJsonbUnavailableCondition.JacksonAvailable @ConditionalOnBean (types: org.springframework.http.converter.json.MappingJackson2HttpMessageConverter; SearchStrategy: all) found bean 'mappingJackson2HttpMessageConverter'; NestedCondition on GsonHttpMessageConvertersConfiguration.PreferGsonOrJacksonAndJsonbUnavailableCondition.GsonPreferred @ConditionalOnProperty (spring.mvc.converters.preferred-json-mapper=gson) did not find property 'spring.mvc.converters.preferred-json-mapper' (GsonHttpMessageConvertersConfiguration.PreferGsonOrJacksonAndJsonbUnavailableCondition)

   H2ConsoleAutoConfiguration:
      Did not match:
         - @ConditionalOnClass did not find required class 'org.h2.server.web.WebServlet' (OnClassCondition)

   HazelcastAutoConfiguration:
      Did not match:
         - @ConditionalOnClass did not find required class 'com.hazelcast.core.HazelcastInstance' (OnClassCondition)

   HazelcastCacheConfiguration:
      Did not match:
         - @ConditionalOnClass did not find required class 'com.hazelcast.core.HazelcastInstance' (OnClassCondition)

   HazelcastJpaDependencyAutoConfiguration:
      Did not match:
         - @ConditionalOnClass did not find required class 'com.hazelcast.core.HazelcastInstance' (OnClassCondition)

   HibernateJpaAutoConfiguration:
      Did not match:
         - @ConditionalOnClass did not find required class 'javax.persistence.EntityManager' (OnClassCondition)

   HttpHandlerAutoConfiguration:
      Did not match:
         - @ConditionalOnClass did not find required class 'org.springframework.web.reactive.DispatcherHandler' (OnClassCondition)

   HypermediaAutoConfiguration:
      Did not match:
         - @ConditionalOnClass did not find required class 'org.springframework.hateoas.EntityModel' (OnClassCondition)

   InfinispanCacheConfiguration:
      Did not match:
         - @ConditionalOnClass did not find required class 'org.infinispan.spring.embedded.provider.SpringEmbeddedCacheManager' (OnClassCondition)

   InfluxDbAutoConfiguration:
      Did not match:
         - @ConditionalOnClass did not find required class 'org.influxdb.InfluxDB' (OnClassCondition)

   IntegrationAutoConfiguration:
      Did not match:
         - @ConditionalOnClass did not find required class 'org.springframework.integration.config.EnableIntegration' (OnClassCondition)

   JCacheCacheConfiguration:
      Did not match:
         - @ConditionalOnClass did not find required class 'javax.cache.Caching' (OnClassCondition)

   JacksonHttpMessageConvertersConfiguration.MappingJackson2XmlHttpMessageConverterConfiguration:
      Did not match:
         - @ConditionalOnClass did not find required class 'com.fasterxml.jackson.dataformat.xml.XmlMapper' (OnClassCondition)

   JdbcRepositoriesAutoConfiguration:
      Did not match:
         - @ConditionalOnClass did not find required class 'org.springframework.data.jdbc.repository.config.AbstractJdbcConfiguration' (OnClassCondition)

   JedisConnectionConfiguration:
      Did not match:
         - @ConditionalOnClass did not find required class 'redis.clients.jedis.Jedis' (OnClassCondition)

   JerseyAutoConfiguration:
      Did not match:
         - @ConditionalOnClass did not find required class 'org.glassfish.jersey.server.spring.SpringComponentProvider' (OnClassCondition)

   JmsAutoConfiguration:
      Did not match:
         - @ConditionalOnClass did not find required class 'javax.jms.Message' (OnClassCondition)

   JmxAutoConfiguration:
      Did not match:
         - @ConditionalOnProperty (spring.jmx.enabled=true) found different value in property 'enabled' (OnPropertyCondition)
      Matched:
         - @ConditionalOnClass found required class 'org.springframework.jmx.export.MBeanExporter' (OnClassCondition)

   JndiConnectionFactoryAutoConfiguration:
      Did not match:
         - @ConditionalOnClass did not find required class 'org.springframework.jms.core.JmsTemplate' (OnClassCondition)

   JndiDataSourceAutoConfiguration:
      Did not match:
         - @ConditionalOnProperty (spring.datasource.jndi-name) did not find property 'jndi-name' (OnPropertyCondition)
      Matched:
         - @ConditionalOnClass found required classes 'javax.sql.DataSource', 'org.springframework.jdbc.datasource.embedded.EmbeddedDatabaseType' (OnClassCondition)

   JooqAutoConfiguration:
      Did not match:
         - @ConditionalOnClass did not find required class 'org.jooq.DSLContext' (OnClassCondition)

   JpaRepositoriesAutoConfiguration:
      Did not match:
         - @ConditionalOnClass did not find required class 'org.springframework.data.jpa.repository.JpaRepository' (OnClassCondition)

   JsonbAutoConfiguration:
      Did not match:
         - @ConditionalOnClass did not find required class 'javax.json.bind.Jsonb' (OnClassCondition)

   JsonbHttpMessageConvertersConfiguration:
      Did not match:
         - @ConditionalOnClass did not find required class 'javax.json.bind.Jsonb' (OnClassCondition)

   JtaAutoConfiguration:
      Did not match:
         - @ConditionalOnClass did not find required class 'javax.transaction.Transaction' (OnClassCondition)

   KafkaAutoConfiguration:
      Did not match:
         - @ConditionalOnClass did not find required class 'org.springframework.kafka.core.KafkaTemplate' (OnClassCondition)

   LdapAutoConfiguration:
      Did not match:
         - @ConditionalOnClass did not find required class 'org.springframework.ldap.core.ContextSource' (OnClassCondition)

   LdapRepositoriesAutoConfiguration:
      Did not match:
         - @ConditionalOnClass did not find required class 'org.springframework.data.ldap.repository.LdapRepository' (OnClassCondition)

   LiquibaseAutoConfiguration:
      Did not match:
         - @ConditionalOnClass did not find required class 'liquibase.change.DatabaseChange' (OnClassCondition)

   MailSenderAutoConfiguration:
      Did not match:
         - @ConditionalOnClass did not find required class 'javax.mail.internet.MimeMessage' (OnClassCondition)

   MailSenderValidatorAutoConfiguration:
      Did not match:
         - @ConditionalOnProperty (spring.mail.test-connection) did not find property 'test-connection' (OnPropertyCondition)

   MessageSourceAutoConfiguration:
      Did not match:
         - ResourceBundle did not find bundle with basename messages (MessageSourceAutoConfiguration.ResourceBundleCondition)

   MongoAutoConfiguration:
      Did not match:
         - @ConditionalOnClass did not find required class 'com.mongodb.client.MongoClient' (OnClassCondition)

   MongoDataAutoConfiguration:
      Did not match:
         - @ConditionalOnClass did not find required class 'com.mongodb.client.MongoClient' (OnClassCondition)

   MongoReactiveAutoConfiguration:
      Did not match:
         - @ConditionalOnClass did not find required class 'com.mongodb.reactivestreams.client.MongoClient' (OnClassCondition)

   MongoReactiveDataAutoConfiguration:
      Did not match:
         - @ConditionalOnClass did not find required class 'com.mongodb.reactivestreams.client.MongoClient' (OnClassCondition)

   MongoReactiveRepositoriesAutoConfiguration:
      Did not match:
         - @ConditionalOnClass did not find required class 'com.mongodb.reactivestreams.client.MongoClient' (OnClassCondition)

   MongoRepositoriesAutoConfiguration:
      Did not match:
         - @ConditionalOnClass did not find required class 'com.mongodb.client.MongoClient' (OnClassCondition)

   MustacheAutoConfiguration:
      Did not match:
         - @ConditionalOnClass did not find required class 'com.samskivert.mustache.Mustache' (OnClassCondition)

   MybatisAutoConfiguration.MapperScannerRegistrarNotFoundConfiguration:
      Did not match:
         - @ConditionalOnMissingBean (types: org.mybatis.spring.mapper.MapperFactoryBean,org.mybatis.spring.mapper.MapperScannerConfigurer; SearchStrategy: all) found beans of type 'org.mybatis.spring.mapper.MapperScannerConfigurer' org.gpt.business.BusinessGptApplication#MapperScannerRegistrar#0 (OnBeanCondition)

   MybatisLanguageDriverAutoConfiguration.FreeMarkerConfiguration:
      Did not match:
         - @ConditionalOnClass did not find required classes 'org.mybatis.scripting.freemarker.FreeMarkerLanguageDriver', 'org.mybatis.scripting.freemarker.FreeMarkerLanguageDriverConfig' (OnClassCondition)

   MybatisLanguageDriverAutoConfiguration.LegacyFreeMarkerConfiguration:
      Did not match:
         - @ConditionalOnClass did not find required class 'org.mybatis.scripting.freemarker.FreeMarkerLanguageDriver' (OnClassCondition)

   MybatisLanguageDriverAutoConfiguration.LegacyVelocityConfiguration:
      Did not match:
         - @ConditionalOnClass did not find required class 'org.mybatis.scripting.velocity.Driver' (OnClassCondition)

   MybatisLanguageDriverAutoConfiguration.ThymeleafConfiguration:
      Did not match:
         - @ConditionalOnClass did not find required class 'org.mybatis.scripting.thymeleaf.ThymeleafLanguageDriver' (OnClassCondition)

   MybatisLanguageDriverAutoConfiguration.VelocityConfiguration:
      Did not match:
         - @ConditionalOnClass did not find required classes 'org.mybatis.scripting.velocity.VelocityLanguageDriver', 'org.mybatis.scripting.velocity.VelocityLanguageDriverConfig' (OnClassCondition)

   Neo4jAutoConfiguration:
      Did not match:
         - @ConditionalOnClass did not find required class 'org.neo4j.driver.Driver' (OnClassCondition)

   Neo4jDataAutoConfiguration:
      Did not match:
         - @ConditionalOnClass did not find required class 'org.neo4j.driver.Driver' (OnClassCondition)

   Neo4jReactiveDataAutoConfiguration:
      Did not match:
         - @ConditionalOnClass did not find required class 'org.neo4j.driver.Driver' (OnClassCondition)

   Neo4jReactiveRepositoriesAutoConfiguration:
      Did not match:
         - @ConditionalOnClass did not find required class 'org.neo4j.driver.Driver' (OnClassCondition)

   Neo4jRepositoriesAutoConfiguration:
      Did not match:
         - @ConditionalOnClass did not find required class 'org.neo4j.driver.Driver' (OnClassCondition)

   OAuth2ClientAutoConfiguration:
      Did not match:
         - @ConditionalOnClass did not find required class 'org.springframework.security.config.annotation.web.configuration.EnableWebSecurity' (OnClassCondition)

   OAuth2ResourceServerAutoConfiguration:
      Did not match:
         - @ConditionalOnClass did not find required class 'org.springframework.security.oauth2.server.resource.BearerTokenAuthenticationToken' (OnClassCondition)

   ProjectInfoAutoConfiguration#buildProperties:
      Did not match:
         - @ConditionalOnResource did not find resource '${spring.info.build.location:classpath:META-INF/build-info.properties}' (OnResourceCondition)

   ProjectInfoAutoConfiguration#gitProperties:
      Did not match:
         - GitResource did not find git info at classpath:git.properties (ProjectInfoAutoConfiguration.GitResourceAvailableCondition)

   QuartzAutoConfiguration:
      Did not match:
         - @ConditionalOnClass did not find required class 'org.quartz.Scheduler' (OnClassCondition)

   R2dbcAutoConfiguration:
      Did not match:
         - @ConditionalOnClass did not find required class 'io.r2dbc.spi.ConnectionFactory' (OnClassCondition)

   R2dbcDataAutoConfiguration:
      Did not match:
         - @ConditionalOnClass did not find required class 'org.springframework.data.r2dbc.core.R2dbcEntityTemplate' (OnClassCondition)

   R2dbcRepositoriesAutoConfiguration:
      Did not match:
         - @ConditionalOnClass did not find required class 'io.r2dbc.spi.ConnectionFactory' (OnClassCondition)

   R2dbcTransactionManagerAutoConfiguration:
      Did not match:
         - @ConditionalOnClass did not find required class 'org.springframework.r2dbc.connection.R2dbcTransactionManager' (OnClassCondition)

   RSocketMessagingAutoConfiguration:
      Did not match:
         - @ConditionalOnClass did not find required class 'io.rsocket.RSocket' (OnClassCondition)

   RSocketRequesterAutoConfiguration:
      Did not match:
         - @ConditionalOnClass did not find required class 'io.rsocket.RSocket' (OnClassCondition)

   RSocketSecurityAutoConfiguration:
      Did not match:
         - @ConditionalOnClass did not find required class 'org.springframework.security.rsocket.core.SecuritySocketAcceptorInterceptor' (OnClassCondition)

   RSocketServerAutoConfiguration:
      Did not match:
         - @ConditionalOnClass did not find required class 'io.rsocket.core.RSocketServer' (OnClassCondition)

   RSocketStrategiesAutoConfiguration:
      Did not match:
         - @ConditionalOnClass did not find required class 'io.rsocket.RSocket' (OnClassCondition)

   RabbitAutoConfiguration:
      Did not match:
         - @ConditionalOnClass did not find required class 'com.rabbitmq.client.Channel' (OnClassCondition)

   ReactiveElasticsearchRepositoriesAutoConfiguration:
      Did not match:
         - @ConditionalOnClass did not find required class 'org.springframework.data.elasticsearch.client.reactive.ReactiveElasticsearchClient' (OnClassCondition)

   ReactiveElasticsearchRestClientAutoConfiguration:
      Did not match:
         - @ConditionalOnClass did not find required class 'reactor.netty.http.client.HttpClient' (OnClassCondition)

   ReactiveOAuth2ClientAutoConfiguration:
      Did not match:
         - @ConditionalOnClass did not find required class 'org.springframework.security.config.annotation.web.reactive.EnableWebFluxSecurity' (OnClassCondition)

   ReactiveOAuth2ResourceServerAutoConfiguration:
      Did not match:
         - @ConditionalOnClass did not find required class 'org.springframework.security.config.annotation.web.reactive.EnableWebFluxSecurity' (OnClassCondition)

   ReactiveSecurityAutoConfiguration:
      Did not match:
         - @ConditionalOnClass did not find required class 'org.springframework.security.config.annotation.web.reactive.EnableWebFluxSecurity' (OnClassCondition)

   ReactiveUserDetailsServiceAutoConfiguration:
      Did not match:
         - @ConditionalOnClass did not find required class 'org.springframework.security.authentication.ReactiveAuthenticationManager' (OnClassCondition)

   ReactiveWebServerFactoryAutoConfiguration:
      Did not match:
         - @ConditionalOnWebApplication did not find reactive web application classes (OnWebApplicationCondition)

   RedisAutoConfiguration#redisTemplate:
      Did not match:
         - @ConditionalOnMissingBean (names: redisTemplate; SearchStrategy: all) found beans named redisTemplate (OnBeanCondition)

   RepositoryRestMvcAutoConfiguration:
      Did not match:
         - @ConditionalOnClass did not find required class 'org.springframework.data.rest.webmvc.config.RepositoryRestMvcConfiguration' (OnClassCondition)

   Saml2RelyingPartyAutoConfiguration:
      Did not match:
         - @ConditionalOnClass did not find required class 'org.springframework.security.saml2.provider.service.registration.RelyingPartyRegistrationRepository' (OnClassCondition)

   SecurityAutoConfiguration:
      Did not match:
         - @ConditionalOnClass did not find required class 'org.springframework.security.authentication.DefaultAuthenticationEventPublisher' (OnClassCondition)

   SecurityFilterAutoConfiguration:
      Did not match:
         - @ConditionalOnClass did not find required class 'org.springframework.security.config.http.SessionCreationPolicy' (OnClassCondition)

   SendGridAutoConfiguration:
      Did not match:
         - @ConditionalOnClass did not find required class 'com.sendgrid.SendGrid' (OnClassCondition)

   ServletWebServerFactoryAutoConfiguration#forwardedHeaderFilter:
      Did not match:
         - @ConditionalOnProperty (server.forward-headers-strategy=framework) did not find property 'server.forward-headers-strategy' (OnPropertyCondition)

   ServletWebServerFactoryConfiguration.EmbeddedJetty:
      Did not match:
         - @ConditionalOnClass did not find required classes 'org.eclipse.jetty.server.Server', 'org.eclipse.jetty.util.Loader', 'org.eclipse.jetty.webapp.WebAppContext' (OnClassCondition)

   ServletWebServerFactoryConfiguration.EmbeddedUndertow:
      Did not match:
         - @ConditionalOnClass did not find required classes 'io.undertow.Undertow', 'org.xnio.SslClientAuthMode' (OnClassCondition)

   SessionAutoConfiguration:
      Did not match:
         - @ConditionalOnClass did not find required class 'org.springframework.session.Session' (OnClassCondition)

   SolrAutoConfiguration:
      Did not match:
         - @ConditionalOnClass did not find required class 'org.apache.solr.client.solrj.impl.CloudSolrClient' (OnClassCondition)

   SolrRepositoriesAutoConfiguration:
      Did not match:
         - @ConditionalOnClass did not find required class 'org.apache.solr.client.solrj.SolrClient' (OnClassCondition)

   SpringApplicationAdminJmxAutoConfiguration:
      Did not match:
         - @ConditionalOnProperty (spring.application.admin.enabled=true) did not find property 'enabled' (OnPropertyCondition)

   TaskSchedulingAutoConfiguration#taskScheduler:
      Did not match:
         - @ConditionalOnBean (names: org.springframework.context.annotation.internalScheduledAnnotationProcessor; SearchStrategy: all) did not find any beans named org.springframework.context.annotation.internalScheduledAnnotationProcessor (OnBeanCondition)

   ThymeleafAutoConfiguration:
      Did not match:
         - @ConditionalOnClass did not find required class 'org.thymeleaf.spring5.SpringTemplateEngine' (OnClassCondition)

   TransactionAutoConfiguration#transactionalOperator:
      Did not match:
         - @ConditionalOnSingleCandidate (types: org.springframework.transaction.ReactiveTransactionManager; SearchStrategy: all) did not find any beans (OnBeanCondition)

   TransactionAutoConfiguration.EnableTransactionManagementConfiguration.JdkDynamicAutoProxyConfiguration:
      Did not match:
         - @ConditionalOnProperty (spring.aop.proxy-target-class=false) did not find property 'proxy-target-class' (OnPropertyCondition)

   UserDetailsServiceAutoConfiguration:
      Did not match:
         - @ConditionalOnClass did not find required class 'org.springframework.security.authentication.AuthenticationManager' (OnClassCondition)

   ValidationAutoConfiguration:
      Did not match:
         - @ConditionalOnClass did not find required class 'javax.validation.executable.ExecutableValidator' (OnClassCondition)

   WebClientAutoConfiguration:
      Did not match:
         - @ConditionalOnClass did not find required class 'org.springframework.web.reactive.function.client.WebClient' (OnClassCondition)

   WebFluxAutoConfiguration:
      Did not match:
         - @ConditionalOnClass did not find required class 'org.springframework.web.reactive.config.WebFluxConfigurer' (OnClassCondition)

   WebMvcAutoConfiguration#hiddenHttpMethodFilter:
      Did not match:
         - @ConditionalOnProperty (spring.mvc.hiddenmethod.filter.enabled) did not find property 'enabled' (OnPropertyCondition)

   WebMvcAutoConfiguration.ResourceChainCustomizerConfiguration:
      Did not match:
         - @ConditionalOnEnabledResourceChain did not find class org.webjars.WebJarAssetLocator (OnEnabledResourceChainCondition)

   WebMvcAutoConfiguration.WebMvcAutoConfigurationAdapter#beanNameViewResolver:
      Did not match:
         - @ConditionalOnMissingBean (types: org.springframework.web.servlet.view.BeanNameViewResolver; SearchStrategy: all) found beans of type 'org.springframework.web.servlet.view.BeanNameViewResolver' beanNameViewResolver (OnBeanCondition)

   WebServiceTemplateAutoConfiguration:
      Did not match:
         - @ConditionalOnClass did not find required class 'org.springframework.ws.client.core.WebServiceTemplate' (OnClassCondition)

   WebServicesAutoConfiguration:
      Did not match:
         - @ConditionalOnClass did not find required class 'org.springframework.ws.transport.http.MessageDispatcherServlet' (OnClassCondition)

   WebSocketMessagingAutoConfiguration:
      Did not match:
         - @ConditionalOnClass did not find required class 'org.springframework.web.socket.config.annotation.WebSocketMessageBrokerConfigurer' (OnClassCondition)

   WebSocketReactiveAutoConfiguration:
      Did not match:
         - @ConditionalOnWebApplication did not find reactive web application classes (OnWebApplicationCondition)

   WebSocketServletAutoConfiguration.JettyWebSocketConfiguration:
      Did not match:
         - @ConditionalOnClass did not find required class 'org.eclipse.jetty.websocket.jsr356.server.deploy.WebSocketServerContainerInitializer' (OnClassCondition)

   WebSocketServletAutoConfiguration.UndertowWebSocketConfiguration:
      Did not match:
         - @ConditionalOnClass did not find required class 'io.undertow.websockets.jsr.Bootstrap' (OnClassCondition)

   XADataSourceAutoConfiguration:
      Did not match:
         - @ConditionalOnClass did not find required class 'javax.transaction.TransactionManager' (OnClassCondition)


Exclusions:
-----------

    None


Unconditional classes:
----------------------

    org.springframework.boot.autoconfigure.context.ConfigurationPropertiesAutoConfiguration

    org.springframework.boot.autoconfigure.context.LifecycleAutoConfiguration

    org.springframework.boot.autoconfigure.context.PropertyPlaceholderAutoConfiguration

    org.springframework.boot.autoconfigure.availability.ApplicationAvailabilityAutoConfiguration

    org.springframework.boot.autoconfigure.info.ProjectInfoAutoConfiguration



2023-08-25 00:37:31.392 &amp#27;[33mINFO &amp#27;[0;39m [main] &amp#27;[1;35morg.gpt.business.BusinessGptApplicationTest       &amp#27;[0;39m ： Started BusinessGptApplicationTest in 5.114 seconds (JVM running for 5.943)
2023-08-25 00:37:31.397 &amp#27;[33mDEBUG&amp#27;[0;39m [main] &amp#27;[1;35mntext.cache.DefaultCacheAwareContextLoaderDelegate&amp#27;[0;39m ： Storing ApplicationContext [1699578227] in cache under key [[WebMergedContextConfiguration@4470fbd6 testClass = BusinessGptApplicationTest, locations = '{}', classes = '{class org.gpt.business.BusinessGptApplication}', contextInitializerClasses = '[]', activeProfiles = '{}', propertySourceLocations = '{}', propertySourceProperties = '{org.springframework.boot.test.context.SpringBootTestContextBootstrapper=true}', contextCustomizers = set[org.springframework.boot.test.context.filter.ExcludeFilterContextCustomizer@158d2680, org.springframework.boot.test.json.DuplicateJsonObjectContextCustomizerFactory$DuplicateJsonObjectContextCustomizer@57a3af25, org.springframework.boot.test.mock.mockito.MockitoContextCustomizer@0, org.springframework.boot.test.web.client.TestRestTemplateContextCustomizer@6aeb35e6, org.springframework.boot.test.autoconfigure.actuate.metrics.MetricsExportContextCustomizerFactory$DisableMetricExportContextCustomizer@38d8f54a, org.springframework.boot.test.autoconfigure.properties.PropertyMappingContextCustomizer@0, org.springframework.boot.test.autoconfigure.web.servlet.WebDriverContextCustomizerFactory$Customizer@7b2bbc3, org.springframework.boot.test.context.SpringBootTestArgs@1, org.springframework.boot.test.context.SpringBootTestWebEnvironment@56ef9176], resourceBasePath = 'src/main/webapp', contextLoader = 'org.springframework.boot.test.context.SpringBootContextLoader', parent = [null]]]
2023-08-25 00:37:31.397 &amp#27;[33mDEBUG&amp#27;[0;39m [main] &amp#27;[1;35morg.springframework.test.context.cache            &amp#27;[0;39m ： Spring test ApplicationContext cache statistics: [DefaultContextCache@35841d6 size = 1, maxSize = 32, parentContextCount = 0, hitCount = 0, missCount = 1]
2023-08-25 00:37:31.398 &amp#27;[33mDEBUG&amp#27;[0;39m [main] &amp#27;[1;35mwork.test.context.web.ServletTestExecutionListener&amp#27;[0;39m ： Setting up MockHttpServletRequest, MockHttpServletResponse, ServletWebRequest, and RequestContextHolder for test context [DefaultTestContext@448c8166 testClass = BusinessGptApplicationTest, testInstance = org.gpt.business.BusinessGptApplicationTest@537451d5, testMethod = [null], testException = [null], mergedContextConfiguration = [WebMergedContextConfiguration@4470fbd6 testClass = BusinessGptApplicationTest, locations = '{}', classes = '{class org.gpt.business.BusinessGptApplication}', contextInitializerClasses = '[]', activeProfiles = '{}', propertySourceLocations = '{}', propertySourceProperties = '{org.springframework.boot.test.context.SpringBootTestContextBootstrapper=true}', contextCustomizers = set[org.springframework.boot.test.context.filter.ExcludeFilterContextCustomizer@158d2680, org.springframework.boot.test.json.DuplicateJsonObjectContextCustomizerFactory$DuplicateJsonObjectContextCustomizer@57a3af25, org.springframework.boot.test.mock.mockito.MockitoContextCustomizer@0, org.springframework.boot.test.web.client.TestRestTemplateContextCustomizer@6aeb35e6, org.springframework.boot.test.autoconfigure.actuate.metrics.MetricsExportContextCustomizerFactory$DisableMetricExportContextCustomizer@38d8f54a, org.springframework.boot.test.autoconfigure.properties.PropertyMappingContextCustomizer@0, org.springframework.boot.test.autoconfigure.web.servlet.WebDriverContextCustomizerFactory$Customizer@7b2bbc3, org.springframework.boot.test.context.SpringBootTestArgs@1, org.springframework.boot.test.context.SpringBootTestWebEnvironment@56ef9176], resourceBasePath = 'src/main/webapp', contextLoader = 'org.springframework.boot.test.context.SpringBootContextLoader', parent = [null]], attributes = map['org.springframework.test.context.web.ServletTestExecutionListener.activateListener' -> true]].
2023-08-25 00:37:31.443 &amp#27;[33mDEBUG&amp#27;[0;39m [main] &amp#27;[1;35mt.support.DependencyInjectionTestExecutionListener&amp#27;[0;39m ： Performing dependency injection for test context [[DefaultTestContext@448c8166 testClass = BusinessGptApplicationTest, testInstance = org.gpt.business.BusinessGptApplicationTest@537451d5, testMethod = [null], testException = [null], mergedContextConfiguration = [WebMergedContextConfiguration@4470fbd6 testClass = BusinessGptApplicationTest, locations = '{}', classes = '{class org.gpt.business.BusinessGptApplication}', contextInitializerClasses = '[]', activeProfiles = '{}', propertySourceLocations = '{}', propertySourceProperties = '{org.springframework.boot.test.context.SpringBootTestContextBootstrapper=true}', contextCustomizers = set[org.springframework.boot.test.context.filter.ExcludeFilterContextCustomizer@158d2680, org.springframework.boot.test.json.DuplicateJsonObjectContextCustomizerFactory$DuplicateJsonObjectContextCustomizer@57a3af25, org.springframework.boot.test.mock.mockito.MockitoContextCustomizer@0, org.springframework.boot.test.web.client.TestRestTemplateContextCustomizer@6aeb35e6, org.springframework.boot.test.autoconfigure.actuate.metrics.MetricsExportContextCustomizerFactory$DisableMetricExportContextCustomizer@38d8f54a, org.springframework.boot.test.autoconfigure.properties.PropertyMappingContextCustomizer@0, org.springframework.boot.test.autoconfigure.web.servlet.WebDriverContextCustomizerFactory$Customizer@7b2bbc3, org.springframework.boot.test.context.SpringBootTestArgs@1, org.springframework.boot.test.context.SpringBootTestWebEnvironment@56ef9176], resourceBasePath = 'src/main/webapp', contextLoader = 'org.springframework.boot.test.context.SpringBootContextLoader', parent = [null]], attributes = map['org.springframework.test.context.web.ServletTestExecutionListener.activateListener' -> true, 'org.springframework.test.context.web.ServletTestExecutionListener.populatedRequestContextHolder' -> true, 'org.springframework.test.context.web.ServletTestExecutionListener.resetRequestContextHolder' -> true]]].
2023-08-25 00:37:31.444 &amp#27;[33mDEBUG&amp#27;[0;39m [main] &amp#27;[1;35mntext.cache.DefaultCacheAwareContextLoaderDelegate&amp#27;[0;39m ： Retrieved ApplicationContext [1699578227] from cache with key [[WebMergedContextConfiguration@4470fbd6 testClass = BusinessGptApplicationTest, locations = '{}', classes = '{class org.gpt.business.BusinessGptApplication}', contextInitializerClasses = '[]', activeProfiles = '{}', propertySourceLocations = '{}', propertySourceProperties = '{org.springframework.boot.test.context.SpringBootTestContextBootstrapper=true}', contextCustomizers = set[org.springframework.boot.test.context.filter.ExcludeFilterContextCustomizer@158d2680, org.springframework.boot.test.json.DuplicateJsonObjectContextCustomizerFactory$DuplicateJsonObjectContextCustomizer@57a3af25, org.springframework.boot.test.mock.mockito.MockitoContextCustomizer@0, org.springframework.boot.test.web.client.TestRestTemplateContextCustomizer@6aeb35e6, org.springframework.boot.test.autoconfigure.actuate.metrics.MetricsExportContextCustomizerFactory$DisableMetricExportContextCustomizer@38d8f54a, org.springframework.boot.test.autoconfigure.properties.PropertyMappingContextCustomizer@0, org.springframework.boot.test.autoconfigure.web.servlet.WebDriverContextCustomizerFactory$Customizer@7b2bbc3, org.springframework.boot.test.context.SpringBootTestArgs@1, org.springframework.boot.test.context.SpringBootTestWebEnvironment@56ef9176], resourceBasePath = 'src/main/webapp', contextLoader = 'org.springframework.boot.test.context.SpringBootContextLoader', parent = [null]]]
2023-08-25 00:37:31.444 &amp#27;[33mDEBUG&amp#27;[0;39m [main] &amp#27;[1;35morg.springframework.test.context.cache            &amp#27;[0;39m ： Spring test ApplicationContext cache statistics: [DefaultContextCache@35841d6 size = 1, maxSize = 32, parentContextCount = 0, hitCount = 1, missCount = 1]
2023-08-25 00:37:31.447 &amp#27;[33mDEBUG&amp#27;[0;39m [main] &amp#27;[1;35mntext.cache.DefaultCacheAwareContextLoaderDelegate&amp#27;[0;39m ： Retrieved ApplicationContext [1699578227] from cache with key [[WebMergedContextConfiguration@4470fbd6 testClass = BusinessGptApplicationTest, locations = '{}', classes = '{class org.gpt.business.BusinessGptApplication}', contextInitializerClasses = '[]', activeProfiles = '{}', propertySourceLocations = '{}', propertySourceProperties = '{org.springframework.boot.test.context.SpringBootTestContextBootstrapper=true}', contextCustomizers = set[org.springframework.boot.test.context.filter.ExcludeFilterContextCustomizer@158d2680, org.springframework.boot.test.json.DuplicateJsonObjectContextCustomizerFactory$DuplicateJsonObjectContextCustomizer@57a3af25, org.springframework.boot.test.mock.mockito.MockitoContextCustomizer@0, org.springframework.boot.test.web.client.TestRestTemplateContextCustomizer@6aeb35e6, org.springframework.boot.test.autoconfigure.actuate.metrics.MetricsExportContextCustomizerFactory$DisableMetricExportContextCustomizer@38d8f54a, org.springframework.boot.test.autoconfigure.properties.PropertyMappingContextCustomizer@0, org.springframework.boot.test.autoconfigure.web.servlet.WebDriverContextCustomizerFactory$Customizer@7b2bbc3, org.springframework.boot.test.context.SpringBootTestArgs@1, org.springframework.boot.test.context.SpringBootTestWebEnvironment@56ef9176], resourceBasePath = 'src/main/webapp', contextLoader = 'org.springframework.boot.test.context.SpringBootContextLoader', parent = [null]]]
2023-08-25 00:37:31.447 &amp#27;[33mDEBUG&amp#27;[0;39m [main] &amp#27;[1;35morg.springframework.test.context.cache            &amp#27;[0;39m ： Spring test ApplicationContext cache statistics: [DefaultContextCache@35841d6 size = 1, maxSize = 32, parentContextCount = 0, hitCount = 2, missCount = 1]
2023-08-25 00:37:31.450 &amp#27;[33mDEBUG&amp#27;[0;39m [main] &amp#27;[1;35mupport.AbstractDirtiesContextTestExecutionListener&amp#27;[0;39m ： Before test method: context [DefaultTestContext@448c8166 testClass = BusinessGptApplicationTest, testInstance = org.gpt.business.BusinessGptApplicationTest@537451d5, testMethod = translatePormpts@BusinessGptApplicationTest, testException = [null], mergedContextConfiguration = [WebMergedContextConfiguration@4470fbd6 testClass = BusinessGptApplicationTest, locations = '{}', classes = '{class org.gpt.business.BusinessGptApplication}', contextInitializerClasses = '[]', activeProfiles = '{}', propertySourceLocations = '{}', propertySourceProperties = '{org.springframework.boot.test.context.SpringBootTestContextBootstrapper=true}', contextCustomizers = set[org.springframework.boot.test.context.filter.ExcludeFilterContextCustomizer@158d2680, org.springframework.boot.test.json.DuplicateJsonObjectContextCustomizerFactory$DuplicateJsonObjectContextCustomizer@57a3af25, org.springframework.boot.test.mock.mockito.MockitoContextCustomizer@0, org.springframework.boot.test.web.client.TestRestTemplateContextCustomizer@6aeb35e6, org.springframework.boot.test.autoconfigure.actuate.metrics.MetricsExportContextCustomizerFactory$DisableMetricExportContextCustomizer@38d8f54a, org.springframework.boot.test.autoconfigure.properties.PropertyMappingContextCustomizer@0, org.springframework.boot.test.autoconfigure.web.servlet.WebDriverContextCustomizerFactory$Customizer@7b2bbc3, org.springframework.boot.test.context.SpringBootTestArgs@1, org.springframework.boot.test.context.SpringBootTestWebEnvironment@56ef9176], resourceBasePath = 'src/main/webapp', contextLoader = 'org.springframework.boot.test.context.SpringBootContextLoader', parent = [null]], attributes = map['org.springframework.test.context.web.ServletTestExecutionListener.activateListener' -> true, 'org.springframework.test.context.web.ServletTestExecutionListener.populatedRequestContextHolder' -> true, 'org.springframework.test.context.web.ServletTestExecutionListener.resetRequestContextHolder' -> true]], class annotated with @DirtiesContext [false] with mode [null], method annotated with @DirtiesContext [false] with mode [null].
2023-08-25 00:37:31.455 &amp#27;[33mDEBUG&amp#27;[0;39m [main] &amp#27;[1;35mntext.cache.DefaultCacheAwareContextLoaderDelegate&amp#27;[0;39m ： Retrieved ApplicationContext [1699578227] from cache with key [[WebMergedContextConfiguration@4470fbd6 testClass = BusinessGptApplicationTest, locations = '{}', classes = '{class org.gpt.business.BusinessGptApplication}', contextInitializerClasses = '[]', activeProfiles = '{}', propertySourceLocations = '{}', propertySourceProperties = '{org.springframework.boot.test.context.SpringBootTestContextBootstrapper=true}', contextCustomizers = set[org.springframework.boot.test.context.filter.ExcludeFilterContextCustomizer@158d2680, org.springframework.boot.test.json.DuplicateJsonObjectContextCustomizerFactory$DuplicateJsonObjectContextCustomizer@57a3af25, org.springframework.boot.test.mock.mockito.MockitoContextCustomizer@0, org.springframework.boot.test.web.client.TestRestTemplateContextCustomizer@6aeb35e6, org.springframework.boot.test.autoconfigure.actuate.metrics.MetricsExportContextCustomizerFactory$DisableMetricExportContextCustomizer@38d8f54a, org.springframework.boot.test.autoconfigure.properties.PropertyMappingContextCustomizer@0, org.springframework.boot.test.autoconfigure.web.servlet.WebDriverContextCustomizerFactory$Customizer@7b2bbc3, org.springframework.boot.test.context.SpringBootTestArgs@1, org.springframework.boot.test.context.SpringBootTestWebEnvironment@56ef9176], resourceBasePath = 'src/main/webapp', contextLoader = 'org.springframework.boot.test.context.SpringBootContextLoader', parent = [null]]]
2023-08-25 00:37:31.455 &amp#27;[33mDEBUG&amp#27;[0;39m [main] &amp#27;[1;35morg.springframework.test.context.cache            &amp#27;[0;39m ： Spring test ApplicationContext cache statistics: [DefaultContextCache@35841d6 size = 1, maxSize = 32, parentContextCount = 0, hitCount = 3, missCount = 1]
2023-08-25 00:37:31.455 &amp#27;[33mDEBUG&amp#27;[0;39m [main] &amp#27;[1;35mntext.cache.DefaultCacheAwareContextLoaderDelegate&amp#27;[0;39m ： Retrieved ApplicationContext [1699578227] from cache with key [[WebMergedContextConfiguration@4470fbd6 testClass = BusinessGptApplicationTest, locations = '{}', classes = '{class org.gpt.business.BusinessGptApplication}', contextInitializerClasses = '[]', activeProfiles = '{}', propertySourceLocations = '{}', propertySourceProperties = '{org.springframework.boot.test.context.SpringBootTestContextBootstrapper=true}', contextCustomizers = set[org.springframework.boot.test.context.filter.ExcludeFilterContextCustomizer@158d2680, org.springframework.boot.test.json.DuplicateJsonObjectContextCustomizerFactory$DuplicateJsonObjectContextCustomizer@57a3af25, org.springframework.boot.test.mock.mockito.MockitoContextCustomizer@0, org.springframework.boot.test.web.client.TestRestTemplateContextCustomizer@6aeb35e6, org.springframework.boot.test.autoconfigure.actuate.metrics.MetricsExportContextCustomizerFactory$DisableMetricExportContextCustomizer@38d8f54a, org.springframework.boot.test.autoconfigure.properties.PropertyMappingContextCustomizer@0, org.springframework.boot.test.autoconfigure.web.servlet.WebDriverContextCustomizerFactory$Customizer@7b2bbc3, org.springframework.boot.test.context.SpringBootTestArgs@1, org.springframework.boot.test.context.SpringBootTestWebEnvironment@56ef9176], resourceBasePath = 'src/main/webapp', contextLoader = 'org.springframework.boot.test.context.SpringBootContextLoader', parent = [null]]]
2023-08-25 00:37:31.455 &amp#27;[33mDEBUG&amp#27;[0;39m [main] &amp#27;[1;35morg.springframework.test.context.cache            &amp#27;[0;39m ： Spring test ApplicationContext cache statistics: [DefaultContextCache@35841d6 size = 1, maxSize = 32, parentContextCount = 0, hitCount = 4, missCount = 1]
2023-08-25 00:37:31.854 &amp#27;[33mDEBUG&amp#27;[0;39m [main] &amp#27;[1;35mntext.cache.DefaultCacheAwareContextLoaderDelegate&amp#27;[0;39m ： Retrieved ApplicationContext [1699578227] from cache with key [[WebMergedContextConfiguration@4470fbd6 testClass = BusinessGptApplicationTest, locations = '{}', classes = '{class org.gpt.business.BusinessGptApplication}', contextInitializerClasses = '[]', activeProfiles = '{}', propertySourceLocations = '{}', propertySourceProperties = '{org.springframework.boot.test.context.SpringBootTestContextBootstrapper=true}', contextCustomizers = set[org.springframework.boot.test.context.filter.ExcludeFilterContextCustomizer@158d2680, org.springframework.boot.test.json.DuplicateJsonObjectContextCustomizerFactory$DuplicateJsonObjectContextCustomizer@57a3af25, org.springframework.boot.test.mock.mockito.MockitoContextCustomizer@0, org.springframework.boot.test.web.client.TestRestTemplateContextCustomizer@6aeb35e6, org.springframework.boot.test.autoconfigure.actuate.metrics.MetricsExportContextCustomizerFactory$DisableMetricExportContextCustomizer@38d8f54a, org.springframework.boot.test.autoconfigure.properties.PropertyMappingContextCustomizer@0, org.springframework.boot.test.autoconfigure.web.servlet.WebDriverContextCustomizerFactory$Customizer@7b2bbc3, org.springframework.boot.test.context.SpringBootTestArgs@1, org.springframework.boot.test.context.SpringBootTestWebEnvironment@56ef9176], resourceBasePath = 'src/main/webapp', contextLoader = 'org.springframework.boot.test.context.SpringBootContextLoader', parent = [null]]]
2023-08-25 00:37:31.854 &amp#27;[33mDEBUG&amp#27;[0;39m [main] &amp#27;[1;35morg.springframework.test.context.cache            &amp#27;[0;39m ： Spring test ApplicationContext cache statistics: [DefaultContextCache@35841d6 size = 1, maxSize = 32, parentContextCount = 0, hitCount = 5, missCount = 1]
2023-08-25 00:37:32.969 &amp#27;[33mDEBUG&amp#27;[0;39m [main] &amp#27;[1;35mntext.cache.DefaultCacheAwareContextLoaderDelegate&amp#27;[0;39m ： Retrieved ApplicationContext [1699578227] from cache with key [[WebMergedContextConfiguration@4470fbd6 testClass = BusinessGptApplicationTest, locations = '{}', classes = '{class org.gpt.business.BusinessGptApplication}', contextInitializerClasses = '[]', activeProfiles = '{}', propertySourceLocations = '{}', propertySourceProperties = '{org.springframework.boot.test.context.SpringBootTestContextBootstrapper=true}', contextCustomizers = set[org.springframework.boot.test.context.filter.ExcludeFilterContextCustomizer@158d2680, org.springframework.boot.test.json.DuplicateJsonObjectContextCustomizerFactory$DuplicateJsonObjectContextCustomizer@57a3af25, org.springframework.boot.test.mock.mockito.MockitoContextCustomizer@0, org.springframework.boot.test.web.client.TestRestTemplateContextCustomizer@6aeb35e6, org.springframework.boot.test.autoconfigure.actuate.metrics.MetricsExportContextCustomizerFactory$DisableMetricExportContextCustomizer@38d8f54a, org.springframework.boot.test.autoconfigure.properties.PropertyMappingContextCustomizer@0, org.springframework.boot.test.autoconfigure.web.servlet.WebDriverContextCustomizerFactory$Customizer@7b2bbc3, org.springframework.boot.test.context.SpringBootTestArgs@1, org.springframework.boot.test.context.SpringBootTestWebEnvironment@56ef9176], resourceBasePath = 'src/main/webapp', contextLoader = 'org.springframework.boot.test.context.SpringBootContextLoader', parent = [null]]]
2023-08-25 00:37:32.969 &amp#27;[33mDEBUG&amp#27;[0;39m [main] &amp#27;[1;35morg.springframework.test.context.cache            &amp#27;[0;39m ： Spring test ApplicationContext cache statistics: [DefaultContextCache@35841d6 size = 1, maxSize = 32, parentContextCount = 0, hitCount = 6, missCount = 1]
2023-08-25 00:37:32.970 &amp#27;[33mDEBUG&amp#27;[0;39m [main] &amp#27;[1;35mntext.cache.DefaultCacheAwareContextLoaderDelegate&amp#27;[0;39m ： Retrieved ApplicationContext [1699578227] from cache with key [[WebMergedContextConfiguration@4470fbd6 testClass = BusinessGptApplicationTest, locations = '{}', classes = '{class org.gpt.business.BusinessGptApplication}', contextInitializerClasses = '[]', activeProfiles = '{}', propertySourceLocations = '{}', propertySourceProperties = '{org.springframework.boot.test.context.SpringBootTestContextBootstrapper=true}', contextCustomizers = set[org.springframework.boot.test.context.filter.ExcludeFilterContextCustomizer@158d2680, org.springframework.boot.test.json.DuplicateJsonObjectContextCustomizerFactory$DuplicateJsonObjectContextCustomizer@57a3af25, org.springframework.boot.test.mock.mockito.MockitoContextCustomizer@0, org.springframework.boot.test.web.client.TestRestTemplateContextCustomizer@6aeb35e6, org.springframework.boot.test.autoconfigure.actuate.metrics.MetricsExportContextCustomizerFactory$DisableMetricExportContextCustomizer@38d8f54a, org.springframework.boot.test.autoconfigure.properties.PropertyMappingContextCustomizer@0, org.springframework.boot.test.autoconfigure.web.servlet.WebDriverContextCustomizerFactory$Customizer@7b2bbc3, org.springframework.boot.test.context.SpringBootTestArgs@1, org.springframework.boot.test.context.SpringBootTestWebEnvironment@56ef9176], resourceBasePath = 'src/main/webapp', contextLoader = 'org.springframework.boot.test.context.SpringBootContextLoader', parent = [null]]]
2023-08-25 00:37:32.970 &amp#27;[33mDEBUG&amp#27;[0;39m [main] &amp#27;[1;35morg.springframework.test.context.cache            &amp#27;[0;39m ： Spring test ApplicationContext cache statistics: [DefaultContextCache@35841d6 size = 1, maxSize = 32, parentContextCount = 0, hitCount = 7, missCount = 1]
2023-08-25 00:37:32.970 &amp#27;[33mDEBUG&amp#27;[0;39m [main] &amp#27;[1;35mntext.cache.DefaultCacheAwareContextLoaderDelegate&amp#27;[0;39m ： Retrieved ApplicationContext [1699578227] from cache with key [[WebMergedContextConfiguration@4470fbd6 testClass = BusinessGptApplicationTest, locations = '{}', classes = '{class org.gpt.business.BusinessGptApplication}', contextInitializerClasses = '[]', activeProfiles = '{}', propertySourceLocations = '{}', propertySourceProperties = '{org.springframework.boot.test.context.SpringBootTestContextBootstrapper=true}', contextCustomizers = set[org.springframework.boot.test.context.filter.ExcludeFilterContextCustomizer@158d2680, org.springframework.boot.test.json.DuplicateJsonObjectContextCustomizerFactory$DuplicateJsonObjectContextCustomizer@57a3af25, org.springframework.boot.test.mock.mockito.MockitoContextCustomizer@0, org.springframework.boot.test.web.client.TestRestTemplateContextCustomizer@6aeb35e6, org.springframework.boot.test.autoconfigure.actuate.metrics.MetricsExportContextCustomizerFactory$DisableMetricExportContextCustomizer@38d8f54a, org.springframework.boot.test.autoconfigure.properties.PropertyMappingContextCustomizer@0, org.springframework.boot.test.autoconfigure.web.servlet.WebDriverContextCustomizerFactory$Customizer@7b2bbc3, org.springframework.boot.test.context.SpringBootTestArgs@1, org.springframework.boot.test.context.SpringBootTestWebEnvironment@56ef9176], resourceBasePath = 'src/main/webapp', contextLoader = 'org.springframework.boot.test.context.SpringBootContextLoader', parent = [null]]]
2023-08-25 00:37:32.970 &amp#27;[33mDEBUG&amp#27;[0;39m [main] &amp#27;[1;35morg.springframework.test.context.cache            &amp#27;[0;39m ： Spring test ApplicationContext cache statistics: [DefaultContextCache@35841d6 size = 1, maxSize = 32, parentContextCount = 0, hitCount = 8, missCount = 1]
2023-08-25 00:37:32.971 &amp#27;[33mDEBUG&amp#27;[0;39m [main] &amp#27;[1;35mntext.cache.DefaultCacheAwareContextLoaderDelegate&amp#27;[0;39m ： Retrieved ApplicationContext [1699578227] from cache with key [[WebMergedContextConfiguration@4470fbd6 testClass = BusinessGptApplicationTest, locations = '{}', classes = '{class org.gpt.business.BusinessGptApplication}', contextInitializerClasses = '[]', activeProfiles = '{}', propertySourceLocations = '{}', propertySourceProperties = '{org.springframework.boot.test.context.SpringBootTestContextBootstrapper=true}', contextCustomizers = set[org.springframework.boot.test.context.filter.ExcludeFilterContextCustomizer@158d2680, org.springframework.boot.test.json.DuplicateJsonObjectContextCustomizerFactory$DuplicateJsonObjectContextCustomizer@57a3af25, org.springframework.boot.test.mock.mockito.MockitoContextCustomizer@0, org.springframework.boot.test.web.client.TestRestTemplateContextCustomizer@6aeb35e6, org.springframework.boot.test.autoconfigure.actuate.metrics.MetricsExportContextCustomizerFactory$DisableMetricExportContextCustomizer@38d8f54a, org.springframework.boot.test.autoconfigure.properties.PropertyMappingContextCustomizer@0, org.springframework.boot.test.autoconfigure.web.servlet.WebDriverContextCustomizerFactory$Customizer@7b2bbc3, org.springframework.boot.test.context.SpringBootTestArgs@1, org.springframework.boot.test.context.SpringBootTestWebEnvironment@56ef9176], resourceBasePath = 'src/main/webapp', contextLoader = 'org.springframework.boot.test.context.SpringBootContextLoader', parent = [null]]]
2023-08-25 00:37:32.971 &amp#27;[33mDEBUG&amp#27;[0;39m [main] &amp#27;[1;35morg.springframework.test.context.cache            &amp#27;[0;39m ： Spring test ApplicationContext cache statistics: [DefaultContextCache@35841d6 size = 1, maxSize = 32, parentContextCount = 0, hitCount = 9, missCount = 1]
2023-08-25 00:37:32.972 &amp#27;[33mDEBUG&amp#27;[0;39m [main] &amp#27;[1;35mntext.cache.DefaultCacheAwareContextLoaderDelegate&amp#27;[0;39m ： Retrieved ApplicationContext [1699578227] from cache with key [[WebMergedContextConfiguration@4470fbd6 testClass = BusinessGptApplicationTest, locations = '{}', classes = '{class org.gpt.business.BusinessGptApplication}', contextInitializerClasses = '[]', activeProfiles = '{}', propertySourceLocations = '{}', propertySourceProperties = '{org.springframework.boot.test.context.SpringBootTestContextBootstrapper=true}', contextCustomizers = set[org.springframework.boot.test.context.filter.ExcludeFilterContextCustomizer@158d2680, org.springframework.boot.test.json.DuplicateJsonObjectContextCustomizerFactory$DuplicateJsonObjectContextCustomizer@57a3af25, org.springframework.boot.test.mock.mockito.MockitoContextCustomizer@0, org.springframework.boot.test.web.client.TestRestTemplateContextCustomizer@6aeb35e6, org.springframework.boot.test.autoconfigure.actuate.metrics.MetricsExportContextCustomizerFactory$DisableMetricExportContextCustomizer@38d8f54a, org.springframework.boot.test.autoconfigure.properties.PropertyMappingContextCustomizer@0, org.springframework.boot.test.autoconfigure.web.servlet.WebDriverContextCustomizerFactory$Customizer@7b2bbc3, org.springframework.boot.test.context.SpringBootTestArgs@1, org.springframework.boot.test.context.SpringBootTestWebEnvironment@56ef9176], resourceBasePath = 'src/main/webapp', contextLoader = 'org.springframework.boot.test.context.SpringBootContextLoader', parent = [null]]]
2023-08-25 00:37:32.973 &amp#27;[33mDEBUG&amp#27;[0;39m [main] &amp#27;[1;35morg.springframework.test.context.cache            &amp#27;[0;39m ： Spring test ApplicationContext cache statistics: [DefaultContextCache@35841d6 size = 1, maxSize = 32, parentContextCount = 0, hitCount = 10, missCount = 1]
2023-08-25 00:37:32.974 &amp#27;[33mDEBUG&amp#27;[0;39m [main] &amp#27;[1;35mntext.cache.DefaultCacheAwareContextLoaderDelegate&amp#27;[0;39m ： Retrieved ApplicationContext [1699578227] from cache with key [[WebMergedContextConfiguration@4470fbd6 testClass = BusinessGptApplicationTest, locations = '{}', classes = '{class org.gpt.business.BusinessGptApplication}', contextInitializerClasses = '[]', activeProfiles = '{}', propertySourceLocations = '{}', propertySourceProperties = '{org.springframework.boot.test.context.SpringBootTestContextBootstrapper=true}', contextCustomizers = set[org.springframework.boot.test.context.filter.ExcludeFilterContextCustomizer@158d2680, org.springframework.boot.test.json.DuplicateJsonObjectContextCustomizerFactory$DuplicateJsonObjectContextCustomizer@57a3af25, org.springframework.boot.test.mock.mockito.MockitoContextCustomizer@0, org.springframework.boot.test.web.client.TestRestTemplateContextCustomizer@6aeb35e6, org.springframework.boot.test.autoconfigure.actuate.metrics.MetricsExportContextCustomizerFactory$DisableMetricExportContextCustomizer@38d8f54a, org.springframework.boot.test.autoconfigure.properties.PropertyMappingContextCustomizer@0, org.springframework.boot.test.autoconfigure.web.servlet.WebDriverContextCustomizerFactory$Customizer@7b2bbc3, org.springframework.boot.test.context.SpringBootTestArgs@1, org.springframework.boot.test.context.SpringBootTestWebEnvironment@56ef9176], resourceBasePath = 'src/main/webapp', contextLoader = 'org.springframework.boot.test.context.SpringBootContextLoader', parent = [null]]]
2023-08-25 00:37:32.974 &amp#27;[33mDEBUG&amp#27;[0;39m [main] &amp#27;[1;35morg.springframework.test.context.cache            &amp#27;[0;39m ： Spring test ApplicationContext cache statistics: [DefaultContextCache@35841d6 size = 1, maxSize = 32, parentContextCount = 0, hitCount = 11, missCount = 1]
2023-08-25 00:37:32.974 &amp#27;[33mDEBUG&amp#27;[0;39m [main] &amp#27;[1;35mupport.AbstractDirtiesContextTestExecutionListener&amp#27;[0;39m ： After test method: context [DefaultTestContext@448c8166 testClass = BusinessGptApplicationTest, testInstance = org.gpt.business.BusinessGptApplicationTest@537451d5, testMethod = translatePormpts@BusinessGptApplicationTest, testException = java.lang.NullPointerException, mergedContextConfiguration = [WebMergedContextConfiguration@4470fbd6 testClass = BusinessGptApplicationTest, locations = '{}', classes = '{class org.gpt.business.BusinessGptApplication}', contextInitializerClasses = '[]', activeProfiles = '{}', propertySourceLocations = '{}', propertySourceProperties = '{org.springframework.boot.test.context.SpringBootTestContextBootstrapper=true}', contextCustomizers = set[org.springframework.boot.test.context.filter.ExcludeFilterContextCustomizer@158d2680, org.springframework.boot.test.json.DuplicateJsonObjectContextCustomizerFactory$DuplicateJsonObjectContextCustomizer@57a3af25, org.springframework.boot.test.mock.mockito.MockitoContextCustomizer@0, org.springframework.boot.test.web.client.TestRestTemplateContextCustomizer@6aeb35e6, org.springframework.boot.test.autoconfigure.actuate.metrics.MetricsExportContextCustomizerFactory$DisableMetricExportContextCustomizer@38d8f54a, org.springframework.boot.test.autoconfigure.properties.PropertyMappingContextCustomizer@0, org.springframework.boot.test.autoconfigure.web.servlet.WebDriverContextCustomizerFactory$Customizer@7b2bbc3, org.springframework.boot.test.context.SpringBootTestArgs@1, org.springframework.boot.test.context.SpringBootTestWebEnvironment@56ef9176], resourceBasePath = 'src/main/webapp', contextLoader = 'org.springframework.boot.test.context.SpringBootContextLoader', parent = [null]], attributes = map['org.springframework.test.context.web.ServletTestExecutionListener.activateListener' -> true, 'org.springframework.test.context.web.ServletTestExecutionListener.populatedRequestContextHolder' -> true, 'org.springframework.test.context.web.ServletTestExecutionListener.resetRequestContextHolder' -> true]], class annotated with @DirtiesContext [false] with mode [null], method annotated with @DirtiesContext [false] with mode [null].
2023-08-25 00:37:32.975 &amp#27;[33mDEBUG&amp#27;[0;39m [main] &amp#27;[1;35mwork.test.context.web.ServletTestExecutionListener&amp#27;[0;39m ： Resetting RequestContextHolder for test context [DefaultTestContext@448c8166 testClass = BusinessGptApplicationTest, testInstance = org.gpt.business.BusinessGptApplicationTest@537451d5, testMethod = translatePormpts@BusinessGptApplicationTest, testException = java.lang.NullPointerException, mergedContextConfiguration = [WebMergedContextConfiguration@4470fbd6 testClass = BusinessGptApplicationTest, locations = '{}', classes = '{class org.gpt.business.BusinessGptApplication}', contextInitializerClasses = '[]', activeProfiles = '{}', propertySourceLocations = '{}', propertySourceProperties = '{org.springframework.boot.test.context.SpringBootTestContextBootstrapper=true}', contextCustomizers = set[org.springframework.boot.test.context.filter.ExcludeFilterContextCustomizer@158d2680, org.springframework.boot.test.json.DuplicateJsonObjectContextCustomizerFactory$DuplicateJsonObjectContextCustomizer@57a3af25, org.springframework.boot.test.mock.mockito.MockitoContextCustomizer@0, org.springframework.boot.test.web.client.TestRestTemplateContextCustomizer@6aeb35e6, org.springframework.boot.test.autoconfigure.actuate.metrics.MetricsExportContextCustomizerFactory$DisableMetricExportContextCustomizer@38d8f54a, org.springframework.boot.test.autoconfigure.properties.PropertyMappingContextCustomizer@0, org.springframework.boot.test.autoconfigure.web.servlet.WebDriverContextCustomizerFactory$Customizer@7b2bbc3, org.springframework.boot.test.context.SpringBootTestArgs@1, org.springframework.boot.test.context.SpringBootTestWebEnvironment@56ef9176], resourceBasePath = 'src/main/webapp', contextLoader = 'org.springframework.boot.test.context.SpringBootContextLoader', parent = [null]], attributes = map['org.springframework.test.context.web.ServletTestExecutionListener.activateListener' -> true, 'org.springframework.test.context.web.ServletTestExecutionListener.populatedRequestContextHolder' -> true, 'org.springframework.test.context.web.ServletTestExecutionListener.resetRequestContextHolder' -> true]].
]]></system-out>
  </testcase>
  <testcase name="jwt" classname="org.gpt.business.BusinessGptApplicationTest" time="0.045"/>
</testsuite>